
*** Running vivado
    with args -log top.vdi -applog -m64 -messageDb vivado.pb -mode batch -source top.tcl -notrace


****** Vivado v2016.2 (64-bit)
  **** SW Build 1577090 on Thu Jun  2 16:32:35 MDT 2016
  **** IP Build 1577682 on Fri Jun  3 12:00:54 MDT 2016
    ** Copyright 1986-2016 Xilinx, Inc. All Rights Reserved.

source top.tcl -notrace
Design is defaulting to srcset: sources_1
Design is defaulting to constrset: constrs_1
INFO: [Netlist 29-17] Analyzing 42 Unisim elements for replacement
INFO: [Netlist 29-28] Unisim Transformation completed in 0 CPU seconds
INFO: [Project 1-479] Netlist was created with Vivado 2016.2
INFO: [Device 21-403] Loading part xc7z020clg484-1
INFO: [Project 1-570] Preparing netlist for logic optimization
Parsing XDC File [/home/linux/Documents/DLA/source/fw/zedboard/zedboard.srcs/sources_1/bd/xc7z020/ip/xc7z020_processing_system7_0_1/xc7z020_processing_system7_0_1.xdc] for cell 'xc7z020_i/processing_system7_0/inst'
Finished Parsing XDC File [/home/linux/Documents/DLA/source/fw/zedboard/zedboard.srcs/sources_1/bd/xc7z020/ip/xc7z020_processing_system7_0_1/xc7z020_processing_system7_0_1.xdc] for cell 'xc7z020_i/processing_system7_0/inst'
Parsing XDC File [/home/linux/Documents/DLA/source/fw/zedboard/zedboard.srcs/sources_1/bd/xc7z020/ip/xc7z020_rst_processing_system7_0_100M_2/xc7z020_rst_processing_system7_0_100M_2_board.xdc] for cell 'xc7z020_i/rst_processing_system7_0_100M/U0'
Finished Parsing XDC File [/home/linux/Documents/DLA/source/fw/zedboard/zedboard.srcs/sources_1/bd/xc7z020/ip/xc7z020_rst_processing_system7_0_100M_2/xc7z020_rst_processing_system7_0_100M_2_board.xdc] for cell 'xc7z020_i/rst_processing_system7_0_100M/U0'
Parsing XDC File [/home/linux/Documents/DLA/source/fw/zedboard/zedboard.srcs/sources_1/bd/xc7z020/ip/xc7z020_rst_processing_system7_0_100M_2/xc7z020_rst_processing_system7_0_100M_2.xdc] for cell 'xc7z020_i/rst_processing_system7_0_100M/U0'
Finished Parsing XDC File [/home/linux/Documents/DLA/source/fw/zedboard/zedboard.srcs/sources_1/bd/xc7z020/ip/xc7z020_rst_processing_system7_0_100M_2/xc7z020_rst_processing_system7_0_100M_2.xdc] for cell 'xc7z020_i/rst_processing_system7_0_100M/U0'
Parsing XDC File [/home/linux/Documents/DLA/source/fw/zedboard/zedboard.srcs/sources_1/new/zedboard_master_XDC_RevC_D_v3.xdc]
WARNING: [Vivado 12-584] No ports matched 'AC_ADR0'. [/home/linux/Documents/DLA/source/fw/zedboard/zedboard.srcs/sources_1/new/zedboard_master_XDC_RevC_D_v3.xdc:69]
CRITICAL WARNING: [Common 17-55] 'set_property' expects at least one object. [/home/linux/Documents/DLA/source/fw/zedboard/zedboard.srcs/sources_1/new/zedboard_master_XDC_RevC_D_v3.xdc:69]
Resolution: If [get_<value>] was used to populate the object, check to make sure this command returns at least one valid object.
WARNING: [Vivado 12-584] No ports matched 'AC_ADR1'. [/home/linux/Documents/DLA/source/fw/zedboard/zedboard.srcs/sources_1/new/zedboard_master_XDC_RevC_D_v3.xdc:70]
CRITICAL WARNING: [Common 17-55] 'set_property' expects at least one object. [/home/linux/Documents/DLA/source/fw/zedboard/zedboard.srcs/sources_1/new/zedboard_master_XDC_RevC_D_v3.xdc:70]
Resolution: If [get_<value>] was used to populate the object, check to make sure this command returns at least one valid object.
WARNING: [Vivado 12-584] No ports matched 'AC_GPIO0'. [/home/linux/Documents/DLA/source/fw/zedboard/zedboard.srcs/sources_1/new/zedboard_master_XDC_RevC_D_v3.xdc:71]
CRITICAL WARNING: [Common 17-55] 'set_property' expects at least one object. [/home/linux/Documents/DLA/source/fw/zedboard/zedboard.srcs/sources_1/new/zedboard_master_XDC_RevC_D_v3.xdc:71]
Resolution: If [get_<value>] was used to populate the object, check to make sure this command returns at least one valid object.
WARNING: [Vivado 12-584] No ports matched 'AC_GPIO1'. [/home/linux/Documents/DLA/source/fw/zedboard/zedboard.srcs/sources_1/new/zedboard_master_XDC_RevC_D_v3.xdc:72]
CRITICAL WARNING: [Common 17-55] 'set_property' expects at least one object. [/home/linux/Documents/DLA/source/fw/zedboard/zedboard.srcs/sources_1/new/zedboard_master_XDC_RevC_D_v3.xdc:72]
Resolution: If [get_<value>] was used to populate the object, check to make sure this command returns at least one valid object.
WARNING: [Vivado 12-584] No ports matched 'AC_GPIO2'. [/home/linux/Documents/DLA/source/fw/zedboard/zedboard.srcs/sources_1/new/zedboard_master_XDC_RevC_D_v3.xdc:73]
CRITICAL WARNING: [Common 17-55] 'set_property' expects at least one object. [/home/linux/Documents/DLA/source/fw/zedboard/zedboard.srcs/sources_1/new/zedboard_master_XDC_RevC_D_v3.xdc:73]
Resolution: If [get_<value>] was used to populate the object, check to make sure this command returns at least one valid object.
WARNING: [Vivado 12-584] No ports matched 'AC_GPIO3'. [/home/linux/Documents/DLA/source/fw/zedboard/zedboard.srcs/sources_1/new/zedboard_master_XDC_RevC_D_v3.xdc:74]
CRITICAL WARNING: [Common 17-55] 'set_property' expects at least one object. [/home/linux/Documents/DLA/source/fw/zedboard/zedboard.srcs/sources_1/new/zedboard_master_XDC_RevC_D_v3.xdc:74]
Resolution: If [get_<value>] was used to populate the object, check to make sure this command returns at least one valid object.
WARNING: [Vivado 12-584] No ports matched 'AC_MCLK'. [/home/linux/Documents/DLA/source/fw/zedboard/zedboard.srcs/sources_1/new/zedboard_master_XDC_RevC_D_v3.xdc:75]
CRITICAL WARNING: [Common 17-55] 'set_property' expects at least one object. [/home/linux/Documents/DLA/source/fw/zedboard/zedboard.srcs/sources_1/new/zedboard_master_XDC_RevC_D_v3.xdc:75]
Resolution: If [get_<value>] was used to populate the object, check to make sure this command returns at least one valid object.
WARNING: [Vivado 12-584] No ports matched 'AC_SCK'. [/home/linux/Documents/DLA/source/fw/zedboard/zedboard.srcs/sources_1/new/zedboard_master_XDC_RevC_D_v3.xdc:76]
CRITICAL WARNING: [Common 17-55] 'set_property' expects at least one object. [/home/linux/Documents/DLA/source/fw/zedboard/zedboard.srcs/sources_1/new/zedboard_master_XDC_RevC_D_v3.xdc:76]
Resolution: If [get_<value>] was used to populate the object, check to make sure this command returns at least one valid object.
WARNING: [Vivado 12-584] No ports matched 'AC_SDA'. [/home/linux/Documents/DLA/source/fw/zedboard/zedboard.srcs/sources_1/new/zedboard_master_XDC_RevC_D_v3.xdc:77]
CRITICAL WARNING: [Common 17-55] 'set_property' expects at least one object. [/home/linux/Documents/DLA/source/fw/zedboard/zedboard.srcs/sources_1/new/zedboard_master_XDC_RevC_D_v3.xdc:77]
Resolution: If [get_<value>] was used to populate the object, check to make sure this command returns at least one valid object.
WARNING: [Vivado 12-584] No ports matched 'GCLK'. [/home/linux/Documents/DLA/source/fw/zedboard/zedboard.srcs/sources_1/new/zedboard_master_XDC_RevC_D_v3.xdc:82]
CRITICAL WARNING: [Common 17-55] 'set_property' expects at least one object. [/home/linux/Documents/DLA/source/fw/zedboard/zedboard.srcs/sources_1/new/zedboard_master_XDC_RevC_D_v3.xdc:82]
Resolution: If [get_<value>] was used to populate the object, check to make sure this command returns at least one valid object.
WARNING: [Vivado 12-584] No ports matched 'JA1'. [/home/linux/Documents/DLA/source/fw/zedboard/zedboard.srcs/sources_1/new/zedboard_master_XDC_RevC_D_v3.xdc:87]
CRITICAL WARNING: [Common 17-55] 'set_property' expects at least one object. [/home/linux/Documents/DLA/source/fw/zedboard/zedboard.srcs/sources_1/new/zedboard_master_XDC_RevC_D_v3.xdc:87]
Resolution: If [get_<value>] was used to populate the object, check to make sure this command returns at least one valid object.
WARNING: [Vivado 12-584] No ports matched 'JA10'. [/home/linux/Documents/DLA/source/fw/zedboard/zedboard.srcs/sources_1/new/zedboard_master_XDC_RevC_D_v3.xdc:88]
CRITICAL WARNING: [Common 17-55] 'set_property' expects at least one object. [/home/linux/Documents/DLA/source/fw/zedboard/zedboard.srcs/sources_1/new/zedboard_master_XDC_RevC_D_v3.xdc:88]
Resolution: If [get_<value>] was used to populate the object, check to make sure this command returns at least one valid object.
WARNING: [Vivado 12-584] No ports matched 'JA2'. [/home/linux/Documents/DLA/source/fw/zedboard/zedboard.srcs/sources_1/new/zedboard_master_XDC_RevC_D_v3.xdc:89]
CRITICAL WARNING: [Common 17-55] 'set_property' expects at least one object. [/home/linux/Documents/DLA/source/fw/zedboard/zedboard.srcs/sources_1/new/zedboard_master_XDC_RevC_D_v3.xdc:89]
Resolution: If [get_<value>] was used to populate the object, check to make sure this command returns at least one valid object.
WARNING: [Vivado 12-584] No ports matched 'JA3'. [/home/linux/Documents/DLA/source/fw/zedboard/zedboard.srcs/sources_1/new/zedboard_master_XDC_RevC_D_v3.xdc:90]
CRITICAL WARNING: [Common 17-55] 'set_property' expects at least one object. [/home/linux/Documents/DLA/source/fw/zedboard/zedboard.srcs/sources_1/new/zedboard_master_XDC_RevC_D_v3.xdc:90]
Resolution: If [get_<value>] was used to populate the object, check to make sure this command returns at least one valid object.
WARNING: [Vivado 12-584] No ports matched 'JA4'. [/home/linux/Documents/DLA/source/fw/zedboard/zedboard.srcs/sources_1/new/zedboard_master_XDC_RevC_D_v3.xdc:91]
CRITICAL WARNING: [Common 17-55] 'set_property' expects at least one object. [/home/linux/Documents/DLA/source/fw/zedboard/zedboard.srcs/sources_1/new/zedboard_master_XDC_RevC_D_v3.xdc:91]
Resolution: If [get_<value>] was used to populate the object, check to make sure this command returns at least one valid object.
WARNING: [Vivado 12-584] No ports matched 'JA7'. [/home/linux/Documents/DLA/source/fw/zedboard/zedboard.srcs/sources_1/new/zedboard_master_XDC_RevC_D_v3.xdc:92]
CRITICAL WARNING: [Common 17-55] 'set_property' expects at least one object. [/home/linux/Documents/DLA/source/fw/zedboard/zedboard.srcs/sources_1/new/zedboard_master_XDC_RevC_D_v3.xdc:92]
Resolution: If [get_<value>] was used to populate the object, check to make sure this command returns at least one valid object.
WARNING: [Vivado 12-584] No ports matched 'JA8'. [/home/linux/Documents/DLA/source/fw/zedboard/zedboard.srcs/sources_1/new/zedboard_master_XDC_RevC_D_v3.xdc:93]
CRITICAL WARNING: [Common 17-55] 'set_property' expects at least one object. [/home/linux/Documents/DLA/source/fw/zedboard/zedboard.srcs/sources_1/new/zedboard_master_XDC_RevC_D_v3.xdc:93]
Resolution: If [get_<value>] was used to populate the object, check to make sure this command returns at least one valid object.
WARNING: [Vivado 12-584] No ports matched 'JA9'. [/home/linux/Documents/DLA/source/fw/zedboard/zedboard.srcs/sources_1/new/zedboard_master_XDC_RevC_D_v3.xdc:94]
CRITICAL WARNING: [Common 17-55] 'set_property' expects at least one object. [/home/linux/Documents/DLA/source/fw/zedboard/zedboard.srcs/sources_1/new/zedboard_master_XDC_RevC_D_v3.xdc:94]
Resolution: If [get_<value>] was used to populate the object, check to make sure this command returns at least one valid object.
WARNING: [Vivado 12-584] No ports matched 'JB1'. [/home/linux/Documents/DLA/source/fw/zedboard/zedboard.srcs/sources_1/new/zedboard_master_XDC_RevC_D_v3.xdc:100]
CRITICAL WARNING: [Common 17-55] 'set_property' expects at least one object. [/home/linux/Documents/DLA/source/fw/zedboard/zedboard.srcs/sources_1/new/zedboard_master_XDC_RevC_D_v3.xdc:100]
Resolution: If [get_<value>] was used to populate the object, check to make sure this command returns at least one valid object.
WARNING: [Vivado 12-584] No ports matched 'JB10'. [/home/linux/Documents/DLA/source/fw/zedboard/zedboard.srcs/sources_1/new/zedboard_master_XDC_RevC_D_v3.xdc:101]
CRITICAL WARNING: [Common 17-55] 'set_property' expects at least one object. [/home/linux/Documents/DLA/source/fw/zedboard/zedboard.srcs/sources_1/new/zedboard_master_XDC_RevC_D_v3.xdc:101]
Resolution: If [get_<value>] was used to populate the object, check to make sure this command returns at least one valid object.
WARNING: [Vivado 12-584] No ports matched 'JB2'. [/home/linux/Documents/DLA/source/fw/zedboard/zedboard.srcs/sources_1/new/zedboard_master_XDC_RevC_D_v3.xdc:102]
CRITICAL WARNING: [Common 17-55] 'set_property' expects at least one object. [/home/linux/Documents/DLA/source/fw/zedboard/zedboard.srcs/sources_1/new/zedboard_master_XDC_RevC_D_v3.xdc:102]
Resolution: If [get_<value>] was used to populate the object, check to make sure this command returns at least one valid object.
WARNING: [Vivado 12-584] No ports matched 'JB3'. [/home/linux/Documents/DLA/source/fw/zedboard/zedboard.srcs/sources_1/new/zedboard_master_XDC_RevC_D_v3.xdc:103]
CRITICAL WARNING: [Common 17-55] 'set_property' expects at least one object. [/home/linux/Documents/DLA/source/fw/zedboard/zedboard.srcs/sources_1/new/zedboard_master_XDC_RevC_D_v3.xdc:103]
Resolution: If [get_<value>] was used to populate the object, check to make sure this command returns at least one valid object.
WARNING: [Vivado 12-584] No ports matched 'JB4'. [/home/linux/Documents/DLA/source/fw/zedboard/zedboard.srcs/sources_1/new/zedboard_master_XDC_RevC_D_v3.xdc:104]
CRITICAL WARNING: [Common 17-55] 'set_property' expects at least one object. [/home/linux/Documents/DLA/source/fw/zedboard/zedboard.srcs/sources_1/new/zedboard_master_XDC_RevC_D_v3.xdc:104]
Resolution: If [get_<value>] was used to populate the object, check to make sure this command returns at least one valid object.
WARNING: [Vivado 12-584] No ports matched 'JB7'. [/home/linux/Documents/DLA/source/fw/zedboard/zedboard.srcs/sources_1/new/zedboard_master_XDC_RevC_D_v3.xdc:105]
CRITICAL WARNING: [Common 17-55] 'set_property' expects at least one object. [/home/linux/Documents/DLA/source/fw/zedboard/zedboard.srcs/sources_1/new/zedboard_master_XDC_RevC_D_v3.xdc:105]
Resolution: If [get_<value>] was used to populate the object, check to make sure this command returns at least one valid object.
WARNING: [Vivado 12-584] No ports matched 'JB8'. [/home/linux/Documents/DLA/source/fw/zedboard/zedboard.srcs/sources_1/new/zedboard_master_XDC_RevC_D_v3.xdc:106]
CRITICAL WARNING: [Common 17-55] 'set_property' expects at least one object. [/home/linux/Documents/DLA/source/fw/zedboard/zedboard.srcs/sources_1/new/zedboard_master_XDC_RevC_D_v3.xdc:106]
Resolution: If [get_<value>] was used to populate the object, check to make sure this command returns at least one valid object.
WARNING: [Vivado 12-584] No ports matched 'JB9'. [/home/linux/Documents/DLA/source/fw/zedboard/zedboard.srcs/sources_1/new/zedboard_master_XDC_RevC_D_v3.xdc:107]
CRITICAL WARNING: [Common 17-55] 'set_property' expects at least one object. [/home/linux/Documents/DLA/source/fw/zedboard/zedboard.srcs/sources_1/new/zedboard_master_XDC_RevC_D_v3.xdc:107]
Resolution: If [get_<value>] was used to populate the object, check to make sure this command returns at least one valid object.
WARNING: [Vivado 12-584] No ports matched 'JC1_N'. [/home/linux/Documents/DLA/source/fw/zedboard/zedboard.srcs/sources_1/new/zedboard_master_XDC_RevC_D_v3.xdc:112]
CRITICAL WARNING: [Common 17-55] 'set_property' expects at least one object. [/home/linux/Documents/DLA/source/fw/zedboard/zedboard.srcs/sources_1/new/zedboard_master_XDC_RevC_D_v3.xdc:112]
Resolution: If [get_<value>] was used to populate the object, check to make sure this command returns at least one valid object.
WARNING: [Vivado 12-584] No ports matched 'JC1_P'. [/home/linux/Documents/DLA/source/fw/zedboard/zedboard.srcs/sources_1/new/zedboard_master_XDC_RevC_D_v3.xdc:113]
CRITICAL WARNING: [Common 17-55] 'set_property' expects at least one object. [/home/linux/Documents/DLA/source/fw/zedboard/zedboard.srcs/sources_1/new/zedboard_master_XDC_RevC_D_v3.xdc:113]
Resolution: If [get_<value>] was used to populate the object, check to make sure this command returns at least one valid object.
WARNING: [Vivado 12-584] No ports matched 'JC2_N'. [/home/linux/Documents/DLA/source/fw/zedboard/zedboard.srcs/sources_1/new/zedboard_master_XDC_RevC_D_v3.xdc:114]
CRITICAL WARNING: [Common 17-55] 'set_property' expects at least one object. [/home/linux/Documents/DLA/source/fw/zedboard/zedboard.srcs/sources_1/new/zedboard_master_XDC_RevC_D_v3.xdc:114]
Resolution: If [get_<value>] was used to populate the object, check to make sure this command returns at least one valid object.
WARNING: [Vivado 12-584] No ports matched 'JC2_P'. [/home/linux/Documents/DLA/source/fw/zedboard/zedboard.srcs/sources_1/new/zedboard_master_XDC_RevC_D_v3.xdc:115]
CRITICAL WARNING: [Common 17-55] 'set_property' expects at least one object. [/home/linux/Documents/DLA/source/fw/zedboard/zedboard.srcs/sources_1/new/zedboard_master_XDC_RevC_D_v3.xdc:115]
Resolution: If [get_<value>] was used to populate the object, check to make sure this command returns at least one valid object.
WARNING: [Vivado 12-584] No ports matched 'JC3_N'. [/home/linux/Documents/DLA/source/fw/zedboard/zedboard.srcs/sources_1/new/zedboard_master_XDC_RevC_D_v3.xdc:116]
CRITICAL WARNING: [Common 17-55] 'set_property' expects at least one object. [/home/linux/Documents/DLA/source/fw/zedboard/zedboard.srcs/sources_1/new/zedboard_master_XDC_RevC_D_v3.xdc:116]
Resolution: If [get_<value>] was used to populate the object, check to make sure this command returns at least one valid object.
WARNING: [Vivado 12-584] No ports matched 'JC3_P'. [/home/linux/Documents/DLA/source/fw/zedboard/zedboard.srcs/sources_1/new/zedboard_master_XDC_RevC_D_v3.xdc:117]
CRITICAL WARNING: [Common 17-55] 'set_property' expects at least one object. [/home/linux/Documents/DLA/source/fw/zedboard/zedboard.srcs/sources_1/new/zedboard_master_XDC_RevC_D_v3.xdc:117]
Resolution: If [get_<value>] was used to populate the object, check to make sure this command returns at least one valid object.
WARNING: [Vivado 12-584] No ports matched 'JC4_N'. [/home/linux/Documents/DLA/source/fw/zedboard/zedboard.srcs/sources_1/new/zedboard_master_XDC_RevC_D_v3.xdc:118]
CRITICAL WARNING: [Common 17-55] 'set_property' expects at least one object. [/home/linux/Documents/DLA/source/fw/zedboard/zedboard.srcs/sources_1/new/zedboard_master_XDC_RevC_D_v3.xdc:118]
Resolution: If [get_<value>] was used to populate the object, check to make sure this command returns at least one valid object.
WARNING: [Vivado 12-584] No ports matched 'JC4_P'. [/home/linux/Documents/DLA/source/fw/zedboard/zedboard.srcs/sources_1/new/zedboard_master_XDC_RevC_D_v3.xdc:119]
CRITICAL WARNING: [Common 17-55] 'set_property' expects at least one object. [/home/linux/Documents/DLA/source/fw/zedboard/zedboard.srcs/sources_1/new/zedboard_master_XDC_RevC_D_v3.xdc:119]
Resolution: If [get_<value>] was used to populate the object, check to make sure this command returns at least one valid object.
WARNING: [Vivado 12-584] No ports matched 'JD1_N'. [/home/linux/Documents/DLA/source/fw/zedboard/zedboard.srcs/sources_1/new/zedboard_master_XDC_RevC_D_v3.xdc:124]
CRITICAL WARNING: [Common 17-55] 'set_property' expects at least one object. [/home/linux/Documents/DLA/source/fw/zedboard/zedboard.srcs/sources_1/new/zedboard_master_XDC_RevC_D_v3.xdc:124]
Resolution: If [get_<value>] was used to populate the object, check to make sure this command returns at least one valid object.
WARNING: [Vivado 12-584] No ports matched 'JD1_P'. [/home/linux/Documents/DLA/source/fw/zedboard/zedboard.srcs/sources_1/new/zedboard_master_XDC_RevC_D_v3.xdc:125]
CRITICAL WARNING: [Common 17-55] 'set_property' expects at least one object. [/home/linux/Documents/DLA/source/fw/zedboard/zedboard.srcs/sources_1/new/zedboard_master_XDC_RevC_D_v3.xdc:125]
Resolution: If [get_<value>] was used to populate the object, check to make sure this command returns at least one valid object.
WARNING: [Vivado 12-584] No ports matched 'JD2_N'. [/home/linux/Documents/DLA/source/fw/zedboard/zedboard.srcs/sources_1/new/zedboard_master_XDC_RevC_D_v3.xdc:126]
CRITICAL WARNING: [Common 17-55] 'set_property' expects at least one object. [/home/linux/Documents/DLA/source/fw/zedboard/zedboard.srcs/sources_1/new/zedboard_master_XDC_RevC_D_v3.xdc:126]
Resolution: If [get_<value>] was used to populate the object, check to make sure this command returns at least one valid object.
WARNING: [Vivado 12-584] No ports matched 'JD2_P'. [/home/linux/Documents/DLA/source/fw/zedboard/zedboard.srcs/sources_1/new/zedboard_master_XDC_RevC_D_v3.xdc:127]
CRITICAL WARNING: [Common 17-55] 'set_property' expects at least one object. [/home/linux/Documents/DLA/source/fw/zedboard/zedboard.srcs/sources_1/new/zedboard_master_XDC_RevC_D_v3.xdc:127]
Resolution: If [get_<value>] was used to populate the object, check to make sure this command returns at least one valid object.
WARNING: [Vivado 12-584] No ports matched 'JD3_N'. [/home/linux/Documents/DLA/source/fw/zedboard/zedboard.srcs/sources_1/new/zedboard_master_XDC_RevC_D_v3.xdc:128]
CRITICAL WARNING: [Common 17-55] 'set_property' expects at least one object. [/home/linux/Documents/DLA/source/fw/zedboard/zedboard.srcs/sources_1/new/zedboard_master_XDC_RevC_D_v3.xdc:128]
Resolution: If [get_<value>] was used to populate the object, check to make sure this command returns at least one valid object.
WARNING: [Vivado 12-584] No ports matched 'JD3_P'. [/home/linux/Documents/DLA/source/fw/zedboard/zedboard.srcs/sources_1/new/zedboard_master_XDC_RevC_D_v3.xdc:129]
CRITICAL WARNING: [Common 17-55] 'set_property' expects at least one object. [/home/linux/Documents/DLA/source/fw/zedboard/zedboard.srcs/sources_1/new/zedboard_master_XDC_RevC_D_v3.xdc:129]
Resolution: If [get_<value>] was used to populate the object, check to make sure this command returns at least one valid object.
WARNING: [Vivado 12-584] No ports matched 'JD4_N'. [/home/linux/Documents/DLA/source/fw/zedboard/zedboard.srcs/sources_1/new/zedboard_master_XDC_RevC_D_v3.xdc:130]
CRITICAL WARNING: [Common 17-55] 'set_property' expects at least one object. [/home/linux/Documents/DLA/source/fw/zedboard/zedboard.srcs/sources_1/new/zedboard_master_XDC_RevC_D_v3.xdc:130]
Resolution: If [get_<value>] was used to populate the object, check to make sure this command returns at least one valid object.
WARNING: [Vivado 12-584] No ports matched 'JD4_P'. [/home/linux/Documents/DLA/source/fw/zedboard/zedboard.srcs/sources_1/new/zedboard_master_XDC_RevC_D_v3.xdc:131]
CRITICAL WARNING: [Common 17-55] 'set_property' expects at least one object. [/home/linux/Documents/DLA/source/fw/zedboard/zedboard.srcs/sources_1/new/zedboard_master_XDC_RevC_D_v3.xdc:131]
Resolution: If [get_<value>] was used to populate the object, check to make sure this command returns at least one valid object.
WARNING: [Vivado 12-584] No ports matched 'OLED_DC'. [/home/linux/Documents/DLA/source/fw/zedboard/zedboard.srcs/sources_1/new/zedboard_master_XDC_RevC_D_v3.xdc:136]
CRITICAL WARNING: [Common 17-55] 'set_property' expects at least one object. [/home/linux/Documents/DLA/source/fw/zedboard/zedboard.srcs/sources_1/new/zedboard_master_XDC_RevC_D_v3.xdc:136]
Resolution: If [get_<value>] was used to populate the object, check to make sure this command returns at least one valid object.
WARNING: [Vivado 12-584] No ports matched 'OLED_RES'. [/home/linux/Documents/DLA/source/fw/zedboard/zedboard.srcs/sources_1/new/zedboard_master_XDC_RevC_D_v3.xdc:137]
CRITICAL WARNING: [Common 17-55] 'set_property' expects at least one object. [/home/linux/Documents/DLA/source/fw/zedboard/zedboard.srcs/sources_1/new/zedboard_master_XDC_RevC_D_v3.xdc:137]
Resolution: If [get_<value>] was used to populate the object, check to make sure this command returns at least one valid object.
WARNING: [Vivado 12-584] No ports matched 'OLED_SCLK'. [/home/linux/Documents/DLA/source/fw/zedboard/zedboard.srcs/sources_1/new/zedboard_master_XDC_RevC_D_v3.xdc:138]
CRITICAL WARNING: [Common 17-55] 'set_property' expects at least one object. [/home/linux/Documents/DLA/source/fw/zedboard/zedboard.srcs/sources_1/new/zedboard_master_XDC_RevC_D_v3.xdc:138]
Resolution: If [get_<value>] was used to populate the object, check to make sure this command returns at least one valid object.
WARNING: [Vivado 12-584] No ports matched 'OLED_SDIN'. [/home/linux/Documents/DLA/source/fw/zedboard/zedboard.srcs/sources_1/new/zedboard_master_XDC_RevC_D_v3.xdc:139]
CRITICAL WARNING: [Common 17-55] 'set_property' expects at least one object. [/home/linux/Documents/DLA/source/fw/zedboard/zedboard.srcs/sources_1/new/zedboard_master_XDC_RevC_D_v3.xdc:139]
Resolution: If [get_<value>] was used to populate the object, check to make sure this command returns at least one valid object.
WARNING: [Vivado 12-584] No ports matched 'OLED_VBAT'. [/home/linux/Documents/DLA/source/fw/zedboard/zedboard.srcs/sources_1/new/zedboard_master_XDC_RevC_D_v3.xdc:140]
CRITICAL WARNING: [Common 17-55] 'set_property' expects at least one object. [/home/linux/Documents/DLA/source/fw/zedboard/zedboard.srcs/sources_1/new/zedboard_master_XDC_RevC_D_v3.xdc:140]
Resolution: If [get_<value>] was used to populate the object, check to make sure this command returns at least one valid object.
WARNING: [Vivado 12-584] No ports matched 'OLED_VDD'. [/home/linux/Documents/DLA/source/fw/zedboard/zedboard.srcs/sources_1/new/zedboard_master_XDC_RevC_D_v3.xdc:141]
CRITICAL WARNING: [Common 17-55] 'set_property' expects at least one object. [/home/linux/Documents/DLA/source/fw/zedboard/zedboard.srcs/sources_1/new/zedboard_master_XDC_RevC_D_v3.xdc:141]
Resolution: If [get_<value>] was used to populate the object, check to make sure this command returns at least one valid object.
WARNING: [Vivado 12-584] No ports matched 'HD_CLK'. [/home/linux/Documents/DLA/source/fw/zedboard/zedboard.srcs/sources_1/new/zedboard_master_XDC_RevC_D_v3.xdc:146]
CRITICAL WARNING: [Common 17-55] 'set_property' expects at least one object. [/home/linux/Documents/DLA/source/fw/zedboard/zedboard.srcs/sources_1/new/zedboard_master_XDC_RevC_D_v3.xdc:146]
Resolution: If [get_<value>] was used to populate the object, check to make sure this command returns at least one valid object.
WARNING: [Vivado 12-584] No ports matched 'HD_D0'. [/home/linux/Documents/DLA/source/fw/zedboard/zedboard.srcs/sources_1/new/zedboard_master_XDC_RevC_D_v3.xdc:147]
CRITICAL WARNING: [Common 17-55] 'set_property' expects at least one object. [/home/linux/Documents/DLA/source/fw/zedboard/zedboard.srcs/sources_1/new/zedboard_master_XDC_RevC_D_v3.xdc:147]
Resolution: If [get_<value>] was used to populate the object, check to make sure this command returns at least one valid object.
WARNING: [Vivado 12-584] No ports matched 'HD_D1'. [/home/linux/Documents/DLA/source/fw/zedboard/zedboard.srcs/sources_1/new/zedboard_master_XDC_RevC_D_v3.xdc:148]
CRITICAL WARNING: [Common 17-55] 'set_property' expects at least one object. [/home/linux/Documents/DLA/source/fw/zedboard/zedboard.srcs/sources_1/new/zedboard_master_XDC_RevC_D_v3.xdc:148]
Resolution: If [get_<value>] was used to populate the object, check to make sure this command returns at least one valid object.
WARNING: [Vivado 12-584] No ports matched 'HD_D10'. [/home/linux/Documents/DLA/source/fw/zedboard/zedboard.srcs/sources_1/new/zedboard_master_XDC_RevC_D_v3.xdc:149]
CRITICAL WARNING: [Common 17-55] 'set_property' expects at least one object. [/home/linux/Documents/DLA/source/fw/zedboard/zedboard.srcs/sources_1/new/zedboard_master_XDC_RevC_D_v3.xdc:149]
Resolution: If [get_<value>] was used to populate the object, check to make sure this command returns at least one valid object.
WARNING: [Vivado 12-584] No ports matched 'HD_D11'. [/home/linux/Documents/DLA/source/fw/zedboard/zedboard.srcs/sources_1/new/zedboard_master_XDC_RevC_D_v3.xdc:150]
CRITICAL WARNING: [Common 17-55] 'set_property' expects at least one object. [/home/linux/Documents/DLA/source/fw/zedboard/zedboard.srcs/sources_1/new/zedboard_master_XDC_RevC_D_v3.xdc:150]
Resolution: If [get_<value>] was used to populate the object, check to make sure this command returns at least one valid object.
WARNING: [Vivado 12-584] No ports matched 'HD_D12'. [/home/linux/Documents/DLA/source/fw/zedboard/zedboard.srcs/sources_1/new/zedboard_master_XDC_RevC_D_v3.xdc:151]
CRITICAL WARNING: [Common 17-55] 'set_property' expects at least one object. [/home/linux/Documents/DLA/source/fw/zedboard/zedboard.srcs/sources_1/new/zedboard_master_XDC_RevC_D_v3.xdc:151]
Resolution: If [get_<value>] was used to populate the object, check to make sure this command returns at least one valid object.
WARNING: [Vivado 12-584] No ports matched 'HD_D13'. [/home/linux/Documents/DLA/source/fw/zedboard/zedboard.srcs/sources_1/new/zedboard_master_XDC_RevC_D_v3.xdc:152]
CRITICAL WARNING: [Common 17-55] 'set_property' expects at least one object. [/home/linux/Documents/DLA/source/fw/zedboard/zedboard.srcs/sources_1/new/zedboard_master_XDC_RevC_D_v3.xdc:152]
Resolution: If [get_<value>] was used to populate the object, check to make sure this command returns at least one valid object.
WARNING: [Vivado 12-584] No ports matched 'HD_D14'. [/home/linux/Documents/DLA/source/fw/zedboard/zedboard.srcs/sources_1/new/zedboard_master_XDC_RevC_D_v3.xdc:153]
CRITICAL WARNING: [Common 17-55] 'set_property' expects at least one object. [/home/linux/Documents/DLA/source/fw/zedboard/zedboard.srcs/sources_1/new/zedboard_master_XDC_RevC_D_v3.xdc:153]
Resolution: If [get_<value>] was used to populate the object, check to make sure this command returns at least one valid object.
WARNING: [Vivado 12-584] No ports matched 'HS_D15'. [/home/linux/Documents/DLA/source/fw/zedboard/zedboard.srcs/sources_1/new/zedboard_master_XDC_RevC_D_v3.xdc:154]
CRITICAL WARNING: [Common 17-55] 'set_property' expects at least one object. [/home/linux/Documents/DLA/source/fw/zedboard/zedboard.srcs/sources_1/new/zedboard_master_XDC_RevC_D_v3.xdc:154]
Resolution: If [get_<value>] was used to populate the object, check to make sure this command returns at least one valid object.
WARNING: [Vivado 12-584] No ports matched 'HD_D2'. [/home/linux/Documents/DLA/source/fw/zedboard/zedboard.srcs/sources_1/new/zedboard_master_XDC_RevC_D_v3.xdc:155]
CRITICAL WARNING: [Common 17-55] 'set_property' expects at least one object. [/home/linux/Documents/DLA/source/fw/zedboard/zedboard.srcs/sources_1/new/zedboard_master_XDC_RevC_D_v3.xdc:155]
Resolution: If [get_<value>] was used to populate the object, check to make sure this command returns at least one valid object.
WARNING: [Vivado 12-584] No ports matched 'HD_D3'. [/home/linux/Documents/DLA/source/fw/zedboard/zedboard.srcs/sources_1/new/zedboard_master_XDC_RevC_D_v3.xdc:156]
CRITICAL WARNING: [Common 17-55] 'set_property' expects at least one object. [/home/linux/Documents/DLA/source/fw/zedboard/zedboard.srcs/sources_1/new/zedboard_master_XDC_RevC_D_v3.xdc:156]
Resolution: If [get_<value>] was used to populate the object, check to make sure this command returns at least one valid object.
WARNING: [Vivado 12-584] No ports matched 'HD_D4'. [/home/linux/Documents/DLA/source/fw/zedboard/zedboard.srcs/sources_1/new/zedboard_master_XDC_RevC_D_v3.xdc:157]
CRITICAL WARNING: [Common 17-55] 'set_property' expects at least one object. [/home/linux/Documents/DLA/source/fw/zedboard/zedboard.srcs/sources_1/new/zedboard_master_XDC_RevC_D_v3.xdc:157]
Resolution: If [get_<value>] was used to populate the object, check to make sure this command returns at least one valid object.
WARNING: [Vivado 12-584] No ports matched 'HD_D5'. [/home/linux/Documents/DLA/source/fw/zedboard/zedboard.srcs/sources_1/new/zedboard_master_XDC_RevC_D_v3.xdc:158]
CRITICAL WARNING: [Common 17-55] 'set_property' expects at least one object. [/home/linux/Documents/DLA/source/fw/zedboard/zedboard.srcs/sources_1/new/zedboard_master_XDC_RevC_D_v3.xdc:158]
Resolution: If [get_<value>] was used to populate the object, check to make sure this command returns at least one valid object.
WARNING: [Vivado 12-584] No ports matched 'HD_D6'. [/home/linux/Documents/DLA/source/fw/zedboard/zedboard.srcs/sources_1/new/zedboard_master_XDC_RevC_D_v3.xdc:159]
CRITICAL WARNING: [Common 17-55] 'set_property' expects at least one object. [/home/linux/Documents/DLA/source/fw/zedboard/zedboard.srcs/sources_1/new/zedboard_master_XDC_RevC_D_v3.xdc:159]
Resolution: If [get_<value>] was used to populate the object, check to make sure this command returns at least one valid object.
WARNING: [Vivado 12-584] No ports matched 'HD_D7'. [/home/linux/Documents/DLA/source/fw/zedboard/zedboard.srcs/sources_1/new/zedboard_master_XDC_RevC_D_v3.xdc:160]
CRITICAL WARNING: [Common 17-55] 'set_property' expects at least one object. [/home/linux/Documents/DLA/source/fw/zedboard/zedboard.srcs/sources_1/new/zedboard_master_XDC_RevC_D_v3.xdc:160]
Resolution: If [get_<value>] was used to populate the object, check to make sure this command returns at least one valid object.
WARNING: [Vivado 12-584] No ports matched 'HD_D8'. [/home/linux/Documents/DLA/source/fw/zedboard/zedboard.srcs/sources_1/new/zedboard_master_XDC_RevC_D_v3.xdc:161]
CRITICAL WARNING: [Common 17-55] 'set_property' expects at least one object. [/home/linux/Documents/DLA/source/fw/zedboard/zedboard.srcs/sources_1/new/zedboard_master_XDC_RevC_D_v3.xdc:161]
Resolution: If [get_<value>] was used to populate the object, check to make sure this command returns at least one valid object.
WARNING: [Vivado 12-584] No ports matched 'HD_D9'. [/home/linux/Documents/DLA/source/fw/zedboard/zedboard.srcs/sources_1/new/zedboard_master_XDC_RevC_D_v3.xdc:162]
CRITICAL WARNING: [Common 17-55] 'set_property' expects at least one object. [/home/linux/Documents/DLA/source/fw/zedboard/zedboard.srcs/sources_1/new/zedboard_master_XDC_RevC_D_v3.xdc:162]
Resolution: If [get_<value>] was used to populate the object, check to make sure this command returns at least one valid object.
WARNING: [Vivado 12-584] No ports matched 'HD_DE'. [/home/linux/Documents/DLA/source/fw/zedboard/zedboard.srcs/sources_1/new/zedboard_master_XDC_RevC_D_v3.xdc:163]
CRITICAL WARNING: [Common 17-55] 'set_property' expects at least one object. [/home/linux/Documents/DLA/source/fw/zedboard/zedboard.srcs/sources_1/new/zedboard_master_XDC_RevC_D_v3.xdc:163]
Resolution: If [get_<value>] was used to populate the object, check to make sure this command returns at least one valid object.
WARNING: [Vivado 12-584] No ports matched 'HD_HSYNC'. [/home/linux/Documents/DLA/source/fw/zedboard/zedboard.srcs/sources_1/new/zedboard_master_XDC_RevC_D_v3.xdc:164]
CRITICAL WARNING: [Common 17-55] 'set_property' expects at least one object. [/home/linux/Documents/DLA/source/fw/zedboard/zedboard.srcs/sources_1/new/zedboard_master_XDC_RevC_D_v3.xdc:164]
Resolution: If [get_<value>] was used to populate the object, check to make sure this command returns at least one valid object.
WARNING: [Vivado 12-584] No ports matched 'HD_INT'. [/home/linux/Documents/DLA/source/fw/zedboard/zedboard.srcs/sources_1/new/zedboard_master_XDC_RevC_D_v3.xdc:165]
CRITICAL WARNING: [Common 17-55] 'set_property' expects at least one object. [/home/linux/Documents/DLA/source/fw/zedboard/zedboard.srcs/sources_1/new/zedboard_master_XDC_RevC_D_v3.xdc:165]
Resolution: If [get_<value>] was used to populate the object, check to make sure this command returns at least one valid object.
WARNING: [Vivado 12-584] No ports matched 'HD_SCL'. [/home/linux/Documents/DLA/source/fw/zedboard/zedboard.srcs/sources_1/new/zedboard_master_XDC_RevC_D_v3.xdc:166]
CRITICAL WARNING: [Common 17-55] 'set_property' expects at least one object. [/home/linux/Documents/DLA/source/fw/zedboard/zedboard.srcs/sources_1/new/zedboard_master_XDC_RevC_D_v3.xdc:166]
Resolution: If [get_<value>] was used to populate the object, check to make sure this command returns at least one valid object.
WARNING: [Vivado 12-584] No ports matched 'HD_SDA'. [/home/linux/Documents/DLA/source/fw/zedboard/zedboard.srcs/sources_1/new/zedboard_master_XDC_RevC_D_v3.xdc:167]
CRITICAL WARNING: [Common 17-55] 'set_property' expects at least one object. [/home/linux/Documents/DLA/source/fw/zedboard/zedboard.srcs/sources_1/new/zedboard_master_XDC_RevC_D_v3.xdc:167]
Resolution: If [get_<value>] was used to populate the object, check to make sure this command returns at least one valid object.
WARNING: [Vivado 12-584] No ports matched 'HD_SPDIF'. [/home/linux/Documents/DLA/source/fw/zedboard/zedboard.srcs/sources_1/new/zedboard_master_XDC_RevC_D_v3.xdc:168]
CRITICAL WARNING: [Common 17-55] 'set_property' expects at least one object. [/home/linux/Documents/DLA/source/fw/zedboard/zedboard.srcs/sources_1/new/zedboard_master_XDC_RevC_D_v3.xdc:168]
Resolution: If [get_<value>] was used to populate the object, check to make sure this command returns at least one valid object.
WARNING: [Vivado 12-584] No ports matched 'HD_SPDIFO'. [/home/linux/Documents/DLA/source/fw/zedboard/zedboard.srcs/sources_1/new/zedboard_master_XDC_RevC_D_v3.xdc:169]
CRITICAL WARNING: [Common 17-55] 'set_property' expects at least one object. [/home/linux/Documents/DLA/source/fw/zedboard/zedboard.srcs/sources_1/new/zedboard_master_XDC_RevC_D_v3.xdc:169]
Resolution: If [get_<value>] was used to populate the object, check to make sure this command returns at least one valid object.
WARNING: [Vivado 12-584] No ports matched 'HD_VSYNC'. [/home/linux/Documents/DLA/source/fw/zedboard/zedboard.srcs/sources_1/new/zedboard_master_XDC_RevC_D_v3.xdc:170]
CRITICAL WARNING: [Common 17-55] 'set_property' expects at least one object. [/home/linux/Documents/DLA/source/fw/zedboard/zedboard.srcs/sources_1/new/zedboard_master_XDC_RevC_D_v3.xdc:170]
Resolution: If [get_<value>] was used to populate the object, check to make sure this command returns at least one valid object.
WARNING: [Vivado 12-584] No ports matched 'LD6'. [/home/linux/Documents/DLA/source/fw/zedboard/zedboard.srcs/sources_1/new/zedboard_master_XDC_RevC_D_v3.xdc:181]
CRITICAL WARNING: [Common 17-55] 'set_property' expects at least one object. [/home/linux/Documents/DLA/source/fw/zedboard/zedboard.srcs/sources_1/new/zedboard_master_XDC_RevC_D_v3.xdc:181]
Resolution: If [get_<value>] was used to populate the object, check to make sure this command returns at least one valid object.
WARNING: [Vivado 12-584] No ports matched 'LD7'. [/home/linux/Documents/DLA/source/fw/zedboard/zedboard.srcs/sources_1/new/zedboard_master_XDC_RevC_D_v3.xdc:182]
CRITICAL WARNING: [Common 17-55] 'set_property' expects at least one object. [/home/linux/Documents/DLA/source/fw/zedboard/zedboard.srcs/sources_1/new/zedboard_master_XDC_RevC_D_v3.xdc:182]
Resolution: If [get_<value>] was used to populate the object, check to make sure this command returns at least one valid object.
WARNING: [Vivado 12-584] No ports matched 'VGA_B1'. [/home/linux/Documents/DLA/source/fw/zedboard/zedboard.srcs/sources_1/new/zedboard_master_XDC_RevC_D_v3.xdc:187]
CRITICAL WARNING: [Common 17-55] 'set_property' expects at least one object. [/home/linux/Documents/DLA/source/fw/zedboard/zedboard.srcs/sources_1/new/zedboard_master_XDC_RevC_D_v3.xdc:187]
Resolution: If [get_<value>] was used to populate the object, check to make sure this command returns at least one valid object.
WARNING: [Vivado 12-584] No ports matched 'VGA_B2'. [/home/linux/Documents/DLA/source/fw/zedboard/zedboard.srcs/sources_1/new/zedboard_master_XDC_RevC_D_v3.xdc:188]
CRITICAL WARNING: [Common 17-55] 'set_property' expects at least one object. [/home/linux/Documents/DLA/source/fw/zedboard/zedboard.srcs/sources_1/new/zedboard_master_XDC_RevC_D_v3.xdc:188]
Resolution: If [get_<value>] was used to populate the object, check to make sure this command returns at least one valid object.
WARNING: [Vivado 12-584] No ports matched 'VGA_B3'. [/home/linux/Documents/DLA/source/fw/zedboard/zedboard.srcs/sources_1/new/zedboard_master_XDC_RevC_D_v3.xdc:189]
CRITICAL WARNING: [Common 17-55] 'set_property' expects at least one object. [/home/linux/Documents/DLA/source/fw/zedboard/zedboard.srcs/sources_1/new/zedboard_master_XDC_RevC_D_v3.xdc:189]
Resolution: If [get_<value>] was used to populate the object, check to make sure this command returns at least one valid object.
WARNING: [Vivado 12-584] No ports matched 'VGA_B4'. [/home/linux/Documents/DLA/source/fw/zedboard/zedboard.srcs/sources_1/new/zedboard_master_XDC_RevC_D_v3.xdc:190]
CRITICAL WARNING: [Common 17-55] 'set_property' expects at least one object. [/home/linux/Documents/DLA/source/fw/zedboard/zedboard.srcs/sources_1/new/zedboard_master_XDC_RevC_D_v3.xdc:190]
Resolution: If [get_<value>] was used to populate the object, check to make sure this command returns at least one valid object.
WARNING: [Vivado 12-584] No ports matched 'VGA_G1'. [/home/linux/Documents/DLA/source/fw/zedboard/zedboard.srcs/sources_1/new/zedboard_master_XDC_RevC_D_v3.xdc:191]
CRITICAL WARNING: [Common 17-55] 'set_property' expects at least one object. [/home/linux/Documents/DLA/source/fw/zedboard/zedboard.srcs/sources_1/new/zedboard_master_XDC_RevC_D_v3.xdc:191]
Resolution: If [get_<value>] was used to populate the object, check to make sure this command returns at least one valid object.
WARNING: [Vivado 12-584] No ports matched 'VGA_G2'. [/home/linux/Documents/DLA/source/fw/zedboard/zedboard.srcs/sources_1/new/zedboard_master_XDC_RevC_D_v3.xdc:192]
CRITICAL WARNING: [Common 17-55] 'set_property' expects at least one object. [/home/linux/Documents/DLA/source/fw/zedboard/zedboard.srcs/sources_1/new/zedboard_master_XDC_RevC_D_v3.xdc:192]
Resolution: If [get_<value>] was used to populate the object, check to make sure this command returns at least one valid object.
WARNING: [Vivado 12-584] No ports matched 'VGA_G3'. [/home/linux/Documents/DLA/source/fw/zedboard/zedboard.srcs/sources_1/new/zedboard_master_XDC_RevC_D_v3.xdc:193]
CRITICAL WARNING: [Common 17-55] 'set_property' expects at least one object. [/home/linux/Documents/DLA/source/fw/zedboard/zedboard.srcs/sources_1/new/zedboard_master_XDC_RevC_D_v3.xdc:193]
Resolution: If [get_<value>] was used to populate the object, check to make sure this command returns at least one valid object.
WARNING: [Vivado 12-584] No ports matched 'VGA_G4'. [/home/linux/Documents/DLA/source/fw/zedboard/zedboard.srcs/sources_1/new/zedboard_master_XDC_RevC_D_v3.xdc:194]
CRITICAL WARNING: [Common 17-55] 'set_property' expects at least one object. [/home/linux/Documents/DLA/source/fw/zedboard/zedboard.srcs/sources_1/new/zedboard_master_XDC_RevC_D_v3.xdc:194]
Resolution: If [get_<value>] was used to populate the object, check to make sure this command returns at least one valid object.
WARNING: [Vivado 12-584] No ports matched 'VGA_HS'. [/home/linux/Documents/DLA/source/fw/zedboard/zedboard.srcs/sources_1/new/zedboard_master_XDC_RevC_D_v3.xdc:195]
CRITICAL WARNING: [Common 17-55] 'set_property' expects at least one object. [/home/linux/Documents/DLA/source/fw/zedboard/zedboard.srcs/sources_1/new/zedboard_master_XDC_RevC_D_v3.xdc:195]
Resolution: If [get_<value>] was used to populate the object, check to make sure this command returns at least one valid object.
WARNING: [Vivado 12-584] No ports matched 'VGA_R1'. [/home/linux/Documents/DLA/source/fw/zedboard/zedboard.srcs/sources_1/new/zedboard_master_XDC_RevC_D_v3.xdc:196]
CRITICAL WARNING: [Common 17-55] 'set_property' expects at least one object. [/home/linux/Documents/DLA/source/fw/zedboard/zedboard.srcs/sources_1/new/zedboard_master_XDC_RevC_D_v3.xdc:196]
Resolution: If [get_<value>] was used to populate the object, check to make sure this command returns at least one valid object.
WARNING: [Vivado 12-584] No ports matched 'VGA_R2'. [/home/linux/Documents/DLA/source/fw/zedboard/zedboard.srcs/sources_1/new/zedboard_master_XDC_RevC_D_v3.xdc:197]
CRITICAL WARNING: [Common 17-55] 'set_property' expects at least one object. [/home/linux/Documents/DLA/source/fw/zedboard/zedboard.srcs/sources_1/new/zedboard_master_XDC_RevC_D_v3.xdc:197]
Resolution: If [get_<value>] was used to populate the object, check to make sure this command returns at least one valid object.
WARNING: [Vivado 12-584] No ports matched 'VGA_R3'. [/home/linux/Documents/DLA/source/fw/zedboard/zedboard.srcs/sources_1/new/zedboard_master_XDC_RevC_D_v3.xdc:198]
CRITICAL WARNING: [Common 17-55] 'set_property' expects at least one object. [/home/linux/Documents/DLA/source/fw/zedboard/zedboard.srcs/sources_1/new/zedboard_master_XDC_RevC_D_v3.xdc:198]
Resolution: If [get_<value>] was used to populate the object, check to make sure this command returns at least one valid object.
WARNING: [Vivado 12-584] No ports matched 'VGA_R4'. [/home/linux/Documents/DLA/source/fw/zedboard/zedboard.srcs/sources_1/new/zedboard_master_XDC_RevC_D_v3.xdc:199]
CRITICAL WARNING: [Common 17-55] 'set_property' expects at least one object. [/home/linux/Documents/DLA/source/fw/zedboard/zedboard.srcs/sources_1/new/zedboard_master_XDC_RevC_D_v3.xdc:199]
Resolution: If [get_<value>] was used to populate the object, check to make sure this command returns at least one valid object.
WARNING: [Vivado 12-584] No ports matched 'VGA_VS'. [/home/linux/Documents/DLA/source/fw/zedboard/zedboard.srcs/sources_1/new/zedboard_master_XDC_RevC_D_v3.xdc:200]
CRITICAL WARNING: [Common 17-55] 'set_property' expects at least one object. [/home/linux/Documents/DLA/source/fw/zedboard/zedboard.srcs/sources_1/new/zedboard_master_XDC_RevC_D_v3.xdc:200]
Resolution: If [get_<value>] was used to populate the object, check to make sure this command returns at least one valid object.
WARNING: [Vivado 12-584] No ports matched 'BTNC'. [/home/linux/Documents/DLA/source/fw/zedboard/zedboard.srcs/sources_1/new/zedboard_master_XDC_RevC_D_v3.xdc:205]
CRITICAL WARNING: [Common 17-55] 'set_property' expects at least one object. [/home/linux/Documents/DLA/source/fw/zedboard/zedboard.srcs/sources_1/new/zedboard_master_XDC_RevC_D_v3.xdc:205]
Resolution: If [get_<value>] was used to populate the object, check to make sure this command returns at least one valid object.
WARNING: [Vivado 12-584] No ports matched 'BTND'. [/home/linux/Documents/DLA/source/fw/zedboard/zedboard.srcs/sources_1/new/zedboard_master_XDC_RevC_D_v3.xdc:206]
CRITICAL WARNING: [Common 17-55] 'set_property' expects at least one object. [/home/linux/Documents/DLA/source/fw/zedboard/zedboard.srcs/sources_1/new/zedboard_master_XDC_RevC_D_v3.xdc:206]
Resolution: If [get_<value>] was used to populate the object, check to make sure this command returns at least one valid object.
WARNING: [Vivado 12-584] No ports matched 'BTNL'. [/home/linux/Documents/DLA/source/fw/zedboard/zedboard.srcs/sources_1/new/zedboard_master_XDC_RevC_D_v3.xdc:207]
CRITICAL WARNING: [Common 17-55] 'set_property' expects at least one object. [/home/linux/Documents/DLA/source/fw/zedboard/zedboard.srcs/sources_1/new/zedboard_master_XDC_RevC_D_v3.xdc:207]
Resolution: If [get_<value>] was used to populate the object, check to make sure this command returns at least one valid object.
WARNING: [Vivado 12-584] No ports matched 'BTNR'. [/home/linux/Documents/DLA/source/fw/zedboard/zedboard.srcs/sources_1/new/zedboard_master_XDC_RevC_D_v3.xdc:208]
CRITICAL WARNING: [Common 17-55] 'set_property' expects at least one object. [/home/linux/Documents/DLA/source/fw/zedboard/zedboard.srcs/sources_1/new/zedboard_master_XDC_RevC_D_v3.xdc:208]
Resolution: If [get_<value>] was used to populate the object, check to make sure this command returns at least one valid object.
WARNING: [Vivado 12-584] No ports matched 'BTNU'. [/home/linux/Documents/DLA/source/fw/zedboard/zedboard.srcs/sources_1/new/zedboard_master_XDC_RevC_D_v3.xdc:209]
CRITICAL WARNING: [Common 17-55] 'set_property' expects at least one object. [/home/linux/Documents/DLA/source/fw/zedboard/zedboard.srcs/sources_1/new/zedboard_master_XDC_RevC_D_v3.xdc:209]
Resolution: If [get_<value>] was used to populate the object, check to make sure this command returns at least one valid object.
WARNING: [Vivado 12-584] No ports matched 'OTG_VBUSOC'. [/home/linux/Documents/DLA/source/fw/zedboard/zedboard.srcs/sources_1/new/zedboard_master_XDC_RevC_D_v3.xdc:214]
CRITICAL WARNING: [Common 17-55] 'set_property' expects at least one object. [/home/linux/Documents/DLA/source/fw/zedboard/zedboard.srcs/sources_1/new/zedboard_master_XDC_RevC_D_v3.xdc:214]
Resolution: If [get_<value>] was used to populate the object, check to make sure this command returns at least one valid object.
WARNING: [Vivado 12-584] No ports matched 'XADC_GIO0'. [/home/linux/Documents/DLA/source/fw/zedboard/zedboard.srcs/sources_1/new/zedboard_master_XDC_RevC_D_v3.xdc:219]
CRITICAL WARNING: [Common 17-55] 'set_property' expects at least one object. [/home/linux/Documents/DLA/source/fw/zedboard/zedboard.srcs/sources_1/new/zedboard_master_XDC_RevC_D_v3.xdc:219]
Resolution: If [get_<value>] was used to populate the object, check to make sure this command returns at least one valid object.
WARNING: [Vivado 12-584] No ports matched 'XADC_GIO1'. [/home/linux/Documents/DLA/source/fw/zedboard/zedboard.srcs/sources_1/new/zedboard_master_XDC_RevC_D_v3.xdc:220]
CRITICAL WARNING: [Common 17-55] 'set_property' expects at least one object. [/home/linux/Documents/DLA/source/fw/zedboard/zedboard.srcs/sources_1/new/zedboard_master_XDC_RevC_D_v3.xdc:220]
Resolution: If [get_<value>] was used to populate the object, check to make sure this command returns at least one valid object.
WARNING: [Vivado 12-584] No ports matched 'XADC_GIO2'. [/home/linux/Documents/DLA/source/fw/zedboard/zedboard.srcs/sources_1/new/zedboard_master_XDC_RevC_D_v3.xdc:221]
CRITICAL WARNING: [Common 17-55] 'set_property' expects at least one object. [/home/linux/Documents/DLA/source/fw/zedboard/zedboard.srcs/sources_1/new/zedboard_master_XDC_RevC_D_v3.xdc:221]
Resolution: If [get_<value>] was used to populate the object, check to make sure this command returns at least one valid object.
WARNING: [Vivado 12-584] No ports matched 'XADC_GIO3'. [/home/linux/Documents/DLA/source/fw/zedboard/zedboard.srcs/sources_1/new/zedboard_master_XDC_RevC_D_v3.xdc:222]
CRITICAL WARNING: [Common 17-55] 'set_property' expects at least one object. [/home/linux/Documents/DLA/source/fw/zedboard/zedboard.srcs/sources_1/new/zedboard_master_XDC_RevC_D_v3.xdc:222]
Resolution: If [get_<value>] was used to populate the object, check to make sure this command returns at least one valid object.
WARNING: [Vivado 12-584] No ports matched 'PUDC_B'. [/home/linux/Documents/DLA/source/fw/zedboard/zedboard.srcs/sources_1/new/zedboard_master_XDC_RevC_D_v3.xdc:227]
INFO: [Common 17-14] Message 'Vivado 12-584' appears 100 times and further instances of the messages will be disabled. Use the Tcl command set_msg_config to change the current settings. [/home/linux/Documents/DLA/source/fw/zedboard/zedboard.srcs/sources_1/new/zedboard_master_XDC_RevC_D_v3.xdc:227]
CRITICAL WARNING: [Common 17-55] 'set_property' expects at least one object. [/home/linux/Documents/DLA/source/fw/zedboard/zedboard.srcs/sources_1/new/zedboard_master_XDC_RevC_D_v3.xdc:227]
Resolution: If [get_<value>] was used to populate the object, check to make sure this command returns at least one valid object.
INFO: [Common 17-14] Message 'Common 17-55' appears 100 times and further instances of the messages will be disabled. Use the Tcl command set_msg_config to change the current settings. [/home/linux/Documents/DLA/source/fw/zedboard/zedboard.srcs/sources_1/new/zedboard_master_XDC_RevC_D_v3.xdc:227]
Finished Parsing XDC File [/home/linux/Documents/DLA/source/fw/zedboard/zedboard.srcs/sources_1/new/zedboard_master_XDC_RevC_D_v3.xdc]
INFO: [Opt 31-138] Pushed 0 inverter(s) to 0 load pin(s).
INFO: [Project 1-111] Unisim Transformation Summary:
No Unisim elements were transformed.

link_design: Time (s): cpu = 00:00:10 ; elapsed = 00:00:51 . Memory (MB): peak = 1278.742 ; gain = 315.145 ; free physical = 536 ; free virtual = 9517
Command: opt_design
Attempting to get a license for feature 'Implementation' and/or device 'xc7z020'
INFO: [Common 17-349] Got license for feature 'Implementation' and/or device 'xc7z020'
Running DRC as a precondition to command opt_design

Starting DRC Task
INFO: [DRC 23-27] Running DRC with 4 threads
INFO: [Project 1-461] DRC finished with 0 Errors
INFO: [Project 1-462] Please refer to the DRC report (report_drc) for more information.

Time (s): cpu = 00:00:00.15 ; elapsed = 00:00:00.22 . Memory (MB): peak = 1310.758 ; gain = 32.008 ; free physical = 532 ; free virtual = 9513
INFO: [Timing 38-35] Done setting XDC timing constraints.

Starting Logic Optimization Task
Implement Debug Cores | Checksum: 1183318fe

Phase 1 Retarget
INFO: [Opt 31-138] Pushed 1 inverter(s) to 13 load pin(s).
INFO: [Opt 31-49] Retargeted 0 cell(s).
Phase 1 Retarget | Checksum: 2265d94a0

Time (s): cpu = 00:00:00.37 ; elapsed = 00:00:00.36 . Memory (MB): peak = 1690.250 ; gain = 0.000 ; free physical = 189 ; free virtual = 9175

Phase 2 Constant Propagation
INFO: [Opt 31-138] Pushed 0 inverter(s) to 0 load pin(s).
INFO: [Opt 31-10] Eliminated 18 cells.
Phase 2 Constant Propagation | Checksum: 19cdb4f2d

Time (s): cpu = 00:00:00.67 ; elapsed = 00:00:00.69 . Memory (MB): peak = 1690.250 ; gain = 0.000 ; free physical = 189 ; free virtual = 9175

Phase 3 Sweep
INFO: [Opt 31-12] Eliminated 253 unconnected nets.
INFO: [Opt 31-11] Eliminated 253 unconnected cells.
Phase 3 Sweep | Checksum: 1000a12a0

Time (s): cpu = 00:00:01 ; elapsed = 00:00:01 . Memory (MB): peak = 1690.250 ; gain = 0.000 ; free physical = 188 ; free virtual = 9174

Starting Connectivity Check Task

Time (s): cpu = 00:00:00.01 ; elapsed = 00:00:00.01 . Memory (MB): peak = 1690.250 ; gain = 0.000 ; free physical = 188 ; free virtual = 9174
Ending Logic Optimization Task | Checksum: 1000a12a0

Time (s): cpu = 00:00:01 ; elapsed = 00:00:01 . Memory (MB): peak = 1690.250 ; gain = 0.000 ; free physical = 188 ; free virtual = 9174

Starting Power Optimization Task
INFO: [Pwropt 34-132] Skipping clock gating for clocks with a period < 2.00 ns.
INFO: [Pwropt 34-9] Applying IDT optimizations ...
INFO: [Pwropt 34-10] Applying ODC optimizations ...
INFO: [Timing 38-35] Done setting XDC timing constraints.
Running Vector-less Activity Propagation...

Finished Running Vector-less Activity Propagation


Starting PowerOpt Patch Enables Task
INFO: [Pwropt 34-162] WRITE_MODE attribute of 0 BRAM(s) out of a total of 3 has been updated to save power. Run report_power_opt to get a complete listing of the BRAMs updated.
INFO: [Pwropt 34-201] Structural ODC has moved 0 WE to EN ports
Number of BRAM Ports augmented: 0 newly gated: 2 Total Ports: 6
Ending PowerOpt Patch Enables Task | Checksum: 19843afac

Time (s): cpu = 00:00:00.03 ; elapsed = 00:00:00.06 . Memory (MB): peak = 1904.289 ; gain = 0.000 ; free physical = 195 ; free virtual = 9130
Ending Power Optimization Task | Checksum: 19843afac

Time (s): cpu = 00:00:03 ; elapsed = 00:00:03 . Memory (MB): peak = 1904.289 ; gain = 214.039 ; free physical = 195 ; free virtual = 9130
INFO: [Common 17-83] Releasing license: Implementation
27 Infos, 100 Warnings, 100 Critical Warnings and 0 Errors encountered.
opt_design completed successfully
opt_design: Time (s): cpu = 00:00:17 ; elapsed = 00:00:17 . Memory (MB): peak = 1904.289 ; gain = 625.539 ; free physical = 195 ; free virtual = 9130
Writing placer database...
Writing XDEF routing.
Writing XDEF routing logical nets.
Writing XDEF routing special nets.
Write XDEF Complete: Time (s): cpu = 00:00:00.35 ; elapsed = 00:00:00.12 . Memory (MB): peak = 1904.289 ; gain = 0.000 ; free physical = 193 ; free virtual = 9130
INFO: [DRC 23-27] Running DRC with 4 threads
INFO: [Coretcl 2-168] The results of DRC are in file /home/linux/Documents/DLA/source/fw/zedboard/zedboard.runs/impl_1/top_drc_opted.rpt.
INFO: [Chipscope 16-241] No debug cores found in the current design.
Before running the implement_debug_core command, either use the Set Up Debug wizard (GUI mode)
or use the create_debug_core and connect_debug_core Tcl commands to insert debug cores into the design.
Command: place_design
Attempting to get a license for feature 'Implementation' and/or device 'xc7z020'
INFO: [Common 17-349] Got license for feature 'Implementation' and/or device 'xc7z020'
INFO: [DRC 23-27] Running DRC with 4 threads
INFO: [Vivado_Tcl 4-198] DRC finished with 0 Errors
INFO: [Vivado_Tcl 4-199] Please refer to the DRC report (report_drc) for more information.
Running DRC as a precondition to command place_design
INFO: [DRC 23-27] Running DRC with 4 threads
INFO: [Vivado_Tcl 4-198] DRC finished with 0 Errors
INFO: [Vivado_Tcl 4-199] Please refer to the DRC report (report_drc) for more information.

Starting Placer Task
INFO: [Place 30-611] Multithreading enabled for place_design using a maximum of 4 CPUs

Phase 1 Placer Initialization
Netlist sorting complete. Time (s): cpu = 00:00:00.03 ; elapsed = 00:00:00.02 . Memory (MB): peak = 1904.289 ; gain = 0.000 ; free physical = 199 ; free virtual = 9120
INFO: [Timing 38-35] Done setting XDC timing constraints.
INFO: [Opt 31-138] Pushed 1 inverter(s) to 2 load pin(s).
Netlist sorting complete. Time (s): cpu = 00:00:00 ; elapsed = 00:00:00.01 . Memory (MB): peak = 1904.289 ; gain = 0.000 ; free physical = 199 ; free virtual = 9120

Phase 1.1 IO Placement/ Clock Placement/ Build Placer Device

Phase 1.1.1 ParallelPlaceIOClockAndInitTop

Phase 1.1.1.1 Pre-Place Cells
Phase 1.1.1.1 Pre-Place Cells | Checksum: 98566580

Time (s): cpu = 00:00:00.74 ; elapsed = 00:00:00.66 . Memory (MB): peak = 1904.289 ; gain = 0.000 ; free physical = 199 ; free virtual = 9121

Phase 1.1.1.2 Constructing HAPIClkRuleMgr
Phase 1.1.1.2 Constructing HAPIClkRuleMgr | Checksum: 98566580

Time (s): cpu = 00:00:02 ; elapsed = 00:00:03 . Memory (MB): peak = 1904.289 ; gain = 0.000 ; free physical = 198 ; free virtual = 9120
WARNING: [Place 30-879] Found overlapping PBlocks. The use of overlapping PBlocks is not recommended as it may lead to legalization errors or unplaced instances.
WARNING: [Place 30-12] An IO Bus FIXED_IO_mio with more than one IO standard is found. Components associated with this bus are: 
	FIXED_IO_mio[53] of IOStandard LVCMOS18
	FIXED_IO_mio[52] of IOStandard LVCMOS18
	FIXED_IO_mio[51] of IOStandard LVCMOS18
	FIXED_IO_mio[50] of IOStandard LVCMOS18
	FIXED_IO_mio[49] of IOStandard LVCMOS18
	FIXED_IO_mio[48] of IOStandard LVCMOS18
	FIXED_IO_mio[47] of IOStandard LVCMOS18
	FIXED_IO_mio[46] of IOStandard LVCMOS18
	FIXED_IO_mio[45] of IOStandard LVCMOS18
	FIXED_IO_mio[44] of IOStandard LVCMOS18
	FIXED_IO_mio[43] of IOStandard LVCMOS18
	FIXED_IO_mio[42] of IOStandard LVCMOS18
	FIXED_IO_mio[41] of IOStandard LVCMOS18
	FIXED_IO_mio[40] of IOStandard LVCMOS18
	FIXED_IO_mio[39] of IOStandard LVCMOS18
	FIXED_IO_mio[38] of IOStandard LVCMOS18
	FIXED_IO_mio[37] of IOStandard LVCMOS18
	FIXED_IO_mio[36] of IOStandard LVCMOS18
	FIXED_IO_mio[35] of IOStandard LVCMOS18
	FIXED_IO_mio[34] of IOStandard LVCMOS18
	FIXED_IO_mio[33] of IOStandard LVCMOS18
	FIXED_IO_mio[32] of IOStandard LVCMOS18
	FIXED_IO_mio[31] of IOStandard LVCMOS18
	FIXED_IO_mio[30] of IOStandard LVCMOS18
	FIXED_IO_mio[29] of IOStandard LVCMOS18
	FIXED_IO_mio[28] of IOStandard LVCMOS18
	FIXED_IO_mio[27] of IOStandard LVCMOS18
	FIXED_IO_mio[26] of IOStandard LVCMOS18
	FIXED_IO_mio[25] of IOStandard LVCMOS18
	FIXED_IO_mio[24] of IOStandard LVCMOS18
	FIXED_IO_mio[23] of IOStandard LVCMOS18
	FIXED_IO_mio[22] of IOStandard LVCMOS18
	FIXED_IO_mio[21] of IOStandard LVCMOS18
	FIXED_IO_mio[20] of IOStandard LVCMOS18
	FIXED_IO_mio[19] of IOStandard LVCMOS18
	FIXED_IO_mio[18] of IOStandard LVCMOS18
	FIXED_IO_mio[17] of IOStandard LVCMOS18
	FIXED_IO_mio[16] of IOStandard LVCMOS18
	FIXED_IO_mio[15] of IOStandard LVCMOS33
	FIXED_IO_mio[14] of IOStandard LVCMOS33
	FIXED_IO_mio[13] of IOStandard LVCMOS33
	FIXED_IO_mio[12] of IOStandard LVCMOS33
	FIXED_IO_mio[11] of IOStandard LVCMOS33
	FIXED_IO_mio[10] of IOStandard LVCMOS33
	FIXED_IO_mio[9] of IOStandard LVCMOS33
	FIXED_IO_mio[8] of IOStandard LVCMOS33
	FIXED_IO_mio[7] of IOStandard LVCMOS33
	FIXED_IO_mio[6] of IOStandard LVCMOS33
	FIXED_IO_mio[5] of IOStandard LVCMOS33
	FIXED_IO_mio[4] of IOStandard LVCMOS33
	FIXED_IO_mio[3] of IOStandard LVCMOS33
	FIXED_IO_mio[2] of IOStandard LVCMOS33
	FIXED_IO_mio[1] of IOStandard LVCMOS33
	FIXED_IO_mio[0] of IOStandard LVCMOS33
INFO: [Timing 38-35] Done setting XDC timing constraints.

Phase 1.1.1.3 IO and Clk Clean Up

Phase 1.1.1.3.1 Constructing HAPIClkRuleMgr
Phase 1.1.1.3.1 Constructing HAPIClkRuleMgr | Checksum: 98566580

Time (s): cpu = 00:00:06 ; elapsed = 00:00:06 . Memory (MB): peak = 1904.289 ; gain = 0.000 ; free physical = 197 ; free virtual = 9121
Phase 1.1.1.3 IO and Clk Clean Up | Checksum: 98566580

Time (s): cpu = 00:00:06 ; elapsed = 00:00:06 . Memory (MB): peak = 1904.289 ; gain = 0.000 ; free physical = 197 ; free virtual = 9121

Phase 1.1.1.4 Implementation Feasibility check On IDelay
Phase 1.1.1.4 Implementation Feasibility check On IDelay | Checksum: 98566580

Time (s): cpu = 00:00:06 ; elapsed = 00:00:06 . Memory (MB): peak = 1904.289 ; gain = 0.000 ; free physical = 197 ; free virtual = 9121

Phase 1.1.1.5 Commit IO Placement
Phase 1.1.1.5 Commit IO Placement | Checksum: 15cdf3a3

Time (s): cpu = 00:00:07 ; elapsed = 00:00:06 . Memory (MB): peak = 1904.289 ; gain = 0.000 ; free physical = 197 ; free virtual = 9121
Phase 1.1.1 ParallelPlaceIOClockAndInitTop | Checksum: 15cdf3a3

Time (s): cpu = 00:00:07 ; elapsed = 00:00:06 . Memory (MB): peak = 1904.289 ; gain = 0.000 ; free physical = 197 ; free virtual = 9121
Phase 1.1 IO Placement/ Clock Placement/ Build Placer Device | Checksum: c6f0656c

Time (s): cpu = 00:00:07 ; elapsed = 00:00:06 . Memory (MB): peak = 1904.289 ; gain = 0.000 ; free physical = 197 ; free virtual = 9121

Phase 1.2 Build Placer Netlist Model

Phase 1.2.1 Place Init Design

Phase 1.2.1.1 Make Others
Phase 1.2.1.1 Make Others | Checksum: 126bc3a53

Time (s): cpu = 00:00:07 ; elapsed = 00:00:07 . Memory (MB): peak = 1904.289 ; gain = 0.000 ; free physical = 195 ; free virtual = 9121

Phase 1.2.1.2 Init Lut Pin Assignment
Phase 1.2.1.2 Init Lut Pin Assignment | Checksum: 126bc3a53

Time (s): cpu = 00:00:07 ; elapsed = 00:00:07 . Memory (MB): peak = 1904.289 ; gain = 0.000 ; free physical = 194 ; free virtual = 9120
Phase 1.2.1 Place Init Design | Checksum: 138c9efd8

Time (s): cpu = 00:00:09 ; elapsed = 00:00:08 . Memory (MB): peak = 1904.289 ; gain = 0.000 ; free physical = 185 ; free virtual = 9112
Phase 1.2 Build Placer Netlist Model | Checksum: 138c9efd8

Time (s): cpu = 00:00:09 ; elapsed = 00:00:08 . Memory (MB): peak = 1904.289 ; gain = 0.000 ; free physical = 185 ; free virtual = 9112

Phase 1.3 Constrain Clocks/Macros
Phase 1.3 Constrain Clocks/Macros | Checksum: 138c9efd8

Time (s): cpu = 00:00:09 ; elapsed = 00:00:08 . Memory (MB): peak = 1904.289 ; gain = 0.000 ; free physical = 185 ; free virtual = 9112
Phase 1 Placer Initialization | Checksum: 138c9efd8

Time (s): cpu = 00:00:09 ; elapsed = 00:00:08 . Memory (MB): peak = 1904.289 ; gain = 0.000 ; free physical = 185 ; free virtual = 9112

Phase 2 Global Placement
Phase 2 Global Placement | Checksum: 1bbe91af8

Time (s): cpu = 00:00:17 ; elapsed = 00:00:13 . Memory (MB): peak = 1904.289 ; gain = 0.000 ; free physical = 196 ; free virtual = 9106

Phase 3 Detail Placement

Phase 3.1 Commit Multi Column Macros
Phase 3.1 Commit Multi Column Macros | Checksum: 1bbe91af8

Time (s): cpu = 00:00:18 ; elapsed = 00:00:13 . Memory (MB): peak = 1904.289 ; gain = 0.000 ; free physical = 196 ; free virtual = 9106

Phase 3.2 Commit Most Macros & LUTRAMs
Phase 3.2 Commit Most Macros & LUTRAMs | Checksum: dd157eae

Time (s): cpu = 00:00:19 ; elapsed = 00:00:14 . Memory (MB): peak = 1904.289 ; gain = 0.000 ; free physical = 195 ; free virtual = 9106

Phase 3.3 Area Swap Optimization
Phase 3.3 Area Swap Optimization | Checksum: c959ff66

Time (s): cpu = 00:00:19 ; elapsed = 00:00:14 . Memory (MB): peak = 1904.289 ; gain = 0.000 ; free physical = 195 ; free virtual = 9106

Phase 3.4 updateClock Trees: DP
Phase 3.4 updateClock Trees: DP | Checksum: c959ff66

Time (s): cpu = 00:00:19 ; elapsed = 00:00:14 . Memory (MB): peak = 1904.289 ; gain = 0.000 ; free physical = 195 ; free virtual = 9106

Phase 3.5 Timing Path Optimizer
Phase 3.5 Timing Path Optimizer | Checksum: d555c342

Time (s): cpu = 00:00:20 ; elapsed = 00:00:14 . Memory (MB): peak = 1904.289 ; gain = 0.000 ; free physical = 195 ; free virtual = 9106

Phase 3.6 Fast Optimization
Phase 3.6 Fast Optimization | Checksum: d555c342

Time (s): cpu = 00:00:20 ; elapsed = 00:00:14 . Memory (MB): peak = 1904.289 ; gain = 0.000 ; free physical = 195 ; free virtual = 9106

Phase 3.7 Small Shape Detail Placement
Phase 3.7 Small Shape Detail Placement | Checksum: 1ee20b2ad

Time (s): cpu = 00:00:22 ; elapsed = 00:00:16 . Memory (MB): peak = 1904.289 ; gain = 0.000 ; free physical = 191 ; free virtual = 9103

Phase 3.8 Re-assign LUT pins
Phase 3.8 Re-assign LUT pins | Checksum: 15f0d2096

Time (s): cpu = 00:00:22 ; elapsed = 00:00:16 . Memory (MB): peak = 1904.289 ; gain = 0.000 ; free physical = 191 ; free virtual = 9103

Phase 3.9 Pipeline Register Optimization
Phase 3.9 Pipeline Register Optimization | Checksum: 15f0d2096

Time (s): cpu = 00:00:22 ; elapsed = 00:00:16 . Memory (MB): peak = 1904.289 ; gain = 0.000 ; free physical = 191 ; free virtual = 9103

Phase 3.10 Fast Optimization
Phase 3.10 Fast Optimization | Checksum: 15f0d2096

Time (s): cpu = 00:00:23 ; elapsed = 00:00:16 . Memory (MB): peak = 1904.289 ; gain = 0.000 ; free physical = 190 ; free virtual = 9102
Phase 3 Detail Placement | Checksum: 15f0d2096

Time (s): cpu = 00:00:23 ; elapsed = 00:00:16 . Memory (MB): peak = 1904.289 ; gain = 0.000 ; free physical = 190 ; free virtual = 9102

Phase 4 Post Placement Optimization and Clean-Up

Phase 4.1 Post Commit Optimization
INFO: [Timing 38-35] Done setting XDC timing constraints.

Phase 4.1.1 updateClock Trees: PCOPT
Phase 4.1.1 updateClock Trees: PCOPT | Checksum: aed07105

Time (s): cpu = 00:00:24 ; elapsed = 00:00:17 . Memory (MB): peak = 1904.289 ; gain = 0.000 ; free physical = 189 ; free virtual = 9101

Phase 4.1.2 Post Placement Optimization
INFO: [Place 30-746] Post Placement Timing Summary WNS=0.635. For the most accurate timing information please run report_timing.
Phase 4.1.2 Post Placement Optimization | Checksum: e76486b8

Time (s): cpu = 00:00:24 ; elapsed = 00:00:17 . Memory (MB): peak = 1904.289 ; gain = 0.000 ; free physical = 189 ; free virtual = 9101
Phase 4.1 Post Commit Optimization | Checksum: e76486b8

Time (s): cpu = 00:00:24 ; elapsed = 00:00:17 . Memory (MB): peak = 1904.289 ; gain = 0.000 ; free physical = 189 ; free virtual = 9101

Phase 4.2 Sweep Clock Roots: Post-Placement
Phase 4.2 Sweep Clock Roots: Post-Placement | Checksum: e76486b8

Time (s): cpu = 00:00:24 ; elapsed = 00:00:17 . Memory (MB): peak = 1904.289 ; gain = 0.000 ; free physical = 189 ; free virtual = 9101

Phase 4.3 Uram Pipeline Register Optimization
Phase 4.3 Uram Pipeline Register Optimization | Checksum: e76486b8

Time (s): cpu = 00:00:24 ; elapsed = 00:00:17 . Memory (MB): peak = 1904.289 ; gain = 0.000 ; free physical = 189 ; free virtual = 9101

Phase 4.4 Post Placement Cleanup
Phase 4.4 Post Placement Cleanup | Checksum: e76486b8

Time (s): cpu = 00:00:25 ; elapsed = 00:00:17 . Memory (MB): peak = 1904.289 ; gain = 0.000 ; free physical = 189 ; free virtual = 9101

Phase 4.5 Placer Reporting
Phase 4.5 Placer Reporting | Checksum: e76486b8

Time (s): cpu = 00:00:25 ; elapsed = 00:00:17 . Memory (MB): peak = 1904.289 ; gain = 0.000 ; free physical = 189 ; free virtual = 9101

Phase 4.6 Final Placement Cleanup
Phase 4.6 Final Placement Cleanup | Checksum: ceaeb002

Time (s): cpu = 00:00:25 ; elapsed = 00:00:17 . Memory (MB): peak = 1904.289 ; gain = 0.000 ; free physical = 189 ; free virtual = 9101
Phase 4 Post Placement Optimization and Clean-Up | Checksum: ceaeb002

Time (s): cpu = 00:00:25 ; elapsed = 00:00:17 . Memory (MB): peak = 1904.289 ; gain = 0.000 ; free physical = 189 ; free virtual = 9101
Ending Placer Task | Checksum: 8b9bf22e

Time (s): cpu = 00:00:25 ; elapsed = 00:00:17 . Memory (MB): peak = 1904.289 ; gain = 0.000 ; free physical = 189 ; free virtual = 9101
INFO: [Common 17-83] Releasing license: Implementation
44 Infos, 102 Warnings, 100 Critical Warnings and 0 Errors encountered.
place_design completed successfully
place_design: Time (s): cpu = 00:00:28 ; elapsed = 00:00:20 . Memory (MB): peak = 1904.289 ; gain = 0.000 ; free physical = 189 ; free virtual = 9101
Writing placer database...
Writing XDEF routing.
Writing XDEF routing logical nets.
Writing XDEF routing special nets.
Write XDEF Complete: Time (s): cpu = 00:00:00.87 ; elapsed = 00:00:00.29 . Memory (MB): peak = 1904.289 ; gain = 0.000 ; free physical = 185 ; free virtual = 9102
report_io: Time (s): cpu = 00:00:00.26 ; elapsed = 00:00:00.35 . Memory (MB): peak = 1904.289 ; gain = 0.000 ; free physical = 202 ; free virtual = 9103
report_utilization: Time (s): cpu = 00:00:00.14 ; elapsed = 00:00:00.21 . Memory (MB): peak = 1904.289 ; gain = 0.000 ; free physical = 206 ; free virtual = 9104
report_control_sets: Time (s): cpu = 00:00:00.10 ; elapsed = 00:00:00.16 . Memory (MB): peak = 1904.289 ; gain = 0.000 ; free physical = 207 ; free virtual = 9104
Command: route_design
Attempting to get a license for feature 'Implementation' and/or device 'xc7z020'
INFO: [Common 17-349] Got license for feature 'Implementation' and/or device 'xc7z020'
Running DRC as a precondition to command route_design
INFO: [DRC 23-27] Running DRC with 4 threads
WARNING: [DRC 23-20] Rule violation (PLIO-7) Placement Constraints Check for IO constraints - An IO Bus FIXED_IO_mio[53:0] with more than one IO standard is found. Components associated with this bus are: LVCMOS18 (FIXED_IO_mio[53], FIXED_IO_mio[52], FIXED_IO_mio[51], FIXED_IO_mio[50], FIXED_IO_mio[49], FIXED_IO_mio[48], FIXED_IO_mio[47], FIXED_IO_mio[46], FIXED_IO_mio[45], FIXED_IO_mio[44], FIXED_IO_mio[43], FIXED_IO_mio[42], FIXED_IO_mio[41], FIXED_IO_mio[40], FIXED_IO_mio[39] (the first 15 of 38 listed)); LVCMOS33 (FIXED_IO_mio[15], FIXED_IO_mio[14], FIXED_IO_mio[13], FIXED_IO_mio[12], FIXED_IO_mio[11], FIXED_IO_mio[10], FIXED_IO_mio[9], FIXED_IO_mio[8], FIXED_IO_mio[7], FIXED_IO_mio[6], FIXED_IO_mio[5], FIXED_IO_mio[4], FIXED_IO_mio[3], FIXED_IO_mio[2], FIXED_IO_mio[1] (the first 15 of 16 listed)); 
INFO: [Vivado_Tcl 4-198] DRC finished with 0 Errors, 1 Warnings
INFO: [Vivado_Tcl 4-199] Please refer to the DRC report (report_drc) for more information.


Starting Routing Task
INFO: [Route 35-254] Multithreading enabled for route_design using a maximum of 4 CPUs
Checksum: PlaceDB: 93f644 ConstDB: 0 ShapeSum: 8b07fbea RouteDB: 0

Phase 1 Build RT Design
Phase 1 Build RT Design | Checksum: a2c4fa45

Time (s): cpu = 00:00:56 ; elapsed = 00:00:45 . Memory (MB): peak = 1904.289 ; gain = 0.000 ; free physical = 140 ; free virtual = 9022

Phase 2 Router Initialization

Phase 2.1 Create Timer
Phase 2.1 Create Timer | Checksum: a2c4fa45

Time (s): cpu = 00:00:56 ; elapsed = 00:00:45 . Memory (MB): peak = 1904.289 ; gain = 0.000 ; free physical = 139 ; free virtual = 9022

Phase 2.2 Fix Topology Constraints
Phase 2.2 Fix Topology Constraints | Checksum: a2c4fa45

Time (s): cpu = 00:00:56 ; elapsed = 00:00:45 . Memory (MB): peak = 1904.289 ; gain = 0.000 ; free physical = 133 ; free virtual = 9018

Phase 2.3 Pre Route Cleanup
Phase 2.3 Pre Route Cleanup | Checksum: a2c4fa45

Time (s): cpu = 00:00:56 ; elapsed = 00:00:45 . Memory (MB): peak = 1904.289 ; gain = 0.000 ; free physical = 133 ; free virtual = 9018
 Number of Nodes with overlaps = 0

Phase 2.4 Update Timing
Phase 2.4 Update Timing | Checksum: 114c17b73

Time (s): cpu = 00:00:58 ; elapsed = 00:00:46 . Memory (MB): peak = 1904.289 ; gain = 0.000 ; free physical = 157 ; free virtual = 8984
INFO: [Route 35-416] Intermediate Timing Summary | WNS=0.694  | TNS=0.000  | WHS=-0.240 | THS=-19.279|

Phase 2 Router Initialization | Checksum: b32cbe1a

Time (s): cpu = 00:00:58 ; elapsed = 00:00:47 . Memory (MB): peak = 1904.289 ; gain = 0.000 ; free physical = 157 ; free virtual = 8984

Phase 3 Initial Routing
Phase 3 Initial Routing | Checksum: 16a1f19d4

Time (s): cpu = 00:00:59 ; elapsed = 00:00:47 . Memory (MB): peak = 1904.289 ; gain = 0.000 ; free physical = 157 ; free virtual = 8984

Phase 4 Rip-up And Reroute

Phase 4.1 Global Iteration 0
 Number of Nodes with overlaps = 224
 Number of Nodes with overlaps = 38
 Number of Nodes with overlaps = 17
 Number of Nodes with overlaps = 5
 Number of Nodes with overlaps = 0

Phase 4.1.1 Update Timing
Phase 4.1.1 Update Timing | Checksum: 9a0a0b57

Time (s): cpu = 00:01:02 ; elapsed = 00:00:48 . Memory (MB): peak = 1904.289 ; gain = 0.000 ; free physical = 157 ; free virtual = 8983
INFO: [Route 35-416] Intermediate Timing Summary | WNS=0.553  | TNS=0.000  | WHS=N/A    | THS=N/A    |

Phase 4.1 Global Iteration 0 | Checksum: 1ba487d5c

Time (s): cpu = 00:01:02 ; elapsed = 00:00:49 . Memory (MB): peak = 1904.289 ; gain = 0.000 ; free physical = 157 ; free virtual = 8983
Phase 4 Rip-up And Reroute | Checksum: 1ba487d5c

Time (s): cpu = 00:01:02 ; elapsed = 00:00:49 . Memory (MB): peak = 1904.289 ; gain = 0.000 ; free physical = 157 ; free virtual = 8983

Phase 5 Delay and Skew Optimization

Phase 5.1 Delay CleanUp

Phase 5.1.1 Update Timing
Phase 5.1.1 Update Timing | Checksum: 1274576c8

Time (s): cpu = 00:01:02 ; elapsed = 00:00:49 . Memory (MB): peak = 1904.289 ; gain = 0.000 ; free physical = 157 ; free virtual = 8983
INFO: [Route 35-416] Intermediate Timing Summary | WNS=0.668  | TNS=0.000  | WHS=N/A    | THS=N/A    |

Phase 5.1 Delay CleanUp | Checksum: 1274576c8

Time (s): cpu = 00:01:02 ; elapsed = 00:00:49 . Memory (MB): peak = 1904.289 ; gain = 0.000 ; free physical = 157 ; free virtual = 8983

Phase 5.2 Clock Skew Optimization
Phase 5.2 Clock Skew Optimization | Checksum: 1274576c8

Time (s): cpu = 00:01:02 ; elapsed = 00:00:49 . Memory (MB): peak = 1904.289 ; gain = 0.000 ; free physical = 157 ; free virtual = 8983
Phase 5 Delay and Skew Optimization | Checksum: 1274576c8

Time (s): cpu = 00:01:02 ; elapsed = 00:00:49 . Memory (MB): peak = 1904.289 ; gain = 0.000 ; free physical = 157 ; free virtual = 8983

Phase 6 Post Hold Fix

Phase 6.1 Hold Fix Iter

Phase 6.1.1 Update Timing
Phase 6.1.1 Update Timing | Checksum: 146c6683d

Time (s): cpu = 00:01:03 ; elapsed = 00:00:49 . Memory (MB): peak = 1904.289 ; gain = 0.000 ; free physical = 157 ; free virtual = 8983
INFO: [Route 35-416] Intermediate Timing Summary | WNS=0.668  | TNS=0.000  | WHS=0.045  | THS=0.000  |

Phase 6.1 Hold Fix Iter | Checksum: 1c4f36f6b

Time (s): cpu = 00:01:03 ; elapsed = 00:00:49 . Memory (MB): peak = 1904.289 ; gain = 0.000 ; free physical = 157 ; free virtual = 8983
Phase 6 Post Hold Fix | Checksum: 1c4f36f6b

Time (s): cpu = 00:01:03 ; elapsed = 00:00:49 . Memory (MB): peak = 1904.289 ; gain = 0.000 ; free physical = 157 ; free virtual = 8983

Phase 7 Route finalize

Router Utilization Summary
  Global Vertical Routing Utilization    = 0.283784 %
  Global Horizontal Routing Utilization  = 0.367478 %
  Routable Net Status*
  *Does not include unroutable nets such as driverless and loadless.
  Run report_route_status for detailed report.
  Number of Failed Nets               = 0
  Number of Unrouted Nets             = 0
  Number of Partially Routed Nets     = 0
  Number of Node Overlaps             = 0

Phase 7 Route finalize | Checksum: 199881b96

Time (s): cpu = 00:01:03 ; elapsed = 00:00:49 . Memory (MB): peak = 1904.289 ; gain = 0.000 ; free physical = 157 ; free virtual = 8983

Phase 8 Verifying routed nets

 Verification completed successfully
Phase 8 Verifying routed nets | Checksum: 199881b96

Time (s): cpu = 00:01:03 ; elapsed = 00:00:49 . Memory (MB): peak = 1904.289 ; gain = 0.000 ; free physical = 157 ; free virtual = 8983

Phase 9 Depositing Routes
Phase 9 Depositing Routes | Checksum: 1585b0ae6

Time (s): cpu = 00:01:03 ; elapsed = 00:00:49 . Memory (MB): peak = 1904.289 ; gain = 0.000 ; free physical = 157 ; free virtual = 8983

Phase 10 Post Router Timing
INFO: [Route 35-57] Estimated Timing Summary | WNS=0.668  | TNS=0.000  | WHS=0.045  | THS=0.000  |

INFO: [Route 35-327] The final timing numbers are based on the router estimated timing analysis. For a complete and accurate timing signoff, please run report_timing_summary.
Phase 10 Post Router Timing | Checksum: 1585b0ae6

Time (s): cpu = 00:01:03 ; elapsed = 00:00:49 . Memory (MB): peak = 1904.289 ; gain = 0.000 ; free physical = 157 ; free virtual = 8983
INFO: [Route 35-16] Router Completed Successfully

Time (s): cpu = 00:01:03 ; elapsed = 00:00:49 . Memory (MB): peak = 1904.289 ; gain = 0.000 ; free physical = 157 ; free virtual = 8983

Routing Is Done.
INFO: [Common 17-83] Releasing license: Implementation
57 Infos, 103 Warnings, 100 Critical Warnings and 0 Errors encountered.
route_design completed successfully
route_design: Time (s): cpu = 00:01:05 ; elapsed = 00:01:50 . Memory (MB): peak = 1904.289 ; gain = 0.000 ; free physical = 160 ; free virtual = 8985
Writing placer database...
Writing XDEF routing.
Writing XDEF routing logical nets.
Writing XDEF routing special nets.
Write XDEF Complete: Time (s): cpu = 00:00:00.83 ; elapsed = 00:00:00.28 . Memory (MB): peak = 1904.289 ; gain = 0.000 ; free physical = 156 ; free virtual = 8985
INFO: [DRC 23-27] Running DRC with 4 threads
INFO: [Coretcl 2-168] The results of DRC are in file /home/linux/Documents/DLA/source/fw/zedboard/zedboard.runs/impl_1/top_drc_routed.rpt.
INFO: [Timing 38-91] UpdateTimingParams: Speed grade: -1, Delay Type: min_max.
INFO: [Timing 38-191] Multithreading enabled for timing update using a maximum of 4 CPUs
Running Vector-less Activity Propagation...

Finished Running Vector-less Activity Propagation
Attempting to get a license for feature 'Implementation' and/or device 'xc7z020'
INFO: [Common 17-349] Got license for feature 'Implementation' and/or device 'xc7z020'
Running DRC as a precondition to command write_bitstream
INFO: [DRC 23-27] Running DRC with 4 threads
INFO: [Vivado 12-3199] DRC finished with 0 Errors
INFO: [Vivado 12-3200] Please refer to the DRC report (report_drc) for more information.
INFO: [Designutils 20-2272] Running write_bitstream with 4 threads.
Loading data files...
Loading site data...
Loading route data...
Processing options...
Creating bitmap...
Creating bitstream...
Writing bitstream ./top.bit...
INFO: [Vivado 12-1842] Bitgen Completed Successfully.
INFO: [Project 1-120] WebTalk data collection is mandatory when using a WebPACK part without a full Vivado license. To see the specific WebTalk data collected for your design, open the usage_statistics_webtalk.html or usage_statistics_webtalk.xml file in the implementation directory.
INFO: [Common 17-186] '/home/linux/Documents/DLA/source/fw/zedboard/zedboard.runs/impl_1/usage_statistics_webtalk.xml' has been successfully sent to Xilinx on Wed Feb 15 21:33:54 2017. For additional details about this file, please refer to the WebTalk help file at /home/Xilinx/Vivado/2016.2/doc/webtalk_introduction.html.
INFO: [Common 17-83] Releasing license: Implementation
write_bitstream: Time (s): cpu = 00:00:17 ; elapsed = 00:01:46 . Memory (MB): peak = 2226.254 ; gain = 287.883 ; free physical = 173 ; free virtual = 8675
INFO: [Common 17-206] Exiting Vivado at Wed Feb 15 21:33:54 2017...
