#-----------------------------------------------------------
# Vivado v2016.2 (64-bit)
# SW Build 1577090 on Thu Jun  2 16:32:35 MDT 2016
# IP Build 1577682 on Fri Jun  3 12:00:54 MDT 2016
# Start of session at: Mon Nov 21 10:50:09 2016
# Process ID: 2294
# Current directory: /home/jlim/Documents/school/DLA/source/fw/rsa2048
# Command line: vivado
# Log file: /home/jlim/Documents/school/DLA/source/fw/rsa2048/vivado.log
# Journal file: /home/jlim/Documents/school/DLA/source/fw/rsa2048/vivado.jou
#-----------------------------------------------------------
start_gui
open_project /home/jlim/Documents/school/DLA/source/fw/rsa2048/rsa2048.xpr
Scanning sources...
Finished scanning sources
INFO: [IP_Flow 19-234] Refreshing IP repositories
INFO: [IP_Flow 19-1704] No user IP repositories specified
INFO: [IP_Flow 19-2313] Loaded Vivado IP repository '/opt/Xilinx/Vivado/2016.2/data/ip'.
open_project: Time (s): cpu = 00:00:21 ; elapsed = 00:00:13 . Memory (MB): peak = 5880.750 ; gain = 134.672 ; free physical = 4318 ; free virtual = 14218
update_compile_order -fileset sources_1
reset_run synth_1
launch_runs impl_1 -to_step write_bitstream -jobs 2
[Mon Nov 21 11:26:23 2016] Launched synth_1...
Run output will be captured here: /home/jlim/Documents/school/DLA/source/fw/rsa2048/rsa2048.runs/synth_1/runme.log
[Mon Nov 21 11:26:23 2016] Launched impl_1...
Run output will be captured here: /home/jlim/Documents/school/DLA/source/fw/rsa2048/rsa2048.runs/impl_1/runme.log
launch_runs: Time (s): cpu = 00:00:02 ; elapsed = 00:01:01 . Memory (MB): peak = 5937.223 ; gain = 47.449 ; free physical = 3617 ; free virtual = 13594
file copy -force /home/jlim/Documents/school/DLA/source/fw/rsa2048/rsa2048.runs/impl_1/top.bit /home/jlim/Documents/school/DLA/source/fw/rsa2048/rsa2048.sdk/top_hw_platform_0/top.bit
reset_run synth_1
launch_runs impl_1 -to_step write_bitstream -jobs 2
[Mon Nov 21 12:02:29 2016] Launched synth_1...
Run output will be captured here: /home/jlim/Documents/school/DLA/source/fw/rsa2048/rsa2048.runs/synth_1/runme.log
[Mon Nov 21 12:02:29 2016] Launched impl_1...
Run output will be captured here: /home/jlim/Documents/school/DLA/source/fw/rsa2048/rsa2048.runs/impl_1/runme.log
launch_runs: Time (s): cpu = 00:00:01 ; elapsed = 00:01:00 . Memory (MB): peak = 5950.598 ; gain = 0.000 ; free physical = 3407 ; free virtual = 13557
reset_run synth_1
launch_runs impl_1 -to_step write_bitstream -jobs 2
[Mon Nov 21 12:11:35 2016] Launched synth_1...
Run output will be captured here: /home/jlim/Documents/school/DLA/source/fw/rsa2048/rsa2048.runs/synth_1/runme.log
[Mon Nov 21 12:11:35 2016] Launched impl_1...
Run output will be captured here: /home/jlim/Documents/school/DLA/source/fw/rsa2048/rsa2048.runs/impl_1/runme.log
launch_runs: Time (s): cpu = 00:00:01 ; elapsed = 00:01:00 . Memory (MB): peak = 5950.598 ; gain = 0.000 ; free physical = 3389 ; free virtual = 13541
file copy -force /home/jlim/Documents/school/DLA/source/fw/rsa2048/rsa2048.runs/impl_1/top.bit /home/jlim/Documents/school/DLA/source/fw/rsa2048/rsa2048.sdk/top_hw_platform_0/top.bit
reset_run synth_1
launch_runs impl_1 -to_step write_bitstream -jobs 2
[Mon Nov 21 14:26:04 2016] Launched synth_1...
Run output will be captured here: /home/jlim/Documents/school/DLA/source/fw/rsa2048/rsa2048.runs/synth_1/runme.log
[Mon Nov 21 14:26:04 2016] Launched impl_1...
Run output will be captured here: /home/jlim/Documents/school/DLA/source/fw/rsa2048/rsa2048.runs/impl_1/runme.log
launch_runs: Time (s): cpu = 00:00:00.61 ; elapsed = 00:01:00 . Memory (MB): peak = 5950.598 ; gain = 0.000 ; free physical = 3290 ; free virtual = 13453
file copy -force /home/jlim/Documents/school/DLA/source/fw/rsa2048/rsa2048.runs/impl_1/top.bit /home/jlim/Documents/school/DLA/source/fw/rsa2048/rsa2048.sdk/top_hw_platform_0/top.bit
reset_run synth_1
launch_runs impl_1 -to_step write_bitstream -jobs 2
[Mon Nov 21 14:40:21 2016] Launched synth_1...
Run output will be captured here: /home/jlim/Documents/school/DLA/source/fw/rsa2048/rsa2048.runs/synth_1/runme.log
[Mon Nov 21 14:40:21 2016] Launched impl_1...
Run output will be captured here: /home/jlim/Documents/school/DLA/source/fw/rsa2048/rsa2048.runs/impl_1/runme.log
launch_runs: Time (s): cpu = 00:00:00.83 ; elapsed = 00:01:00 . Memory (MB): peak = 5952.598 ; gain = 0.000 ; free physical = 3250 ; free virtual = 13416
reset_run synth_1
launch_runs impl_1 -to_step write_bitstream -jobs 2
[Mon Nov 21 14:46:30 2016] Launched synth_1...
Run output will be captured here: /home/jlim/Documents/school/DLA/source/fw/rsa2048/rsa2048.runs/synth_1/runme.log
[Mon Nov 21 14:46:30 2016] Launched impl_1...
Run output will be captured here: /home/jlim/Documents/school/DLA/source/fw/rsa2048/rsa2048.runs/impl_1/runme.log
launch_runs: Time (s): cpu = 00:00:01 ; elapsed = 00:01:00 . Memory (MB): peak = 5953.613 ; gain = 0.000 ; free physical = 3236 ; free virtual = 13402
file copy -force /home/jlim/Documents/school/DLA/source/fw/rsa2048/rsa2048.runs/impl_1/top.bit /home/jlim/Documents/school/DLA/source/fw/rsa2048/rsa2048.sdk/top_hw_platform_0/top.bit
reset_run synth_1
launch_runs impl_1 -to_step write_bitstream -jobs 2
[Mon Nov 21 14:54:10 2016] Launched synth_1...
Run output will be captured here: /home/jlim/Documents/school/DLA/source/fw/rsa2048/rsa2048.runs/synth_1/runme.log
[Mon Nov 21 14:54:10 2016] Launched impl_1...
Run output will be captured here: /home/jlim/Documents/school/DLA/source/fw/rsa2048/rsa2048.runs/impl_1/runme.log
launch_runs: Time (s): cpu = 00:00:01 ; elapsed = 00:01:00 . Memory (MB): peak = 5954.207 ; gain = 0.000 ; free physical = 3237 ; free virtual = 13403
file copy -force /home/jlim/Documents/school/DLA/source/fw/rsa2048/rsa2048.runs/impl_1/top.bit /home/jlim/Documents/school/DLA/source/fw/rsa2048/rsa2048.sdk/top_hw_platform_0/top.bit
reset_run synth_1
launch_runs impl_1 -to_step write_bitstream -jobs 2
[Mon Nov 21 15:01:49 2016] Launched synth_1...
Run output will be captured here: /home/jlim/Documents/school/DLA/source/fw/rsa2048/rsa2048.runs/synth_1/runme.log
[Mon Nov 21 15:01:49 2016] Launched impl_1...
Run output will be captured here: /home/jlim/Documents/school/DLA/source/fw/rsa2048/rsa2048.runs/impl_1/runme.log
launch_runs: Time (s): cpu = 00:00:00.61 ; elapsed = 00:01:00 . Memory (MB): peak = 5954.207 ; gain = 0.000 ; free physical = 3230 ; free virtual = 13398
file copy -force /home/jlim/Documents/school/DLA/source/fw/rsa2048/rsa2048.runs/impl_1/top.bit /home/jlim/Documents/school/DLA/source/fw/rsa2048/rsa2048.sdk/top_hw_platform_0/top.bit
reset_run synth_1
launch_runs impl_1 -to_step write_bitstream -jobs 2
[Mon Nov 21 15:12:01 2016] Launched synth_1...
Run output will be captured here: /home/jlim/Documents/school/DLA/source/fw/rsa2048/rsa2048.runs/synth_1/runme.log
[Mon Nov 21 15:12:01 2016] Launched impl_1...
Run output will be captured here: /home/jlim/Documents/school/DLA/source/fw/rsa2048/rsa2048.runs/impl_1/runme.log
launch_runs: Time (s): cpu = 00:00:01 ; elapsed = 00:01:00 . Memory (MB): peak = 5954.207 ; gain = 0.000 ; free physical = 3216 ; free virtual = 13379
reset_run impl_1 -noclean_dir 
reset_run synth_1
launch_runs impl_1 -to_step write_bitstream -jobs 2
[Mon Nov 21 15:17:09 2016] Launched synth_1...
Run output will be captured here: /home/jlim/Documents/school/DLA/source/fw/rsa2048/rsa2048.runs/synth_1/runme.log
[Mon Nov 21 15:17:09 2016] Launched impl_1...
Run output will be captured here: /home/jlim/Documents/school/DLA/source/fw/rsa2048/rsa2048.runs/impl_1/runme.log
launch_runs: Time (s): cpu = 00:00:01 ; elapsed = 00:01:00 . Memory (MB): peak = 5954.207 ; gain = 0.000 ; free physical = 3218 ; free virtual = 13384
reset_run impl_1
launch_runs impl_1 -to_step write_bitstream -jobs 2
[Mon Nov 21 15:21:25 2016] Launched impl_1...
Run output will be captured here: /home/jlim/Documents/school/DLA/source/fw/rsa2048/rsa2048.runs/impl_1/runme.log
launch_runs: Time (s): cpu = 00:00:01 ; elapsed = 00:01:00 . Memory (MB): peak = 5954.207 ; gain = 0.000 ; free physical = 3210 ; free virtual = 13377
file copy -force /home/jlim/Documents/school/DLA/source/fw/rsa2048/rsa2048.runs/impl_1/top.bit /home/jlim/Documents/school/DLA/source/fw/rsa2048/rsa2048.sdk/top_hw_platform_0/top.bit
update_compile_order -fileset sources_1
update_compile_order -fileset sources_1
reset_run synth_1
launch_runs impl_1 -to_step write_bitstream -jobs 2
[Mon Nov 21 15:35:50 2016] Launched synth_1...
Run output will be captured here: /home/jlim/Documents/school/DLA/source/fw/rsa2048/rsa2048.runs/synth_1/runme.log
[Mon Nov 21 15:35:50 2016] Launched impl_1...
Run output will be captured here: /home/jlim/Documents/school/DLA/source/fw/rsa2048/rsa2048.runs/impl_1/runme.log
launch_runs: Time (s): cpu = 00:00:01 ; elapsed = 00:01:00 . Memory (MB): peak = 5957.895 ; gain = 0.000 ; free physical = 3200 ; free virtual = 13377
file copy -force /home/jlim/Documents/school/DLA/source/fw/rsa2048/rsa2048.runs/impl_1/top.bit /home/jlim/Documents/school/DLA/source/fw/rsa2048/rsa2048.sdk/top_hw_platform_0/top.bit
reset_run synth_1
launch_runs impl_1 -to_step write_bitstream -jobs 2
INFO: [Common 17-41] Interrupt caught. Command should exit soon.
[Mon Nov 21 15:45:11 2016] Launched synth_1...
Run output will be captured here: /home/jlim/Documents/school/DLA/source/fw/rsa2048/rsa2048.runs/synth_1/runme.log
[Mon Nov 21 15:45:11 2016] Launched impl_1...
Run output will be captured here: /home/jlim/Documents/school/DLA/source/fw/rsa2048/rsa2048.runs/impl_1/runme.log
launch_runs: Time (s): cpu = 00:00:02 ; elapsed = 00:01:00 . Memory (MB): peak = 5973.551 ; gain = 7.391 ; free physical = 3195 ; free virtual = 13369
INFO: [Common 17-344] 'launch_runs' was cancelled
reset_run synth_1
launch_runs impl_1 -to_step write_bitstream -jobs 2
[Mon Nov 21 15:47:01 2016] Launched synth_1...
Run output will be captured here: /home/jlim/Documents/school/DLA/source/fw/rsa2048/rsa2048.runs/synth_1/runme.log
[Mon Nov 21 15:47:01 2016] Launched impl_1...
Run output will be captured here: /home/jlim/Documents/school/DLA/source/fw/rsa2048/rsa2048.runs/impl_1/runme.log
launch_runs: Time (s): cpu = 00:00:01 ; elapsed = 00:01:00 . Memory (MB): peak = 5973.570 ; gain = 0.000 ; free physical = 3186 ; free virtual = 13361
file copy -force /home/jlim/Documents/school/DLA/source/fw/rsa2048/rsa2048.runs/impl_1/top.bit /home/jlim/Documents/school/DLA/source/fw/rsa2048/rsa2048.sdk/top_hw_platform_0/top.bit
reset_run synth_1
launch_runs impl_1 -to_step write_bitstream -jobs 2
[Mon Nov 21 15:58:11 2016] Launched synth_1...
Run output will be captured here: /home/jlim/Documents/school/DLA/source/fw/rsa2048/rsa2048.runs/synth_1/runme.log
[Mon Nov 21 15:58:11 2016] Launched impl_1...
Run output will be captured here: /home/jlim/Documents/school/DLA/source/fw/rsa2048/rsa2048.runs/impl_1/runme.log
launch_runs: Time (s): cpu = 00:00:01 ; elapsed = 00:01:00 . Memory (MB): peak = 5975.570 ; gain = 0.000 ; free physical = 3750 ; free virtual = 13934
file copy -force /home/jlim/Documents/school/DLA/source/fw/rsa2048/rsa2048.runs/impl_1/top.bit /home/jlim/Documents/school/DLA/source/fw/rsa2048/rsa2048.sdk/top_hw_platform_0/top.bit
reset_run synth_1
launch_runs impl_1 -to_step write_bitstream -jobs 2
[Mon Nov 21 16:12:22 2016] Launched synth_1...
Run output will be captured here: /home/jlim/Documents/school/DLA/source/fw/rsa2048/rsa2048.runs/synth_1/runme.log
[Mon Nov 21 16:12:22 2016] Launched impl_1...
Run output will be captured here: /home/jlim/Documents/school/DLA/source/fw/rsa2048/rsa2048.runs/impl_1/runme.log
launch_runs: Time (s): cpu = 00:00:01 ; elapsed = 00:01:00 . Memory (MB): peak = 5976.164 ; gain = 0.000 ; free physical = 3743 ; free virtual = 13931
open_bd_design {/home/jlim/Documents/school/DLA/source/fw/rsa2048/rsa2048.srcs/sources_1/bd/xc7z020/xc7z020.bd}
Adding cell -- xilinx.com:ip:processing_system7:5.5 - processing_system7_0
Adding cell -- xilinx.com:ip:axi_bram_ctrl:4.0 - axi_bram_ctrl_0
Adding cell -- xilinx.com:ip:proc_sys_reset:5.0 - rst_processing_system7_0_100M
Adding cell -- xilinx.com:ip:blk_mem_gen:8.3 - axi_bram_ctrl_0_bram
Adding cell -- xilinx.com:ip:axi_crossbar:2.1 - xbar
Adding cell -- xilinx.com:ip:axi_protocol_converter:2.1 - auto_pc
Successfully read diagram <xc7z020> from BD file </home/jlim/Documents/school/DLA/source/fw/rsa2048/rsa2048.srcs/sources_1/bd/xc7z020/xc7z020.bd>
open_bd_design: Time (s): cpu = 00:00:06 ; elapsed = 00:00:08 . Memory (MB): peak = 6049.863 ; gain = 73.699 ; free physical = 4096 ; free virtual = 14327
INFO: [Device 21-403] Loading part xc7z020clg484-1
WARNING: [IP_Flow 19-4067] Ignoring invalid widget type specified checkbox.Providing a default widget
WARNING: [IP_Flow 19-4067] Ignoring invalid widget type specified checkbox.Providing a default widget
reset_run synth_1
launch_runs impl_1 -to_step write_bitstream -jobs 2
[Mon Nov 21 16:15:23 2016] Launched synth_1...
Run output will be captured here: /home/jlim/Documents/school/DLA/source/fw/rsa2048/rsa2048.runs/synth_1/runme.log
[Mon Nov 21 16:15:23 2016] Launched impl_1...
Run output will be captured here: /home/jlim/Documents/school/DLA/source/fw/rsa2048/rsa2048.runs/impl_1/runme.log
launch_runs: Time (s): cpu = 00:00:02 ; elapsed = 00:01:00 . Memory (MB): peak = 6184.176 ; gain = 0.000 ; free physical = 3491 ; free virtual = 13726
reset_run synth_1
launch_runs impl_1 -to_step write_bitstream -jobs 2
[Mon Nov 21 16:21:49 2016] Launched synth_1...
Run output will be captured here: /home/jlim/Documents/school/DLA/source/fw/rsa2048/rsa2048.runs/synth_1/runme.log
[Mon Nov 21 16:21:49 2016] Launched impl_1...
Run output will be captured here: /home/jlim/Documents/school/DLA/source/fw/rsa2048/rsa2048.runs/impl_1/runme.log
launch_runs: Time (s): cpu = 00:00:01 ; elapsed = 00:01:00 . Memory (MB): peak = 6184.176 ; gain = 0.000 ; free physical = 3481 ; free virtual = 13716
file copy -force /home/jlim/Documents/school/DLA/source/fw/rsa2048/rsa2048.runs/impl_1/top.bit /home/jlim/Documents/school/DLA/source/fw/rsa2048/rsa2048.sdk/top_hw_platform_0/top.bit
reset_run synth_1
launch_runs impl_1 -to_step write_bitstream -jobs 2
INFO: [Common 17-41] Interrupt caught. Command should exit soon.
[Mon Nov 21 16:33:18 2016] Launched synth_1...
Run output will be captured here: /home/jlim/Documents/school/DLA/source/fw/rsa2048/rsa2048.runs/synth_1/runme.log
[Mon Nov 21 16:33:18 2016] Launched impl_1...
Run output will be captured here: /home/jlim/Documents/school/DLA/source/fw/rsa2048/rsa2048.runs/impl_1/runme.log
launch_runs: Time (s): cpu = 00:00:04 ; elapsed = 00:01:00 . Memory (MB): peak = 6185.375 ; gain = 0.000 ; free physical = 3463 ; free virtual = 13705
INFO: [Common 17-344] 'launch_runs' was cancelled
reset_run synth_1
launch_runs impl_1 -to_step write_bitstream -jobs 2
[Mon Nov 21 16:36:22 2016] Launched synth_1...
Run output will be captured here: /home/jlim/Documents/school/DLA/source/fw/rsa2048/rsa2048.runs/synth_1/runme.log
[Mon Nov 21 16:36:23 2016] Launched impl_1...
Run output will be captured here: /home/jlim/Documents/school/DLA/source/fw/rsa2048/rsa2048.runs/impl_1/runme.log
launch_runs: Time (s): cpu = 00:00:00.68 ; elapsed = 00:01:00 . Memory (MB): peak = 6185.375 ; gain = 0.000 ; free physical = 3474 ; free virtual = 13710
file copy -force /home/jlim/Documents/school/DLA/source/fw/rsa2048/rsa2048.runs/impl_1/top.bit /home/jlim/Documents/school/DLA/source/fw/rsa2048/rsa2048.sdk/top_hw_platform_0/top.bit
reset_run synth_1
launch_runs impl_1 -to_step write_bitstream -jobs 2
[Mon Nov 21 16:47:54 2016] Launched synth_1...
Run output will be captured here: /home/jlim/Documents/school/DLA/source/fw/rsa2048/rsa2048.runs/synth_1/runme.log
[Mon Nov 21 16:47:54 2016] Launched impl_1...
Run output will be captured here: /home/jlim/Documents/school/DLA/source/fw/rsa2048/rsa2048.runs/impl_1/runme.log
launch_runs: Time (s): cpu = 00:00:01 ; elapsed = 00:01:00 . Memory (MB): peak = 6185.375 ; gain = 0.000 ; free physical = 3461 ; free virtual = 13697
