#-----------------------------------------------------------
# Vivado v2016.2 (64-bit)
# SW Build 1577090 on Thu Jun  2 16:32:35 MDT 2016
# IP Build 1577682 on Fri Jun  3 12:00:54 MDT 2016
# Start of session at: Tue Nov 15 17:56:02 2016
# Process ID: 2845
# Current directory: /home/jlim/Documents/school/DLA/source/fw/rsa2048
# Command line: vivado
# Log file: /home/jlim/Documents/school/DLA/source/fw/rsa2048/vivado.log
# Journal file: /home/jlim/Documents/school/DLA/source/fw/rsa2048/vivado.jou
#-----------------------------------------------------------
start_gui
open_project /home/jlim/Documents/school/DLA/source/fw/rsa2048/rsa2048.xpr
Scanning sources...
Finished scanning sources
INFO: [IP_Flow 19-234] Refreshing IP repositories
INFO: [IP_Flow 19-1704] No user IP repositories specified
INFO: [IP_Flow 19-2313] Loaded Vivado IP repository '/opt/Xilinx/Vivado/2016.2/data/ip'.
open_project: Time (s): cpu = 00:00:20 ; elapsed = 00:00:15 . Memory (MB): peak = 5867.215 ; gain = 133.660 ; free physical = 5342 ; free virtual = 14681
update_compile_order -fileset sources_1
reset_run synth_1
launch_runs impl_1 -to_step write_bitstream -jobs 2
[Tue Nov 15 18:07:44 2016] Launched synth_1...
Run output will be captured here: /home/jlim/Documents/school/DLA/source/fw/rsa2048/rsa2048.runs/synth_1/runme.log
[Tue Nov 15 18:07:44 2016] Launched impl_1...
Run output will be captured here: /home/jlim/Documents/school/DLA/source/fw/rsa2048/rsa2048.runs/impl_1/runme.log
launch_runs: Time (s): cpu = 00:00:04 ; elapsed = 00:01:01 . Memory (MB): peak = 5951.582 ; gain = 60.992 ; free physical = 4461 ; free virtual = 13955
file copy -force /home/jlim/Documents/school/DLA/source/fw/rsa2048/rsa2048.runs/impl_1/top.bit /home/jlim/Documents/school/DLA/source/fw/rsa2048/rsa2048.sdk/top_hw_platform_0/top.bit
reset_run synth_1
launch_runs impl_1 -to_step write_bitstream -jobs 2
[Tue Nov 15 18:20:14 2016] Launched synth_1...
Run output will be captured here: /home/jlim/Documents/school/DLA/source/fw/rsa2048/rsa2048.runs/synth_1/runme.log
[Tue Nov 15 18:20:14 2016] Launched impl_1...
Run output will be captured here: /home/jlim/Documents/school/DLA/source/fw/rsa2048/rsa2048.runs/impl_1/runme.log
launch_runs: Time (s): cpu = 00:00:01 ; elapsed = 00:01:00 . Memory (MB): peak = 5954.844 ; gain = 0.000 ; free physical = 4140 ; free virtual = 13765
open_bd_design {/home/jlim/Documents/school/DLA/source/fw/rsa2048/rsa2048.srcs/sources_1/bd/xc7z020/xc7z020.bd}
Adding cell -- xilinx.com:ip:processing_system7:5.5 - processing_system7_0
Adding cell -- xilinx.com:ip:axi_bram_ctrl:4.0 - axi_bram_ctrl_0
Adding cell -- xilinx.com:ip:proc_sys_reset:5.0 - rst_processing_system7_0_100M
Adding cell -- xilinx.com:ip:blk_mem_gen:8.3 - axi_bram_ctrl_0_bram
Adding cell -- xilinx.com:ip:axi_crossbar:2.1 - xbar
Adding cell -- xilinx.com:ip:axi_protocol_converter:2.1 - auto_pc
Successfully read diagram <xc7z020> from BD file </home/jlim/Documents/school/DLA/source/fw/rsa2048/rsa2048.srcs/sources_1/bd/xc7z020/xc7z020.bd>
open_bd_design: Time (s): cpu = 00:00:06 ; elapsed = 00:00:09 . Memory (MB): peak = 5974.051 ; gain = 19.207 ; free physical = 4053 ; free virtual = 13720
file copy -force /home/jlim/Documents/school/DLA/source/fw/rsa2048/rsa2048.runs/impl_1/top.bit /home/jlim/Documents/school/DLA/source/fw/rsa2048/rsa2048.sdk/top_hw_platform_0/top.bit
reset_run synth_1
launch_runs impl_1 -to_step write_bitstream -jobs 2
[Tue Nov 15 18:50:31 2016] Launched synth_1...
Run output will be captured here: /home/jlim/Documents/school/DLA/source/fw/rsa2048/rsa2048.runs/synth_1/runme.log
[Tue Nov 15 18:50:31 2016] Launched impl_1...
Run output will be captured here: /home/jlim/Documents/school/DLA/source/fw/rsa2048/rsa2048.runs/impl_1/runme.log
launch_runs: Time (s): cpu = 00:00:01 ; elapsed = 00:01:00 . Memory (MB): peak = 6009.312 ; gain = 0.000 ; free physical = 3895 ; free virtual = 13597
reset_run impl_1 -noclean_dir 
reset_run synth_1
launch_runs impl_1 -to_step write_bitstream -jobs 2
[Tue Nov 15 18:54:08 2016] Launched synth_1...
Run output will be captured here: /home/jlim/Documents/school/DLA/source/fw/rsa2048/rsa2048.runs/synth_1/runme.log
[Tue Nov 15 18:54:08 2016] Launched impl_1...
Run output will be captured here: /home/jlim/Documents/school/DLA/source/fw/rsa2048/rsa2048.runs/impl_1/runme.log
launch_runs: Time (s): cpu = 00:00:00.71 ; elapsed = 00:01:00 . Memory (MB): peak = 6009.312 ; gain = 0.000 ; free physical = 3886 ; free virtual = 13594
