#-----------------------------------------------------------
# Vivado v2016.2 (64-bit)
# SW Build 1577090 on Thu Jun  2 16:32:35 MDT 2016
# IP Build 1577682 on Fri Jun  3 12:00:54 MDT 2016
# Start of session at: Tue Nov 15 15:16:48 2016
# Process ID: 2531
# Current directory: /home/jlim/Documents/school/DLA/source/fw/rsa2048
# Command line: vivado
# Log file: /home/jlim/Documents/school/DLA/source/fw/rsa2048/vivado.log
# Journal file: /home/jlim/Documents/school/DLA/source/fw/rsa2048/vivado.jou
#-----------------------------------------------------------
start_gui
open_project /home/jlim/Documents/school/DLA/source/fw/rsa2048/rsa2048.xpr
Scanning sources...
Finished scanning sources
INFO: [IP_Flow 19-234] Refreshing IP repositories
INFO: [IP_Flow 19-1704] No user IP repositories specified
INFO: [IP_Flow 19-2313] Loaded Vivado IP repository '/opt/Xilinx/Vivado/2016.2/data/ip'.
open_project: Time (s): cpu = 00:00:14 ; elapsed = 00:00:12 . Memory (MB): peak = 5866.152 ; gain = 133.449 ; free physical = 5341 ; free virtual = 14621
update_compile_order -fileset sources_1
reset_run synth_1
WARNING: [Vivado 12-1017] Problems encountered:
1. Attempt to kill process failed

launch_runs impl_1 -to_step write_bitstream -jobs 2
[Tue Nov 15 15:32:06 2016] Launched synth_1...
Run output will be captured here: /home/jlim/Documents/school/DLA/source/fw/rsa2048/rsa2048.runs/synth_1/runme.log
[Tue Nov 15 15:32:06 2016] Launched impl_1...
Run output will be captured here: /home/jlim/Documents/school/DLA/source/fw/rsa2048/rsa2048.runs/impl_1/runme.log
write_hwdef -force  -file /home/jlim/Documents/school/DLA/source/fw/rsa2048/rsa2048.sdk/top_hw_platform_0/top.hdf
file copy -force /home/jlim/Documents/school/DLA/source/fw/rsa2048/rsa2048.runs/impl_1/top.bit /home/jlim/Documents/school/DLA/source/fw/rsa2048/rsa2048.sdk/top_hw_platform_0/top.bit
