Duplicated file found; will not be sent for synthesis: /home/jlim/Documents/school/DLA/source/fw/rsa2048/rsa2048.srcs/sources_1/bd/xc7z020/ipshared/xilinx.com/blk_mem_gen_v8_3/hdl/blk_mem_gen_v8_3_vhsyn_rfs.vhd
Duplicated file found; will not be sent for synthesis: /home/jlim/Documents/school/DLA/source/fw/rsa2048/rsa2048.srcs/sources_1/bd/xc7z020/ipshared/xilinx.com/blk_mem_gen_v8_3/hdl/blk_mem_gen_v8_3.vhd
Duplicated file found; will not be sent for synthesis: /home/jlim/Documents/school/DLA/source/fw/rsa2048/rsa2048.srcs/sources_1/bd/xc7z020/ipshared/xilinx.com/blk_mem_gen_v8_3/hdl/blk_mem_gen_v8_3_vhsyn_rfs.vhd
Duplicated file found; will not be sent for synthesis: /home/jlim/Documents/school/DLA/source/fw/rsa2048/rsa2048.srcs/sources_1/bd/xc7z020/ipshared/xilinx.com/blk_mem_gen_v8_3/hdl/blk_mem_gen_v8_3.vhd
Duplicated file found; will not be sent for synthesis: /home/jlim/Documents/school/DLA/source/fw/rsa2048/rsa2048.srcs/sources_1/bd/xc7z020/ipshared/xilinx.com/generic_baseblocks_v2_1/hdl/verilog/generic_baseblocks_v2_1_carry_and.v
Duplicated file found; will not be sent for synthesis: /home/jlim/Documents/school/DLA/source/fw/rsa2048/rsa2048.srcs/sources_1/bd/xc7z020/ipshared/xilinx.com/generic_baseblocks_v2_1/hdl/verilog/generic_baseblocks_v2_1_carry_latch_and.v
Duplicated file found; will not be sent for synthesis: /home/jlim/Documents/school/DLA/source/fw/rsa2048/rsa2048.srcs/sources_1/bd/xc7z020/ipshared/xilinx.com/generic_baseblocks_v2_1/hdl/verilog/generic_baseblocks_v2_1_carry_latch_or.v
Duplicated file found; will not be sent for synthesis: /home/jlim/Documents/school/DLA/source/fw/rsa2048/rsa2048.srcs/sources_1/bd/xc7z020/ipshared/xilinx.com/generic_baseblocks_v2_1/hdl/verilog/generic_baseblocks_v2_1_carry_or.v
Duplicated file found; will not be sent for synthesis: /home/jlim/Documents/school/DLA/source/fw/rsa2048/rsa2048.srcs/sources_1/bd/xc7z020/ipshared/xilinx.com/generic_baseblocks_v2_1/hdl/verilog/generic_baseblocks_v2_1_carry.v
Duplicated file found; will not be sent for synthesis: /home/jlim/Documents/school/DLA/source/fw/rsa2048/rsa2048.srcs/sources_1/bd/xc7z020/ipshared/xilinx.com/generic_baseblocks_v2_1/hdl/verilog/generic_baseblocks_v2_1_command_fifo.v
Duplicated file found; will not be sent for synthesis: /home/jlim/Documents/school/DLA/source/fw/rsa2048/rsa2048.srcs/sources_1/bd/xc7z020/ipshared/xilinx.com/generic_baseblocks_v2_1/hdl/verilog/generic_baseblocks_v2_1_comparator_mask_static.v
Duplicated file found; will not be sent for synthesis: /home/jlim/Documents/school/DLA/source/fw/rsa2048/rsa2048.srcs/sources_1/bd/xc7z020/ipshared/xilinx.com/generic_baseblocks_v2_1/hdl/verilog/generic_baseblocks_v2_1_comparator_mask.v
Duplicated file found; will not be sent for synthesis: /home/jlim/Documents/school/DLA/source/fw/rsa2048/rsa2048.srcs/sources_1/bd/xc7z020/ipshared/xilinx.com/generic_baseblocks_v2_1/hdl/verilog/generic_baseblocks_v2_1_comparator_sel_mask_static.v
Duplicated file found; will not be sent for synthesis: /home/jlim/Documents/school/DLA/source/fw/rsa2048/rsa2048.srcs/sources_1/bd/xc7z020/ipshared/xilinx.com/generic_baseblocks_v2_1/hdl/verilog/generic_baseblocks_v2_1_comparator_sel_mask.v
Duplicated file found; will not be sent for synthesis: /home/jlim/Documents/school/DLA/source/fw/rsa2048/rsa2048.srcs/sources_1/bd/xc7z020/ipshared/xilinx.com/generic_baseblocks_v2_1/hdl/verilog/generic_baseblocks_v2_1_comparator_sel_static.v
Duplicated file found; will not be sent for synthesis: /home/jlim/Documents/school/DLA/source/fw/rsa2048/rsa2048.srcs/sources_1/bd/xc7z020/ipshared/xilinx.com/generic_baseblocks_v2_1/hdl/verilog/generic_baseblocks_v2_1_comparator_sel.v
Duplicated file found; will not be sent for synthesis: /home/jlim/Documents/school/DLA/source/fw/rsa2048/rsa2048.srcs/sources_1/bd/xc7z020/ipshared/xilinx.com/generic_baseblocks_v2_1/hdl/verilog/generic_baseblocks_v2_1_comparator_static.v
Duplicated file found; will not be sent for synthesis: /home/jlim/Documents/school/DLA/source/fw/rsa2048/rsa2048.srcs/sources_1/bd/xc7z020/ipshared/xilinx.com/generic_baseblocks_v2_1/hdl/verilog/generic_baseblocks_v2_1_comparator.v
Duplicated file found; will not be sent for synthesis: /home/jlim/Documents/school/DLA/source/fw/rsa2048/rsa2048.srcs/sources_1/bd/xc7z020/ipshared/xilinx.com/generic_baseblocks_v2_1/hdl/verilog/generic_baseblocks_v2_1_mux_enc.v
Duplicated file found; will not be sent for synthesis: /home/jlim/Documents/school/DLA/source/fw/rsa2048/rsa2048.srcs/sources_1/bd/xc7z020/ipshared/xilinx.com/generic_baseblocks_v2_1/hdl/verilog/generic_baseblocks_v2_1_mux.v
Duplicated file found; will not be sent for synthesis: /home/jlim/Documents/school/DLA/source/fw/rsa2048/rsa2048.srcs/sources_1/bd/xc7z020/ipshared/xilinx.com/generic_baseblocks_v2_1/hdl/verilog/generic_baseblocks_v2_1_nto1_mux.v
Duplicated file found; will not be sent for synthesis: /home/jlim/Documents/school/DLA/source/fw/rsa2048/rsa2048.srcs/sources_1/bd/xc7z020/ipshared/xilinx.com/axi_data_fifo_v2_1/hdl/verilog/axi_data_fifo_v2_1_axic_fifo.v
Duplicated file found; will not be sent for synthesis: /home/jlim/Documents/school/DLA/source/fw/rsa2048/rsa2048.srcs/sources_1/bd/xc7z020/ipshared/xilinx.com/axi_data_fifo_v2_1/hdl/verilog/axi_data_fifo_v2_1_fifo_gen.v
Duplicated file found; will not be sent for synthesis: /home/jlim/Documents/school/DLA/source/fw/rsa2048/rsa2048.srcs/sources_1/bd/xc7z020/ipshared/xilinx.com/axi_data_fifo_v2_1/hdl/verilog/axi_data_fifo_v2_1_axic_srl_fifo.v
Duplicated file found; will not be sent for synthesis: /home/jlim/Documents/school/DLA/source/fw/rsa2048/rsa2048.srcs/sources_1/bd/xc7z020/ipshared/xilinx.com/axi_data_fifo_v2_1/hdl/verilog/axi_data_fifo_v2_1_axic_reg_srl_fifo.v
Duplicated file found; will not be sent for synthesis: /home/jlim/Documents/school/DLA/source/fw/rsa2048/rsa2048.srcs/sources_1/bd/xc7z020/ipshared/xilinx.com/axi_data_fifo_v2_1/hdl/verilog/axi_data_fifo_v2_1_ndeep_srl.v
Duplicated file found; will not be sent for synthesis: /home/jlim/Documents/school/DLA/source/fw/rsa2048/rsa2048.srcs/sources_1/bd/xc7z020/ipshared/xilinx.com/axi_data_fifo_v2_1/hdl/verilog/axi_data_fifo_v2_1_axi_data_fifo.v
Duplicated file found; will not be sent for synthesis: /home/jlim/Documents/school/DLA/source/fw/rsa2048/rsa2048.srcs/sources_1/bd/xc7z020/ipshared/xilinx.com/axi_infrastructure_v1_1/hdl/verilog/axi_infrastructure_v1_1_0_header.vh
Duplicated file found; will not be sent for synthesis: /home/jlim/Documents/school/DLA/source/fw/rsa2048/rsa2048.srcs/sources_1/bd/xc7z020/ipshared/xilinx.com/axi_infrastructure_v1_1/hdl/verilog/axi_infrastructure_v1_1_axi2vector.v
Duplicated file found; will not be sent for synthesis: /home/jlim/Documents/school/DLA/source/fw/rsa2048/rsa2048.srcs/sources_1/bd/xc7z020/ipshared/xilinx.com/axi_infrastructure_v1_1/hdl/verilog/axi_infrastructure_v1_1_axic_srl_fifo.v
Duplicated file found; will not be sent for synthesis: /home/jlim/Documents/school/DLA/source/fw/rsa2048/rsa2048.srcs/sources_1/bd/xc7z020/ipshared/xilinx.com/axi_infrastructure_v1_1/hdl/verilog/axi_infrastructure_v1_1_vector2axi.v
Duplicated file found; will not be sent for synthesis: /home/jlim/Documents/school/DLA/source/fw/rsa2048/rsa2048.srcs/sources_1/bd/xc7z020/ipshared/xilinx.com/axi_register_slice_v2_1/hdl/verilog/axi_register_slice_v2_1_axic_register_slice.v
Duplicated file found; will not be sent for synthesis: /home/jlim/Documents/school/DLA/source/fw/rsa2048/rsa2048.srcs/sources_1/bd/xc7z020/ipshared/xilinx.com/axi_register_slice_v2_1/hdl/verilog/axi_register_slice_v2_1_axi_register_slice.v
Duplicated file found; will not be sent for synthesis: /home/jlim/Documents/school/DLA/source/fw/rsa2048/rsa2048.srcs/sources_1/bd/xc7z020/ipshared/xilinx.com/blk_mem_gen_v8_3/hdl/blk_mem_gen_v8_3_vhsyn_rfs.vhd
Duplicated file found; will not be sent for synthesis: /home/jlim/Documents/school/DLA/source/fw/rsa2048/rsa2048.srcs/sources_1/bd/xc7z020/ipshared/xilinx.com/blk_mem_gen_v8_3/hdl/blk_mem_gen_v8_3.vhd
Duplicated file found; will not be sent for synthesis: /home/jlim/Documents/school/DLA/source/fw/rsa2048/rsa2048.srcs/sources_1/bd/xc7z020/ipshared/xilinx.com/fifo_generator_v13_1/hdl/fifo_generator_v13_1_vhsyn_rfs.vhd
Duplicated file found; will not be sent for synthesis: /home/jlim/Documents/school/DLA/source/fw/rsa2048/rsa2048.srcs/sources_1/bd/xc7z020/ipshared/xilinx.com/fifo_generator_v13_1/hdl/fifo_generator_v13_1.vhd
CRC performance measure: elapsed=00:00:00s;;memory_peak=1029.492MB;;memory_gain=0.000MB
