#-----------------------------------------------------------
# Webtalk v2016.2 (64-bit)
# SW Build 1577090 on Thu Jun  2 16:32:35 MDT 2016
# 
# Start of session at: Sun Nov  6 12:35:13 2016
# Process ID: 4620
# Current directory: /home/jlim/Documents/school/DLA/source/fw/rsa2048/rsa2048.sdk/webtalk
# Command line: wbtcv -mode batch -source sdk_webtalk.tcl
# Log file: /home/jlim/Documents/school/DLA/source/fw/rsa2048/rsa2048.sdk/webtalk/webtalk.log
# Journal file: /home/jlim/Documents/school/DLA/source/fw/rsa2048/rsa2048.sdk/webtalk/webtalk.jou
#-----------------------------------------------------------
source sdk_webtalk.tcl
# webtalk_init -webtalk_dir /home/jlim/Documents/school/DLA/source/fw/rsa2048/rsa2048.sdk/webtalk
# webtalk_register_client -client project
# webtalk_add_data -client project -key date_generated -value "Sun Nov 6 12:35:13 2016" -context "software_version_and_target_device"
# webtalk_add_data -client project -key product_version -value "SDK v2016.2" -context "software_version_and_target_device"
# webtalk_add_data -client project -key build_version -value "2016.2" -context "software_version_and_target_device"
# webtalk_add_data -client project -key os_platform -value "amd64" -context "software_version_and_target_device"
# webtalk_add_data -client project -key registration_id -value "" -context "software_version_and_target_device"
# webtalk_add_data -client project -key tool_flow -value "SDK" -context "software_version_and_target_device"
# webtalk_add_data -client project -key beta -value "false" -context "software_version_and_target_device"
# webtalk_add_data -client project -key route_design -value "NA" -context "software_version_and_target_device"
# webtalk_add_data -client project -key target_family -value "NA" -context "software_version_and_target_device"
# webtalk_add_data -client project -key target_device -value "NA" -context "software_version_and_target_device"
# webtalk_add_data -client project -key target_package -value "NA" -context "software_version_and_target_device"
# webtalk_add_data -client project -key target_speed -value "NA" -context "software_version_and_target_device"
# webtalk_add_data -client project -key random_id -value "fk7rn49hopen8bvoqo27hl6oep" -context "software_version_and_target_device"
# webtalk_add_data -client project -key project_id -value "2016.2_10" -context "software_version_and_target_device"
# webtalk_add_data -client project -key project_iteration -value "10" -context "software_version_and_target_device"
# webtalk_add_data -client project -key os_name -value "" -context "user_environment"
# webtalk_add_data -client project -key os_release -value "" -context "user_environment"
# webtalk_add_data -client project -key cpu_name -value "" -context "user_environment"
# webtalk_add_data -client project -key cpu_speed -value "" -context "user_environment"
# webtalk_add_data -client project -key total_processors -value "" -context "user_environment"
# webtalk_add_data -client project -key system_ram -value "" -context "user_environment"
# webtalk_register_client -client sdk
# webtalk_add_data -client sdk -key uid -value "1478460658000" -context "sdk\\\\bsp/1478460658000"
# webtalk_add_data -client sdk -key hwid -value "1478382591000" -context "sdk\\\\bsp/1478460658000"
# webtalk_add_data -client sdk -key os -value "device_tree" -context "sdk\\\\bsp/1478460658000"
# webtalk_add_data -client sdk -key apptemplate -value "null" -context "sdk\\\\bsp/1478460658000"
# webtalk_transmit -clientid 3765755544 -regid "" -xml /home/jlim/Documents/school/DLA/source/fw/rsa2048/rsa2048.sdk/webtalk/usage_statistics_ext_sdk.xml -html /home/jlim/Documents/school/DLA/source/fw/rsa2048/rsa2048.sdk/webtalk/usage_statistics_ext_sdk.html -wdm /home/jlim/Documents/school/DLA/source/fw/rsa2048/rsa2048.sdk/webtalk/sdk_webtalk.wdm -intro "<H3>SDK Usage Report</H3><BR>"
# webtalk_terminate
INFO: [Common 17-206] Exiting Webtalk at Sun Nov  6 12:35:13 2016...
