#-----------------------------------------------------------
# Webtalk v2016.2 (64-bit)
# SW Build 1577090 on Thu Jun  2 16:32:35 MDT 2016
# 
# Start of session at: Thu Jan 12 17:29:20 2017
# Process ID: 26545
# Current directory: /home/linux/Documents/DLA/source/fw/rsa2048/rsa2048.sdk/webtalk
# Command line: wbtcv -mode batch -source sdk_webtalk.tcl
# Log file: /home/linux/Documents/DLA/source/fw/rsa2048/rsa2048.sdk/webtalk/webtalk.log
# Journal file: /home/linux/Documents/DLA/source/fw/rsa2048/rsa2048.sdk/webtalk/webtalk.jou
#-----------------------------------------------------------
source sdk_webtalk.tcl
# webtalk_init -webtalk_dir /home/linux/Documents/DLA/source/fw/rsa2048/rsa2048.sdk/webtalk
# webtalk_register_client -client project
# webtalk_add_data -client project -key date_generated -value "Thu Jan 12 17:29:20 2017" -context "software_version_and_target_device"
# webtalk_add_data -client project -key product_version -value "SDK v2016.2" -context "software_version_and_target_device"
# webtalk_add_data -client project -key build_version -value "2016.2" -context "software_version_and_target_device"
# webtalk_add_data -client project -key os_platform -value "amd64" -context "software_version_and_target_device"
# webtalk_add_data -client project -key registration_id -value "" -context "software_version_and_target_device"
# webtalk_add_data -client project -key tool_flow -value "SDK" -context "software_version_and_target_device"
# webtalk_add_data -client project -key beta -value "false" -context "software_version_and_target_device"
# webtalk_add_data -client project -key route_design -value "NA" -context "software_version_and_target_device"
# webtalk_add_data -client project -key target_family -value "NA" -context "software_version_and_target_device"
# webtalk_add_data -client project -key target_device -value "NA" -context "software_version_and_target_device"
# webtalk_add_data -client project -key target_package -value "NA" -context "software_version_and_target_device"
# webtalk_add_data -client project -key target_speed -value "NA" -context "software_version_and_target_device"
# webtalk_add_data -client project -key random_id -value "v48jccj7huda72ejuafim4cqip" -context "software_version_and_target_device"
# webtalk_add_data -client project -key project_id -value "2016.2_2" -context "software_version_and_target_device"
# webtalk_add_data -client project -key project_iteration -value "2" -context "software_version_and_target_device"
# webtalk_add_data -client project -key os_name -value "" -context "user_environment"
# webtalk_add_data -client project -key os_release -value "" -context "user_environment"
# webtalk_add_data -client project -key cpu_name -value "" -context "user_environment"
# webtalk_add_data -client project -key cpu_speed -value "" -context "user_environment"
# webtalk_add_data -client project -key total_processors -value "" -context "user_environment"
# webtalk_add_data -client project -key system_ram -value "" -context "user_environment"
# webtalk_register_client -client sdk
# webtalk_add_data -client sdk -key uid -value "1484261506000" -context "sdk\\\\bsp/1484261506000"
# webtalk_add_data -client sdk -key hwid -value "1484261312000" -context "sdk\\\\bsp/1484261506000"
# webtalk_add_data -client sdk -key os -value "standalone" -context "sdk\\\\bsp/1484261506000"
# webtalk_add_data -client sdk -key apptemplate -value "hello_world" -context "sdk\\\\bsp/1484261506000"
# webtalk_add_data -client sdk -key uid -value "1484261513000" -context "sdk\\\\application/1484261513000"
# webtalk_add_data -client sdk -key hwid -value "1484261312000" -context "sdk\\\\application/1484261513000"
# webtalk_add_data -client sdk -key bspid -value "1484261506000" -context "sdk\\\\application/1484261513000"
# webtalk_add_data -client sdk -key newbsp -value "true" -context "sdk\\\\application/1484261513000"
# webtalk_add_data -client sdk -key os -value "standalone" -context "sdk\\\\application/1484261513000"
# webtalk_add_data -client sdk -key apptemplate -value "hello_world" -context "sdk\\\\application/1484261513000"
# webtalk_add_data -client sdk -key uid -value "1484265135000" -context "sdk\\\\bsp/1484265135000"
# webtalk_add_data -client sdk -key hwid -value "1484261312000" -context "sdk\\\\bsp/1484265135000"
# webtalk_add_data -client sdk -key os -value "device_tree" -context "sdk\\\\bsp/1484265135000"
# webtalk_add_data -client sdk -key apptemplate -value "null" -context "sdk\\\\bsp/1484265135000"
# webtalk_add_data -client sdk -key uid -value "1484265275000" -context "sdk\\\\bsp/1484265275000"
# webtalk_add_data -client sdk -key hwid -value "1484261312000" -context "sdk\\\\bsp/1484265275000"
# webtalk_add_data -client sdk -key os -value "standalone" -context "sdk\\\\bsp/1484265275000"
# webtalk_add_data -client sdk -key apptemplate -value "zynq_fsbl" -context "sdk\\\\bsp/1484265275000"
# webtalk_add_data -client sdk -key uid -value "1484265300000" -context "sdk\\\\application/1484265300000"
# webtalk_add_data -client sdk -key hwid -value "1484261312000" -context "sdk\\\\application/1484265300000"
# webtalk_add_data -client sdk -key bspid -value "1484265275000" -context "sdk\\\\application/1484265300000"
# webtalk_add_data -client sdk -key newbsp -value "true" -context "sdk\\\\application/1484265300000"
# webtalk_add_data -client sdk -key os -value "standalone" -context "sdk\\\\application/1484265300000"
# webtalk_add_data -client sdk -key apptemplate -value "zynq_fsbl" -context "sdk\\\\application/1484265300000"
# webtalk_transmit -clientid 2730460404 -regid "" -xml /home/linux/Documents/DLA/source/fw/rsa2048/rsa2048.sdk/webtalk/usage_statistics_ext_sdk.xml -html /home/linux/Documents/DLA/source/fw/rsa2048/rsa2048.sdk/webtalk/usage_statistics_ext_sdk.html -wdm /home/linux/Documents/DLA/source/fw/rsa2048/rsa2048.sdk/webtalk/sdk_webtalk.wdm -intro "<H3>SDK Usage Report</H3><BR>"
# webtalk_terminate
INFO: [Common 17-206] Exiting Webtalk at Thu Jan 12 17:29:20 2017...
