#-----------------------------------------------------------
# Webtalk v2016.2 (64-bit)
# SW Build 1577090 on Thu Jun  2 16:32:35 MDT 2016
# 
# Start of session at: Tue Jan 24 23:19:43 2017
# Process ID: 13304
# Current directory: /home/linux/Documents/DLA/source/fw/zedboard/zedboard.sdk/webtalk
# Command line: wbtcv -mode batch -source sdk_webtalk.tcl
# Log file: /home/linux/Documents/DLA/source/fw/zedboard/zedboard.sdk/webtalk/webtalk.log
# Journal file: /home/linux/Documents/DLA/source/fw/zedboard/zedboard.sdk/webtalk/webtalk.jou
#-----------------------------------------------------------
source sdk_webtalk.tcl
# webtalk_init -webtalk_dir /home/linux/Documents/DLA/source/fw/zedboard/zedboard.sdk/webtalk
# webtalk_register_client -client project
# webtalk_add_data -client project -key date_generated -value "Tue Jan 24 23:19:42 2017" -context "software_version_and_target_device"
# webtalk_add_data -client project -key product_version -value "SDK v2016.2" -context "software_version_and_target_device"
# webtalk_add_data -client project -key build_version -value "2016.2" -context "software_version_and_target_device"
# webtalk_add_data -client project -key os_platform -value "amd64" -context "software_version_and_target_device"
# webtalk_add_data -client project -key registration_id -value "" -context "software_version_and_target_device"
# webtalk_add_data -client project -key tool_flow -value "SDK" -context "software_version_and_target_device"
# webtalk_add_data -client project -key beta -value "false" -context "software_version_and_target_device"
# webtalk_add_data -client project -key route_design -value "NA" -context "software_version_and_target_device"
# webtalk_add_data -client project -key target_family -value "NA" -context "software_version_and_target_device"
# webtalk_add_data -client project -key target_device -value "NA" -context "software_version_and_target_device"
# webtalk_add_data -client project -key target_package -value "NA" -context "software_version_and_target_device"
# webtalk_add_data -client project -key target_speed -value "NA" -context "software_version_and_target_device"
# webtalk_add_data -client project -key random_id -value "pegmg7630uo0ad3ln9h5q1k1e5" -context "software_version_and_target_device"
# webtalk_add_data -client project -key project_id -value "2016.2_4" -context "software_version_and_target_device"
# webtalk_add_data -client project -key project_iteration -value "4" -context "software_version_and_target_device"
# webtalk_add_data -client project -key os_name -value "" -context "user_environment"
# webtalk_add_data -client project -key os_release -value "" -context "user_environment"
# webtalk_add_data -client project -key cpu_name -value "" -context "user_environment"
# webtalk_add_data -client project -key cpu_speed -value "" -context "user_environment"
# webtalk_add_data -client project -key total_processors -value "" -context "user_environment"
# webtalk_add_data -client project -key system_ram -value "" -context "user_environment"
# webtalk_register_client -client sdk
# webtalk_add_data -client sdk -key uid -value "1485321110000" -context "sdk\\\\hardware/1485321110000"
# webtalk_add_data -client sdk -key isZynq -value "true" -context "sdk\\\\hardware/1485321110000"
# webtalk_add_data -client sdk -key Processors -value "2" -context "sdk\\\\hardware/1485321110000"
# webtalk_add_data -client sdk -key VivadoVersion -value "2016.2" -context "sdk\\\\hardware/1485321110000"
# webtalk_add_data -client sdk -key Arch -value "zynq" -context "sdk\\\\hardware/1485321110000"
# webtalk_add_data -client sdk -key Device -value "7z020" -context "sdk\\\\hardware/1485321110000"
# webtalk_add_data -client sdk -key IsHandoff -value "true" -context "sdk\\\\hardware/1485321110000"
# webtalk_add_data -client sdk -key uid -value "1485321184000" -context "sdk\\\\bsp/1485321184000"
# webtalk_add_data -client sdk -key hwid -value "1485321110000" -context "sdk\\\\bsp/1485321184000"
# webtalk_add_data -client sdk -key os -value "standalone" -context "sdk\\\\bsp/1485321184000"
# webtalk_add_data -client sdk -key apptemplate -value "zynq_fsbl" -context "sdk\\\\bsp/1485321184000"
# webtalk_add_data -client sdk -key uid -value "1485321225000" -context "sdk\\\\application/1485321225000"
# webtalk_add_data -client sdk -key hwid -value "1485321110000" -context "sdk\\\\application/1485321225000"
# webtalk_add_data -client sdk -key bspid -value "1485321184000" -context "sdk\\\\application/1485321225000"
# webtalk_add_data -client sdk -key newbsp -value "true" -context "sdk\\\\application/1485321225000"
# webtalk_add_data -client sdk -key os -value "standalone" -context "sdk\\\\application/1485321225000"
# webtalk_add_data -client sdk -key apptemplate -value "zynq_fsbl" -context "sdk\\\\application/1485321225000"
# webtalk_add_data -client sdk -key uid -value "1485321265000" -context "sdk\\\\bsp/1485321265000"
# webtalk_add_data -client sdk -key hwid -value "1485321110000" -context "sdk\\\\bsp/1485321265000"
# webtalk_add_data -client sdk -key os -value "device_tree" -context "sdk\\\\bsp/1485321265000"
# webtalk_add_data -client sdk -key apptemplate -value "null" -context "sdk\\\\bsp/1485321265000"
# webtalk_transmit -clientid 126406400 -regid "" -xml /home/linux/Documents/DLA/source/fw/zedboard/zedboard.sdk/webtalk/usage_statistics_ext_sdk.xml -html /home/linux/Documents/DLA/source/fw/zedboard/zedboard.sdk/webtalk/usage_statistics_ext_sdk.html -wdm /home/linux/Documents/DLA/source/fw/zedboard/zedboard.sdk/webtalk/sdk_webtalk.wdm -intro "<H3>SDK Usage Report</H3><BR>"
# webtalk_terminate
INFO: [Common 17-206] Exiting Webtalk at Tue Jan 24 23:19:43 2017...
