

================================================================
== Vivado HLS Report for 'encrypt'
================================================================
* Date:           Thu Jan 12 15:28:08 2017

* Version:        2016.2 (Build 1577090 on Thu Jun 02 16:59:10 MDT 2016)
* Project:        rsa_HLS
* Solution:       solution1
* Product family: zynq
* Target device:  xc7z020clg484-1


================================================================
== Performance Estimates
================================================================
+ Timing (ns): 
    * Summary: 
    +--------+-------+----------+------------+
    |  Clock | Target| Estimated| Uncertainty|
    +--------+-------+----------+------------+
    |ap_clk  |  10.00|      7.69|        1.25|
    +--------+-------+----------+------------+

+ Latency (clock cycles): 
    * Summary: 
    +-----+-----+-----+-----+---------+
    |  Latency  |  Interval | Pipeline|
    | min | max | min | max |   Type  |
    +-----+-----+-----+-----+---------+
    |    2|    2|    3|    3|   none  |
    +-----+-----+-----+-----+---------+

    + Detail: 
        * Instance: 
        N/A

        * Loop: 
        N/A



================================================================
== Utilization Estimates
================================================================
* Summary: 
+-----------------+---------+-------+--------+-------+
|       Name      | BRAM_18K| DSP48E|   FF   |  LUT  |
+-----------------+---------+-------+--------+-------+
|DSP              |        -|      -|       -|      -|
|Expression       |        -|      -|       -|      -|
|FIFO             |        -|      -|       -|      -|
|Instance         |        0|      -|    3376|   2600|
|Memory           |        -|      -|       -|      -|
|Multiplexer      |        -|      -|       -|      1|
|Register         |        -|      -|       3|      -|
+-----------------+---------+-------+--------+-------+
|Total            |        0|      0|    3379|   2601|
+-----------------+---------+-------+--------+-------+
|Available        |      280|    220|  106400|  53200|
+-----------------+---------+-------+--------+-------+
|Utilization (%)  |        0|      0|       3|      4|
+-----------------+---------+-------+--------+-------+

+ Detail: 
    * Instance: 
    +----------------------------------+-------------------------------+---------+-------+------+------+
    |             Instance             |             Module            | BRAM_18K| DSP48E|  FF  |  LUT |
    +----------------------------------+-------------------------------+---------+-------+------+------+
    |encrypt_PERIPH_BUS_s_axi_U        |encrypt_PERIPH_BUS_s_axi       |        0|      0|  1072|  2088|
    |encrypt_add_512ns_512ns_512_3_U1  |encrypt_add_512ns_512ns_512_3  |        0|      0|  2304|   512|
    +----------------------------------+-------------------------------+---------+-------+------+------+
    |Total                             |                               |        0|      0|  3376|  2600|
    +----------------------------------+-------------------------------+---------+-------+------+------+

    * DSP48: 
    N/A

    * Memory: 
    N/A

    * FIFO: 
    N/A

    * Expression: 
    N/A

    * Multiplexer: 
    +-----------+----+-----------+-----+-----------+
    |    Name   | LUT| Input Size| Bits| Total Bits|
    +-----------+----+-----------+-----+-----------+
    |ap_NS_fsm  |   1|          4|    1|          4|
    +-----------+----+-----------+-----+-----------+
    |Total      |   1|          4|    1|          4|
    +-----------+----+-----------+-----+-----------+

    * Register: 
    +-----------+---+----+-----+-----------+
    |    Name   | FF| LUT| Bits| Const Bits|
    +-----------+---+----+-----+-----------+
    |ap_CS_fsm  |  3|   0|    3|          0|
    +-----------+---+----+-----+-----------+
    |Total      |  3|   0|    3|          0|
    +-----------+---+----+-----+-----------+



================================================================
== Interface
================================================================
* Summary: 
+--------------------------+-----+-----+------------+--------------+--------------+
|         RTL Ports        | Dir | Bits|  Protocol  | Source Object|    C Type    |
+--------------------------+-----+-----+------------+--------------+--------------+
|s_axi_PERIPH_BUS_AWVALID  |  in |    1|    s_axi   |  PERIPH_BUS  |    pointer   |
|s_axi_PERIPH_BUS_AWREADY  | out |    1|    s_axi   |  PERIPH_BUS  |    pointer   |
|s_axi_PERIPH_BUS_AWADDR   |  in |    8|    s_axi   |  PERIPH_BUS  |    pointer   |
|s_axi_PERIPH_BUS_WVALID   |  in |    1|    s_axi   |  PERIPH_BUS  |    pointer   |
|s_axi_PERIPH_BUS_WREADY   | out |    1|    s_axi   |  PERIPH_BUS  |    pointer   |
|s_axi_PERIPH_BUS_WDATA    |  in |   32|    s_axi   |  PERIPH_BUS  |    pointer   |
|s_axi_PERIPH_BUS_WSTRB    |  in |    4|    s_axi   |  PERIPH_BUS  |    pointer   |
|s_axi_PERIPH_BUS_ARVALID  |  in |    1|    s_axi   |  PERIPH_BUS  |    pointer   |
|s_axi_PERIPH_BUS_ARREADY  | out |    1|    s_axi   |  PERIPH_BUS  |    pointer   |
|s_axi_PERIPH_BUS_ARADDR   |  in |    8|    s_axi   |  PERIPH_BUS  |    pointer   |
|s_axi_PERIPH_BUS_RVALID   | out |    1|    s_axi   |  PERIPH_BUS  |    pointer   |
|s_axi_PERIPH_BUS_RREADY   |  in |    1|    s_axi   |  PERIPH_BUS  |    pointer   |
|s_axi_PERIPH_BUS_RDATA    | out |   32|    s_axi   |  PERIPH_BUS  |    pointer   |
|s_axi_PERIPH_BUS_RRESP    | out |    2|    s_axi   |  PERIPH_BUS  |    pointer   |
|s_axi_PERIPH_BUS_BVALID   | out |    1|    s_axi   |  PERIPH_BUS  |    pointer   |
|s_axi_PERIPH_BUS_BREADY   |  in |    1|    s_axi   |  PERIPH_BUS  |    pointer   |
|s_axi_PERIPH_BUS_BRESP    | out |    2|    s_axi   |  PERIPH_BUS  |    pointer   |
|ap_clk                    |  in |    1| ap_ctrl_hs |    encrypt   | return value |
|ap_rst_n                  |  in |    1| ap_ctrl_hs |    encrypt   | return value |
|interrupt                 | out |    1| ap_ctrl_hs |    encrypt   | return value |
+--------------------------+-----+-----+------------+--------------+--------------+

