@I [HLS-0] Workspace /home/linux/Documents/DLA/source/sw/rsa_HLS/solution1 opened at Thu Jan 12 15:28:23 MST 2017
@I [HLS-100] Command "config_clock -quiet -name default -period 10 -default=false "
@I [SYN-201] Setting up clock 'default' with a period of 10ns.
@I [HLS-100] Command 'config_clock' returned 0; elapsed 0.000263Total elapsed time: 0.429 sec.
@I [HLS-100] Command "open_platform DefaultPlatform "
@I [HLS-100] Command 'open_platform' returned 0; elapsed 7.5e-05Total elapsed time: 0.431 sec.
@I [HLS-100] Command "import_lib /home/Xilinx/Vivado_HLS/2016.2/common/technology/xilinx/zynq/zynq "
@I [HLS-100] Command "source /home/Xilinx/Vivado_HLS/2016.2/common/technology/xilinx/common/xilinx.lib "
@I [HLS-100] Command "source /home/Xilinx/Vivado_HLS/2016.2/common/technology/xilinx/interface/xilinx_interface.lib "
@I [HLS-100] Command "source /home/Xilinx/Vivado_HLS/2016.2/common/technology/xilinx/interface/plb46.lib "
@I [HLS-100] Command 'ap_source' returned 0; elapsed 0.000412Total elapsed time: 0.432 sec.
@I [HLS-100] Command "source /home/Xilinx/Vivado_HLS/2016.2/common/technology/xilinx/interface/fsl.lib "
@I [HLS-100] Command 'ap_source' returned 0; elapsed 0.000223Total elapsed time: 0.432 sec.
@I [HLS-100] Command "source /home/Xilinx/Vivado_HLS/2016.2/common/technology/xilinx/interface/axi4.lib "
@I [HLS-100] Command 'ap_source' returned 0; elapsed 0.000388Total elapsed time: 0.433 sec.
@I [HLS-100] Command "source /home/Xilinx/Vivado_HLS/2016.2/common/technology/xilinx/interface/maxi.lib "
@I [HLS-100] Command 'ap_source' returned 0; elapsed 0.0006Total elapsed time: 0.434 sec.
@I [HLS-100] Command "source /home/Xilinx/Vivado_HLS/2016.2/common/technology/xilinx/interface/saxilite.lib "
@I [HLS-100] Command 'ap_source' returned 0; elapsed 0.000163Total elapsed time: 0.435 sec.
@I [HLS-100] Command 'ap_source' returned 0; elapsed 0.003607Total elapsed time: 0.435 sec.
@I [HLS-100] Command "source /home/Xilinx/Vivado_HLS/2016.2/common/technology/xilinx/common/dsp48.lib "
@I [HLS-100] Command 'ap_source' returned 0; elapsed 0.000229Total elapsed time: 0.435 sec.
@I [HLS-100] Command "source /home/Xilinx/Vivado_HLS/2016.2/common/technology/xilinx/ip/xfft.lib "
@I [HLS-100] Command 'ap_source' returned 0; elapsed 0.000115Total elapsed time: 0.436 sec.
@I [HLS-100] Command "source /home/Xilinx/Vivado_HLS/2016.2/common/technology/xilinx/ip/dds_compiler.lib "
@I [HLS-100] Command 'ap_source' returned 0; elapsed 6.8e-05Total elapsed time: 0.436 sec.
@I [HLS-100] Command "source /home/Xilinx/Vivado_HLS/2016.2/common/technology/xilinx/ip/xfir.lib "
@I [HLS-100] Command 'ap_source' returned 0; elapsed 6.4e-05Total elapsed time: 0.436 sec.
@I [HLS-100] Command 'ap_source' returned 0; elapsed 0.007863Total elapsed time: 0.439 sec.
@I [HLS-100] Command "source /home/Xilinx/Vivado_HLS/2016.2/common/technology/xilinx/common/xilinx_old.lib "
@I [HLS-100] Command 'ap_source' returned 0; elapsed 0.001122Total elapsed time: 0.443 sec.
@I [HLS-100] Command "source /home/Xilinx/Vivado_HLS/2016.2/common/technology/xilinx/common/xilinx_vivado.lib "
@I [HLS-100] Command 'ap_source' returned 0; elapsed 0.001161Total elapsed time: 0.444 sec.
@I [HLS-100] Command "source /home/Xilinx/Vivado_HLS/2016.2/common/technology/xilinx/common/xilinx.hlp "
@I [HLS-100] Command "source /home/Xilinx/Vivado_HLS/2016.2/common/technology/xilinx/common/target_info.tcl "
@I [HLS-100] Command 'ap_source' returned 0; elapsed 0.000152Total elapsed time: 0.448 sec.
@I [HLS-100] Command "source /home/Xilinx/Vivado_HLS/2016.2/common/technology/xilinx/interface/xilinx_interface.hlp "
@I [HLS-100] Command "source /home/Xilinx/Vivado_HLS/2016.2/common/technology/xilinx/interface/maxi.hlp "
@I [HLS-100] Command 'ap_source' returned 0; elapsed 0.000119Total elapsed time: 0.448 sec.
@I [HLS-100] Command "source /home/Xilinx/Vivado_HLS/2016.2/common/technology/xilinx/interface/saxilite.hlp "
@I [HLS-100] Command 'ap_source' returned 0; elapsed 0.000133Total elapsed time: 0.449 sec.
@I [HLS-100] Command 'ap_source' returned 0; elapsed 0.000823Total elapsed time: 0.449 sec.
@I [HLS-100] Command "source /home/Xilinx/Vivado_HLS/2016.2/common/technology/xilinx/common/dsp48.hlp "
@I [HLS-100] Command 'ap_source' returned 0; elapsed 0.001273Total elapsed time: 0.451 sec.
@I [HLS-100] Command 'ap_source' returned 0; elapsed 0.005184Total elapsed time: 0.452 sec.
@I [HLS-100] Command "source /home/Xilinx/Vivado_HLS/2016.2/common/technology/xilinx/zynq/dsp48e1.hlp "
@I [HLS-100] Command 'ap_source' returned 0; elapsed 0.000183Total elapsed time: 0.453 sec.
@I [HLS-100] Command "get_default_platform "
@I [HLS-100] Command 'get_default_platform' returned 0; elapsed 6e-06Total elapsed time: 0.453 sec.
@I [HLS-100] Command "config_chip_info -quiet -resource  {SLICE 13300}  {LUT 53200}     {FF 106400} {DSP48E 220}   {BRAM 280}  "
@I [HLS-100] Command 'config_chip_info' returned 0; elapsed 2.5e-05Total elapsed time: 0.454 sec.
@I [HLS-100] Command "config_chip_info -quiet -speed medium "
@I [HLS-100] Command 'config_chip_info' returned 0; elapsed 6e-06Total elapsed time: 0.454 sec.
@I [HLS-100] Command 'import_lib' returned 0; elapsed 0.025084Total elapsed time: 0.456 sec.
@I [HLS-100] Command "source /home/Xilinx/Vivado_HLS/2016.2/common/technology/xilinx/zynq/zynq.gen "
@I [HLS-100] Command "source /home/Xilinx/Vivado_HLS/2016.2/common/technology/xilinx/common/virtex.gen "
@I [HLS-100] Command "source /home/Xilinx/Vivado_HLS/2016.2/common/technology/xilinx/common/xilinx.gen "
@I [HLS-100] Command "source /home/Xilinx/Vivado_HLS/2016.2/common/technology/xilinx/interface/plb46.gen "
@I [HLS-100] Command 'ap_source' returned 0; elapsed 0.001597Total elapsed time: 0.459 sec.
@I [HLS-100] Command "source /home/Xilinx/Vivado_HLS/2016.2/common/technology/xilinx/interface/fsl.gen "
@I [HLS-100] Command 'ap_source' returned 0; elapsed 0.00068Total elapsed time: 0.460 sec.
@I [HLS-100] Command "source /home/Xilinx/Vivado_HLS/2016.2/common/technology/xilinx/interface/axi4.gen "
@I [HLS-100] Command 'ap_source' returned 0; elapsed 0.003152Total elapsed time: 0.464 sec.
@I [HLS-100] Command "source /home/Xilinx/Vivado_HLS/2016.2/common/technology/xilinx/interface/nativeAXI4.gen "
@I [HLS-100] Command "source /home/Xilinx/Vivado_HLS/2016.2/common/technology/xilinx/interface/saxilite.gen "
@I [HLS-100] Command 'ap_source' returned 0; elapsed 0.005148Total elapsed time: 0.470 sec.
@I [HLS-100] Command "source /home/Xilinx/Vivado_HLS/2016.2/common/technology/xilinx/interface/maxi.gen "
@I [HLS-100] Command 'ap_source' returned 0; elapsed 0.009222Total elapsed time: 0.480 sec.
@I [HLS-100] Command 'ap_source' returned 0; elapsed 0.015357Total elapsed time: 0.480 sec.
@I [HLS-100] Command "source /home/Xilinx/Vivado_HLS/2016.2/common/technology/xilinx/scripts/xilinxcoregen.gen "
@I [HLS-100] Command 'ap_source' returned 0; elapsed 0.012863Total elapsed time: 0.493 sec.
@I [HLS-100] Command "source /home/Xilinx/Vivado_HLS/2016.2/common/technology/xilinx/interface/XilEDKCoreGen.gen "
@I [HLS-100] Command 'ap_source' returned 0; elapsed 0.010094Total elapsed time: 0.504 sec.
@I [HLS-100] Command "source /home/Xilinx/Vivado_HLS/2016.2/common/technology/xilinx/ip/util.gen "
@I [HLS-100] Command 'ap_source' returned 0; elapsed 0.000208Total elapsed time: 0.504 sec.
@I [HLS-100] Command "source /home/Xilinx/Vivado_HLS/2016.2/common/technology/xilinx/ip/dds_compiler.gen "
@I [HLS-100] Command 'ap_source' returned 0; elapsed 0.00502Total elapsed time: 0.510 sec.
@I [HLS-100] Command "source /home/Xilinx/Vivado_HLS/2016.2/common/technology/xilinx/ip/xfft.gen "
@I [HLS-100] Command 'ap_source' returned 0; elapsed 0.144188Total elapsed time: 0.656 sec.
@I [HLS-100] Command "source /home/Xilinx/Vivado_HLS/2016.2/common/technology/xilinx/ip/xfir.gen "
@I [HLS-100] Command 'ap_source' returned 0; elapsed 0.001711Total elapsed time: 0.658 sec.
@I [HLS-100] Command 'ap_source' returned 0; elapsed 0.199841Total elapsed time: 0.659 sec.
@I [HLS-100] Command "source /home/Xilinx/Vivado_HLS/2016.2/common/technology/xilinx/common/dsp48.gen "
@I [HLS-100] Command 'ap_source' returned 0; elapsed 0.000366Total elapsed time: 0.663 sec.
@I [HLS-100] Command 'ap_source' returned 0; elapsed 0.204803Total elapsed time: 0.664 sec.
@I [HLS-100] Command 'ap_source' returned 0; elapsed 0.205331Total elapsed time: 0.664 sec.
@I [HLS-100] Command "open_platform DefaultPlatform "
@I [HLS-100] Command 'open_platform' returned 0; elapsed 1.6e-05Total elapsed time: 0.664 sec.
@I [HLS-100] Command "import_lib /home/Xilinx/Vivado_HLS/2016.2/common/technology/xilinx/zynq/zynq_fpv6 "
@I [HLS-100] Command "source /home/Xilinx/Vivado_HLS/2016.2/common/technology/xilinx/common/xilinx_fpv7.lib "
@I [HLS-100] Command "source /home/Xilinx/Vivado_HLS/2016.2/common/technology/xilinx/common/xilinx_hp.lib "
@I [HLS-100] Command 'ap_source' returned 0; elapsed 0.000988Total elapsed time: 0.668 sec.
@I [HLS-100] Command 'ap_source' returned 0; elapsed 0.006083Total elapsed time: 0.673 sec.
@I [HLS-100] Command "source /home/Xilinx/Vivado_HLS/2016.2/common/technology/xilinx/common/xilinx_fpv.hlp "
@I [HLS-100] Command "source /home/Xilinx/Vivado_HLS/2016.2/common/technology/xilinx/common/xilinx.hlp "
@I [HLS-100] Command "source /home/Xilinx/Vivado_HLS/2016.2/common/technology/xilinx/common/target_info.tcl "
@I [HLS-100] Command 'ap_source' returned 0; elapsed 0.000325Total elapsed time: 0.683 sec.
@I [HLS-100] Command "source /home/Xilinx/Vivado_HLS/2016.2/common/technology/xilinx/interface/xilinx_interface.hlp "
@I [HLS-100] Command "source /home/Xilinx/Vivado_HLS/2016.2/common/technology/xilinx/interface/maxi.hlp "
@I [HLS-100] Command 'ap_source' returned 0; elapsed 0.000201Total elapsed time: 0.684 sec.
@I [HLS-100] Command "source /home/Xilinx/Vivado_HLS/2016.2/common/technology/xilinx/interface/saxilite.hlp "
@I [HLS-100] Command 'ap_source' returned 0; elapsed 0.000218Total elapsed time: 0.685 sec.
@I [HLS-100] Command 'ap_source' returned 0; elapsed 0.001414Total elapsed time: 0.685 sec.
@I [HLS-100] Command "source /home/Xilinx/Vivado_HLS/2016.2/common/technology/xilinx/common/dsp48.hlp "
@I [HLS-100] Command 'ap_source' returned 0; elapsed 0.001227Total elapsed time: 0.687 sec.
@I [HLS-100] Command 'ap_source' returned 0; elapsed 0.006023Total elapsed time: 0.688 sec.
@I [HLS-100] Command 'ap_source' returned 0; elapsed 0.007054Total elapsed time: 0.689 sec.
@I [HLS-100] Command "source /home/Xilinx/Vivado_HLS/2016.2/common/technology/xilinx/zynq/zynq_hp.hlp "
@I [HLS-100] Command 'ap_source' returned 0; elapsed 0.001353Total elapsed time: 0.691 sec.
@I [HLS-100] Command 'import_lib' returned 0; elapsed 0.030798Total elapsed time: 0.697 sec.
@I [HLS-100] Command "source /home/Xilinx/Vivado_HLS/2016.2/common/technology/xilinx/zynq/zynq_fpv6.gen "
@I [HLS-100] Command "source /home/Xilinx/Vivado_HLS/2016.2/common/technology/xilinx/common/xilinx_fpv6.gen "
@I [HLS-100] Command 'ap_source' returned 0; elapsed 0.00256Total elapsed time: 0.701 sec.
@I [HLS-100] Command 'ap_source' returned 0; elapsed 0.003348Total elapsed time: 0.701 sec.
@I [HLS-100] Command "set_part xc7z020clg484-1 "
@I [HLS-100] Command "add_library xilinx/zynq/zynq:xc7z020:clg484:-1 "
@I [HLS-100] Command "get_default_platform "
@I [HLS-100] Command 'get_default_platform' returned 0; elapsed 1.1e-05Total elapsed time: 0.710 sec.
@I [HLS-100] Command "license_isbetapart xc7z020 "
@I [HLS-100] Command 'license_isbetapart' returned 1; elapsed 0.009002Total elapsed time: 0.720 sec.
@I [HLS-100] Command "get_default_platform "
@I [HLS-100] Command 'get_default_platform' returned 0; elapsed 1.1e-05Total elapsed time: 0.721 sec.
@I [HLS-100] Command "config_chip_info -quiet -resource  {SLICE 13300}  {LUT 53200}     {FF 106400} {DSP48E 220}   {BRAM 280}  "
@I [HLS-100] Command 'config_chip_info' returned 0; elapsed 3.2e-05Total elapsed time: 0.723 sec.
@I [HLS-100] Command "config_chip_info -quiet -speed slow "
@I [HLS-100] Command 'config_chip_info' returned 0; elapsed 1.6e-05Total elapsed time: 0.724 sec.
@I [HLS-100] Command 'add_library' returned 0; elapsed 0.016234Total elapsed time: 0.757 sec.
@I [HLS-100] Command "add_library xilinx/zynq/zynq_fpv6 "
@I [HLS-100] Command "get_default_platform "
@I [HLS-100] Command 'get_default_platform' returned 0; elapsed 9e-06Total elapsed time: 0.759 sec.
@I [HLS-100] Command 'add_library' returned 0; elapsed 0.002703Total elapsed time: 0.761 sec.
@I [HLS-10] Setting target device to 'xc7z020clg484-1'
@I [HLS-100] Command 'set_part' returned 0; elapsed 0.025311Total elapsed time: 0.762 sec.
@I [HLS-100] Command "get_default_platform "
@I [HLS-100] Command 'get_default_platform' returned 0; elapsed 1e-05Total elapsed time: 0.762 sec.
@I [HLS-100] Command "config_chip_info -quiet -resource  {SLICE 13300}  {LUT 53200}     {FF 106400} {DSP48E 220}   {BRAM 280}  "
@I [HLS-100] Command 'config_chip_info' returned 0; elapsed 2.2e-05Total elapsed time: 0.762 sec.
@I [HLS-100] Command "config_chip_info -quiet -speed slow "
@I [HLS-100] Command 'config_chip_info' returned 0; elapsed 7e-06Total elapsed time: 0.762 sec.
@I [HLS-100] Command 'open_solution' returned 0; elapsed 0.310748Total elapsed time: 0.764 sec.
@I [HLS-100] Command "export_design -format ip_catalog "
@I [HLS-100] Command "source /home/linux/Documents/DLA/source/sw/rsa_HLS/solution1/.autopilot/db/global.setting.tcl "
@I [HLS-100] Command 'ap_source' returned 0; elapsed 0.000238Total elapsed time: 0.773 sec.
@I [HLS-100] Command "source /home/Xilinx/Vivado_HLS/2016.2/common/technology/generic/autopilot/common.gen "
@I [HLS-100] Command "source /home/Xilinx/Vivado_HLS/2016.2/common/technology/generic/autopilot/APCoreGen.gen "
@I [HLS-100] Command 'ap_source' returned 0; elapsed 0.000701Total elapsed time: 0.778 sec.
@I [HLS-100] Command 'ap_source' returned 0; elapsed 0.001592Total elapsed time: 0.778 sec.
@I [HLS-100] Command "source /home/Xilinx/Vivado_HLS/2016.2/common/technology/generic/autopilot/op.gen "
@I [HLS-100] Command 'ap_source' returned 0; elapsed 0.000319Total elapsed time: 0.779 sec.
@I [HLS-100] Command "source /home/Xilinx/Vivado_HLS/2016.2/common/technology/generic/autopilot/op_simcore.gen "
@I [HLS-100] Command 'ap_source' returned 0; elapsed 0.000943Total elapsed time: 0.780 sec.
@I [HLS-100] Command "source /home/Xilinx/Vivado_HLS/2016.2/common/technology/generic/autopilot/interface.gen "
@I [HLS-100] Command 'ap_source' returned 0; elapsed 0.000106Total elapsed time: 0.781 sec.
@I [HLS-100] Command "source /home/linux/Documents/DLA/source/sw/rsa_HLS/solution1/.autopilot/db/global.setting.tcl "
@I [HLS-100] Command 'ap_source' returned 0; elapsed 0.000151Total elapsed time: 0.781 sec.
@I [HLS-100] Command "source /home/Xilinx/Vivado_HLS/2016.2/common/technology/xilinx/zynq/zynq.gen "
@I [HLS-100] Command "source /home/Xilinx/Vivado_HLS/2016.2/common/technology/xilinx/common/virtex.gen "
@I [HLS-100] Command "source /home/Xilinx/Vivado_HLS/2016.2/common/technology/xilinx/common/xilinx.gen "
@I [HLS-100] Command "source /home/Xilinx/Vivado_HLS/2016.2/common/technology/xilinx/interface/plb46.gen "
@I [HLS-100] Command 'ap_source' returned 0; elapsed 0.001733Total elapsed time: 0.784 sec.
@I [HLS-100] Command "source /home/Xilinx/Vivado_HLS/2016.2/common/technology/xilinx/interface/fsl.gen "
@I [HLS-100] Command 'ap_source' returned 0; elapsed 0.000903Total elapsed time: 0.785 sec.
@I [HLS-100] Command "source /home/Xilinx/Vivado_HLS/2016.2/common/technology/xilinx/interface/axi4.gen "
@I [HLS-100] Command 'ap_source' returned 0; elapsed 0.003414Total elapsed time: 0.789 sec.
@I [HLS-100] Command "source /home/Xilinx/Vivado_HLS/2016.2/common/technology/xilinx/interface/nativeAXI4.gen "
@I [HLS-100] Command "source /home/Xilinx/Vivado_HLS/2016.2/common/technology/xilinx/interface/saxilite.gen "
@I [HLS-100] Command 'ap_source' returned 0; elapsed 0.00413Total elapsed time: 0.794 sec.
@I [HLS-100] Command "source /home/Xilinx/Vivado_HLS/2016.2/common/technology/xilinx/interface/maxi.gen "
@I [HLS-100] Command 'ap_source' returned 0; elapsed 0.010004Total elapsed time: 0.804 sec.
@I [HLS-100] Command 'ap_source' returned 0; elapsed 0.015141Total elapsed time: 0.805 sec.
@I [HLS-100] Command "source /home/Xilinx/Vivado_HLS/2016.2/common/technology/xilinx/scripts/xilinxcoregen.gen "
@I [HLS-100] Command 'ap_source' returned 0; elapsed 0.012563Total elapsed time: 0.818 sec.
@I [HLS-100] Command "source /home/Xilinx/Vivado_HLS/2016.2/common/technology/xilinx/interface/XilEDKCoreGen.gen "
@I [HLS-100] Command 'ap_source' returned 0; elapsed 0.010282Total elapsed time: 0.829 sec.
@I [HLS-100] Command "source /home/Xilinx/Vivado_HLS/2016.2/common/technology/xilinx/ip/util.gen "
@I [HLS-100] Command 'ap_source' returned 0; elapsed 0.000321Total elapsed time: 0.830 sec.
@I [HLS-100] Command "source /home/Xilinx/Vivado_HLS/2016.2/common/technology/xilinx/ip/dds_compiler.gen "
@I [HLS-100] Command 'ap_source' returned 0; elapsed 0.004693Total elapsed time: 0.835 sec.
@I [HLS-100] Command "source /home/Xilinx/Vivado_HLS/2016.2/common/technology/xilinx/ip/xfft.gen "
@I [HLS-100] Command 'ap_source' returned 0; elapsed 0.120927Total elapsed time: 0.957 sec.
@I [HLS-100] Command "source /home/Xilinx/Vivado_HLS/2016.2/common/technology/xilinx/ip/xfir.gen "
@I [HLS-100] Command 'ap_source' returned 0; elapsed 0.001099Total elapsed time: 0.958 sec.
@I [HLS-100] Command 'ap_source' returned 0; elapsed 0.175459Total elapsed time: 0.958 sec.
@I [HLS-100] Command "source /home/Xilinx/Vivado_HLS/2016.2/common/technology/xilinx/common/dsp48.gen "
@I [HLS-100] Command 'ap_source' returned 0; elapsed 0.000202Total elapsed time: 0.961 sec.
@I [HLS-100] Command 'ap_source' returned 0; elapsed 0.178637Total elapsed time: 0.961 sec.
@I [HLS-100] Command 'ap_source' returned 0; elapsed 0.178894Total elapsed time: 0.961 sec.
@I [HLS-100] Command "source /home/Xilinx/Vivado_HLS/2016.2/common/technology/xilinx/zynq/zynq_fpv6.gen "
@I [HLS-100] Command "source /home/Xilinx/Vivado_HLS/2016.2/common/technology/xilinx/common/xilinx_fpv6.gen "
@I [HLS-100] Command 'ap_source' returned 0; elapsed 0.002157Total elapsed time: 0.964 sec.
@I [HLS-100] Command 'ap_source' returned 0; elapsed 0.002838Total elapsed time: 0.965 sec.
@I [HLS-100] Command "source /home/linux/Documents/DLA/source/sw/rsa_HLS/solution1/.autopilot/db/global.setting.tcl "
@I [HLS-100] Command 'ap_source' returned 0; elapsed 0.000322Total elapsed time: 0.966 sec.
@I [IMPL-8] Exporting RTL as an IP in IP-XACT.
@I [HLS-100] Command "source /home/linux/Documents/DLA/source/sw/rsa_HLS/solution1/.autopilot/db/global.setting.tcl "
@I [HLS-100] Command 'ap_source' returned 0; elapsed 0.000277Total elapsed time: 0.969 sec.
@I [HLS-100] Command "source /home/linux/Documents/DLA/source/sw/rsa_HLS/solution1/.autopilot/db/global.setting.tcl "
@I [HLS-100] Command 'ap_source' returned 0; elapsed 0.000215Total elapsed time: 0.977 sec.
@I [HLS-100] Command "source /home/Xilinx/Vivado_HLS/2016.2/common/technology/generic/autopilot/common.gen "
@I [HLS-100] Command "source /home/Xilinx/Vivado_HLS/2016.2/common/technology/generic/autopilot/APCoreGen.gen "
@I [HLS-100] Command 'ap_source' returned 0; elapsed 0.000722Total elapsed time: 0.978 sec.
@I [HLS-100] Command 'ap_source' returned 0; elapsed 0.001649Total elapsed time: 0.979 sec.
@I [HLS-100] Command "source /home/Xilinx/Vivado_HLS/2016.2/common/technology/generic/autopilot/op.gen "
@I [HLS-100] Command 'ap_source' returned 0; elapsed 0.000358Total elapsed time: 0.979 sec.
@I [HLS-100] Command "source /home/Xilinx/Vivado_HLS/2016.2/common/technology/generic/autopilot/op_simcore.gen "
@I [HLS-100] Command 'ap_source' returned 0; elapsed 0.000949Total elapsed time: 0.980 sec.
@I [HLS-100] Command "source /home/Xilinx/Vivado_HLS/2016.2/common/technology/generic/autopilot/interface.gen "
@I [HLS-100] Command 'ap_source' returned 0; elapsed 0.000149Total elapsed time: 0.981 sec.
@I [HLS-100] Command "source /home/linux/Documents/DLA/source/sw/rsa_HLS/solution1/.autopilot/db/global.setting.tcl "
@I [HLS-100] Command 'ap_source' returned 0; elapsed 0.000227Total elapsed time: 0.981 sec.
@I [HLS-100] Command "source /home/Xilinx/Vivado_HLS/2016.2/common/technology/xilinx/zynq/zynq.gen "
@I [HLS-100] Command "source /home/Xilinx/Vivado_HLS/2016.2/common/technology/xilinx/common/virtex.gen "
@I [HLS-100] Command "source /home/Xilinx/Vivado_HLS/2016.2/common/technology/xilinx/common/xilinx.gen "
@I [HLS-100] Command "source /home/Xilinx/Vivado_HLS/2016.2/common/technology/xilinx/interface/plb46.gen "
@I [HLS-100] Command 'ap_source' returned 0; elapsed 0.001277Total elapsed time: 0.984 sec.
@I [HLS-100] Command "source /home/Xilinx/Vivado_HLS/2016.2/common/technology/xilinx/interface/fsl.gen "
@I [HLS-100] Command 'ap_source' returned 0; elapsed 0.001299Total elapsed time: 0.986 sec.
@I [HLS-100] Command "source /home/Xilinx/Vivado_HLS/2016.2/common/technology/xilinx/interface/axi4.gen "
@I [HLS-100] Command 'ap_source' returned 0; elapsed 0.002672Total elapsed time: 0.989 sec.
@I [HLS-100] Command "source /home/Xilinx/Vivado_HLS/2016.2/common/technology/xilinx/interface/nativeAXI4.gen "
@I [HLS-100] Command "source /home/Xilinx/Vivado_HLS/2016.2/common/technology/xilinx/interface/saxilite.gen "
@I [HLS-100] Command 'ap_source' returned 0; elapsed 0.003995Total elapsed time: 0.994 sec.
@I [HLS-100] Command "source /home/Xilinx/Vivado_HLS/2016.2/common/technology/xilinx/interface/maxi.gen "
@I [HLS-100] Command 'ap_source' returned 0; elapsed 0.010179Total elapsed time: 1.5 sec.
@I [HLS-100] Command 'ap_source' returned 0; elapsed 0.01516Total elapsed time: 1.5 sec.
@I [HLS-100] Command "source /home/Xilinx/Vivado_HLS/2016.2/common/technology/xilinx/scripts/xilinxcoregen.gen "
@I [HLS-100] Command 'ap_source' returned 0; elapsed 0.011273Total elapsed time: 1.17 sec.
@I [HLS-100] Command "source /home/Xilinx/Vivado_HLS/2016.2/common/technology/xilinx/interface/XilEDKCoreGen.gen "
@I [HLS-100] Command 'ap_source' returned 0; elapsed 0.011389Total elapsed time: 1.29 sec.
@I [HLS-100] Command "source /home/Xilinx/Vivado_HLS/2016.2/common/technology/xilinx/ip/util.gen "
@I [HLS-100] Command 'ap_source' returned 0; elapsed 0.000263Total elapsed time: 1.30 sec.
@I [HLS-100] Command "source /home/Xilinx/Vivado_HLS/2016.2/common/technology/xilinx/ip/dds_compiler.gen "
@I [HLS-100] Command 'ap_source' returned 0; elapsed 0.005899Total elapsed time: 1.36 sec.
@I [HLS-100] Command "source /home/Xilinx/Vivado_HLS/2016.2/common/technology/xilinx/ip/xfft.gen "
@I [HLS-100] Command 'ap_source' returned 0; elapsed 0.12647Total elapsed time: 1.164 sec.
@I [HLS-100] Command "source /home/Xilinx/Vivado_HLS/2016.2/common/technology/xilinx/ip/xfir.gen "
@I [HLS-100] Command 'ap_source' returned 0; elapsed 0.001218Total elapsed time: 1.165 sec.
@I [HLS-100] Command 'ap_source' returned 0; elapsed 0.182332Total elapsed time: 1.166 sec.
@I [HLS-100] Command "source /home/Xilinx/Vivado_HLS/2016.2/common/technology/xilinx/common/dsp48.gen "
@I [HLS-100] Command 'ap_source' returned 0; elapsed 0.000258Total elapsed time: 1.169 sec.
@I [HLS-100] Command 'ap_source' returned 0; elapsed 0.18625Total elapsed time: 1.169 sec.
@I [HLS-100] Command 'ap_source' returned 0; elapsed 0.186636Total elapsed time: 1.170 sec.
@I [HLS-100] Command "source /home/Xilinx/Vivado_HLS/2016.2/common/technology/xilinx/zynq/zynq_fpv6.gen "
@I [HLS-100] Command "source /home/Xilinx/Vivado_HLS/2016.2/common/technology/xilinx/common/xilinx_fpv6.gen "
@I [HLS-100] Command 'ap_source' returned 0; elapsed 0.002783Total elapsed time: 1.173 sec.
@I [HLS-100] Command 'ap_source' returned 0; elapsed 0.003547Total elapsed time: 1.174 sec.
@I [HLS-100] Command "source /home/linux/Documents/DLA/source/sw/rsa_HLS/solution1/.autopilot/db/global.setting.tcl "
@I [HLS-100] Command 'ap_source' returned 0; elapsed 0.000204Total elapsed time: 1.175 sec.
@I [HLS-100] Command "source /home/linux/Documents/DLA/source/sw/rsa_HLS/solution1/.autopilot/db/global.setting.tcl "
@I [HLS-100] Command 'ap_source' returned 0; elapsed 0.000172Total elapsed time: 1.175 sec.
@I [HLS-100] Command "source /home/linux/Documents/DLA/source/sw/rsa_HLS/solution1/.autopilot/db/encrypt.compgen.tcl "
@I [HLS-100] Command 'ap_source' returned 0; elapsed 0.000186Total elapsed time: 1.176 sec.
@I [HLS-100] Command "source /home/linux/Documents/DLA/source/sw/rsa_HLS/solution1/.autopilot/db/global.setting.tcl "
@I [HLS-100] Command 'ap_source' returned 0; elapsed 0.000196Total elapsed time: 1.179 sec.
@I [HLS-100] Command "source /home/linux/Documents/DLA/source/sw/rsa_HLS/solution1/.autopilot/db/global.setting.tcl "
@I [HLS-100] Command 'ap_source' returned 0; elapsed 0.000151Total elapsed time: 1.180 sec.
@I [HLS-100] Command "source /home/linux/Documents/DLA/source/sw/rsa_HLS/solution1/.autopilot/db/encrypt.compgen.tcl "
@I [HLS-100] Command "source /home/linux/Documents/DLA/source/sw/rsa_HLS/solution1/.autopilot/db/encrypt.rtl_wrap.cfg.tcl "
@I [HLS-100] Command 'ap_source' returned 0; elapsed 0.000371Total elapsed time: 1.182 sec.
@I [HLS-100] Command "source /home/linux/Documents/DLA/source/sw/rsa_HLS/solution1/.autopilot/db/encrypt.rtl_wrap.cfg.tcl "
@I [HLS-100] Command 'ap_source' returned 0; elapsed 0.000478Total elapsed time: 1.184 sec.
@I [HLS-100] Command "source /home/linux/Documents/DLA/source/sw/rsa_HLS/solution1/.autopilot/db/encrypt.rtl_wrap.cfg.tcl "
@I [HLS-100] Command 'ap_source' returned 0; elapsed 0.00025Total elapsed time: 1.186 sec.
@I [HLS-100] Command "source /home/linux/Documents/DLA/source/sw/rsa_HLS/solution1/.autopilot/db/encrypt.tbgen.tcl "
@I [HLS-100] Command 'ap_source' returned 0; elapsed 0.000163Total elapsed time: 1.186 sec.
@I [HLS-100] Command "source /home/linux/Documents/DLA/source/sw/rsa_HLS/solution1/.autopilot/db/encrypt.tbgen.tcl "
@I [HLS-100] Command 'ap_source' returned 0; elapsed 0.000263Total elapsed time: 1.187 sec.
@I [HLS-100] Command 'ap_source' returned 0; elapsed 0.042268Total elapsed time: 1.223 sec.
@I [HLS-100] Command "source /home/linux/Documents/DLA/source/sw/rsa_HLS/solution1/.autopilot/db/global.setting.tcl "
@I [HLS-100] Command 'ap_source' returned 0; elapsed 0.00023Total elapsed time: 1.230 sec.
@I [HLS-100] Command "source /home/linux/Documents/DLA/source/sw/rsa_HLS/solution1/.autopilot/db/global.setting.tcl "
@I [HLS-100] Command 'ap_source' returned 0; elapsed 0.000143Total elapsed time: 1.231 sec.
@I [HLS-100] Command "source /home/linux/Documents/DLA/source/sw/rsa_HLS/solution1/.autopilot/db/encrypt.compgen.tcl "
@I [HLS-100] Command 'ap_source' returned 0; elapsed 0.000182Total elapsed time: 1.231 sec.
@I [HLS-100] Command "source /home/linux/Documents/DLA/source/sw/rsa_HLS/solution1/.autopilot/db/global.setting.tcl "
@I [HLS-100] Command 'ap_source' returned 0; elapsed 0.000175Total elapsed time: 1.265 sec.
@I [HLS-100] Command "source /home/linux/Documents/DLA/source/sw/rsa_HLS/solution1/.autopilot/db/encrypt.constraint.tcl "
@I [HLS-100] Command 'ap_source' returned 0; elapsed 0.000124Total elapsed time: 1.267 sec.
@I [HLS-100] Command "source /home/linux/Documents/DLA/source/sw/rsa_HLS/solution1/.autopilot/db/encrypt.rtl_wrap.cfg.tcl "
@I [HLS-100] Command 'ap_source' returned 0; elapsed 0.000274Total elapsed time: 1.278 sec.
@I [HLS-100] Command "source /home/linux/Documents/DLA/source/sw/rsa_HLS/solution1/.autopilot/db/encrypt.rtl_wrap.cfg.tcl "
@I [HLS-100] Command 'ap_source' returned 0; elapsed 0.00016Total elapsed time: 1.279 sec.
@I [HLS-100] Command "source /home/linux/Documents/DLA/source/sw/rsa_HLS/solution1/.autopilot/db/encrypt.rtl_wrap.cfg.tcl "
@I [HLS-100] Command 'ap_source' returned 0; elapsed 0.000148Total elapsed time: 1.279 sec.
@I [HLS-100] Command "source /home/linux/Documents/DLA/source/sw/rsa_HLS/solution1/.autopilot/db/encrypt.tbgen.tcl "
@I [HLS-100] Command 'ap_source' returned 0; elapsed 0.000162Total elapsed time: 1.280 sec.
@I [HLS-100] Command "source /home/linux/Documents/DLA/source/sw/rsa_HLS/solution1/.autopilot/db/encrypt.tbgen.tcl "
@I [HLS-100] Command 'ap_source' returned 0; elapsed 0.000153Total elapsed time: 1.280 sec.
@I [HLS-100] Command "source /home/linux/Documents/DLA/source/sw/rsa_HLS/solution1/.autopilot/db/global.setting.tcl "
@I [HLS-100] Command 'ap_source' returned 0; elapsed 0.000268Total elapsed time: 1.310 sec.
@I [HLS-100] Command "source /home/linux/Documents/DLA/source/sw/rsa_HLS/solution1/.autopilot/db/global.setting.tcl "
@I [HLS-100] Command 'ap_source' returned 0; elapsed 0.000178Total elapsed time: 1.331 sec.
@I [HLS-100] Command "source /home/linux/Documents/DLA/source/sw/rsa_HLS/solution1/.autopilot/db/global.setting.tcl "
@I [HLS-100] Command 'ap_source' returned 0; elapsed 0.000272Total elapsed time: 1.334 sec.
@I [HLS-100] Command "source /home/linux/Documents/DLA/source/sw/rsa_HLS/solution1/.autopilot/db/encrypt.rtl_wrap.cfg.tcl "
@I [HLS-100] Command 'ap_source' returned 0; elapsed 0.000201Total elapsed time: 1.336 sec.
@I [HLS-100] Command "source /home/linux/Documents/DLA/source/sw/rsa_HLS/solution1/.autopilot/db/encrypt.rtl_wrap.cfg.tcl "
@I [HLS-100] Command 'ap_source' returned 0; elapsed 0.000173Total elapsed time: 1.337 sec.
@I [HLS-100] Command "source /home/linux/Documents/DLA/source/sw/rsa_HLS/solution1/.autopilot/db/encrypt.tbgen.tcl "
@I [HLS-100] Command 'ap_source' returned 0; elapsed 0.000236Total elapsed time: 1.337 sec.
@I [HLS-100] Command "source /home/linux/Documents/DLA/source/sw/rsa_HLS/solution1/.autopilot/db/encrypt.tbgen.tcl "
@I [HLS-100] Command 'ap_source' returned 0; elapsed 0.0002Total elapsed time: 1.338 sec.
@I [HLS-100] Command "source /home/linux/Documents/DLA/source/sw/rsa_HLS/solution1/.autopilot/db/encrypt.rtl_wrap.cfg.tcl "
@I [HLS-100] Command 'ap_source' returned 0; elapsed 0.000211Total elapsed time: 1.363 sec.
@I [HLS-100] Command "source /home/linux/Documents/DLA/source/sw/rsa_HLS/solution1/.autopilot/db/encrypt.rtl_wrap.cfg.tcl "
@I [HLS-100] Command 'ap_source' returned 0; elapsed 0.000161Total elapsed time: 1.363 sec.
@I [HLS-100] Command "source /home/linux/Documents/DLA/source/sw/rsa_HLS/solution1/.autopilot/db/encrypt.tbgen.tcl "
@I [HLS-100] Command 'ap_source' returned 0; elapsed 0.000196Total elapsed time: 1.364 sec.
@I [HLS-100] Command "source /home/linux/Documents/DLA/source/sw/rsa_HLS/solution1/.autopilot/db/encrypt.tbgen.tcl "
@I [HLS-100] Command 'ap_source' returned 0; elapsed 0.000169Total elapsed time: 1.364 sec.
@I [HLS-100] Command "source /home/linux/Documents/DLA/source/sw/rsa_HLS/solution1/.autopilot/db/global.setting.tcl "
@I [HLS-100] Command 'ap_source' returned 0; elapsed 0.000234Total elapsed time: 1.389 sec.
@I [HLS-100] Command "source /home/linux/Documents/DLA/source/sw/rsa_HLS/solution1/.autopilot/db/encrypt.rtl_wrap.cfg.tcl "
@I [HLS-100] Command 'ap_source' returned 0; elapsed 0.000201Total elapsed time: 1.390 sec.
@I [HLS-100] Command "source /home/linux/Documents/DLA/source/sw/rsa_HLS/solution1/.autopilot/db/encrypt.rtl_wrap.cfg.tcl "
@I [HLS-100] Command 'ap_source' returned 0; elapsed 0.000162Total elapsed time: 1.391 sec.
@I [HLS-100] Command "source /home/linux/Documents/DLA/source/sw/rsa_HLS/solution1/.autopilot/db/encrypt.tbgen.tcl "
@I [HLS-100] Command 'ap_source' returned 0; elapsed 0.000161Total elapsed time: 1.391 sec.
@I [HLS-100] Command "source /home/linux/Documents/DLA/source/sw/rsa_HLS/solution1/.autopilot/db/encrypt.tbgen.tcl "
@I [HLS-100] Command 'ap_source' returned 0; elapsed 0.000154Total elapsed time: 1.392 sec.
@I [HLS-100] Command "source /home/linux/Documents/DLA/source/sw/rsa_HLS/solution1/.autopilot/db/global.setting.tcl "
@I [HLS-100] Command 'ap_source' returned 0; elapsed 0.000209Total elapsed time: 1.415 sec.
@I [HLS-100] Command "source /home/linux/Documents/DLA/source/sw/rsa_HLS/solution1/.autopilot/db/global.setting.tcl "
@I [HLS-100] Command 'ap_source' returned 0; elapsed 0.000151Total elapsed time: 1.416 sec.
@I [HLS-100] Command "source /home/linux/Documents/DLA/source/sw/rsa_HLS/solution1/.autopilot/db/encrypt.constraint.tcl "
@I [HLS-100] Command 'ap_source' returned 0; elapsed 9.2e-05Total elapsed time: 1.417 sec.
@I [HLS-100] Command "source /home/linux/Documents/DLA/source/sw/rsa_HLS/solution1/.autopilot/db/global.setting.tcl "
@I [HLS-100] Command 'ap_source' returned 0; elapsed 0.000178Total elapsed time: 1.443 sec.
@I [HLS-100] Command "source /home/linux/Documents/DLA/source/sw/rsa_HLS/solution1/.autopilot/db/global.setting.tcl "
@I [HLS-100] Command 'ap_source' returned 0; elapsed 0.00017Total elapsed time: 1.462 sec.
@I [HLS-100] Command "source /home/linux/Documents/DLA/source/sw/rsa_HLS/solution1/.autopilot/db/encrypt.constraint.tcl "
@I [HLS-100] Command 'ap_source' returned 0; elapsed 7.9e-05Total elapsed time: 1.463 sec.
@I [HLS-100] Command "source /home/linux/Documents/DLA/source/sw/rsa_HLS/solution1/.autopilot/db/encrypt.constraint.tcl "
@I [HLS-100] Command 'ap_source' returned 0; elapsed 7.1e-05Total elapsed time: 1.464 sec.
@I [HLS-100] Command "source /home/Xilinx/Vivado_HLS/2016.2/common/technology/generic/autopilot/common.gen "
@I [HLS-100] Command "source /home/Xilinx/Vivado_HLS/2016.2/common/technology/generic/autopilot/APCoreGen.gen "
@I [HLS-100] Command 'ap_source' returned 0; elapsed 0.000561Total elapsed time: 1.467 sec.
@I [HLS-100] Command 'ap_source' returned 0; elapsed 0.001525Total elapsed time: 1.468 sec.
@I [HLS-100] Command "source /home/Xilinx/Vivado_HLS/2016.2/common/technology/generic/autopilot/op.gen "
@I [HLS-100] Command 'ap_source' returned 0; elapsed 0.000363Total elapsed time: 1.468 sec.
@I [HLS-100] Command "source /home/Xilinx/Vivado_HLS/2016.2/common/technology/generic/autopilot/op_simcore.gen "
@I [HLS-100] Command 'ap_source' returned 0; elapsed 0.00133Total elapsed time: 1.470 sec.
@I [HLS-100] Command "source /home/Xilinx/Vivado_HLS/2016.2/common/technology/generic/autopilot/interface.gen "
@I [HLS-100] Command 'ap_source' returned 0; elapsed 0.000167Total elapsed time: 1.471 sec.
@I [HLS-100] Command "source /home/linux/Documents/DLA/source/sw/rsa_HLS/solution1/.autopilot/db/global.setting.tcl "
@I [HLS-100] Command 'ap_source' returned 0; elapsed 0.000223Total elapsed time: 1.471 sec.
@I [HLS-100] Command "source /home/Xilinx/Vivado_HLS/2016.2/common/technology/xilinx/zynq/zynq.gen "
@I [HLS-100] Command "source /home/Xilinx/Vivado_HLS/2016.2/common/technology/xilinx/common/virtex.gen "
@I [HLS-100] Command "source /home/Xilinx/Vivado_HLS/2016.2/common/technology/xilinx/common/xilinx.gen "
@I [HLS-100] Command "source /home/Xilinx/Vivado_HLS/2016.2/common/technology/xilinx/interface/plb46.gen "
@I [HLS-100] Command 'ap_source' returned 0; elapsed 0.001344Total elapsed time: 1.473 sec.
@I [HLS-100] Command "source /home/Xilinx/Vivado_HLS/2016.2/common/technology/xilinx/interface/fsl.gen "
@I [HLS-100] Command 'ap_source' returned 0; elapsed 0.000964Total elapsed time: 1.475 sec.
@I [HLS-100] Command "source /home/Xilinx/Vivado_HLS/2016.2/common/technology/xilinx/interface/axi4.gen "
@I [HLS-100] Command 'ap_source' returned 0; elapsed 0.003244Total elapsed time: 1.479 sec.
@I [HLS-100] Command "source /home/Xilinx/Vivado_HLS/2016.2/common/technology/xilinx/interface/nativeAXI4.gen "
@I [HLS-100] Command "source /home/Xilinx/Vivado_HLS/2016.2/common/technology/xilinx/interface/saxilite.gen "
@I [HLS-100] Command 'ap_source' returned 0; elapsed 0.004792Total elapsed time: 1.484 sec.
@I [HLS-100] Command "source /home/Xilinx/Vivado_HLS/2016.2/common/technology/xilinx/interface/maxi.gen "
@I [HLS-100] Command 'ap_source' returned 0; elapsed 0.008374Total elapsed time: 1.493 sec.
@I [HLS-100] Command 'ap_source' returned 0; elapsed 0.014232Total elapsed time: 1.493 sec.
@I [HLS-100] Command "source /home/Xilinx/Vivado_HLS/2016.2/common/technology/xilinx/scripts/xilinxcoregen.gen "
@I [HLS-100] Command 'ap_source' returned 0; elapsed 0.010675Total elapsed time: 1.504 sec.
@I [HLS-100] Command "source /home/Xilinx/Vivado_HLS/2016.2/common/technology/xilinx/interface/XilEDKCoreGen.gen "
@I [HLS-100] Command 'ap_source' returned 0; elapsed 0.009637Total elapsed time: 1.515 sec.
@I [HLS-100] Command "source /home/Xilinx/Vivado_HLS/2016.2/common/technology/xilinx/ip/util.gen "
@I [HLS-100] Command 'ap_source' returned 0; elapsed 0.000333Total elapsed time: 1.515 sec.
@I [HLS-100] Command "source /home/Xilinx/Vivado_HLS/2016.2/common/technology/xilinx/ip/dds_compiler.gen "
@I [HLS-100] Command 'ap_source' returned 0; elapsed 0.003921Total elapsed time: 1.520 sec.
@I [HLS-100] Command "source /home/Xilinx/Vivado_HLS/2016.2/common/technology/xilinx/ip/xfft.gen "
@I [HLS-100] Command 'ap_source' returned 0; elapsed 0.112828Total elapsed time: 1.633 sec.
@I [HLS-100] Command "source /home/Xilinx/Vivado_HLS/2016.2/common/technology/xilinx/ip/xfir.gen "
@I [HLS-100] Command 'ap_source' returned 0; elapsed 0.000904Total elapsed time: 1.634 sec.
@I [HLS-100] Command 'ap_source' returned 0; elapsed 0.162218Total elapsed time: 1.635 sec.
@I [HLS-100] Command "source /home/Xilinx/Vivado_HLS/2016.2/common/technology/xilinx/common/dsp48.gen "
@I [HLS-100] Command 'ap_source' returned 0; elapsed 0.000212Total elapsed time: 1.637 sec.
@I [HLS-100] Command 'ap_source' returned 0; elapsed 0.165337Total elapsed time: 1.637 sec.
@I [HLS-100] Command 'ap_source' returned 0; elapsed 0.165805Total elapsed time: 1.638 sec.
@I [HLS-100] Command "source /home/Xilinx/Vivado_HLS/2016.2/common/technology/xilinx/zynq/zynq_fpv6.gen "
@I [HLS-100] Command "source /home/Xilinx/Vivado_HLS/2016.2/common/technology/xilinx/common/xilinx_fpv6.gen "
@I [HLS-100] Command 'ap_source' returned 0; elapsed 0.00173Total elapsed time: 1.640 sec.
@I [HLS-100] Command 'ap_source' returned 0; elapsed 0.002256Total elapsed time: 1.640 sec.
@I [HLS-100] Command "source /home/linux/Documents/DLA/source/sw/rsa_HLS/solution1/.autopilot/db/global.setting.tcl "
@I [HLS-100] Command 'ap_source' returned 0; elapsed 0.000596Total elapsed time: 24.720 sec.
@I [HLS-100] Command "source /home/Xilinx/Vivado_HLS/2016.2/common/technology/generic/autopilot/common.gen "
@I [HLS-100] Command "source /home/Xilinx/Vivado_HLS/2016.2/common/technology/generic/autopilot/APCoreGen.gen "
@I [HLS-100] Command 'ap_source' returned 0; elapsed 0.001569Total elapsed time: 24.735 sec.
@I [HLS-100] Command 'ap_source' returned 0; elapsed 0.003843Total elapsed time: 24.736 sec.
@I [HLS-100] Command "source /home/Xilinx/Vivado_HLS/2016.2/common/technology/generic/autopilot/op.gen "
@I [HLS-100] Command 'ap_source' returned 0; elapsed 0.001539Total elapsed time: 24.739 sec.
@I [HLS-100] Command "source /home/Xilinx/Vivado_HLS/2016.2/common/technology/generic/autopilot/op_simcore.gen "
@I [HLS-100] Command 'ap_source' returned 0; elapsed 0.002603Total elapsed time: 24.742 sec.
@I [HLS-100] Command "source /home/Xilinx/Vivado_HLS/2016.2/common/technology/generic/autopilot/interface.gen "
@I [HLS-100] Command 'ap_source' returned 0; elapsed 0.000269Total elapsed time: 24.743 sec.
@I [HLS-100] Command "source /home/linux/Documents/DLA/source/sw/rsa_HLS/solution1/.autopilot/db/global.setting.tcl "
@I [HLS-100] Command 'ap_source' returned 0; elapsed 0.000426Total elapsed time: 24.744 sec.
@I [HLS-100] Command "source /home/Xilinx/Vivado_HLS/2016.2/common/technology/xilinx/zynq/zynq.gen "
@I [HLS-100] Command "source /home/Xilinx/Vivado_HLS/2016.2/common/technology/xilinx/common/virtex.gen "
@I [HLS-100] Command "source /home/Xilinx/Vivado_HLS/2016.2/common/technology/xilinx/common/xilinx.gen "
@I [HLS-100] Command "source /home/Xilinx/Vivado_HLS/2016.2/common/technology/xilinx/interface/plb46.gen "
@I [HLS-100] Command 'ap_source' returned 0; elapsed 0.002674Total elapsed time: 24.749 sec.
@I [HLS-100] Command "source /home/Xilinx/Vivado_HLS/2016.2/common/technology/xilinx/interface/fsl.gen "
@I [HLS-100] Command 'ap_source' returned 0; elapsed 0.001575Total elapsed time: 24.752 sec.
@I [HLS-100] Command "source /home/Xilinx/Vivado_HLS/2016.2/common/technology/xilinx/interface/axi4.gen "
@I [HLS-100] Command 'ap_source' returned 0; elapsed 0.006608Total elapsed time: 24.759 sec.
@I [HLS-100] Command "source /home/Xilinx/Vivado_HLS/2016.2/common/technology/xilinx/interface/nativeAXI4.gen "
@I [HLS-100] Command "source /home/Xilinx/Vivado_HLS/2016.2/common/technology/xilinx/interface/saxilite.gen "
@I [HLS-100] Command 'ap_source' returned 0; elapsed 0.01049Total elapsed time: 24.771 sec.
@I [HLS-100] Command "source /home/Xilinx/Vivado_HLS/2016.2/common/technology/xilinx/interface/maxi.gen "
@I [HLS-100] Command 'ap_source' returned 0; elapsed 0.022486Total elapsed time: 24.795 sec.
@I [HLS-100] Command 'ap_source' returned 0; elapsed 0.03531Total elapsed time: 24.796 sec.
@I [HLS-100] Command "source /home/Xilinx/Vivado_HLS/2016.2/common/technology/xilinx/scripts/xilinxcoregen.gen "
@I [HLS-100] Command 'ap_source' returned 0; elapsed 0.030861Total elapsed time: 24.828 sec.
@I [HLS-100] Command "source /home/Xilinx/Vivado_HLS/2016.2/common/technology/xilinx/interface/XilEDKCoreGen.gen "
@I [HLS-100] Command 'ap_source' returned 0; elapsed 0.027265Total elapsed time: 24.857 sec.
@I [HLS-100] Command "source /home/Xilinx/Vivado_HLS/2016.2/common/technology/xilinx/ip/util.gen "
@I [HLS-100] Command 'ap_source' returned 0; elapsed 0.000476Total elapsed time: 24.858 sec.
@I [HLS-100] Command "source /home/Xilinx/Vivado_HLS/2016.2/common/technology/xilinx/ip/dds_compiler.gen "
@I [HLS-100] Command 'ap_source' returned 0; elapsed 0.014725Total elapsed time: 24.874 sec.
@I [HLS-100] Command "source /home/Xilinx/Vivado_HLS/2016.2/common/technology/xilinx/ip/xfft.gen "
@I [HLS-100] Command 'ap_source' returned 0; elapsed 0.337666Total elapsed time: 25.215 sec.
@I [HLS-100] Command "source /home/Xilinx/Vivado_HLS/2016.2/common/technology/xilinx/ip/xfir.gen "
@I [HLS-100] Command 'ap_source' returned 0; elapsed 0.002345Total elapsed time: 25.219 sec.
@I [HLS-100] Command 'ap_source' returned 0; elapsed 0.470026Total elapsed time: 25.220 sec.
@I [HLS-100] Command "source /home/Xilinx/Vivado_HLS/2016.2/common/technology/xilinx/common/dsp48.gen "
@I [HLS-100] Command 'ap_source' returned 0; elapsed 0.000367Total elapsed time: 25.225 sec.
@I [HLS-100] Command 'ap_source' returned 0; elapsed 0.476802Total elapsed time: 25.226 sec.
@I [HLS-100] Command 'ap_source' returned 0; elapsed 0.477661Total elapsed time: 25.226 sec.
@I [HLS-100] Command "source /home/Xilinx/Vivado_HLS/2016.2/common/technology/xilinx/zynq/zynq_fpv6.gen "
@I [HLS-100] Command "source /home/Xilinx/Vivado_HLS/2016.2/common/technology/xilinx/common/xilinx_fpv6.gen "
@I [HLS-100] Command 'ap_source' returned 0; elapsed 0.004091Total elapsed time: 25.231 sec.
@I [HLS-100] Command 'ap_source' returned 0; elapsed 0.005036Total elapsed time: 25.231 sec.
@I [HLS-100] Command "source /home/linux/Documents/DLA/source/sw/rsa_HLS/solution1/.autopilot/db/global.setting.tcl "
@I [HLS-100] Command 'ap_source' returned 0; elapsed 0.000553Total elapsed time: 25.233 sec.
@I [HLS-100] Command "source /home/linux/Documents/DLA/source/sw/rsa_HLS/solution1/.autopilot/db/global.setting.tcl "
@I [HLS-100] Command 'ap_source' returned 0; elapsed 0.000419Total elapsed time: 25.236 sec.
@I [HLS-100] Command "source /home/linux/Documents/DLA/source/sw/rsa_HLS/solution1/.autopilot/db/global.setting.tcl "
@I [HLS-100] Command 'ap_source' returned 0; elapsed 0.000379Total elapsed time: 25.242 sec.
@I [HLS-100] Command "source /home/Xilinx/Vivado_HLS/2016.2/common/technology/generic/autopilot/common.gen "
@I [HLS-100] Command "source /home/Xilinx/Vivado_HLS/2016.2/common/technology/generic/autopilot/APCoreGen.gen "
@I [HLS-100] Command 'ap_source' returned 0; elapsed 0.00168Total elapsed time: 25.245 sec.
@I [HLS-100] Command 'ap_source' returned 0; elapsed 0.00352Total elapsed time: 25.247 sec.
@I [HLS-100] Command "source /home/Xilinx/Vivado_HLS/2016.2/common/technology/generic/autopilot/op.gen "
@I [HLS-100] Command 'ap_source' returned 0; elapsed 0.000749Total elapsed time: 25.248 sec.
@I [HLS-100] Command "source /home/Xilinx/Vivado_HLS/2016.2/common/technology/generic/autopilot/op_simcore.gen "
@I [HLS-100] Command 'ap_source' returned 0; elapsed 0.002218Total elapsed time: 25.251 sec.
@I [HLS-100] Command "source /home/Xilinx/Vivado_HLS/2016.2/common/technology/generic/autopilot/interface.gen "
@I [HLS-100] Command 'ap_source' returned 0; elapsed 0.000357Total elapsed time: 25.252 sec.
@I [HLS-100] Command "source /home/linux/Documents/DLA/source/sw/rsa_HLS/solution1/.autopilot/db/global.setting.tcl "
@I [HLS-100] Command 'ap_source' returned 0; elapsed 0.000362Total elapsed time: 25.253 sec.
@I [HLS-100] Command "source /home/Xilinx/Vivado_HLS/2016.2/common/technology/xilinx/zynq/zynq.gen "
@I [HLS-100] Command "source /home/Xilinx/Vivado_HLS/2016.2/common/technology/xilinx/common/virtex.gen "
@I [HLS-100] Command "source /home/Xilinx/Vivado_HLS/2016.2/common/technology/xilinx/common/xilinx.gen "
@I [HLS-100] Command "source /home/Xilinx/Vivado_HLS/2016.2/common/technology/xilinx/interface/plb46.gen "
@I [HLS-100] Command 'ap_source' returned 0; elapsed 0.002096Total elapsed time: 25.257 sec.
@I [HLS-100] Command "source /home/Xilinx/Vivado_HLS/2016.2/common/technology/xilinx/interface/fsl.gen "
@I [HLS-100] Command 'ap_source' returned 0; elapsed 0.001767Total elapsed time: 25.260 sec.
@I [HLS-100] Command "source /home/Xilinx/Vivado_HLS/2016.2/common/technology/xilinx/interface/axi4.gen "
@I [HLS-100] Command 'ap_source' returned 0; elapsed 0.004596Total elapsed time: 25.265 sec.
@I [HLS-100] Command "source /home/Xilinx/Vivado_HLS/2016.2/common/technology/xilinx/interface/nativeAXI4.gen "
@I [HLS-100] Command "source /home/Xilinx/Vivado_HLS/2016.2/common/technology/xilinx/interface/saxilite.gen "
@I [HLS-100] Command 'ap_source' returned 0; elapsed 0.008894Total elapsed time: 25.275 sec.
@I [HLS-100] Command "source /home/Xilinx/Vivado_HLS/2016.2/common/technology/xilinx/interface/maxi.gen "
@I [HLS-100] Command 'ap_source' returned 0; elapsed 0.01759Total elapsed time: 25.294 sec.
@I [HLS-100] Command 'ap_source' returned 0; elapsed 0.028186Total elapsed time: 25.294 sec.
@I [HLS-100] Command "source /home/Xilinx/Vivado_HLS/2016.2/common/technology/xilinx/scripts/xilinxcoregen.gen "
@I [HLS-100] Command 'ap_source' returned 0; elapsed 0.025035Total elapsed time: 25.320 sec.
@I [HLS-100] Command "source /home/Xilinx/Vivado_HLS/2016.2/common/technology/xilinx/interface/XilEDKCoreGen.gen "
@I [HLS-100] Command 'ap_source' returned 0; elapsed 0.019409Total elapsed time: 25.340 sec.
@I [HLS-100] Command "source /home/Xilinx/Vivado_HLS/2016.2/common/technology/xilinx/ip/util.gen "
@I [HLS-100] Command 'ap_source' returned 0; elapsed 0.000357Total elapsed time: 25.341 sec.
@I [HLS-100] Command "source /home/Xilinx/Vivado_HLS/2016.2/common/technology/xilinx/ip/dds_compiler.gen "
@I [HLS-100] Command 'ap_source' returned 0; elapsed 0.00844Total elapsed time: 25.350 sec.
@I [HLS-100] Command "source /home/Xilinx/Vivado_HLS/2016.2/common/technology/xilinx/ip/xfft.gen "
@I [HLS-100] Command 'ap_source' returned 0; elapsed 0.256902Total elapsed time: 25.608 sec.
@I [HLS-100] Command "source /home/Xilinx/Vivado_HLS/2016.2/common/technology/xilinx/ip/xfir.gen "
@I [HLS-100] Command 'ap_source' returned 0; elapsed 0.001695Total elapsed time: 25.611 sec.
@I [HLS-100] Command 'ap_source' returned 0; elapsed 0.355361Total elapsed time: 25.611 sec.
@I [HLS-100] Command "source /home/Xilinx/Vivado_HLS/2016.2/common/technology/xilinx/common/dsp48.gen "
@I [HLS-100] Command 'ap_source' returned 0; elapsed 0.000402Total elapsed time: 25.616 sec.
@I [HLS-100] Command 'ap_source' returned 0; elapsed 0.361707Total elapsed time: 25.617 sec.
@I [HLS-100] Command 'ap_source' returned 0; elapsed 0.362458Total elapsed time: 25.618 sec.
@I [HLS-100] Command "source /home/Xilinx/Vivado_HLS/2016.2/common/technology/xilinx/zynq/zynq_fpv6.gen "
@I [HLS-100] Command "source /home/Xilinx/Vivado_HLS/2016.2/common/technology/xilinx/common/xilinx_fpv6.gen "
@I [HLS-100] Command 'ap_source' returned 0; elapsed 0.00406Total elapsed time: 25.623 sec.
@I [HLS-100] Command 'ap_source' returned 0; elapsed 0.005082Total elapsed time: 25.624 sec.
@I [HLS-100] Command "source /home/linux/Documents/DLA/source/sw/rsa_HLS/solution1/.autopilot/db/global.setting.tcl "
@I [HLS-100] Command 'ap_source' returned 0; elapsed 0.00037Total elapsed time: 25.625 sec.
@I [HLS-100] Command "source /home/linux/Documents/DLA/source/sw/rsa_HLS/solution1/.autopilot/db/global.setting.tcl "
@I [HLS-100] Command 'ap_source' returned 0; elapsed 0.000317Total elapsed time: 25.626 sec.
@I [HLS-100] Command "source /home/linux/Documents/DLA/source/sw/rsa_HLS/solution1/.autopilot/db/encrypt.compgen.tcl "
@I [HLS-100] Command 'ap_source' returned 0; elapsed 0.000373Total elapsed time: 25.627 sec.
@I [HLS-100] Command "source /home/linux/Documents/DLA/source/sw/rsa_HLS/solution1/.autopilot/db/global.setting.tcl "
@I [HLS-100] Command 'ap_source' returned 0; elapsed 0.000586Total elapsed time: 25.709 sec.
@I [HLS-100] Command "source /home/linux/Documents/DLA/source/sw/rsa_HLS/solution1/.autopilot/db/encrypt.constraint.tcl "
@I [HLS-100] Command 'ap_source' returned 0; elapsed 0.000151Total elapsed time: 25.711 sec.
@I [HLS-100] Command "source /home/Xilinx/Vivado_HLS/2016.2/common/technology/generic/autopilot/common.gen "
@I [HLS-100] Command "source /home/Xilinx/Vivado_HLS/2016.2/common/technology/generic/autopilot/APCoreGen.gen "
@I [HLS-100] Command 'ap_source' returned 0; elapsed 0.001629Total elapsed time: 25.715 sec.
@I [HLS-100] Command 'ap_source' returned 0; elapsed 0.003785Total elapsed time: 25.717 sec.
@I [HLS-100] Command "source /home/Xilinx/Vivado_HLS/2016.2/common/technology/generic/autopilot/op.gen "
@I [HLS-100] Command 'ap_source' returned 0; elapsed 0.00087Total elapsed time: 25.719 sec.
@I [HLS-100] Command "source /home/Xilinx/Vivado_HLS/2016.2/common/technology/generic/autopilot/op_simcore.gen "
@I [HLS-100] Command 'ap_source' returned 0; elapsed 0.002129Total elapsed time: 25.722 sec.
@I [HLS-100] Command "source /home/Xilinx/Vivado_HLS/2016.2/common/technology/generic/autopilot/interface.gen "
@I [HLS-100] Command 'ap_source' returned 0; elapsed 0.000275Total elapsed time: 25.724 sec.
@I [HLS-100] Command "source /home/linux/Documents/DLA/source/sw/rsa_HLS/solution1/.autopilot/db/global.setting.tcl "
@I [HLS-100] Command 'ap_source' returned 0; elapsed 0.000408Total elapsed time: 25.725 sec.
@I [HLS-100] Command "source /home/Xilinx/Vivado_HLS/2016.2/common/technology/xilinx/zynq/zynq.gen "
@I [HLS-100] Command "source /home/Xilinx/Vivado_HLS/2016.2/common/technology/xilinx/common/virtex.gen "
@I [HLS-100] Command "source /home/Xilinx/Vivado_HLS/2016.2/common/technology/xilinx/common/xilinx.gen "
@I [HLS-100] Command "source /home/Xilinx/Vivado_HLS/2016.2/common/technology/xilinx/interface/plb46.gen "
@I [HLS-100] Command 'ap_source' returned 0; elapsed 0.001991Total elapsed time: 25.728 sec.
@I [HLS-100] Command "source /home/Xilinx/Vivado_HLS/2016.2/common/technology/xilinx/interface/fsl.gen "
@I [HLS-100] Command 'ap_source' returned 0; elapsed 0.001829Total elapsed time: 25.731 sec.
@I [HLS-100] Command "source /home/Xilinx/Vivado_HLS/2016.2/common/technology/xilinx/interface/axi4.gen "
@I [HLS-100] Command 'ap_source' returned 0; elapsed 0.004753Total elapsed time: 25.736 sec.
@I [HLS-100] Command "source /home/Xilinx/Vivado_HLS/2016.2/common/technology/xilinx/interface/nativeAXI4.gen "
@I [HLS-100] Command "source /home/Xilinx/Vivado_HLS/2016.2/common/technology/xilinx/interface/saxilite.gen "
@I [HLS-100] Command 'ap_source' returned 0; elapsed 0.008706Total elapsed time: 25.747 sec.
@I [HLS-100] Command "source /home/Xilinx/Vivado_HLS/2016.2/common/technology/xilinx/interface/maxi.gen "
@I [HLS-100] Command 'ap_source' returned 0; elapsed 0.017323Total elapsed time: 25.765 sec.
@I [HLS-100] Command 'ap_source' returned 0; elapsed 0.027777Total elapsed time: 25.765 sec.
@I [HLS-100] Command "source /home/Xilinx/Vivado_HLS/2016.2/common/technology/xilinx/scripts/xilinxcoregen.gen "
@I [HLS-100] Command 'ap_source' returned 0; elapsed 0.024244Total elapsed time: 25.791 sec.
@I [HLS-100] Command "source /home/Xilinx/Vivado_HLS/2016.2/common/technology/xilinx/interface/XilEDKCoreGen.gen "
@I [HLS-100] Command 'ap_source' returned 0; elapsed 0.020641Total elapsed time: 25.812 sec.
@I [HLS-100] Command "source /home/Xilinx/Vivado_HLS/2016.2/common/technology/xilinx/ip/util.gen "
@I [HLS-100] Command 'ap_source' returned 0; elapsed 0.000369Total elapsed time: 25.813 sec.
@I [HLS-100] Command "source /home/Xilinx/Vivado_HLS/2016.2/common/technology/xilinx/ip/dds_compiler.gen "
@I [HLS-100] Command 'ap_source' returned 0; elapsed 0.008997Total elapsed time: 25.823 sec.
@I [HLS-100] Command "source /home/Xilinx/Vivado_HLS/2016.2/common/technology/xilinx/ip/xfft.gen "
@I [HLS-100] Command 'ap_source' returned 0; elapsed 0.287105Total elapsed time: 26.113 sec.
@I [HLS-100] Command "source /home/Xilinx/Vivado_HLS/2016.2/common/technology/xilinx/ip/xfir.gen "
@I [HLS-100] Command 'ap_source' returned 0; elapsed 0.001783Total elapsed time: 26.116 sec.
@I [HLS-100] Command 'ap_source' returned 0; elapsed 0.38849Total elapsed time: 26.117 sec.
@I [HLS-100] Command "source /home/Xilinx/Vivado_HLS/2016.2/common/technology/xilinx/common/dsp48.gen "
@I [HLS-100] Command 'ap_source' returned 0; elapsed 0.000605Total elapsed time: 26.121 sec.
@I [HLS-100] Command 'ap_source' returned 0; elapsed 0.395151Total elapsed time: 26.123 sec.
@I [HLS-100] Command 'ap_source' returned 0; elapsed 0.395916Total elapsed time: 26.123 sec.
@I [HLS-100] Command "source /home/Xilinx/Vivado_HLS/2016.2/common/technology/xilinx/zynq/zynq_fpv6.gen "
@I [HLS-100] Command "source /home/Xilinx/Vivado_HLS/2016.2/common/technology/xilinx/common/xilinx_fpv6.gen "
@I [HLS-100] Command 'ap_source' returned 0; elapsed 0.003584Total elapsed time: 26.128 sec.
@I [HLS-100] Command 'ap_source' returned 0; elapsed 0.004884Total elapsed time: 26.129 sec.
@I [HLS-100] Command "source /home/linux/Documents/DLA/source/sw/rsa_HLS/solution1/.autopilot/db/global.setting.tcl "
@I [HLS-100] Command 'ap_source' returned 0; elapsed 0.00047Total elapsed time: 26.145 sec.
@I [HLS-100] Command "source /home/linux/Documents/DLA/source/sw/rsa_HLS/solution1/.autopilot/db/global.setting.tcl "
@I [HLS-100] Command 'ap_source' returned 0; elapsed 0.000738Total elapsed time: 49.227 sec.
@I [HLS-100] Command "source /home/Xilinx/Vivado_HLS/2016.2/common/technology/generic/autopilot/common.gen "
@I [HLS-100] Command "source /home/Xilinx/Vivado_HLS/2016.2/common/technology/generic/autopilot/APCoreGen.gen "
@I [HLS-100] Command 'ap_source' returned 0; elapsed 0.001724Total elapsed time: 49.241 sec.
@I [HLS-100] Command 'ap_source' returned 0; elapsed 0.004422Total elapsed time: 49.243 sec.
@I [HLS-100] Command "source /home/Xilinx/Vivado_HLS/2016.2/common/technology/generic/autopilot/op.gen "
@I [HLS-100] Command 'ap_source' returned 0; elapsed 0.000956Total elapsed time: 49.245 sec.
@I [HLS-100] Command "source /home/Xilinx/Vivado_HLS/2016.2/common/technology/generic/autopilot/op_simcore.gen "
@I [HLS-100] Command 'ap_source' returned 0; elapsed 0.002703Total elapsed time: 49.249 sec.
@I [HLS-100] Command "source /home/Xilinx/Vivado_HLS/2016.2/common/technology/generic/autopilot/interface.gen "
@I [HLS-100] Command 'ap_source' returned 0; elapsed 0.000307Total elapsed time: 49.250 sec.
@I [HLS-100] Command "source /home/linux/Documents/DLA/source/sw/rsa_HLS/solution1/.autopilot/db/global.setting.tcl "
@I [HLS-100] Command 'ap_source' returned 0; elapsed 0.000463Total elapsed time: 49.251 sec.
@I [HLS-100] Command "source /home/Xilinx/Vivado_HLS/2016.2/common/technology/xilinx/zynq/zynq.gen "
@I [HLS-100] Command "source /home/Xilinx/Vivado_HLS/2016.2/common/technology/xilinx/common/virtex.gen "
@I [HLS-100] Command "source /home/Xilinx/Vivado_HLS/2016.2/common/technology/xilinx/common/xilinx.gen "
@I [HLS-100] Command "source /home/Xilinx/Vivado_HLS/2016.2/common/technology/xilinx/interface/plb46.gen "
@I [HLS-100] Command 'ap_source' returned 0; elapsed 0.00281Total elapsed time: 49.256 sec.
@I [HLS-100] Command "source /home/Xilinx/Vivado_HLS/2016.2/common/technology/xilinx/interface/fsl.gen "
@I [HLS-100] Command 'ap_source' returned 0; elapsed 0.001563Total elapsed time: 49.258 sec.
@I [HLS-100] Command "source /home/Xilinx/Vivado_HLS/2016.2/common/technology/xilinx/interface/axi4.gen "
@I [HLS-100] Command 'ap_source' returned 0; elapsed 0.006185Total elapsed time: 49.265 sec.
@I [HLS-100] Command "source /home/Xilinx/Vivado_HLS/2016.2/common/technology/xilinx/interface/nativeAXI4.gen "
@I [HLS-100] Command "source /home/Xilinx/Vivado_HLS/2016.2/common/technology/xilinx/interface/saxilite.gen "
@I [HLS-100] Command 'ap_source' returned 0; elapsed 0.01004Total elapsed time: 49.276 sec.
@I [HLS-100] Command "source /home/Xilinx/Vivado_HLS/2016.2/common/technology/xilinx/interface/maxi.gen "
@I [HLS-100] Command 'ap_source' returned 0; elapsed 0.022126Total elapsed time: 49.302 sec.
@I [HLS-100] Command 'ap_source' returned 0; elapsed 0.034435Total elapsed time: 49.302 sec.
@I [HLS-100] Command "source /home/Xilinx/Vivado_HLS/2016.2/common/technology/xilinx/scripts/xilinxcoregen.gen "
@I [HLS-100] Command 'ap_source' returned 0; elapsed 0.02942Total elapsed time: 49.334 sec.
@I [HLS-100] Command "source /home/Xilinx/Vivado_HLS/2016.2/common/technology/xilinx/interface/XilEDKCoreGen.gen "
@I [HLS-100] Command 'ap_source' returned 0; elapsed 0.023021Total elapsed time: 49.358 sec.
@I [HLS-100] Command "source /home/Xilinx/Vivado_HLS/2016.2/common/technology/xilinx/ip/util.gen "
@I [HLS-100] Command 'ap_source' returned 0; elapsed 0.000474Total elapsed time: 49.360 sec.
@I [HLS-100] Command "source /home/Xilinx/Vivado_HLS/2016.2/common/technology/xilinx/ip/dds_compiler.gen "
@I [HLS-100] Command 'ap_source' returned 0; elapsed 0.011386Total elapsed time: 49.372 sec.
@I [HLS-100] Command "source /home/Xilinx/Vivado_HLS/2016.2/common/technology/xilinx/ip/xfft.gen "
@I [HLS-100] Command 'ap_source' returned 0; elapsed 0.284032Total elapsed time: 49.658 sec.
@I [HLS-100] Command "source /home/Xilinx/Vivado_HLS/2016.2/common/technology/xilinx/ip/xfir.gen "
@I [HLS-100] Command 'ap_source' returned 0; elapsed 0.002082Total elapsed time: 49.661 sec.
@I [HLS-100] Command 'ap_source' returned 0; elapsed 0.404079Total elapsed time: 49.661 sec.
@I [HLS-100] Command "source /home/Xilinx/Vivado_HLS/2016.2/common/technology/xilinx/common/dsp48.gen "
@I [HLS-100] Command 'ap_source' returned 0; elapsed 0.000441Total elapsed time: 49.666 sec.
@I [HLS-100] Command 'ap_source' returned 0; elapsed 0.411036Total elapsed time: 49.667 sec.
@I [HLS-100] Command 'ap_source' returned 0; elapsed 0.411739Total elapsed time: 49.668 sec.
@I [HLS-100] Command "source /home/Xilinx/Vivado_HLS/2016.2/common/technology/xilinx/zynq/zynq_fpv6.gen "
@I [HLS-100] Command "source /home/Xilinx/Vivado_HLS/2016.2/common/technology/xilinx/common/xilinx_fpv6.gen "
@I [HLS-100] Command 'ap_source' returned 0; elapsed 0.004241Total elapsed time: 49.673 sec.
@I [HLS-100] Command 'ap_source' returned 0; elapsed 0.005374Total elapsed time: 49.674 sec.
@I [HLS-100] Command "source /home/linux/Documents/DLA/source/sw/rsa_HLS/solution1/.autopilot/db/global.setting.tcl "
@I [HLS-100] Command 'ap_source' returned 0; elapsed 0.000525Total elapsed time: 49.675 sec.
@I [HLS-100] Command "source /home/linux/Documents/DLA/source/sw/rsa_HLS/solution1/.autopilot/db/global.setting.tcl "
@I [HLS-100] Command 'ap_source' returned 0; elapsed 0.000458Total elapsed time: 49.678 sec.
@I [HLS-100] Command "source /home/linux/Documents/DLA/source/sw/rsa_HLS/solution1/.autopilot/db/global.setting.tcl "
@I [HLS-100] Command 'ap_source' returned 0; elapsed 0.000742Total elapsed time: 49.684 sec.
@I [HLS-100] Command "source /home/Xilinx/Vivado_HLS/2016.2/common/technology/generic/autopilot/common.gen "
@I [HLS-100] Command "source /home/Xilinx/Vivado_HLS/2016.2/common/technology/generic/autopilot/APCoreGen.gen "
@I [HLS-100] Command 'ap_source' returned 0; elapsed 0.001335Total elapsed time: 49.688 sec.
@I [HLS-100] Command 'ap_source' returned 0; elapsed 0.003479Total elapsed time: 49.690 sec.
@I [HLS-100] Command "source /home/Xilinx/Vivado_HLS/2016.2/common/technology/generic/autopilot/op.gen "
@I [HLS-100] Command 'ap_source' returned 0; elapsed 0.000885Total elapsed time: 49.691 sec.
@I [HLS-100] Command "source /home/Xilinx/Vivado_HLS/2016.2/common/technology/generic/autopilot/op_simcore.gen "
@I [HLS-100] Command 'ap_source' returned 0; elapsed 0.002395Total elapsed time: 49.694 sec.
@I [HLS-100] Command "source /home/Xilinx/Vivado_HLS/2016.2/common/technology/generic/autopilot/interface.gen "
@I [HLS-100] Command 'ap_source' returned 0; elapsed 0.000274Total elapsed time: 49.695 sec.
@I [HLS-100] Command "source /home/linux/Documents/DLA/source/sw/rsa_HLS/solution1/.autopilot/db/global.setting.tcl "
@I [HLS-100] Command 'ap_source' returned 0; elapsed 0.000422Total elapsed time: 49.696 sec.
@I [HLS-100] Command "source /home/Xilinx/Vivado_HLS/2016.2/common/technology/xilinx/zynq/zynq.gen "
@I [HLS-100] Command "source /home/Xilinx/Vivado_HLS/2016.2/common/technology/xilinx/common/virtex.gen "
@I [HLS-100] Command "source /home/Xilinx/Vivado_HLS/2016.2/common/technology/xilinx/common/xilinx.gen "
@I [HLS-100] Command "source /home/Xilinx/Vivado_HLS/2016.2/common/technology/xilinx/interface/plb46.gen "
@I [HLS-100] Command 'ap_source' returned 0; elapsed 0.002497Total elapsed time: 49.701 sec.
@I [HLS-100] Command "source /home/Xilinx/Vivado_HLS/2016.2/common/technology/xilinx/interface/fsl.gen "
@I [HLS-100] Command 'ap_source' returned 0; elapsed 0.001454Total elapsed time: 49.703 sec.
@I [HLS-100] Command "source /home/Xilinx/Vivado_HLS/2016.2/common/technology/xilinx/interface/axi4.gen "
@I [HLS-100] Command 'ap_source' returned 0; elapsed 0.005742Total elapsed time: 49.710 sec.
@I [HLS-100] Command "source /home/Xilinx/Vivado_HLS/2016.2/common/technology/xilinx/interface/nativeAXI4.gen "
@I [HLS-100] Command "source /home/Xilinx/Vivado_HLS/2016.2/common/technology/xilinx/interface/saxilite.gen "
@I [HLS-100] Command 'ap_source' returned 0; elapsed 0.009383Total elapsed time: 49.720 sec.
@I [HLS-100] Command "source /home/Xilinx/Vivado_HLS/2016.2/common/technology/xilinx/interface/maxi.gen "
@I [HLS-100] Command 'ap_source' returned 0; elapsed 0.020522Total elapsed time: 49.742 sec.
@I [HLS-100] Command 'ap_source' returned 0; elapsed 0.031886Total elapsed time: 49.743 sec.
@I [HLS-100] Command "source /home/Xilinx/Vivado_HLS/2016.2/common/technology/xilinx/scripts/xilinxcoregen.gen "
@I [HLS-100] Command 'ap_source' returned 0; elapsed 0.025896Total elapsed time: 49.769 sec.
@I [HLS-100] Command "source /home/Xilinx/Vivado_HLS/2016.2/common/technology/xilinx/interface/XilEDKCoreGen.gen "
@I [HLS-100] Command 'ap_source' returned 0; elapsed 0.021519Total elapsed time: 49.792 sec.
@I [HLS-100] Command "source /home/Xilinx/Vivado_HLS/2016.2/common/technology/xilinx/ip/util.gen "
@I [HLS-100] Command 'ap_source' returned 0; elapsed 0.000499Total elapsed time: 49.793 sec.
@I [HLS-100] Command "source /home/Xilinx/Vivado_HLS/2016.2/common/technology/xilinx/ip/dds_compiler.gen "
@I [HLS-100] Command 'ap_source' returned 0; elapsed 0.009707Total elapsed time: 49.804 sec.
@I [HLS-100] Command "source /home/Xilinx/Vivado_HLS/2016.2/common/technology/xilinx/ip/xfft.gen "
@I [HLS-100] Command 'ap_source' returned 0; elapsed 0.288617Total elapsed time: 50.95 sec.
@I [HLS-100] Command "source /home/Xilinx/Vivado_HLS/2016.2/common/technology/xilinx/ip/xfir.gen "
@I [HLS-100] Command 'ap_source' returned 0; elapsed 0.002097Total elapsed time: 50.98 sec.
@I [HLS-100] Command 'ap_source' returned 0; elapsed 0.398297Total elapsed time: 50.99 sec.
@I [HLS-100] Command "source /home/Xilinx/Vivado_HLS/2016.2/common/technology/xilinx/common/dsp48.gen "
@I [HLS-100] Command 'ap_source' returned 0; elapsed 0.000427Total elapsed time: 50.104 sec.
@I [HLS-100] Command 'ap_source' returned 0; elapsed 0.405249Total elapsed time: 50.105 sec.
@I [HLS-100] Command 'ap_source' returned 0; elapsed 0.405966Total elapsed time: 50.105 sec.
@I [HLS-100] Command "source /home/Xilinx/Vivado_HLS/2016.2/common/technology/xilinx/zynq/zynq_fpv6.gen "
@I [HLS-100] Command "source /home/Xilinx/Vivado_HLS/2016.2/common/technology/xilinx/common/xilinx_fpv6.gen "
@I [HLS-100] Command 'ap_source' returned 0; elapsed 0.004203Total elapsed time: 50.110 sec.
@I [HLS-100] Command 'ap_source' returned 0; elapsed 0.005287Total elapsed time: 50.111 sec.
@I [HLS-100] Command "source /home/linux/Documents/DLA/source/sw/rsa_HLS/solution1/.autopilot/db/global.setting.tcl "
@I [HLS-100] Command 'ap_source' returned 0; elapsed 0.000464Total elapsed time: 50.112 sec.
@I [HLS-100] Command "source /home/linux/Documents/DLA/source/sw/rsa_HLS/solution1/.autopilot/db/global.setting.tcl "
@I [HLS-100] Command 'ap_source' returned 0; elapsed 0.000377Total elapsed time: 50.114 sec.
@I [HLS-100] Command "source /home/linux/Documents/DLA/source/sw/rsa_HLS/solution1/.autopilot/db/encrypt.compgen.tcl "
@I [HLS-100] Command 'ap_source' returned 0; elapsed 0.000464Total elapsed time: 50.116 sec.
@I [HLS-100] Command "source /home/linux/Documents/DLA/source/sw/rsa_HLS/solution1/.autopilot/db/global.setting.tcl "
@I [HLS-100] Command 'ap_source' returned 0; elapsed 0.00046Total elapsed time: 50.206 sec.
@I [HLS-100] Command "source /home/linux/Documents/DLA/source/sw/rsa_HLS/solution1/.autopilot/db/encrypt.constraint.tcl "
@I [HLS-100] Command 'ap_source' returned 0; elapsed 0.000217Total elapsed time: 50.209 sec.
@I [HLS-100] Command "source /home/Xilinx/Vivado_HLS/2016.2/common/technology/generic/autopilot/common.gen "
@I [HLS-100] Command "source /home/Xilinx/Vivado_HLS/2016.2/common/technology/generic/autopilot/APCoreGen.gen "
@I [HLS-100] Command 'ap_source' returned 0; elapsed 0.001369Total elapsed time: 50.214 sec.
@I [HLS-100] Command 'ap_source' returned 0; elapsed 0.003555Total elapsed time: 50.216 sec.
@I [HLS-100] Command "source /home/Xilinx/Vivado_HLS/2016.2/common/technology/generic/autopilot/op.gen "
@I [HLS-100] Command 'ap_source' returned 0; elapsed 0.00091Total elapsed time: 50.218 sec.
@I [HLS-100] Command "source /home/Xilinx/Vivado_HLS/2016.2/common/technology/generic/autopilot/op_simcore.gen "
@I [HLS-100] Command 'ap_source' returned 0; elapsed 0.002369Total elapsed time: 50.221 sec.
@I [HLS-100] Command "source /home/Xilinx/Vivado_HLS/2016.2/common/technology/generic/autopilot/interface.gen "
@I [HLS-100] Command 'ap_source' returned 0; elapsed 0.000281Total elapsed time: 50.222 sec.
@I [HLS-100] Command "source /home/linux/Documents/DLA/source/sw/rsa_HLS/solution1/.autopilot/db/global.setting.tcl "
@I [HLS-100] Command 'ap_source' returned 0; elapsed 0.000456Total elapsed time: 50.223 sec.
@I [HLS-100] Command "source /home/Xilinx/Vivado_HLS/2016.2/common/technology/xilinx/zynq/zynq.gen "
@I [HLS-100] Command "source /home/Xilinx/Vivado_HLS/2016.2/common/technology/xilinx/common/virtex.gen "
@I [HLS-100] Command "source /home/Xilinx/Vivado_HLS/2016.2/common/technology/xilinx/common/xilinx.gen "
@I [HLS-100] Command "source /home/Xilinx/Vivado_HLS/2016.2/common/technology/xilinx/interface/plb46.gen "
@I [HLS-100] Command 'ap_source' returned 0; elapsed 0.002559Total elapsed time: 50.228 sec.
@I [HLS-100] Command "source /home/Xilinx/Vivado_HLS/2016.2/common/technology/xilinx/interface/fsl.gen "
@I [HLS-100] Command 'ap_source' returned 0; elapsed 0.001723Total elapsed time: 50.231 sec.
@I [HLS-100] Command "source /home/Xilinx/Vivado_HLS/2016.2/common/technology/xilinx/interface/axi4.gen "
@I [HLS-100] Command 'ap_source' returned 0; elapsed 0.006183Total elapsed time: 50.238 sec.
@I [HLS-100] Command "source /home/Xilinx/Vivado_HLS/2016.2/common/technology/xilinx/interface/nativeAXI4.gen "
@I [HLS-100] Command "source /home/Xilinx/Vivado_HLS/2016.2/common/technology/xilinx/interface/saxilite.gen "
@I [HLS-100] Command 'ap_source' returned 0; elapsed 0.009544Total elapsed time: 50.249 sec.
@I [HLS-100] Command "source /home/Xilinx/Vivado_HLS/2016.2/common/technology/xilinx/interface/maxi.gen "
@I [HLS-100] Command 'ap_source' returned 0; elapsed 0.021417Total elapsed time: 50.271 sec.
@I [HLS-100] Command 'ap_source' returned 0; elapsed 0.033034Total elapsed time: 50.272 sec.
@I [HLS-100] Command "source /home/Xilinx/Vivado_HLS/2016.2/common/technology/xilinx/scripts/xilinxcoregen.gen "
@I [HLS-100] Command 'ap_source' returned 0; elapsed 0.027091Total elapsed time: 50.300 sec.
@I [HLS-100] Command "source /home/Xilinx/Vivado_HLS/2016.2/common/technology/xilinx/interface/XilEDKCoreGen.gen "
@I [HLS-100] Command 'ap_source' returned 0; elapsed 0.022121Total elapsed time: 50.323 sec.
@I [HLS-100] Command "source /home/Xilinx/Vivado_HLS/2016.2/common/technology/xilinx/ip/util.gen "
@I [HLS-100] Command 'ap_source' returned 0; elapsed 0.000459Total elapsed time: 50.325 sec.
@I [HLS-100] Command "source /home/Xilinx/Vivado_HLS/2016.2/common/technology/xilinx/ip/dds_compiler.gen "
@I [HLS-100] Command 'ap_source' returned 0; elapsed 0.00983Total elapsed time: 50.335 sec.
@I [HLS-100] Command "source /home/Xilinx/Vivado_HLS/2016.2/common/technology/xilinx/ip/xfft.gen "
@I [HLS-100] Command 'ap_source' returned 0; elapsed 0.290541Total elapsed time: 50.628 sec.
@I [HLS-100] Command "source /home/Xilinx/Vivado_HLS/2016.2/common/technology/xilinx/ip/xfir.gen "
@I [HLS-100] Command 'ap_source' returned 0; elapsed 0.002135Total elapsed time: 50.631 sec.
@I [HLS-100] Command 'ap_source' returned 0; elapsed 0.404951Total elapsed time: 50.632 sec.
@I [HLS-100] Command "source /home/Xilinx/Vivado_HLS/2016.2/common/technology/xilinx/common/dsp48.gen "
@I [HLS-100] Command 'ap_source' returned 0; elapsed 0.00047Total elapsed time: 50.638 sec.
@I [HLS-100] Command 'ap_source' returned 0; elapsed 0.412937Total elapsed time: 50.639 sec.
@I [HLS-100] Command 'ap_source' returned 0; elapsed 0.41374Total elapsed time: 50.640 sec.
@I [HLS-100] Command "source /home/Xilinx/Vivado_HLS/2016.2/common/technology/xilinx/zynq/zynq_fpv6.gen "
@I [HLS-100] Command "source /home/Xilinx/Vivado_HLS/2016.2/common/technology/xilinx/common/xilinx_fpv6.gen "
@I [HLS-100] Command 'ap_source' returned 0; elapsed 0.004544Total elapsed time: 50.646 sec.
@I [HLS-100] Command 'ap_source' returned 0; elapsed 0.005681Total elapsed time: 50.647 sec.
@I [HLS-100] Command "source /home/linux/Documents/DLA/source/sw/rsa_HLS/solution1/.autopilot/db/global.setting.tcl "
@I [HLS-100] Command 'ap_source' returned 0; elapsed 0.000791Total elapsed time: 50.667 sec.
@I [HLS-100] Command 'export_design' returned 0; elapsed 3.76424Total elapsed time: 69.751 sec.
@I [HLS-100] Command 'ap_source' returned 0; elapsed 4.08366Total elapsed time: 69.752 sec.
@I [HLS-100] Command "cleanup_all "
@I [HLS-100] Command 'cleanup_all' returned 0; elapsed 0.000857Total elapsed time: 69.754 sec.
