

================================================================
== Vivado HLS Report for 'encrypt'
================================================================
* Date:           Tue Nov 15 15:50:18 2016

* Version:        2016.2 (Build 1577090 on Thu Jun 02 16:59:10 MDT 2016)
* Project:        rsa_HLS
* Solution:       solution1
* Product family: zynq
* Target device:  xc7z020clg484-1


================================================================
== Performance Estimates
================================================================
+ Timing (ns): 
    * Summary: 
    +--------+-------+----------+------------+
    |  Clock | Target| Estimated| Uncertainty|
    +--------+-------+----------+------------+
    |ap_clk  |  10.00|     27.15|        1.25|
    +--------+-------+----------+------------+

+ Latency (clock cycles): 
    * Summary: 
    +-----+-----+-----+-----+---------+
    |  Latency  |  Interval | Pipeline|
    | min | max | min | max |   Type  |
    +-----+-----+-----+-----+---------+
    |  516|  516|  517|  517|   none  |
    +-----+-----+-----+-----+---------+

    + Detail: 
        * Instance: 
        N/A

        * Loop: 
        N/A



================================================================
== Utilization Estimates
================================================================
* Summary: 
+-----------------+---------+-------+--------+--------+
|       Name      | BRAM_18K| DSP48E|   FF   |   LUT  |
+-----------------+---------+-------+--------+--------+
|DSP              |        -|      -|       -|       -|
|Expression       |        -|      -|       0|     794|
|FIFO             |        -|      -|       -|       -|
|Instance         |        -|      -|  512000|  512000|
|Memory           |        -|      -|       -|       -|
|Multiplexer      |        -|      -|       -|    1690|
|Register         |        -|      -|    1029|       -|
+-----------------+---------+-------+--------+--------+
|Total            |        0|      0|  513029|  514484|
+-----------------+---------+-------+--------+--------+
|Available        |      280|    220|  106400|   53200|
+-----------------+---------+-------+--------+--------+
|Utilization (%)  |        0|      0|     482|     967|
+-----------------+---------+-------+--------+--------+

+ Detail: 
    * Instance: 
    +-------------------------------------+----------------------------------+---------+-------+--------+--------+
    |               Instance              |              Module              | BRAM_18K| DSP48E|   FF   |   LUT  |
    +-------------------------------------+----------------------------------+---------+-------+--------+--------+
    |encrypt_urem_512ns_512ns_512_516_U1  |encrypt_urem_512ns_512ns_512_516  |        0|      0|  512000|  512000|
    +-------------------------------------+----------------------------------+---------+-------+--------+--------+
    |Total                                |                                  |        0|      0|  512000|  512000|
    +-------------------------------------+----------------------------------+---------+-------+--------+--------+

    * DSP48: 
    N/A

    * Memory: 
    N/A

    * FIFO: 
    N/A

    * Expression: 
    +----------------+----------+-------+---+-----+------------+------------+
    |  Variable Name | Operation| DSP48E| FF| LUT | Bitwidth P0| Bitwidth P1|
    +----------------+----------+-------+---+-----+------------+------------+
    |cyper_fu_28_p2  |    xor   |      0|  0|  794|         512|           7|
    +----------------+----------+-------+---+-----+------------+------------+
    |Total           |          |      0|  0|  794|         512|           7|
    +----------------+----------+-------+---+-----+------------+------------+

    * Multiplexer: 
    +-----------+------+-----------+-----+-----------+
    |    Name   |  LUT | Input Size| Bits| Total Bits|
    +-----------+------+-----------+-----+-----------+
    |ap_NS_fsm  |  1690|        518|    1|        518|
    +-----------+------+-----------+-----+-----------+
    |Total      |  1690|        518|    1|        518|
    +-----------+------+-----------+-----+-----------+

    * Register: 
    +--------------+-----+----+-----+-----------+
    |     Name     |  FF | LUT| Bits| Const Bits|
    +--------------+-----+----+-----+-----------+
    |ap_CS_fsm     |  517|   0|  517|          0|
    |cyper_reg_39  |  512|   0|  512|          0|
    +--------------+-----+----+-----+-----------+
    |Total         | 1029|   0| 1029|          0|
    +--------------+-----+----+-----+-----------+



================================================================
== Interface
================================================================
* Summary: 
+-----------+-----+-----+------------+--------------+--------------+
| RTL Ports | Dir | Bits|  Protocol  | Source Object|    C Type    |
+-----------+-----+-----+------------+--------------+--------------+
|ap_clk     |  in |    1| ap_ctrl_hs |    encrypt   | return value |
|ap_rst     |  in |    1| ap_ctrl_hs |    encrypt   | return value |
|ap_start   |  in |    1| ap_ctrl_hs |    encrypt   | return value |
|ap_done    | out |    1| ap_ctrl_hs |    encrypt   | return value |
|ap_idle    | out |    1| ap_ctrl_hs |    encrypt   | return value |
|ap_ready   | out |    1| ap_ctrl_hs |    encrypt   | return value |
|ap_return  | out |  512| ap_ctrl_hs |    encrypt   | return value |
|key        |  in |  512|   ap_none  |      key     |    scalar    |
|exponent   |  in |  512|   ap_none  |   exponent   |    scalar    |
+-----------+-----+-----+------------+--------------+--------------+

