Copyright 1986-2016 Xilinx, Inc. All Rights Reserved.
------------------------------------------------------------------------------------
| Tool Version : Vivado v.2016.2 (lin64) Build 1577090 Thu Jun  2 16:32:35 MDT 2016
| Date         : Thu Jan 12 18:19:48 2017
| Host         : linux-Inspiron-5565 running 64-bit Ubuntu 14.04.5 LTS
| Command      : report_control_sets -verbose -file top_control_sets_placed.rpt
| Design       : top
| Device       : xc7z020
------------------------------------------------------------------------------------

Control Set Information

Table of Contents
-----------------
1. Summary
2. Flip-Flop Distribution
3. Detailed Control Set Information

1. Summary
----------

+----------------------------------------------------------+-------+
|                          Status                          | Count |
+----------------------------------------------------------+-------+
| Number of unique control sets                            |    47 |
| Unused register locations in slices containing registers |    56 |
+----------------------------------------------------------+-------+


2. Flip-Flop Distribution
-------------------------

+--------------+-----------------------+------------------------+-----------------+--------------+
| Clock Enable | Synchronous Set/Reset | Asynchronous Set/Reset | Total Registers | Total Slices |
+--------------+-----------------------+------------------------+-----------------+--------------+
| No           | No                    | No                     |            1129 |          257 |
| No           | No                    | Yes                    |               0 |            0 |
| No           | Yes                   | No                     |              87 |           27 |
| Yes          | No                    | No                     |             818 |          177 |
| Yes          | No                    | Yes                    |               0 |            0 |
| Yes          | Yes                   | No                     |             566 |          155 |
+--------------+-----------------------+------------------------+-----------------+--------------+


3. Detailed Control Set Information
-----------------------------------

+------------------------------------------------+---------------------------------------------------------------------------------------------------------------------------------------------------------------+----------------------------------------------------------------------------------------------------------------------------------------------------------+------------------+----------------+
|                  Clock Signal                  |                                                                         Enable Signal                                                                         |                                                                     Set/Reset Signal                                                                     | Slice Load Count | Bel Load Count |
+------------------------------------------------+---------------------------------------------------------------------------------------------------------------------------------------------------------------+----------------------------------------------------------------------------------------------------------------------------------------------------------+------------------+----------------+
|  xc7z020_i/processing_system7_0/inst/FCLK_CLK0 | xc7z020_i/processing_system7_0_axi_periph/s00_couplers/auto_pc/inst/gen_axilite.gen_b2s_conv.axilite_b2s/WR.b_channel_0/bid_fifo_0/bresp_push                 |                                                                                                                                                          |                1 |              2 |
|  xc7z020_i/processing_system7_0/inst/FCLK_CLK0 |                                                                                                                                                               | xc7z020_i/processing_system7_0_axi_periph/s00_couplers/auto_pc/inst/gen_axilite.gen_b2s_conv.axilite_b2s/SI_REG/ar_pipe/m_valid_i_reg_0                  |                2 |              4 |
|  xc7z020_i/processing_system7_0/inst/FCLK_CLK0 |                                                                                                                                                               | xc7z020_i/processing_system7_0_axi_periph/s00_couplers/auto_pc/inst/gen_axilite.gen_b2s_conv.axilite_b2s/SI_REG/aw_pipe/s_ready_i_reg_0                  |                2 |              4 |
|  xc7z020_i/processing_system7_0/inst/FCLK_CLK0 |                                                                                                                                                               | xc7z020_i/rst_processing_system7_0_100M/U0/EXT_LPF/lpf_int                                                                                               |                2 |              4 |
|  xc7z020_i/processing_system7_0/inst/FCLK_CLK0 | xc7z020_i/processing_system7_0_axi_periph/s00_couplers/auto_pc/inst/gen_axilite.gen_b2s_conv.axilite_b2s/WR.aw_channel_0/aw_cmd_fsm_0/axlen_cnt_reg[3][0]     | xc7z020_i/processing_system7_0_axi_periph/s00_couplers/auto_pc/inst/gen_axilite.gen_b2s_conv.axilite_b2s/WR.aw_channel_0/aw_cmd_fsm_0/axlen_cnt_reg[7]_1 |                1 |              4 |
|  xc7z020_i/processing_system7_0/inst/FCLK_CLK0 | xc7z020_i/processing_system7_0_axi_periph/s00_couplers/auto_pc/inst/gen_axilite.gen_b2s_conv.axilite_b2s/RD.ar_channel_0/ar_cmd_fsm_0/axlen_cnt_reg[3][0]     | xc7z020_i/processing_system7_0_axi_periph/s00_couplers/auto_pc/inst/gen_axilite.gen_b2s_conv.axilite_b2s/RD.ar_channel_0/ar_cmd_fsm_0/axlen_cnt_reg[7]   |                2 |              4 |
|  xc7z020_i/processing_system7_0/inst/FCLK_CLK0 | xc7z020_i/rst_processing_system7_0_100M/U0/SEQ/seq_cnt_en                                                                                                     | xc7z020_i/rst_processing_system7_0_100M/U0/SEQ/SEQ_COUNTER/clear                                                                                         |                1 |              6 |
|  xc7z020_i/processing_system7_0/inst/FCLK_CLK0 | xc7z020_i/encrypt_0/U0/encrypt_PERIPH_BUS_s_axi_U/waddr                                                                                                       |                                                                                                                                                          |                2 |              8 |
|  xc7z020_i/processing_system7_0/inst/FCLK_CLK0 | xc7z020_i/processing_system7_0_axi_periph/s00_couplers/auto_pc/inst/gen_axilite.gen_b2s_conv.axilite_b2s/WR.b_channel_0/mhandshake_r                          | xc7z020_i/processing_system7_0_axi_periph/s00_couplers/auto_pc/inst/gen_axilite.gen_b2s_conv.axilite_b2s/WR.b_channel_0/bid_fifo_0/SR[0]                 |                3 |              8 |
|  xc7z020_i/processing_system7_0/inst/FCLK_CLK0 | xc7z020_i/processing_system7_0_axi_periph/s00_couplers/auto_pc/inst/gen_axilite.gen_b2s_conv.axilite_b2s/WR.aw_channel_0/aw_cmd_fsm_0/axaddr_incr_reg[0]      |                                                                                                                                                          |                2 |              8 |
|  xc7z020_i/processing_system7_0/inst/FCLK_CLK0 | xc7z020_i/processing_system7_0_axi_periph/s00_couplers/auto_pc/inst/gen_axilite.gen_b2s_conv.axilite_b2s/WR.aw_channel_0/aw_cmd_fsm_0/E[0]                    |                                                                                                                                                          |                4 |              8 |
|  xc7z020_i/processing_system7_0/inst/FCLK_CLK0 | xc7z020_i/processing_system7_0_axi_periph/s00_couplers/auto_pc/inst/gen_axilite.gen_b2s_conv.axilite_b2s/RD.ar_channel_0/ar_cmd_fsm_0/axaddr_incr_reg[0]      |                                                                                                                                                          |                2 |              8 |
|  xc7z020_i/processing_system7_0/inst/FCLK_CLK0 | xc7z020_i/processing_system7_0_axi_periph/s00_couplers/auto_pc/inst/gen_axilite.gen_b2s_conv.axilite_b2s/RD.ar_channel_0/ar_cmd_fsm_0/E[0]                    |                                                                                                                                                          |                3 |              8 |
|  xc7z020_i/processing_system7_0/inst/FCLK_CLK0 | xc7z020_i/processing_system7_0_axi_periph/s00_couplers/auto_pc/inst/gen_axilite.gen_b2s_conv.axilite_b2s/RD.r_channel_0/r_push_r                              |                                                                                                                                                          |                4 |             13 |
|  xc7z020_i/processing_system7_0/inst/FCLK_CLK0 | xc7z020_i/processing_system7_0_axi_periph/s00_couplers/auto_pc/inst/gen_axilite.gen_b2s_conv.axilite_b2s/SI_REG/b_pipe/p_1_in                                 |                                                                                                                                                          |                2 |             14 |
|  xc7z020_i/processing_system7_0/inst/FCLK_CLK0 | xc7z020_i/processing_system7_0_axi_periph/s00_couplers/auto_pc/inst/gen_axilite.gen_b2s_conv.axilite_b2s/SI_REG/b_pipe/skid_buffer_reg[0]_0                   |                                                                                                                                                          |                2 |             14 |
|  xc7z020_i/processing_system7_0/inst/FCLK_CLK0 |                                                                                                                                                               | xc7z020_i/encrypt_0/U0/encrypt_PERIPH_BUS_s_axi_U/SR[0]                                                                                                  |                6 |             16 |
|  xc7z020_i/processing_system7_0/inst/FCLK_CLK0 | xc7z020_i/processing_system7_0_axi_periph/s00_couplers/auto_pc/inst/gen_axilite.gen_b2s_conv.axilite_b2s/WR.aw_channel_0/aw_cmd_fsm_0/axlen_cnt_reg[3][0]     |                                                                                                                                                          |                5 |             16 |
|  xc7z020_i/processing_system7_0/inst/FCLK_CLK0 | xc7z020_i/processing_system7_0_axi_periph/s00_couplers/auto_pc/inst/gen_axilite.gen_b2s_conv.axilite_b2s/RD.ar_channel_0/ar_cmd_fsm_0/axlen_cnt_reg[3][0]     |                                                                                                                                                          |                8 |             16 |
|  xc7z020_i/processing_system7_0/inst/FCLK_CLK0 | xc7z020_i/processing_system7_0_axi_periph/s00_couplers/auto_pc/inst/gen_axilite.gen_b2s_conv.axilite_b2s/WR.aw_channel_0/aw_cmd_fsm_0/axlen_cnt_reg[7]_2      |                                                                                                                                                          |                5 |             20 |
|  xc7z020_i/processing_system7_0/inst/FCLK_CLK0 | xc7z020_i/processing_system7_0_axi_periph/s00_couplers/auto_pc/inst/gen_axilite.gen_b2s_conv.axilite_b2s/WR.aw_channel_0/aw_cmd_fsm_0/m_payload_i_reg[0][0]   |                                                                                                                                                          |                7 |             28 |
|  xc7z020_i/processing_system7_0/inst/FCLK_CLK0 | xc7z020_i/processing_system7_0_axi_periph/s00_couplers/auto_pc/inst/gen_axilite.gen_b2s_conv.axilite_b2s/SI_REG/aw_pipe/skid_buffer_reg[0]_0                  |                                                                                                                                                          |                7 |             28 |
|  xc7z020_i/processing_system7_0/inst/FCLK_CLK0 | xc7z020_i/processing_system7_0_axi_periph/s00_couplers/auto_pc/inst/gen_axilite.gen_b2s_conv.axilite_b2s/SI_REG/ar_pipe/skid_buffer_reg[0]_0                  |                                                                                                                                                          |                5 |             28 |
|  xc7z020_i/processing_system7_0/inst/FCLK_CLK0 | xc7z020_i/processing_system7_0_axi_periph/s00_couplers/auto_pc/inst/gen_axilite.gen_b2s_conv.axilite_b2s/RD.ar_channel_0/ar_cmd_fsm_0/m_payload_i_reg[0]_1[0] |                                                                                                                                                          |                6 |             28 |
|  xc7z020_i/processing_system7_0/inst/FCLK_CLK0 | xc7z020_i/encrypt_0/U0/encrypt_PERIPH_BUS_s_axi_U/int_key_V52_out                                                                                             |                                                                                                                                                          |                9 |             32 |
|  xc7z020_i/processing_system7_0/inst/FCLK_CLK0 | xc7z020_i/encrypt_0/U0/encrypt_PERIPH_BUS_s_axi_U/int_key_V31_out                                                                                             |                                                                                                                                                          |                7 |             32 |
|  xc7z020_i/processing_system7_0/inst/FCLK_CLK0 | xc7z020_i/encrypt_0/U0/encrypt_PERIPH_BUS_s_axi_U/int_key_V28_out                                                                                             |                                                                                                                                                          |                6 |             32 |
|  xc7z020_i/processing_system7_0/inst/FCLK_CLK0 | xc7z020_i/encrypt_0/U0/encrypt_PERIPH_BUS_s_axi_U/int_key_V25_out                                                                                             |                                                                                                                                                          |               10 |             32 |
|  xc7z020_i/processing_system7_0/inst/FCLK_CLK0 | xc7z020_i/encrypt_0/U0/encrypt_PERIPH_BUS_s_axi_U/int_key_V22_out                                                                                             |                                                                                                                                                          |                7 |             32 |
|  xc7z020_i/processing_system7_0/inst/FCLK_CLK0 | xc7z020_i/encrypt_0/U0/encrypt_PERIPH_BUS_s_axi_U/int_key_V19_out                                                                                             |                                                                                                                                                          |                4 |             32 |
|  xc7z020_i/processing_system7_0/inst/FCLK_CLK0 | xc7z020_i/encrypt_0/U0/encrypt_PERIPH_BUS_s_axi_U/int_key_V16_out                                                                                             |                                                                                                                                                          |                5 |             32 |
|  xc7z020_i/processing_system7_0/inst/FCLK_CLK0 | xc7z020_i/encrypt_0/U0/encrypt_PERIPH_BUS_s_axi_U/int_key_V55_out                                                                                             |                                                                                                                                                          |                6 |             32 |
|  xc7z020_i/processing_system7_0/inst/FCLK_CLK0 | xc7z020_i/encrypt_0/U0/encrypt_PERIPH_BUS_s_axi_U/int_key_V13_out                                                                                             |                                                                                                                                                          |                4 |             32 |
|  xc7z020_i/processing_system7_0/inst/FCLK_CLK0 | xc7z020_i/encrypt_0/U0/encrypt_PERIPH_BUS_s_axi_U/int_key_V49_out                                                                                             |                                                                                                                                                          |               11 |             32 |
|  xc7z020_i/processing_system7_0/inst/FCLK_CLK0 | xc7z020_i/encrypt_0/U0/encrypt_PERIPH_BUS_s_axi_U/int_key_V46_out                                                                                             |                                                                                                                                                          |                5 |             32 |
|  xc7z020_i/processing_system7_0/inst/FCLK_CLK0 | xc7z020_i/encrypt_0/U0/encrypt_PERIPH_BUS_s_axi_U/int_key_V                                                                                                   |                                                                                                                                                          |                6 |             32 |
|  xc7z020_i/processing_system7_0/inst/FCLK_CLK0 | xc7z020_i/encrypt_0/U0/encrypt_PERIPH_BUS_s_axi_U/int_key_V34_out                                                                                             |                                                                                                                                                          |                9 |             32 |
|  xc7z020_i/processing_system7_0/inst/FCLK_CLK0 | xc7z020_i/encrypt_0/U0/encrypt_PERIPH_BUS_s_axi_U/int_key_V43_out                                                                                             |                                                                                                                                                          |                5 |             32 |
|  xc7z020_i/processing_system7_0/inst/FCLK_CLK0 | xc7z020_i/encrypt_0/U0/encrypt_PERIPH_BUS_s_axi_U/int_key_V40_out                                                                                             |                                                                                                                                                          |                9 |             32 |
|  xc7z020_i/processing_system7_0/inst/FCLK_CLK0 | xc7z020_i/encrypt_0/U0/encrypt_PERIPH_BUS_s_axi_U/int_key_V37_out                                                                                             |                                                                                                                                                          |                5 |             32 |
|  xc7z020_i/processing_system7_0/inst/FCLK_CLK0 | xc7z020_i/encrypt_0/U0/encrypt_PERIPH_BUS_s_axi_U/ar_hs                                                                                                       | xc7z020_i/encrypt_0/U0/encrypt_PERIPH_BUS_s_axi_U/rdata_data[31]_i_1_n_0                                                                                 |               13 |             32 |
|  xc7z020_i/processing_system7_0/inst/FCLK_CLK0 | xc7z020_i/processing_system7_0_axi_periph/s00_couplers/auto_pc/inst/gen_axilite.gen_b2s_conv.axilite_b2s/RD.r_channel_0/rd_data_fifo_0/wr_en0                 |                                                                                                                                                          |                9 |             34 |
|  xc7z020_i/processing_system7_0/inst/FCLK_CLK0 | xc7z020_i/processing_system7_0_axi_periph/s00_couplers/auto_pc/inst/gen_axilite.gen_b2s_conv.axilite_b2s/SI_REG/r_pipe/skid_buffer_reg[0]_0                   |                                                                                                                                                          |                7 |             47 |
|  xc7z020_i/processing_system7_0/inst/FCLK_CLK0 | xc7z020_i/processing_system7_0_axi_periph/s00_couplers/auto_pc/inst/gen_axilite.gen_b2s_conv.axilite_b2s/SI_REG/r_pipe/p_1_in                                 |                                                                                                                                                          |                7 |             47 |
|  xc7z020_i/processing_system7_0/inst/FCLK_CLK0 |                                                                                                                                                               | xc7z020_i/processing_system7_0_axi_periph/s00_couplers/auto_pc/inst/gen_axilite.gen_b2s_conv.axilite_b2s/areset_d1                                       |               15 |             59 |
|  xc7z020_i/processing_system7_0/inst/FCLK_CLK0 | xc7z020_i/encrypt_0/U0/ap_done                                                                                                                                | xc7z020_i/encrypt_0/U0/encrypt_PERIPH_BUS_s_axi_U/SR[0]                                                                                                  |              135 |            512 |
|  xc7z020_i/processing_system7_0/inst/FCLK_CLK0 |                                                                                                                                                               |                                                                                                                                                          |              258 |           1130 |
+------------------------------------------------+---------------------------------------------------------------------------------------------------------------------------------------------------------------+----------------------------------------------------------------------------------------------------------------------------------------------------------+------------------+----------------+


