Copyright 1986-2016 Xilinx, Inc. All Rights Reserved.
------------------------------------------------------------------------------------
| Tool Version : Vivado v.2016.2 (lin64) Build 1577090 Thu Jun  2 16:32:35 MDT 2016
| Date         : Wed Feb  1 18:52:54 2017
| Host         : linux-Inspiron-5565 running 64-bit Ubuntu 14.04.5 LTS
| Command      : upgrade_ip
| Device       : xc7z020clg484-1
------------------------------------------------------------------------------------

Upgrade Log for IP 'xc7z020_bigint_math_0_1'

1. Summary
----------

SUCCESS in the upgrade of xc7z020_bigint_math_0_1 (xilinx.com:hls:bigint_math:1.0) from (Rev. 1702011819) to (Rev. 1702011851)






Copyright 1986-2016 Xilinx, Inc. All Rights Reserved.
------------------------------------------------------------------------------------
| Tool Version : Vivado v.2016.2 (lin64) Build 1577090 Thu Jun  2 16:32:35 MDT 2016
| Date         : Wed Feb  1 18:21:10 2017
| Host         : linux-Inspiron-5565 running 64-bit Ubuntu 14.04.5 LTS
| Command      : upgrade_ip
| Device       : xc7z020clg484-1
------------------------------------------------------------------------------------

Upgrade Log for IP 'xc7z020_bigint_math_0_1'

1. Summary
----------

CAUTION (success, with warnings) in the upgrade of xc7z020_bigint_math_0_1 (xilinx.com:hls:bigint_math:1.0) from (Rev. 1702011712) to (Rev. 1702011819)

After upgrade, an IP may have parameter and port differences compared to the original customization. Please review the parameters within the IP customization GUI to ensure proper functionality. Also, please review the updated IP instantiation template to ensure proper connectivity, and update your design if required.

2. Connection Warnings
----------------------

Detected external port differences while upgrading 'xc7z020_bigint_math_0_1'. These changes may impact your design.


-Upgraded port 's_axi_PERIPH_BUS_ARADDR' width 11 differs from original width 14

-Upgraded port 's_axi_PERIPH_BUS_AWADDR' width 11 differs from original width 14







Copyright 1986-2016 Xilinx, Inc. All Rights Reserved.
------------------------------------------------------------------------------------
| Tool Version : Vivado v.2016.2 (lin64) Build 1577090 Thu Jun  2 16:32:35 MDT 2016
| Date         : Wed Feb  1 17:15:36 2017
| Host         : linux-Inspiron-5565 running 64-bit Ubuntu 14.04.5 LTS
| Command      : upgrade_ip
| Device       : xc7z020clg484-1
------------------------------------------------------------------------------------

Upgrade Log for IP 'xc7z020_bigint_math_0_1'

1. Summary
----------

CAUTION (success, with warnings) in the upgrade of xc7z020_bigint_math_0_1 (xilinx.com:hls:bigint_math:1.0) from (Rev. 1702011623) to (Rev. 1702011712)

After upgrade, an IP may have parameter and port differences compared to the original customization. Please review the parameters within the IP customization GUI to ensure proper functionality. Also, please review the updated IP instantiation template to ensure proper connectivity, and update your design if required.

2. Connection Warnings
----------------------

Detected external port differences while upgrading 'xc7z020_bigint_math_0_1'. These changes may impact your design.


-Upgraded port 's_axi_PERIPH_BUS_ARADDR' width 14 differs from original width 13

-Upgraded port 's_axi_PERIPH_BUS_AWADDR' width 14 differs from original width 13


