@I [HLS-0] Workspace /home/linux/Documents/DLA/fw/hls/BigInt/solution1 opened at Sun Mar 19 09:53:44 MDT 2017
@I [HLS-100] Command "config_clock -quiet -name default -period 50 -default=false "
@I [SYN-201] Setting up clock 'default' with a period of 50ns.
@I [HLS-100] Command 'config_clock' returned 0; elapsed 0.000482Total elapsed time: 0.837 sec.
@I [HLS-100] Command "open_platform DefaultPlatform "
@I [HLS-100] Command 'open_platform' returned 0; elapsed 0.000105Total elapsed time: 0.840 sec.
@I [HLS-100] Command "import_lib /home/Xilinx/Vivado_HLS/2016.2/common/technology/xilinx/zynq/zynq "
@I [HLS-100] Command "source /home/Xilinx/Vivado_HLS/2016.2/common/technology/xilinx/common/xilinx.lib "
@I [HLS-100] Command "source /home/Xilinx/Vivado_HLS/2016.2/common/technology/xilinx/interface/xilinx_interface.lib "
@I [HLS-100] Command "source /home/Xilinx/Vivado_HLS/2016.2/common/technology/xilinx/interface/plb46.lib "
@I [HLS-100] Command 'ap_source' returned 0; elapsed 0.000745Total elapsed time: 0.842 sec.
@I [HLS-100] Command "source /home/Xilinx/Vivado_HLS/2016.2/common/technology/xilinx/interface/fsl.lib "
@I [HLS-100] Command 'ap_source' returned 0; elapsed 0.000447Total elapsed time: 0.843 sec.
@I [HLS-100] Command "source /home/Xilinx/Vivado_HLS/2016.2/common/technology/xilinx/interface/axi4.lib "
@I [HLS-100] Command 'ap_source' returned 0; elapsed 0.0006Total elapsed time: 0.844 sec.
@I [HLS-100] Command "source /home/Xilinx/Vivado_HLS/2016.2/common/technology/xilinx/interface/maxi.lib "
@I [HLS-100] Command 'ap_source' returned 0; elapsed 0.000481Total elapsed time: 0.845 sec.
@I [HLS-100] Command "source /home/Xilinx/Vivado_HLS/2016.2/common/technology/xilinx/interface/saxilite.lib "
@I [HLS-100] Command 'ap_source' returned 0; elapsed 0.000313Total elapsed time: 0.846 sec.
@I [HLS-100] Command 'ap_source' returned 0; elapsed 0.005292Total elapsed time: 0.847 sec.
@I [HLS-100] Command "source /home/Xilinx/Vivado_HLS/2016.2/common/technology/xilinx/common/dsp48.lib "
@I [HLS-100] Command 'ap_source' returned 0; elapsed 0.000308Total elapsed time: 0.847 sec.
@I [HLS-100] Command "source /home/Xilinx/Vivado_HLS/2016.2/common/technology/xilinx/ip/xfft.lib "
@I [HLS-100] Command 'ap_source' returned 0; elapsed 0.000209Total elapsed time: 0.848 sec.
@I [HLS-100] Command "source /home/Xilinx/Vivado_HLS/2016.2/common/technology/xilinx/ip/dds_compiler.lib "
@I [HLS-100] Command 'ap_source' returned 0; elapsed 0.000168Total elapsed time: 0.849 sec.
@I [HLS-100] Command "source /home/Xilinx/Vivado_HLS/2016.2/common/technology/xilinx/ip/xfir.lib "
@I [HLS-100] Command 'ap_source' returned 0; elapsed 0.000231Total elapsed time: 0.849 sec.
@I [HLS-100] Command 'ap_source' returned 0; elapsed 0.014984Total elapsed time: 0.856 sec.
@I [HLS-100] Command "source /home/Xilinx/Vivado_HLS/2016.2/common/technology/xilinx/common/xilinx_old.lib "
@I [HLS-100] Command 'ap_source' returned 0; elapsed 0.002156Total elapsed time: 0.863 sec.
@I [HLS-100] Command "source /home/Xilinx/Vivado_HLS/2016.2/common/technology/xilinx/common/xilinx_vivado.lib "
@I [HLS-100] Command 'ap_source' returned 0; elapsed 0.002575Total elapsed time: 0.867 sec.
@I [HLS-100] Command "source /home/Xilinx/Vivado_HLS/2016.2/common/technology/xilinx/common/xilinx.hlp "
@I [HLS-100] Command "source /home/Xilinx/Vivado_HLS/2016.2/common/technology/xilinx/common/target_info.tcl "
@I [HLS-100] Command 'ap_source' returned 0; elapsed 0.000441Total elapsed time: 0.876 sec.
@I [HLS-100] Command "source /home/Xilinx/Vivado_HLS/2016.2/common/technology/xilinx/interface/xilinx_interface.hlp "
@I [HLS-100] Command "source /home/Xilinx/Vivado_HLS/2016.2/common/technology/xilinx/interface/maxi.hlp "
@I [HLS-100] Command 'ap_source' returned 0; elapsed 0.00033Total elapsed time: 0.878 sec.
@I [HLS-100] Command "source /home/Xilinx/Vivado_HLS/2016.2/common/technology/xilinx/interface/saxilite.hlp "
@I [HLS-100] Command 'ap_source' returned 0; elapsed 0.000219Total elapsed time: 0.879 sec.
@I [HLS-100] Command 'ap_source' returned 0; elapsed 0.002071Total elapsed time: 0.879 sec.
@I [HLS-100] Command "source /home/Xilinx/Vivado_HLS/2016.2/common/technology/xilinx/common/dsp48.hlp "
@I [HLS-100] Command 'ap_source' returned 0; elapsed 0.00154Total elapsed time: 0.882 sec.
@I [HLS-100] Command 'ap_source' returned 0; elapsed 0.009179Total elapsed time: 0.883 sec.
@I [HLS-100] Command "source /home/Xilinx/Vivado_HLS/2016.2/common/technology/xilinx/zynq/dsp48e1.hlp "
@I [HLS-100] Command 'ap_source' returned 0; elapsed 0.00025Total elapsed time: 0.884 sec.
@I [HLS-100] Command "get_default_platform "
@I [HLS-100] Command 'get_default_platform' returned 0; elapsed 1.4e-05Total elapsed time: 0.885 sec.
@I [HLS-100] Command "config_chip_info -quiet -resource  {SLICE 13300}  {LUT 53200}     {FF 106400} {DSP48E 220}   {BRAM 280}  "
@I [HLS-100] Command 'config_chip_info' returned 0; elapsed 4.4e-05Total elapsed time: 0.886 sec.
@I [HLS-100] Command "config_chip_info -quiet -speed medium "
@I [HLS-100] Command 'config_chip_info' returned 0; elapsed 1e-05Total elapsed time: 0.886 sec.
@I [HLS-100] Command 'import_lib' returned 0; elapsed 0.049966Total elapsed time: 0.890 sec.
@I [HLS-100] Command "source /home/Xilinx/Vivado_HLS/2016.2/common/technology/xilinx/zynq/zynq.gen "
@I [HLS-100] Command "source /home/Xilinx/Vivado_HLS/2016.2/common/technology/xilinx/common/virtex.gen "
@I [HLS-100] Command "source /home/Xilinx/Vivado_HLS/2016.2/common/technology/xilinx/common/xilinx.gen "
@I [HLS-100] Command "source /home/Xilinx/Vivado_HLS/2016.2/common/technology/xilinx/interface/plb46.gen "
@I [HLS-100] Command 'ap_source' returned 0; elapsed 0.00327Total elapsed time: 0.896 sec.
@I [HLS-100] Command "source /home/Xilinx/Vivado_HLS/2016.2/common/technology/xilinx/interface/fsl.gen "
@I [HLS-100] Command 'ap_source' returned 0; elapsed 0.001302Total elapsed time: 0.898 sec.
@I [HLS-100] Command "source /home/Xilinx/Vivado_HLS/2016.2/common/technology/xilinx/interface/axi4.gen "
@I [HLS-100] Command 'ap_source' returned 0; elapsed 0.005338Total elapsed time: 0.904 sec.
@I [HLS-100] Command "source /home/Xilinx/Vivado_HLS/2016.2/common/technology/xilinx/interface/nativeAXI4.gen "
@I [HLS-100] Command "source /home/Xilinx/Vivado_HLS/2016.2/common/technology/xilinx/interface/saxilite.gen "
@I [HLS-100] Command 'ap_source' returned 0; elapsed 0.009588Total elapsed time: 0.915 sec.
@I [HLS-100] Command "source /home/Xilinx/Vivado_HLS/2016.2/common/technology/xilinx/interface/maxi.gen "
@I [HLS-100] Command 'ap_source' returned 0; elapsed 0.020719Total elapsed time: 0.937 sec.
@I [HLS-100] Command 'ap_source' returned 0; elapsed 0.032301Total elapsed time: 0.938 sec.
@I [HLS-100] Command "source /home/Xilinx/Vivado_HLS/2016.2/common/technology/xilinx/scripts/xilinxcoregen.gen "
@I [HLS-100] Command 'ap_source' returned 0; elapsed 0.025663Total elapsed time: 0.964 sec.
@I [HLS-100] Command "source /home/Xilinx/Vivado_HLS/2016.2/common/technology/xilinx/interface/XilEDKCoreGen.gen "
@I [HLS-100] Command 'ap_source' returned 0; elapsed 0.021176Total elapsed time: 0.986 sec.
@I [HLS-100] Command "source /home/Xilinx/Vivado_HLS/2016.2/common/technology/xilinx/ip/util.gen "
@I [HLS-100] Command 'ap_source' returned 0; elapsed 0.000444Total elapsed time: 0.987 sec.
@I [HLS-100] Command "source /home/Xilinx/Vivado_HLS/2016.2/common/technology/xilinx/ip/dds_compiler.gen "
@I [HLS-100] Command 'ap_source' returned 0; elapsed 0.008841Total elapsed time: 0.997 sec.
@I [HLS-100] Command "source /home/Xilinx/Vivado_HLS/2016.2/common/technology/xilinx/ip/xfft.gen "
@I [HLS-100] Command 'ap_source' returned 0; elapsed 0.280371Total elapsed time: 1.278 sec.
@I [HLS-100] Command "source /home/Xilinx/Vivado_HLS/2016.2/common/technology/xilinx/ip/xfir.gen "
@I [HLS-100] Command 'ap_source' returned 0; elapsed 0.001919Total elapsed time: 1.281 sec.
@I [HLS-100] Command 'ap_source' returned 0; elapsed 0.387955Total elapsed time: 1.281 sec.
@I [HLS-100] Command "source /home/Xilinx/Vivado_HLS/2016.2/common/technology/xilinx/common/dsp48.gen "
@I [HLS-100] Command 'ap_source' returned 0; elapsed 0.000401Total elapsed time: 1.287 sec.
@I [HLS-100] Command 'ap_source' returned 0; elapsed 0.394974Total elapsed time: 1.287 sec.
@I [HLS-100] Command 'ap_source' returned 0; elapsed 0.395746Total elapsed time: 1.288 sec.
@I [HLS-100] Command "open_platform DefaultPlatform "
@I [HLS-100] Command 'open_platform' returned 0; elapsed 1.5e-05Total elapsed time: 1.288 sec.
@I [HLS-100] Command "import_lib /home/Xilinx/Vivado_HLS/2016.2/common/technology/xilinx/zynq/zynq_fpv6 "
@I [HLS-100] Command "source /home/Xilinx/Vivado_HLS/2016.2/common/technology/xilinx/common/xilinx_fpv7.lib "
@I [HLS-100] Command "source /home/Xilinx/Vivado_HLS/2016.2/common/technology/xilinx/common/xilinx_hp.lib "
@I [HLS-100] Command 'ap_source' returned 0; elapsed 0.001699Total elapsed time: 1.292 sec.
@I [HLS-100] Command 'ap_source' returned 0; elapsed 0.010026Total elapsed time: 1.300 sec.
@I [HLS-100] Command "source /home/Xilinx/Vivado_HLS/2016.2/common/technology/xilinx/common/xilinx_fpv.hlp "
@I [HLS-100] Command "source /home/Xilinx/Vivado_HLS/2016.2/common/technology/xilinx/common/xilinx.hlp "
@I [HLS-100] Command "source /home/Xilinx/Vivado_HLS/2016.2/common/technology/xilinx/common/target_info.tcl "
@I [HLS-100] Command 'ap_source' returned 0; elapsed 0.000402Total elapsed time: 1.317 sec.
@I [HLS-100] Command "source /home/Xilinx/Vivado_HLS/2016.2/common/technology/xilinx/interface/xilinx_interface.hlp "
@I [HLS-100] Command "source /home/Xilinx/Vivado_HLS/2016.2/common/technology/xilinx/interface/maxi.hlp "
@I [HLS-100] Command 'ap_source' returned 0; elapsed 0.000316Total elapsed time: 1.318 sec.
@I [HLS-100] Command "source /home/Xilinx/Vivado_HLS/2016.2/common/technology/xilinx/interface/saxilite.hlp "
@I [HLS-100] Command 'ap_source' returned 0; elapsed 0.000231Total elapsed time: 1.318 sec.
@I [HLS-100] Command 'ap_source' returned 0; elapsed 0.001418Total elapsed time: 1.318 sec.
@I [HLS-100] Command "source /home/Xilinx/Vivado_HLS/2016.2/common/technology/xilinx/common/dsp48.hlp "
@I [HLS-100] Command 'ap_source' returned 0; elapsed 0.001468Total elapsed time: 1.321 sec.
@I [HLS-100] Command 'ap_source' returned 0; elapsed 0.007156Total elapsed time: 1.323 sec.
@I [HLS-100] Command 'ap_source' returned 0; elapsed 0.008907Total elapsed time: 1.324 sec.
@I [HLS-100] Command "source /home/Xilinx/Vivado_HLS/2016.2/common/technology/xilinx/zynq/zynq_hp.hlp "
@I [HLS-100] Command 'ap_source' returned 0; elapsed 0.002419Total elapsed time: 1.327 sec.
@I [HLS-100] Command 'import_lib' returned 0; elapsed 0.050375Total elapsed time: 1.339 sec.
@I [HLS-100] Command "source /home/Xilinx/Vivado_HLS/2016.2/common/technology/xilinx/zynq/zynq_fpv6.gen "
@I [HLS-100] Command "source /home/Xilinx/Vivado_HLS/2016.2/common/technology/xilinx/common/xilinx_fpv6.gen "
@I [HLS-100] Command 'ap_source' returned 0; elapsed 0.004225Total elapsed time: 1.345 sec.
@I [HLS-100] Command 'ap_source' returned 0; elapsed 0.00532Total elapsed time: 1.346 sec.
@I [HLS-100] Command "set_part xc7z020clg484-1 "
@I [HLS-100] Command "add_library xilinx/zynq/zynq:xc7z020:clg484:-1 "
@I [HLS-100] Command "get_default_platform "
@I [HLS-100] Command 'get_default_platform' returned 0; elapsed 1.3e-05Total elapsed time: 1.358 sec.
@I [HLS-100] Command "license_isbetapart xc7z020 "
@I [HLS-100] Command 'license_isbetapart' returned 1; elapsed 0.015734Total elapsed time: 1.376 sec.
@I [HLS-100] Command "get_default_platform "
@I [HLS-100] Command 'get_default_platform' returned 0; elapsed 1.9e-05Total elapsed time: 1.378 sec.
@I [HLS-100] Command "config_chip_info -quiet -resource  {SLICE 13300}  {LUT 53200}     {FF 106400} {DSP48E 220}   {BRAM 280}  "
@I [HLS-100] Command 'config_chip_info' returned 0; elapsed 3.2e-05Total elapsed time: 1.379 sec.
@I [HLS-100] Command "config_chip_info -quiet -speed slow "
@I [HLS-100] Command 'config_chip_info' returned 0; elapsed 1e-05Total elapsed time: 1.379 sec.
@I [HLS-100] Command 'add_library' returned 0; elapsed 0.025384Total elapsed time: 1.382 sec.
@I [HLS-100] Command "add_library xilinx/zynq/zynq_fpv6 "
@I [HLS-100] Command "get_default_platform "
@I [HLS-100] Command 'get_default_platform' returned 0; elapsed 1.1e-05Total elapsed time: 1.384 sec.
@I [HLS-100] Command 'add_library' returned 0; elapsed 0.004128Total elapsed time: 1.387 sec.
@I [HLS-10] Setting target device to 'xc7z020clg484-1'
@I [HLS-100] Command 'set_part' returned 0; elapsed 0.040242Total elapsed time: 1.388 sec.
@I [HLS-100] Command "get_default_platform "
@I [HLS-100] Command 'get_default_platform' returned 0; elapsed 1.1e-05Total elapsed time: 1.388 sec.
@I [HLS-100] Command "config_chip_info -quiet -resource  {SLICE 13300}  {LUT 53200}     {FF 106400} {DSP48E 220}   {BRAM 280}  "
@I [HLS-100] Command 'config_chip_info' returned 0; elapsed 2.9e-05Total elapsed time: 1.389 sec.
@I [HLS-100] Command "config_chip_info -quiet -speed slow "
@I [HLS-100] Command 'config_chip_info' returned 0; elapsed 1e-05Total elapsed time: 1.389 sec.
@I [HLS-100] Command 'open_solution' returned 0; elapsed 0.568994Total elapsed time: 1.391 sec.
@I [HLS-100] Command "export_design -format ip_catalog "
@I [HLS-100] Command "source /home/linux/Documents/DLA/fw/hls/BigInt/solution1/.autopilot/db/global.setting.tcl "
@I [HLS-100] Command 'ap_source' returned 0; elapsed 0.000513Total elapsed time: 1.405 sec.
@I [HLS-100] Command "source /home/Xilinx/Vivado_HLS/2016.2/common/technology/generic/autopilot/common.gen "
@I [HLS-100] Command "source /home/Xilinx/Vivado_HLS/2016.2/common/technology/generic/autopilot/APCoreGen.gen "
@I [HLS-100] Command 'ap_source' returned 0; elapsed 0.001373Total elapsed time: 1.416 sec.
@I [HLS-100] Command 'ap_source' returned 0; elapsed 0.003299Total elapsed time: 1.417 sec.
@I [HLS-100] Command "source /home/Xilinx/Vivado_HLS/2016.2/common/technology/generic/autopilot/op.gen "
@I [HLS-100] Command 'ap_source' returned 0; elapsed 0.00081Total elapsed time: 1.419 sec.
@I [HLS-100] Command "source /home/Xilinx/Vivado_HLS/2016.2/common/technology/generic/autopilot/op_simcore.gen "
@I [HLS-100] Command 'ap_source' returned 0; elapsed 0.002308Total elapsed time: 1.422 sec.
@I [HLS-100] Command "source /home/Xilinx/Vivado_HLS/2016.2/common/technology/generic/autopilot/interface.gen "
@I [HLS-100] Command 'ap_source' returned 0; elapsed 0.000235Total elapsed time: 1.423 sec.
@I [HLS-100] Command "source /home/linux/Documents/DLA/fw/hls/BigInt/solution1/.autopilot/db/global.setting.tcl "
@I [HLS-100] Command 'ap_source' returned 0; elapsed 0.000398Total elapsed time: 1.424 sec.
@I [HLS-100] Command "source /home/Xilinx/Vivado_HLS/2016.2/common/technology/xilinx/zynq/zynq.gen "
@I [HLS-100] Command "source /home/Xilinx/Vivado_HLS/2016.2/common/technology/xilinx/common/virtex.gen "
@I [HLS-100] Command "source /home/Xilinx/Vivado_HLS/2016.2/common/technology/xilinx/common/xilinx.gen "
@I [HLS-100] Command "source /home/Xilinx/Vivado_HLS/2016.2/common/technology/xilinx/interface/plb46.gen "
@I [HLS-100] Command 'ap_source' returned 0; elapsed 0.002963Total elapsed time: 1.428 sec.
@I [HLS-100] Command "source /home/Xilinx/Vivado_HLS/2016.2/common/technology/xilinx/interface/fsl.gen "
@I [HLS-100] Command 'ap_source' returned 0; elapsed 0.001453Total elapsed time: 1.431 sec.
@I [HLS-100] Command "source /home/Xilinx/Vivado_HLS/2016.2/common/technology/xilinx/interface/axi4.gen "
@I [HLS-100] Command 'ap_source' returned 0; elapsed 0.005487Total elapsed time: 1.437 sec.
@I [HLS-100] Command "source /home/Xilinx/Vivado_HLS/2016.2/common/technology/xilinx/interface/nativeAXI4.gen "
@I [HLS-100] Command "source /home/Xilinx/Vivado_HLS/2016.2/common/technology/xilinx/interface/saxilite.gen "
@I [HLS-100] Command 'ap_source' returned 0; elapsed 0.009537Total elapsed time: 1.447 sec.
@I [HLS-100] Command "source /home/Xilinx/Vivado_HLS/2016.2/common/technology/xilinx/interface/maxi.gen "
@I [HLS-100] Command 'ap_source' returned 0; elapsed 0.019707Total elapsed time: 1.468 sec.
@I [HLS-100] Command 'ap_source' returned 0; elapsed 0.030771Total elapsed time: 1.468 sec.
@I [HLS-100] Command "source /home/Xilinx/Vivado_HLS/2016.2/common/technology/xilinx/scripts/xilinxcoregen.gen "
@I [HLS-100] Command 'ap_source' returned 0; elapsed 0.02584Total elapsed time: 1.495 sec.
@I [HLS-100] Command "source /home/Xilinx/Vivado_HLS/2016.2/common/technology/xilinx/interface/XilEDKCoreGen.gen "
@I [HLS-100] Command 'ap_source' returned 0; elapsed 0.021151Total elapsed time: 1.517 sec.
@I [HLS-100] Command "source /home/Xilinx/Vivado_HLS/2016.2/common/technology/xilinx/ip/util.gen "
@I [HLS-100] Command 'ap_source' returned 0; elapsed 0.000459Total elapsed time: 1.518 sec.
@I [HLS-100] Command "source /home/Xilinx/Vivado_HLS/2016.2/common/technology/xilinx/ip/dds_compiler.gen "
@I [HLS-100] Command 'ap_source' returned 0; elapsed 0.008988Total elapsed time: 1.527 sec.
@I [HLS-100] Command "source /home/Xilinx/Vivado_HLS/2016.2/common/technology/xilinx/ip/xfft.gen "
@I [HLS-100] Command 'ap_source' returned 0; elapsed 0.282567Total elapsed time: 1.811 sec.
@I [HLS-100] Command "source /home/Xilinx/Vivado_HLS/2016.2/common/technology/xilinx/ip/xfir.gen "
@I [HLS-100] Command 'ap_source' returned 0; elapsed 0.002038Total elapsed time: 1.814 sec.
@I [HLS-100] Command 'ap_source' returned 0; elapsed 0.388255Total elapsed time: 1.814 sec.
@I [HLS-100] Command "source /home/Xilinx/Vivado_HLS/2016.2/common/technology/xilinx/common/dsp48.gen "
@I [HLS-100] Command 'ap_source' returned 0; elapsed 0.000422Total elapsed time: 1.819 sec.
@I [HLS-100] Command 'ap_source' returned 0; elapsed 0.394985Total elapsed time: 1.820 sec.
@I [HLS-100] Command 'ap_source' returned 0; elapsed 0.395566Total elapsed time: 1.821 sec.
@I [HLS-100] Command "source /home/Xilinx/Vivado_HLS/2016.2/common/technology/xilinx/zynq/zynq_fpv6.gen "
@I [HLS-100] Command "source /home/Xilinx/Vivado_HLS/2016.2/common/technology/xilinx/common/xilinx_fpv6.gen "
@I [HLS-100] Command 'ap_source' returned 0; elapsed 0.00441Total elapsed time: 1.826 sec.
@I [HLS-100] Command 'ap_source' returned 0; elapsed 0.005337Total elapsed time: 1.826 sec.
@I [HLS-100] Command "source /home/linux/Documents/DLA/fw/hls/BigInt/solution1/.autopilot/db/global.setting.tcl "
@I [HLS-100] Command 'ap_source' returned 0; elapsed 0.000549Total elapsed time: 1.828 sec.
@I [IMPL-8] Exporting RTL as an IP in IP-XACT.
@I [HLS-100] Command "source /home/linux/Documents/DLA/fw/hls/BigInt/solution1/.autopilot/db/global.setting.tcl "
@I [HLS-100] Command 'ap_source' returned 0; elapsed 0.000469Total elapsed time: 1.836 sec.
@I [HLS-100] Command "source /home/linux/Documents/DLA/fw/hls/BigInt/solution1/.autopilot/db/global.setting.tcl "
@I [HLS-100] Command 'ap_source' returned 0; elapsed 0.000481Total elapsed time: 1.850 sec.
@I [HLS-100] Command "source /home/Xilinx/Vivado_HLS/2016.2/common/technology/generic/autopilot/common.gen "
@I [HLS-100] Command "source /home/Xilinx/Vivado_HLS/2016.2/common/technology/generic/autopilot/APCoreGen.gen "
@I [HLS-100] Command 'ap_source' returned 0; elapsed 0.001296Total elapsed time: 1.853 sec.
@I [HLS-100] Command 'ap_source' returned 0; elapsed 0.003299Total elapsed time: 1.854 sec.
@I [HLS-100] Command "source /home/Xilinx/Vivado_HLS/2016.2/common/technology/generic/autopilot/op.gen "
@I [HLS-100] Command 'ap_source' returned 0; elapsed 0.000835Total elapsed time: 1.856 sec.
@I [HLS-100] Command "source /home/Xilinx/Vivado_HLS/2016.2/common/technology/generic/autopilot/op_simcore.gen "
@I [HLS-100] Command 'ap_source' returned 0; elapsed 0.002297Total elapsed time: 1.859 sec.
@I [HLS-100] Command "source /home/Xilinx/Vivado_HLS/2016.2/common/technology/generic/autopilot/interface.gen "
@I [HLS-100] Command 'ap_source' returned 0; elapsed 0.000249Total elapsed time: 1.859 sec.
@I [HLS-100] Command "source /home/linux/Documents/DLA/fw/hls/BigInt/solution1/.autopilot/db/global.setting.tcl "
@I [HLS-100] Command 'ap_source' returned 0; elapsed 0.000461Total elapsed time: 1.860 sec.
@I [HLS-100] Command "source /home/Xilinx/Vivado_HLS/2016.2/common/technology/xilinx/zynq/zynq.gen "
@I [HLS-100] Command "source /home/Xilinx/Vivado_HLS/2016.2/common/technology/xilinx/common/virtex.gen "
@I [HLS-100] Command "source /home/Xilinx/Vivado_HLS/2016.2/common/technology/xilinx/common/xilinx.gen "
@I [HLS-100] Command "source /home/Xilinx/Vivado_HLS/2016.2/common/technology/xilinx/interface/plb46.gen "
@I [HLS-100] Command 'ap_source' returned 0; elapsed 0.002324Total elapsed time: 1.864 sec.
@I [HLS-100] Command "source /home/Xilinx/Vivado_HLS/2016.2/common/technology/xilinx/interface/fsl.gen "
@I [HLS-100] Command 'ap_source' returned 0; elapsed 0.001424Total elapsed time: 1.867 sec.
@I [HLS-100] Command "source /home/Xilinx/Vivado_HLS/2016.2/common/technology/xilinx/interface/axi4.gen "
@I [HLS-100] Command 'ap_source' returned 0; elapsed 0.005328Total elapsed time: 1.873 sec.
@I [HLS-100] Command "source /home/Xilinx/Vivado_HLS/2016.2/common/technology/xilinx/interface/nativeAXI4.gen "
@I [HLS-100] Command "source /home/Xilinx/Vivado_HLS/2016.2/common/technology/xilinx/interface/saxilite.gen "
@I [HLS-100] Command 'ap_source' returned 0; elapsed 0.009124Total elapsed time: 1.883 sec.
@I [HLS-100] Command "source /home/Xilinx/Vivado_HLS/2016.2/common/technology/xilinx/interface/maxi.gen "
@I [HLS-100] Command 'ap_source' returned 0; elapsed 0.019401Total elapsed time: 1.903 sec.
@I [HLS-100] Command 'ap_source' returned 0; elapsed 0.030105Total elapsed time: 1.903 sec.
@I [HLS-100] Command "source /home/Xilinx/Vivado_HLS/2016.2/common/technology/xilinx/scripts/xilinxcoregen.gen "
@I [HLS-100] Command 'ap_source' returned 0; elapsed 0.024597Total elapsed time: 1.928 sec.
@I [HLS-100] Command "source /home/Xilinx/Vivado_HLS/2016.2/common/technology/xilinx/interface/XilEDKCoreGen.gen "
@I [HLS-100] Command 'ap_source' returned 0; elapsed 0.022148Total elapsed time: 1.951 sec.
@I [HLS-100] Command "source /home/Xilinx/Vivado_HLS/2016.2/common/technology/xilinx/ip/util.gen "
@I [HLS-100] Command 'ap_source' returned 0; elapsed 0.000438Total elapsed time: 1.953 sec.
@I [HLS-100] Command "source /home/Xilinx/Vivado_HLS/2016.2/common/technology/xilinx/ip/dds_compiler.gen "
@I [HLS-100] Command 'ap_source' returned 0; elapsed 0.00903Total elapsed time: 1.962 sec.
@I [HLS-100] Command "source /home/Xilinx/Vivado_HLS/2016.2/common/technology/xilinx/ip/xfft.gen "
@I [HLS-100] Command 'ap_source' returned 0; elapsed 0.274035Total elapsed time: 2.237 sec.
@I [HLS-100] Command "source /home/Xilinx/Vivado_HLS/2016.2/common/technology/xilinx/ip/xfir.gen "
@I [HLS-100] Command 'ap_source' returned 0; elapsed 0.002154Total elapsed time: 2.240 sec.
@I [HLS-100] Command 'ap_source' returned 0; elapsed 0.378338Total elapsed time: 2.241 sec.
@I [HLS-100] Command "source /home/Xilinx/Vivado_HLS/2016.2/common/technology/xilinx/common/dsp48.gen "
@I [HLS-100] Command 'ap_source' returned 0; elapsed 0.000543Total elapsed time: 2.246 sec.
@I [HLS-100] Command 'ap_source' returned 0; elapsed 0.385173Total elapsed time: 2.247 sec.
@I [HLS-100] Command 'ap_source' returned 0; elapsed 0.385942Total elapsed time: 2.247 sec.
@I [HLS-100] Command "source /home/Xilinx/Vivado_HLS/2016.2/common/technology/xilinx/zynq/zynq_fpv6.gen "
@I [HLS-100] Command "source /home/Xilinx/Vivado_HLS/2016.2/common/technology/xilinx/common/xilinx_fpv6.gen "
@I [HLS-100] Command 'ap_source' returned 0; elapsed 0.004014Total elapsed time: 2.252 sec.
@I [HLS-100] Command 'ap_source' returned 0; elapsed 0.004922Total elapsed time: 2.253 sec.
@I [HLS-100] Command "source /home/linux/Documents/DLA/fw/hls/BigInt/solution1/.autopilot/db/global.setting.tcl "
@I [HLS-100] Command 'ap_source' returned 0; elapsed 0.000446Total elapsed time: 2.255 sec.
@I [HLS-100] Command "source /home/linux/Documents/DLA/fw/hls/BigInt/solution1/.autopilot/db/global.setting.tcl "
@I [HLS-100] Command 'ap_source' returned 0; elapsed 0.000487Total elapsed time: 2.260 sec.
@I [HLS-100] Command "source /home/linux/Documents/DLA/fw/hls/BigInt/solution1/.autopilot/db/bigint_math_bigint_zero.compgen.tcl "
@I [HLS-100] Command 'ap_source' returned 0; elapsed 0.000394Total elapsed time: 2.262 sec.
@I [HLS-100] Command "source /home/linux/Documents/DLA/fw/hls/BigInt/solution1/.autopilot/db/bigint_math_bigint_copy.compgen.tcl "
@I [HLS-100] Command 'ap_source' returned 0; elapsed 0.00034Total elapsed time: 2.263 sec.
@I [HLS-100] Command "source /home/linux/Documents/DLA/fw/hls/BigInt/solution1/.autopilot/db/bigint_math_bigint_compare.compgen.tcl "
@I [HLS-100] Command 'ap_source' returned 0; elapsed 0.00055Total elapsed time: 2.265 sec.
@I [HLS-100] Command "source /home/linux/Documents/DLA/fw/hls/BigInt/solution1/.autopilot/db/bigint_math_bigint_leftshift.compgen.tcl "
@I [HLS-100] Command 'ap_source' returned 0; elapsed 0.000371Total elapsed time: 2.266 sec.
@I [HLS-100] Command "source /home/linux/Documents/DLA/fw/hls/BigInt/solution1/.autopilot/db/bigint_math_bigint_add.compgen.tcl "
@I [HLS-100] Command 'ap_source' returned 0; elapsed 0.000531Total elapsed time: 2.267 sec.
@I [HLS-100] Command "source /home/linux/Documents/DLA/fw/hls/BigInt/solution1/.autopilot/db/bigint_math_bigint_sub.compgen.tcl "
@I [HLS-100] Command 'ap_source' returned 0; elapsed 0.000345Total elapsed time: 2.268 sec.
@I [HLS-100] Command "source /home/linux/Documents/DLA/fw/hls/BigInt/solution1/.autopilot/db/bigint_math_bigint_rightshift.compgen.tcl "
@I [HLS-100] Command 'ap_source' returned 0; elapsed 0.000361Total elapsed time: 2.269 sec.
@I [HLS-100] Command "source /home/linux/Documents/DLA/fw/hls/BigInt/solution1/.autopilot/db/bigint_math_bigint_add_1.compgen.tcl "
@I [HLS-100] Command 'ap_source' returned 0; elapsed 0.000329Total elapsed time: 2.270 sec.
@I [HLS-100] Command "source /home/linux/Documents/DLA/fw/hls/BigInt/solution1/.autopilot/db/bigint_math_bigint_mul.compgen.tcl "
@I [HLS-100] Command 'ap_source' returned 0; elapsed 0.000345Total elapsed time: 2.271 sec.
@I [HLS-100] Command "source /home/linux/Documents/DLA/fw/hls/BigInt/solution1/.autopilot/db/bigint_math_bigint_longdiv.compgen.tcl "
@I [HLS-100] Command 'ap_source' returned 0; elapsed 0.000796Total elapsed time: 2.273 sec.
@I [HLS-100] Command "source /home/linux/Documents/DLA/fw/hls/BigInt/solution1/.autopilot/db/bigint_math_bigint_mul_1.compgen.tcl "
@I [HLS-100] Command 'ap_source' returned 0; elapsed 0.000364Total elapsed time: 2.274 sec.
@I [HLS-100] Command "source /home/linux/Documents/DLA/fw/hls/BigInt/solution1/.autopilot/db/bigint_math_bigint_modexp.compgen.tcl "
@I [HLS-100] Command 'ap_source' returned 0; elapsed 0.000551Total elapsed time: 2.275 sec.
@I [HLS-100] Command "source /home/linux/Documents/DLA/fw/hls/BigInt/solution1/.autopilot/db/bigint_math.compgen.tcl "
@I [HLS-100] Command 'ap_source' returned 0; elapsed 0.00032Total elapsed time: 2.277 sec.
@I [HLS-100] Command "source /home/linux/Documents/DLA/fw/hls/BigInt/solution1/.autopilot/db/global.setting.tcl "
@I [HLS-100] Command 'ap_source' returned 0; elapsed 0.00021Total elapsed time: 2.300 sec.
@I [HLS-100] Command "source /home/linux/Documents/DLA/fw/hls/BigInt/solution1/.autopilot/db/global.setting.tcl "
@I [HLS-100] Command 'ap_source' returned 0; elapsed 0.000169Total elapsed time: 2.302 sec.
@I [HLS-100] Command "source /home/linux/Documents/DLA/fw/hls/BigInt/solution1/.autopilot/db/bigint_math_bigint_zero.compgen.tcl "
@I [HLS-100] Command 'ap_source' returned 0; elapsed 0.000135Total elapsed time: 2.302 sec.
@I [HLS-100] Command "source /home/linux/Documents/DLA/fw/hls/BigInt/solution1/.autopilot/db/bigint_math_bigint_copy.compgen.tcl "
@I [HLS-100] Command 'ap_source' returned 0; elapsed 0.000137Total elapsed time: 2.303 sec.
@I [HLS-100] Command "source /home/linux/Documents/DLA/fw/hls/BigInt/solution1/.autopilot/db/bigint_math_bigint_compare.compgen.tcl "
@I [HLS-100] Command 'ap_source' returned 0; elapsed 0.00021Total elapsed time: 2.303 sec.
@I [HLS-100] Command "source /home/linux/Documents/DLA/fw/hls/BigInt/solution1/.autopilot/db/bigint_math_bigint_leftshift.compgen.tcl "
@I [HLS-100] Command 'ap_source' returned 0; elapsed 0.000138Total elapsed time: 2.304 sec.
@I [HLS-100] Command "source /home/linux/Documents/DLA/fw/hls/BigInt/solution1/.autopilot/db/bigint_math_bigint_add.compgen.tcl "
@I [HLS-100] Command 'ap_source' returned 0; elapsed 0.000202Total elapsed time: 2.304 sec.
@I [HLS-100] Command "source /home/linux/Documents/DLA/fw/hls/BigInt/solution1/.autopilot/db/bigint_math_bigint_sub.compgen.tcl "
@I [HLS-100] Command 'ap_source' returned 0; elapsed 0.000145Total elapsed time: 2.304 sec.
@I [HLS-100] Command "source /home/linux/Documents/DLA/fw/hls/BigInt/solution1/.autopilot/db/bigint_math_bigint_rightshift.compgen.tcl "
@I [HLS-100] Command 'ap_source' returned 0; elapsed 0.000143Total elapsed time: 2.305 sec.
@I [HLS-100] Command "source /home/linux/Documents/DLA/fw/hls/BigInt/solution1/.autopilot/db/bigint_math_bigint_add_1.compgen.tcl "
@I [HLS-100] Command 'ap_source' returned 0; elapsed 0.000276Total elapsed time: 2.305 sec.
@I [HLS-100] Command "source /home/linux/Documents/DLA/fw/hls/BigInt/solution1/.autopilot/db/bigint_math_bigint_mul.compgen.tcl "
@I [HLS-100] Command 'ap_source' returned 0; elapsed 0.000153Total elapsed time: 2.306 sec.
@I [HLS-100] Command "source /home/linux/Documents/DLA/fw/hls/BigInt/solution1/.autopilot/db/bigint_math_bigint_longdiv.compgen.tcl "
@I [HLS-100] Command 'ap_source' returned 0; elapsed 0.000445Total elapsed time: 2.307 sec.
@I [HLS-100] Command "source /home/linux/Documents/DLA/fw/hls/BigInt/solution1/.autopilot/db/bigint_math_bigint_mul_1.compgen.tcl "
@I [HLS-100] Command 'ap_source' returned 0; elapsed 0.000147Total elapsed time: 2.307 sec.
@I [HLS-100] Command "source /home/linux/Documents/DLA/fw/hls/BigInt/solution1/.autopilot/db/bigint_math_bigint_modexp.compgen.tcl "
@I [HLS-100] Command 'ap_source' returned 0; elapsed 0.000216Total elapsed time: 2.308 sec.
@I [HLS-100] Command "source /home/linux/Documents/DLA/fw/hls/BigInt/solution1/.autopilot/db/bigint_math.compgen.tcl "
@I [HLS-100] Command "source /home/linux/Documents/DLA/fw/hls/BigInt/solution1/.autopilot/db/bigint_math.rtl_wrap.cfg.tcl "
@I [HLS-100] Command 'ap_source' returned 0; elapsed 0.00027Total elapsed time: 2.309 sec.
@I [HLS-100] Command "source /home/linux/Documents/DLA/fw/hls/BigInt/solution1/.autopilot/db/bigint_math.rtl_wrap.cfg.tcl "
@I [HLS-100] Command 'ap_source' returned 0; elapsed 0.000255Total elapsed time: 2.310 sec.
@I [HLS-100] Command "source /home/linux/Documents/DLA/fw/hls/BigInt/solution1/.autopilot/db/bigint_math.rtl_wrap.cfg.tcl "
@I [HLS-100] Command 'ap_source' returned 0; elapsed 0.000506Total elapsed time: 2.311 sec.
@I [HLS-100] Command "source /home/linux/Documents/DLA/fw/hls/BigInt/solution1/.autopilot/db/bigint_math.tbgen.tcl "
@I [HLS-100] Command 'ap_source' returned 0; elapsed 0.000631Total elapsed time: 2.312 sec.
@I [HLS-100] Command "source /home/linux/Documents/DLA/fw/hls/BigInt/solution1/.autopilot/db/bigint_math.tbgen.tcl "
@I [HLS-100] Command 'ap_source' returned 0; elapsed 0.000706Total elapsed time: 2.314 sec.
@I [HLS-100] Command 'ap_source' returned 0; elapsed 0.043357Total elapsed time: 2.351 sec.
@I [HLS-100] Command "source /home/linux/Documents/DLA/fw/hls/BigInt/solution1/.autopilot/db/global.setting.tcl "
@I [HLS-100] Command 'ap_source' returned 0; elapsed 0.000243Total elapsed time: 2.358 sec.
@I [HLS-100] Command "source /home/linux/Documents/DLA/fw/hls/BigInt/solution1/.autopilot/db/global.setting.tcl "
@I [HLS-100] Command 'ap_source' returned 0; elapsed 0.000167Total elapsed time: 2.360 sec.
@I [HLS-100] Command "source /home/linux/Documents/DLA/fw/hls/BigInt/solution1/.autopilot/db/bigint_math_bigint_zero.compgen.tcl "
@I [HLS-100] Command 'ap_source' returned 0; elapsed 0.000233Total elapsed time: 2.361 sec.
@I [HLS-100] Command "source /home/linux/Documents/DLA/fw/hls/BigInt/solution1/.autopilot/db/bigint_math_bigint_copy.compgen.tcl "
@I [HLS-100] Command 'ap_source' returned 0; elapsed 0.000236Total elapsed time: 2.362 sec.
@I [HLS-100] Command "source /home/linux/Documents/DLA/fw/hls/BigInt/solution1/.autopilot/db/bigint_math_bigint_compare.compgen.tcl "
@I [HLS-100] Command 'ap_source' returned 0; elapsed 0.000227Total elapsed time: 2.362 sec.
@I [HLS-100] Command "source /home/linux/Documents/DLA/fw/hls/BigInt/solution1/.autopilot/db/bigint_math_bigint_leftshift.compgen.tcl "
@I [HLS-100] Command 'ap_source' returned 0; elapsed 0.000145Total elapsed time: 2.363 sec.
@I [HLS-100] Command "source /home/linux/Documents/DLA/fw/hls/BigInt/solution1/.autopilot/db/bigint_math_bigint_add.compgen.tcl "
@I [HLS-100] Command 'ap_source' returned 0; elapsed 0.000207Total elapsed time: 2.363 sec.
@I [HLS-100] Command "source /home/linux/Documents/DLA/fw/hls/BigInt/solution1/.autopilot/db/bigint_math_bigint_sub.compgen.tcl "
@I [HLS-100] Command 'ap_source' returned 0; elapsed 0.000157Total elapsed time: 2.363 sec.
@I [HLS-100] Command "source /home/linux/Documents/DLA/fw/hls/BigInt/solution1/.autopilot/db/bigint_math_bigint_rightshift.compgen.tcl "
@I [HLS-100] Command 'ap_source' returned 0; elapsed 0.00013Total elapsed time: 2.364 sec.
@I [HLS-100] Command "source /home/linux/Documents/DLA/fw/hls/BigInt/solution1/.autopilot/db/bigint_math_bigint_add_1.compgen.tcl "
@I [HLS-100] Command 'ap_source' returned 0; elapsed 0.000222Total elapsed time: 2.364 sec.
@I [HLS-100] Command "source /home/linux/Documents/DLA/fw/hls/BigInt/solution1/.autopilot/db/bigint_math_bigint_mul.compgen.tcl "
@I [HLS-100] Command 'ap_source' returned 0; elapsed 0.000201Total elapsed time: 2.365 sec.
@I [HLS-100] Command "source /home/linux/Documents/DLA/fw/hls/BigInt/solution1/.autopilot/db/bigint_math_bigint_longdiv.compgen.tcl "
@I [HLS-100] Command 'ap_source' returned 0; elapsed 0.000486Total elapsed time: 2.366 sec.
@I [HLS-100] Command "source /home/linux/Documents/DLA/fw/hls/BigInt/solution1/.autopilot/db/bigint_math_bigint_mul_1.compgen.tcl "
@I [HLS-100] Command 'ap_source' returned 0; elapsed 0.000146Total elapsed time: 2.366 sec.
@I [HLS-100] Command "source /home/linux/Documents/DLA/fw/hls/BigInt/solution1/.autopilot/db/bigint_math_bigint_modexp.compgen.tcl "
@I [HLS-100] Command 'ap_source' returned 0; elapsed 0.000217Total elapsed time: 2.367 sec.
@I [HLS-100] Command "source /home/linux/Documents/DLA/fw/hls/BigInt/solution1/.autopilot/db/bigint_math.compgen.tcl "
@I [HLS-100] Command 'ap_source' returned 0; elapsed 0.000129Total elapsed time: 2.367 sec.
@I [HLS-100] Command "source /home/linux/Documents/DLA/fw/hls/BigInt/solution1/.autopilot/db/global.setting.tcl "
@I [HLS-100] Command 'ap_source' returned 0; elapsed 0.000246Total elapsed time: 2.442 sec.
@I [HLS-100] Command "source /home/linux/Documents/DLA/fw/hls/BigInt/solution1/.autopilot/db/bigint_math.constraint.tcl "
@I [HLS-100] Command 'ap_source' returned 0; elapsed 0.000136Total elapsed time: 2.444 sec.
@I [HLS-100] Command "source /home/linux/Documents/DLA/fw/hls/BigInt/solution1/.autopilot/db/bigint_math.rtl_wrap.cfg.tcl "
@I [HLS-100] Command 'ap_source' returned 0; elapsed 0.000308Total elapsed time: 2.463 sec.
@I [HLS-100] Command "source /home/linux/Documents/DLA/fw/hls/BigInt/solution1/.autopilot/db/bigint_math.rtl_wrap.cfg.tcl "
@I [HLS-100] Command 'ap_source' returned 0; elapsed 0.000232Total elapsed time: 2.464 sec.
@I [HLS-100] Command "source /home/linux/Documents/DLA/fw/hls/BigInt/solution1/.autopilot/db/bigint_math.rtl_wrap.cfg.tcl "
@I [HLS-100] Command 'ap_source' returned 0; elapsed 0.000221Total elapsed time: 2.464 sec.
@I [HLS-100] Command "source /home/linux/Documents/DLA/fw/hls/BigInt/solution1/.autopilot/db/bigint_math.tbgen.tcl "
@I [HLS-100] Command 'ap_source' returned 0; elapsed 0.000519Total elapsed time: 2.465 sec.
@I [HLS-100] Command "source /home/linux/Documents/DLA/fw/hls/BigInt/solution1/.autopilot/db/bigint_math.tbgen.tcl "
@I [HLS-100] Command 'ap_source' returned 0; elapsed 0.000676Total elapsed time: 2.466 sec.
@I [HLS-100] Command "source /home/linux/Documents/DLA/fw/hls/BigInt/solution1/.autopilot/db/global.setting.tcl "
@I [HLS-100] Command 'ap_source' returned 0; elapsed 0.000217Total elapsed time: 2.503 sec.
@I [HLS-100] Command "source /home/linux/Documents/DLA/fw/hls/BigInt/solution1/.autopilot/db/global.setting.tcl "
@I [HLS-100] Command 'ap_source' returned 0; elapsed 0.00019Total elapsed time: 2.524 sec.
@I [HLS-100] Command "source /home/linux/Documents/DLA/fw/hls/BigInt/solution1/.autopilot/db/global.setting.tcl "
@I [HLS-100] Command 'ap_source' returned 0; elapsed 0.000251Total elapsed time: 2.527 sec.
@I [HLS-100] Command "source /home/linux/Documents/DLA/fw/hls/BigInt/solution1/.autopilot/db/bigint_math.rtl_wrap.cfg.tcl "
@I [HLS-100] Command 'ap_source' returned 0; elapsed 0.000276Total elapsed time: 2.530 sec.
@I [HLS-100] Command "source /home/linux/Documents/DLA/fw/hls/BigInt/solution1/.autopilot/db/bigint_math.rtl_wrap.cfg.tcl "
@I [HLS-100] Command 'ap_source' returned 0; elapsed 0.000236Total elapsed time: 2.531 sec.
@I [HLS-100] Command "source /home/linux/Documents/DLA/fw/hls/BigInt/solution1/.autopilot/db/bigint_math.tbgen.tcl "
@I [HLS-100] Command 'ap_source' returned 0; elapsed 0.000533Total elapsed time: 2.532 sec.
@I [HLS-100] Command "source /home/linux/Documents/DLA/fw/hls/BigInt/solution1/.autopilot/db/bigint_math.tbgen.tcl "
@I [HLS-100] Command 'ap_source' returned 0; elapsed 0.000512Total elapsed time: 2.533 sec.
@I [HLS-100] Command "source /home/linux/Documents/DLA/fw/hls/BigInt/solution1/.autopilot/db/bigint_math.rtl_wrap.cfg.tcl "
@I [HLS-100] Command 'ap_source' returned 0; elapsed 0.000273Total elapsed time: 2.564 sec.
@I [HLS-100] Command "source /home/linux/Documents/DLA/fw/hls/BigInt/solution1/.autopilot/db/bigint_math.rtl_wrap.cfg.tcl "
@I [HLS-100] Command 'ap_source' returned 0; elapsed 0.000315Total elapsed time: 2.565 sec.
@I [HLS-100] Command "source /home/linux/Documents/DLA/fw/hls/BigInt/solution1/.autopilot/db/bigint_math.tbgen.tcl "
@I [HLS-100] Command 'ap_source' returned 0; elapsed 0.000533Total elapsed time: 2.566 sec.
@I [HLS-100] Command "source /home/linux/Documents/DLA/fw/hls/BigInt/solution1/.autopilot/db/bigint_math.tbgen.tcl "
@I [HLS-100] Command 'ap_source' returned 0; elapsed 0.000506Total elapsed time: 2.567 sec.
@I [HLS-100] Command "source /home/linux/Documents/DLA/fw/hls/BigInt/solution1/.autopilot/db/global.setting.tcl "
@I [HLS-100] Command 'ap_source' returned 0; elapsed 0.000251Total elapsed time: 2.600 sec.
@I [HLS-100] Command "source /home/linux/Documents/DLA/fw/hls/BigInt/solution1/.autopilot/db/bigint_math.rtl_wrap.cfg.tcl "
@I [HLS-100] Command 'ap_source' returned 0; elapsed 0.000311Total elapsed time: 2.603 sec.
@I [HLS-100] Command "source /home/linux/Documents/DLA/fw/hls/BigInt/solution1/.autopilot/db/bigint_math.rtl_wrap.cfg.tcl "
@I [HLS-100] Command 'ap_source' returned 0; elapsed 0.000276Total elapsed time: 2.603 sec.
@I [HLS-100] Command "source /home/linux/Documents/DLA/fw/hls/BigInt/solution1/.autopilot/db/bigint_math.tbgen.tcl "
@I [HLS-100] Command 'ap_source' returned 0; elapsed 0.000521Total elapsed time: 2.604 sec.
@I [HLS-100] Command "source /home/linux/Documents/DLA/fw/hls/BigInt/solution1/.autopilot/db/bigint_math.tbgen.tcl "
@I [HLS-100] Command 'ap_source' returned 0; elapsed 0.000511Total elapsed time: 2.605 sec.
@I [HLS-100] Command "source /home/linux/Documents/DLA/fw/hls/BigInt/solution1/.autopilot/db/global.setting.tcl "
@I [HLS-100] Command 'ap_source' returned 0; elapsed 0.000214Total elapsed time: 2.636 sec.
@I [HLS-100] Command "source /home/linux/Documents/DLA/fw/hls/BigInt/solution1/.autopilot/db/global.setting.tcl "
@I [HLS-100] Command 'ap_source' returned 0; elapsed 0.000162Total elapsed time: 2.636 sec.
@I [HLS-100] Command "source /home/linux/Documents/DLA/fw/hls/BigInt/solution1/.autopilot/db/bigint_math.constraint.tcl "
@I [HLS-100] Command 'ap_source' returned 0; elapsed 9.3e-05Total elapsed time: 2.638 sec.
@I [HLS-100] Command "source /home/linux/Documents/DLA/fw/hls/BigInt/solution1/.autopilot/db/global.setting.tcl "
@I [HLS-100] Command 'ap_source' returned 0; elapsed 0.000186Total elapsed time: 2.667 sec.
@I [HLS-100] Command "source /home/linux/Documents/DLA/fw/hls/BigInt/solution1/.autopilot/db/global.setting.tcl "
@I [HLS-100] Command 'ap_source' returned 0; elapsed 0.000184Total elapsed time: 2.690 sec.
@I [HLS-100] Command "source /home/linux/Documents/DLA/fw/hls/BigInt/solution1/.autopilot/db/bigint_math.constraint.tcl "
@I [HLS-100] Command 'ap_source' returned 0; elapsed 8.4e-05Total elapsed time: 2.691 sec.
@I [HLS-100] Command "source /home/linux/Documents/DLA/fw/hls/BigInt/solution1/.autopilot/db/bigint_math.constraint.tcl "
@I [HLS-100] Command 'ap_source' returned 0; elapsed 7e-05Total elapsed time: 2.692 sec.
@I [HLS-100] Command "source /home/Xilinx/Vivado_HLS/2016.2/common/technology/generic/autopilot/common.gen "
@I [HLS-100] Command "source /home/Xilinx/Vivado_HLS/2016.2/common/technology/generic/autopilot/APCoreGen.gen "
@I [HLS-100] Command 'ap_source' returned 0; elapsed 0.000535Total elapsed time: 2.697 sec.
@I [HLS-100] Command 'ap_source' returned 0; elapsed 0.001855Total elapsed time: 2.698 sec.
@I [HLS-100] Command "source /home/Xilinx/Vivado_HLS/2016.2/common/technology/generic/autopilot/op.gen "
@I [HLS-100] Command 'ap_source' returned 0; elapsed 0.000367Total elapsed time: 2.698 sec.
@I [HLS-100] Command "source /home/Xilinx/Vivado_HLS/2016.2/common/technology/generic/autopilot/op_simcore.gen "
@I [HLS-100] Command 'ap_source' returned 0; elapsed 0.000973Total elapsed time: 2.700 sec.
@I [HLS-100] Command "source /home/Xilinx/Vivado_HLS/2016.2/common/technology/generic/autopilot/interface.gen "
@I [HLS-100] Command 'ap_source' returned 0; elapsed 0.000134Total elapsed time: 2.700 sec.
@I [HLS-100] Command "source /home/linux/Documents/DLA/fw/hls/BigInt/solution1/.autopilot/db/global.setting.tcl "
@I [HLS-100] Command 'ap_source' returned 0; elapsed 0.000188Total elapsed time: 2.700 sec.
@I [HLS-100] Command "source /home/Xilinx/Vivado_HLS/2016.2/common/technology/xilinx/zynq/zynq.gen "
@I [HLS-100] Command "source /home/Xilinx/Vivado_HLS/2016.2/common/technology/xilinx/common/virtex.gen "
@I [HLS-100] Command "source /home/Xilinx/Vivado_HLS/2016.2/common/technology/xilinx/common/xilinx.gen "
@I [HLS-100] Command "source /home/Xilinx/Vivado_HLS/2016.2/common/technology/xilinx/interface/plb46.gen "
@I [HLS-100] Command 'ap_source' returned 0; elapsed 0.001077Total elapsed time: 2.702 sec.
@I [HLS-100] Command "source /home/Xilinx/Vivado_HLS/2016.2/common/technology/xilinx/interface/fsl.gen "
@I [HLS-100] Command 'ap_source' returned 0; elapsed 0.000666Total elapsed time: 2.703 sec.
@I [HLS-100] Command "source /home/Xilinx/Vivado_HLS/2016.2/common/technology/xilinx/interface/axi4.gen "
@I [HLS-100] Command 'ap_source' returned 0; elapsed 0.002664Total elapsed time: 2.706 sec.
@I [HLS-100] Command "source /home/Xilinx/Vivado_HLS/2016.2/common/technology/xilinx/interface/nativeAXI4.gen "
@I [HLS-100] Command "source /home/Xilinx/Vivado_HLS/2016.2/common/technology/xilinx/interface/saxilite.gen "
@I [HLS-100] Command 'ap_source' returned 0; elapsed 0.004718Total elapsed time: 2.712 sec.
@I [HLS-100] Command "source /home/Xilinx/Vivado_HLS/2016.2/common/technology/xilinx/interface/maxi.gen "
@I [HLS-100] Command 'ap_source' returned 0; elapsed 0.007932Total elapsed time: 2.720 sec.
@I [HLS-100] Command 'ap_source' returned 0; elapsed 0.013598Total elapsed time: 2.720 sec.
@I [HLS-100] Command "source /home/Xilinx/Vivado_HLS/2016.2/common/technology/xilinx/scripts/xilinxcoregen.gen "
@I [HLS-100] Command 'ap_source' returned 0; elapsed 0.01089Total elapsed time: 2.732 sec.
@I [HLS-100] Command "source /home/Xilinx/Vivado_HLS/2016.2/common/technology/xilinx/interface/XilEDKCoreGen.gen "
@I [HLS-100] Command 'ap_source' returned 0; elapsed 0.009808Total elapsed time: 2.742 sec.
@I [HLS-100] Command "source /home/Xilinx/Vivado_HLS/2016.2/common/technology/xilinx/ip/util.gen "
@I [HLS-100] Command 'ap_source' returned 0; elapsed 0.000208Total elapsed time: 2.743 sec.
@I [HLS-100] Command "source /home/Xilinx/Vivado_HLS/2016.2/common/technology/xilinx/ip/dds_compiler.gen "
@I [HLS-100] Command 'ap_source' returned 0; elapsed 0.004076Total elapsed time: 2.747 sec.
@I [HLS-100] Command "source /home/Xilinx/Vivado_HLS/2016.2/common/technology/xilinx/ip/xfft.gen "
@I [HLS-100] Command 'ap_source' returned 0; elapsed 0.114796Total elapsed time: 2.862 sec.
@I [HLS-100] Command "source /home/Xilinx/Vivado_HLS/2016.2/common/technology/xilinx/ip/xfir.gen "
@I [HLS-100] Command 'ap_source' returned 0; elapsed 0.000953Total elapsed time: 2.864 sec.
@I [HLS-100] Command 'ap_source' returned 0; elapsed 0.162716Total elapsed time: 2.864 sec.
@I [HLS-100] Command "source /home/Xilinx/Vivado_HLS/2016.2/common/technology/xilinx/common/dsp48.gen "
@I [HLS-100] Command 'ap_source' returned 0; elapsed 0.000229Total elapsed time: 2.867 sec.
@I [HLS-100] Command 'ap_source' returned 0; elapsed 0.166271Total elapsed time: 2.867 sec.
@I [HLS-100] Command 'ap_source' returned 0; elapsed 0.166609Total elapsed time: 2.868 sec.
@I [HLS-100] Command "source /home/Xilinx/Vivado_HLS/2016.2/common/technology/xilinx/zynq/zynq_fpv6.gen "
@I [HLS-100] Command "source /home/Xilinx/Vivado_HLS/2016.2/common/technology/xilinx/common/xilinx_fpv6.gen "
@I [HLS-100] Command 'ap_source' returned 0; elapsed 0.001841Total elapsed time: 2.870 sec.
@I [HLS-100] Command 'ap_source' returned 0; elapsed 0.002358Total elapsed time: 2.870 sec.
@I [HLS-100] Command "source /home/linux/Documents/DLA/fw/hls/BigInt/solution1/.autopilot/db/global.setting.tcl "
@I [HLS-100] Command 'ap_source' returned 0; elapsed 0.000622Total elapsed time: 27.10 sec.
@I [HLS-100] Command "source /home/Xilinx/Vivado_HLS/2016.2/common/technology/generic/autopilot/common.gen "
@I [HLS-100] Command "source /home/Xilinx/Vivado_HLS/2016.2/common/technology/generic/autopilot/APCoreGen.gen "
@I [HLS-100] Command 'ap_source' returned 0; elapsed 0.001447Total elapsed time: 27.23 sec.
@I [HLS-100] Command 'ap_source' returned 0; elapsed 0.003711Total elapsed time: 27.25 sec.
@I [HLS-100] Command "source /home/Xilinx/Vivado_HLS/2016.2/common/technology/generic/autopilot/op.gen "
@I [HLS-100] Command 'ap_source' returned 0; elapsed 0.000983Total elapsed time: 27.26 sec.
@I [HLS-100] Command "source /home/Xilinx/Vivado_HLS/2016.2/common/technology/generic/autopilot/op_simcore.gen "
@I [HLS-100] Command 'ap_source' returned 0; elapsed 0.002655Total elapsed time: 27.30 sec.
@I [HLS-100] Command "source /home/Xilinx/Vivado_HLS/2016.2/common/technology/generic/autopilot/interface.gen "
@I [HLS-100] Command 'ap_source' returned 0; elapsed 0.00033Total elapsed time: 27.31 sec.
@I [HLS-100] Command "source /home/linux/Documents/DLA/fw/hls/BigInt/solution1/.autopilot/db/global.setting.tcl "
@I [HLS-100] Command 'ap_source' returned 0; elapsed 0.000486Total elapsed time: 27.32 sec.
@I [HLS-100] Command "source /home/Xilinx/Vivado_HLS/2016.2/common/technology/xilinx/zynq/zynq.gen "
@I [HLS-100] Command "source /home/Xilinx/Vivado_HLS/2016.2/common/technology/xilinx/common/virtex.gen "
@I [HLS-100] Command "source /home/Xilinx/Vivado_HLS/2016.2/common/technology/xilinx/common/xilinx.gen "
@I [HLS-100] Command "source /home/Xilinx/Vivado_HLS/2016.2/common/technology/xilinx/interface/plb46.gen "
@I [HLS-100] Command 'ap_source' returned 0; elapsed 0.002627Total elapsed time: 27.37 sec.
@I [HLS-100] Command "source /home/Xilinx/Vivado_HLS/2016.2/common/technology/xilinx/interface/fsl.gen "
@I [HLS-100] Command 'ap_source' returned 0; elapsed 0.001477Total elapsed time: 27.39 sec.
@I [HLS-100] Command "source /home/Xilinx/Vivado_HLS/2016.2/common/technology/xilinx/interface/axi4.gen "
@I [HLS-100] Command 'ap_source' returned 0; elapsed 0.006114Total elapsed time: 27.46 sec.
@I [HLS-100] Command "source /home/Xilinx/Vivado_HLS/2016.2/common/technology/xilinx/interface/nativeAXI4.gen "
@I [HLS-100] Command "source /home/Xilinx/Vivado_HLS/2016.2/common/technology/xilinx/interface/saxilite.gen "
@I [HLS-100] Command 'ap_source' returned 0; elapsed 0.009458Total elapsed time: 27.57 sec.
@I [HLS-100] Command "source /home/Xilinx/Vivado_HLS/2016.2/common/technology/xilinx/interface/maxi.gen "
@I [HLS-100] Command 'ap_source' returned 0; elapsed 0.019871Total elapsed time: 27.78 sec.
@I [HLS-100] Command 'ap_source' returned 0; elapsed 0.03129Total elapsed time: 27.78 sec.
@I [HLS-100] Command "source /home/Xilinx/Vivado_HLS/2016.2/common/technology/xilinx/scripts/xilinxcoregen.gen "
@I [HLS-100] Command 'ap_source' returned 0; elapsed 0.026508Total elapsed time: 27.106 sec.
@I [HLS-100] Command "source /home/Xilinx/Vivado_HLS/2016.2/common/technology/xilinx/interface/XilEDKCoreGen.gen "
@I [HLS-100] Command 'ap_source' returned 0; elapsed 0.0221Total elapsed time: 27.128 sec.
@I [HLS-100] Command "source /home/Xilinx/Vivado_HLS/2016.2/common/technology/xilinx/ip/util.gen "
@I [HLS-100] Command 'ap_source' returned 0; elapsed 0.000453Total elapsed time: 27.130 sec.
@I [HLS-100] Command "source /home/Xilinx/Vivado_HLS/2016.2/common/technology/xilinx/ip/dds_compiler.gen "
@I [HLS-100] Command 'ap_source' returned 0; elapsed 0.009509Total elapsed time: 27.140 sec.
@I [HLS-100] Command "source /home/Xilinx/Vivado_HLS/2016.2/common/technology/xilinx/ip/xfft.gen "
@I [HLS-100] Command 'ap_source' returned 0; elapsed 0.275668Total elapsed time: 27.417 sec.
@I [HLS-100] Command "source /home/Xilinx/Vivado_HLS/2016.2/common/technology/xilinx/ip/xfir.gen "
@I [HLS-100] Command 'ap_source' returned 0; elapsed 0.002452Total elapsed time: 27.420 sec.
@I [HLS-100] Command 'ap_source' returned 0; elapsed 0.386225Total elapsed time: 27.421 sec.
@I [HLS-100] Command "source /home/Xilinx/Vivado_HLS/2016.2/common/technology/xilinx/common/dsp48.gen "
@I [HLS-100] Command 'ap_source' returned 0; elapsed 0.000464Total elapsed time: 27.427 sec.
@I [HLS-100] Command 'ap_source' returned 0; elapsed 0.393669Total elapsed time: 27.428 sec.
@I [HLS-100] Command 'ap_source' returned 0; elapsed 0.394756Total elapsed time: 27.429 sec.
@I [HLS-100] Command "source /home/Xilinx/Vivado_HLS/2016.2/common/technology/xilinx/zynq/zynq_fpv6.gen "
@I [HLS-100] Command "source /home/Xilinx/Vivado_HLS/2016.2/common/technology/xilinx/common/xilinx_fpv6.gen "
@I [HLS-100] Command 'ap_source' returned 0; elapsed 0.004215Total elapsed time: 27.434 sec.
@I [HLS-100] Command 'ap_source' returned 0; elapsed 0.005263Total elapsed time: 27.434 sec.
@I [HLS-100] Command "source /home/linux/Documents/DLA/fw/hls/BigInt/solution1/.autopilot/db/global.setting.tcl "
@I [HLS-100] Command 'ap_source' returned 0; elapsed 0.000532Total elapsed time: 27.436 sec.
@I [HLS-100] Command "source /home/linux/Documents/DLA/fw/hls/BigInt/solution1/.autopilot/db/global.setting.tcl "
@I [HLS-100] Command 'ap_source' returned 0; elapsed 0.000458Total elapsed time: 27.442 sec.
@I [HLS-100] Command "source /home/linux/Documents/DLA/fw/hls/BigInt/solution1/.autopilot/db/global.setting.tcl "
@I [HLS-100] Command 'ap_source' returned 0; elapsed 0.000463Total elapsed time: 27.449 sec.
@I [HLS-100] Command "source /home/Xilinx/Vivado_HLS/2016.2/common/technology/generic/autopilot/common.gen "
@I [HLS-100] Command "source /home/Xilinx/Vivado_HLS/2016.2/common/technology/generic/autopilot/APCoreGen.gen "
@I [HLS-100] Command 'ap_source' returned 0; elapsed 0.001292Total elapsed time: 27.452 sec.
@I [HLS-100] Command 'ap_source' returned 0; elapsed 0.003367Total elapsed time: 27.454 sec.
@I [HLS-100] Command "source /home/Xilinx/Vivado_HLS/2016.2/common/technology/generic/autopilot/op.gen "
@I [HLS-100] Command 'ap_source' returned 0; elapsed 0.000838Total elapsed time: 27.456 sec.
@I [HLS-100] Command "source /home/Xilinx/Vivado_HLS/2016.2/common/technology/generic/autopilot/op_simcore.gen "
@I [HLS-100] Command 'ap_source' returned 0; elapsed 0.002361Total elapsed time: 27.459 sec.
@I [HLS-100] Command "source /home/Xilinx/Vivado_HLS/2016.2/common/technology/generic/autopilot/interface.gen "
@I [HLS-100] Command 'ap_source' returned 0; elapsed 0.000262Total elapsed time: 27.460 sec.
@I [HLS-100] Command "source /home/linux/Documents/DLA/fw/hls/BigInt/solution1/.autopilot/db/global.setting.tcl "
@I [HLS-100] Command 'ap_source' returned 0; elapsed 0.000443Total elapsed time: 27.461 sec.
@I [HLS-100] Command "source /home/Xilinx/Vivado_HLS/2016.2/common/technology/xilinx/zynq/zynq.gen "
@I [HLS-100] Command "source /home/Xilinx/Vivado_HLS/2016.2/common/technology/xilinx/common/virtex.gen "
@I [HLS-100] Command "source /home/Xilinx/Vivado_HLS/2016.2/common/technology/xilinx/common/xilinx.gen "
@I [HLS-100] Command "source /home/Xilinx/Vivado_HLS/2016.2/common/technology/xilinx/interface/plb46.gen "
@I [HLS-100] Command 'ap_source' returned 0; elapsed 0.002377Total elapsed time: 27.465 sec.
@I [HLS-100] Command "source /home/Xilinx/Vivado_HLS/2016.2/common/technology/xilinx/interface/fsl.gen "
@I [HLS-100] Command 'ap_source' returned 0; elapsed 0.001419Total elapsed time: 27.467 sec.
@I [HLS-100] Command "source /home/Xilinx/Vivado_HLS/2016.2/common/technology/xilinx/interface/axi4.gen "
@I [HLS-100] Command 'ap_source' returned 0; elapsed 0.005706Total elapsed time: 27.474 sec.
@I [HLS-100] Command "source /home/Xilinx/Vivado_HLS/2016.2/common/technology/xilinx/interface/nativeAXI4.gen "
@I [HLS-100] Command "source /home/Xilinx/Vivado_HLS/2016.2/common/technology/xilinx/interface/saxilite.gen "
@I [HLS-100] Command 'ap_source' returned 0; elapsed 0.009134Total elapsed time: 27.484 sec.
@I [HLS-100] Command "source /home/Xilinx/Vivado_HLS/2016.2/common/technology/xilinx/interface/maxi.gen "
@I [HLS-100] Command 'ap_source' returned 0; elapsed 0.020556Total elapsed time: 27.505 sec.
@I [HLS-100] Command 'ap_source' returned 0; elapsed 0.031515Total elapsed time: 27.506 sec.
@I [HLS-100] Command "source /home/Xilinx/Vivado_HLS/2016.2/common/technology/xilinx/scripts/xilinxcoregen.gen "
@I [HLS-100] Command 'ap_source' returned 0; elapsed 0.026606Total elapsed time: 27.533 sec.
@I [HLS-100] Command "source /home/Xilinx/Vivado_HLS/2016.2/common/technology/xilinx/interface/XilEDKCoreGen.gen "
@I [HLS-100] Command 'ap_source' returned 0; elapsed 0.020844Total elapsed time: 27.555 sec.
@I [HLS-100] Command "source /home/Xilinx/Vivado_HLS/2016.2/common/technology/xilinx/ip/util.gen "
@I [HLS-100] Command 'ap_source' returned 0; elapsed 0.000437Total elapsed time: 27.556 sec.
@I [HLS-100] Command "source /home/Xilinx/Vivado_HLS/2016.2/common/technology/xilinx/ip/dds_compiler.gen "
@I [HLS-100] Command 'ap_source' returned 0; elapsed 0.01014Total elapsed time: 27.567 sec.
@I [HLS-100] Command "source /home/Xilinx/Vivado_HLS/2016.2/common/technology/xilinx/ip/xfft.gen "
@I [HLS-100] Command 'ap_source' returned 0; elapsed 0.278957Total elapsed time: 27.847 sec.
@I [HLS-100] Command "source /home/Xilinx/Vivado_HLS/2016.2/common/technology/xilinx/ip/xfir.gen "
@I [HLS-100] Command 'ap_source' returned 0; elapsed 0.002123Total elapsed time: 27.850 sec.
@I [HLS-100] Command 'ap_source' returned 0; elapsed 0.387885Total elapsed time: 27.851 sec.
@I [HLS-100] Command "source /home/Xilinx/Vivado_HLS/2016.2/common/technology/xilinx/common/dsp48.gen "
@I [HLS-100] Command 'ap_source' returned 0; elapsed 0.000425Total elapsed time: 27.856 sec.
@I [HLS-100] Command 'ap_source' returned 0; elapsed 0.394458Total elapsed time: 27.857 sec.
@I [HLS-100] Command 'ap_source' returned 0; elapsed 0.395179Total elapsed time: 27.857 sec.
@I [HLS-100] Command "source /home/Xilinx/Vivado_HLS/2016.2/common/technology/xilinx/zynq/zynq_fpv6.gen "
@I [HLS-100] Command "source /home/Xilinx/Vivado_HLS/2016.2/common/technology/xilinx/common/xilinx_fpv6.gen "
@I [HLS-100] Command 'ap_source' returned 0; elapsed 0.004554Total elapsed time: 27.863 sec.
@I [HLS-100] Command 'ap_source' returned 0; elapsed 0.005652Total elapsed time: 27.863 sec.
@I [HLS-100] Command "source /home/linux/Documents/DLA/fw/hls/BigInt/solution1/.autopilot/db/global.setting.tcl "
@I [HLS-100] Command 'ap_source' returned 0; elapsed 0.000465Total elapsed time: 27.865 sec.
@I [HLS-100] Command "source /home/linux/Documents/DLA/fw/hls/BigInt/solution1/.autopilot/db/global.setting.tcl "
@I [HLS-100] Command 'ap_source' returned 0; elapsed 0.000408Total elapsed time: 27.869 sec.
@I [HLS-100] Command "source /home/linux/Documents/DLA/fw/hls/BigInt/solution1/.autopilot/db/bigint_math_bigint_zero.compgen.tcl "
@I [HLS-100] Command 'ap_source' returned 0; elapsed 0.000329Total elapsed time: 27.870 sec.
@I [HLS-100] Command "source /home/linux/Documents/DLA/fw/hls/BigInt/solution1/.autopilot/db/bigint_math_bigint_copy.compgen.tcl "
@I [HLS-100] Command 'ap_source' returned 0; elapsed 0.000335Total elapsed time: 27.872 sec.
@I [HLS-100] Command "source /home/linux/Documents/DLA/fw/hls/BigInt/solution1/.autopilot/db/bigint_math_bigint_compare.compgen.tcl "
@I [HLS-100] Command 'ap_source' returned 0; elapsed 0.000546Total elapsed time: 27.873 sec.
@I [HLS-100] Command "source /home/linux/Documents/DLA/fw/hls/BigInt/solution1/.autopilot/db/bigint_math_bigint_leftshift.compgen.tcl "
@I [HLS-100] Command 'ap_source' returned 0; elapsed 0.000393Total elapsed time: 27.874 sec.
@I [HLS-100] Command "source /home/linux/Documents/DLA/fw/hls/BigInt/solution1/.autopilot/db/bigint_math_bigint_add.compgen.tcl "
@I [HLS-100] Command 'ap_source' returned 0; elapsed 0.000549Total elapsed time: 27.875 sec.
@I [HLS-100] Command "source /home/linux/Documents/DLA/fw/hls/BigInt/solution1/.autopilot/db/bigint_math_bigint_sub.compgen.tcl "
@I [HLS-100] Command 'ap_source' returned 0; elapsed 0.000354Total elapsed time: 27.876 sec.
@I [HLS-100] Command "source /home/linux/Documents/DLA/fw/hls/BigInt/solution1/.autopilot/db/bigint_math_bigint_rightshift.compgen.tcl "
@I [HLS-100] Command 'ap_source' returned 0; elapsed 0.000365Total elapsed time: 27.877 sec.
@I [HLS-100] Command "source /home/linux/Documents/DLA/fw/hls/BigInt/solution1/.autopilot/db/bigint_math_bigint_add_1.compgen.tcl "
@I [HLS-100] Command 'ap_source' returned 0; elapsed 0.0004Total elapsed time: 27.879 sec.
@I [HLS-100] Command "source /home/linux/Documents/DLA/fw/hls/BigInt/solution1/.autopilot/db/bigint_math_bigint_mul.compgen.tcl "
@I [HLS-100] Command 'ap_source' returned 0; elapsed 0.000351Total elapsed time: 27.880 sec.
@I [HLS-100] Command "source /home/linux/Documents/DLA/fw/hls/BigInt/solution1/.autopilot/db/bigint_math_bigint_longdiv.compgen.tcl "
@I [HLS-100] Command 'ap_source' returned 0; elapsed 0.000821Total elapsed time: 27.881 sec.
@I [HLS-100] Command "source /home/linux/Documents/DLA/fw/hls/BigInt/solution1/.autopilot/db/bigint_math_bigint_mul_1.compgen.tcl "
@I [HLS-100] Command 'ap_source' returned 0; elapsed 0.000359Total elapsed time: 27.882 sec.
@I [HLS-100] Command "source /home/linux/Documents/DLA/fw/hls/BigInt/solution1/.autopilot/db/bigint_math_bigint_modexp.compgen.tcl "
@I [HLS-100] Command 'ap_source' returned 0; elapsed 0.000562Total elapsed time: 27.884 sec.
@I [HLS-100] Command "source /home/linux/Documents/DLA/fw/hls/BigInt/solution1/.autopilot/db/bigint_math.compgen.tcl "
@I [HLS-100] Command 'ap_source' returned 0; elapsed 0.000307Total elapsed time: 27.884 sec.
@I [HLS-100] Command "source /home/linux/Documents/DLA/fw/hls/BigInt/solution1/.autopilot/db/global.setting.tcl "
@I [HLS-100] Command 'ap_source' returned 0; elapsed 0.000466Total elapsed time: 27.998 sec.
@I [HLS-100] Command "source /home/linux/Documents/DLA/fw/hls/BigInt/solution1/.autopilot/db/bigint_math.constraint.tcl "
@I [HLS-100] Command 'ap_source' returned 0; elapsed 0.000173Total elapsed time: 28.1 sec.
@I [HLS-100] Command "source /home/Xilinx/Vivado_HLS/2016.2/common/technology/generic/autopilot/common.gen "
@I [HLS-100] Command "source /home/Xilinx/Vivado_HLS/2016.2/common/technology/generic/autopilot/APCoreGen.gen "
@I [HLS-100] Command 'ap_source' returned 0; elapsed 0.001277Total elapsed time: 28.7 sec.
@I [HLS-100] Command 'ap_source' returned 0; elapsed 0.003423Total elapsed time: 28.8 sec.
@I [HLS-100] Command "source /home/Xilinx/Vivado_HLS/2016.2/common/technology/generic/autopilot/op.gen "
@I [HLS-100] Command 'ap_source' returned 0; elapsed 0.000895Total elapsed time: 28.10 sec.
@I [HLS-100] Command "source /home/Xilinx/Vivado_HLS/2016.2/common/technology/generic/autopilot/op_simcore.gen "
@I [HLS-100] Command 'ap_source' returned 0; elapsed 0.002362Total elapsed time: 28.13 sec.
@I [HLS-100] Command "source /home/Xilinx/Vivado_HLS/2016.2/common/technology/generic/autopilot/interface.gen "
@I [HLS-100] Command 'ap_source' returned 0; elapsed 0.000272Total elapsed time: 28.14 sec.
@I [HLS-100] Command "source /home/linux/Documents/DLA/fw/hls/BigInt/solution1/.autopilot/db/global.setting.tcl "
@I [HLS-100] Command 'ap_source' returned 0; elapsed 0.000439Total elapsed time: 28.15 sec.
@I [HLS-100] Command "source /home/Xilinx/Vivado_HLS/2016.2/common/technology/xilinx/zynq/zynq.gen "
@I [HLS-100] Command "source /home/Xilinx/Vivado_HLS/2016.2/common/technology/xilinx/common/virtex.gen "
@I [HLS-100] Command "source /home/Xilinx/Vivado_HLS/2016.2/common/technology/xilinx/common/xilinx.gen "
@I [HLS-100] Command "source /home/Xilinx/Vivado_HLS/2016.2/common/technology/xilinx/interface/plb46.gen "
@I [HLS-100] Command 'ap_source' returned 0; elapsed 0.002535Total elapsed time: 28.19 sec.
@I [HLS-100] Command "source /home/Xilinx/Vivado_HLS/2016.2/common/technology/xilinx/interface/fsl.gen "
@I [HLS-100] Command 'ap_source' returned 0; elapsed 0.001888Total elapsed time: 28.22 sec.
@I [HLS-100] Command "source /home/Xilinx/Vivado_HLS/2016.2/common/technology/xilinx/interface/axi4.gen "
@I [HLS-100] Command 'ap_source' returned 0; elapsed 0.006404Total elapsed time: 28.29 sec.
@I [HLS-100] Command "source /home/Xilinx/Vivado_HLS/2016.2/common/technology/xilinx/interface/nativeAXI4.gen "
@I [HLS-100] Command "source /home/Xilinx/Vivado_HLS/2016.2/common/technology/xilinx/interface/saxilite.gen "
@I [HLS-100] Command 'ap_source' returned 0; elapsed 0.009238Total elapsed time: 28.40 sec.
@I [HLS-100] Command "source /home/Xilinx/Vivado_HLS/2016.2/common/technology/xilinx/interface/maxi.gen "
@I [HLS-100] Command 'ap_source' returned 0; elapsed 0.019563Total elapsed time: 28.60 sec.
@I [HLS-100] Command 'ap_source' returned 0; elapsed 0.030793Total elapsed time: 28.61 sec.
@I [HLS-100] Command "source /home/Xilinx/Vivado_HLS/2016.2/common/technology/xilinx/scripts/xilinxcoregen.gen "
@I [HLS-100] Command 'ap_source' returned 0; elapsed 0.025468Total elapsed time: 28.87 sec.
@I [HLS-100] Command "source /home/Xilinx/Vivado_HLS/2016.2/common/technology/xilinx/interface/XilEDKCoreGen.gen "
@I [HLS-100] Command 'ap_source' returned 0; elapsed 0.020969Total elapsed time: 28.109 sec.
@I [HLS-100] Command "source /home/Xilinx/Vivado_HLS/2016.2/common/technology/xilinx/ip/util.gen "
@I [HLS-100] Command 'ap_source' returned 0; elapsed 0.000443Total elapsed time: 28.111 sec.
@I [HLS-100] Command "source /home/Xilinx/Vivado_HLS/2016.2/common/technology/xilinx/ip/dds_compiler.gen "
@I [HLS-100] Command 'ap_source' returned 0; elapsed 0.0097Total elapsed time: 28.121 sec.
@I [HLS-100] Command "source /home/Xilinx/Vivado_HLS/2016.2/common/technology/xilinx/ip/xfft.gen "
@I [HLS-100] Command 'ap_source' returned 0; elapsed 0.279152Total elapsed time: 28.402 sec.
@I [HLS-100] Command "source /home/Xilinx/Vivado_HLS/2016.2/common/technology/xilinx/ip/xfir.gen "
@I [HLS-100] Command 'ap_source' returned 0; elapsed 0.002045Total elapsed time: 28.405 sec.
@I [HLS-100] Command 'ap_source' returned 0; elapsed 0.38807Total elapsed time: 28.405 sec.
@I [HLS-100] Command "source /home/Xilinx/Vivado_HLS/2016.2/common/technology/xilinx/common/dsp48.gen "
@I [HLS-100] Command 'ap_source' returned 0; elapsed 0.000419Total elapsed time: 28.410 sec.
@I [HLS-100] Command 'ap_source' returned 0; elapsed 0.39478Total elapsed time: 28.411 sec.
@I [HLS-100] Command 'ap_source' returned 0; elapsed 0.395638Total elapsed time: 28.412 sec.
@I [HLS-100] Command "source /home/Xilinx/Vivado_HLS/2016.2/common/technology/xilinx/zynq/zynq_fpv6.gen "
@I [HLS-100] Command "source /home/Xilinx/Vivado_HLS/2016.2/common/technology/xilinx/common/xilinx_fpv6.gen "
@I [HLS-100] Command 'ap_source' returned 0; elapsed 0.004099Total elapsed time: 28.417 sec.
@I [HLS-100] Command 'ap_source' returned 0; elapsed 0.005192Total elapsed time: 28.418 sec.
@I [HLS-100] Command "source /home/linux/Documents/DLA/fw/hls/BigInt/solution1/.autopilot/db/global.setting.tcl "
@I [HLS-100] Command 'ap_source' returned 0; elapsed 0.000611Total elapsed time: 28.438 sec.
@I [HLS-100] Command "source /home/linux/Documents/DLA/fw/hls/BigInt/solution1/.autopilot/db/global.setting.tcl "
@I [HLS-100] Command 'ap_source' returned 0; elapsed 0.000538Total elapsed time: 46.264 sec.
@I [HLS-100] Command "source /home/Xilinx/Vivado_HLS/2016.2/common/technology/generic/autopilot/common.gen "
@I [HLS-100] Command "source /home/Xilinx/Vivado_HLS/2016.2/common/technology/generic/autopilot/APCoreGen.gen "
@I [HLS-100] Command 'ap_source' returned 0; elapsed 0.000806Total elapsed time: 46.275 sec.
@I [HLS-100] Command 'ap_source' returned 0; elapsed 0.001887Total elapsed time: 46.276 sec.
@I [HLS-100] Command "source /home/Xilinx/Vivado_HLS/2016.2/common/technology/generic/autopilot/op.gen "
@I [HLS-100] Command 'ap_source' returned 0; elapsed 0.000495Total elapsed time: 46.276 sec.
@I [HLS-100] Command "source /home/Xilinx/Vivado_HLS/2016.2/common/technology/generic/autopilot/op_simcore.gen "
@I [HLS-100] Command 'ap_source' returned 0; elapsed 0.001482Total elapsed time: 46.278 sec.
@I [HLS-100] Command "source /home/Xilinx/Vivado_HLS/2016.2/common/technology/generic/autopilot/interface.gen "
@I [HLS-100] Command 'ap_source' returned 0; elapsed 0.00014Total elapsed time: 46.279 sec.
@I [HLS-100] Command "source /home/linux/Documents/DLA/fw/hls/BigInt/solution1/.autopilot/db/global.setting.tcl "
@I [HLS-100] Command 'ap_source' returned 0; elapsed 0.000201Total elapsed time: 46.279 sec.
@I [HLS-100] Command "source /home/Xilinx/Vivado_HLS/2016.2/common/technology/xilinx/zynq/zynq.gen "
@I [HLS-100] Command "source /home/Xilinx/Vivado_HLS/2016.2/common/technology/xilinx/common/virtex.gen "
@I [HLS-100] Command "source /home/Xilinx/Vivado_HLS/2016.2/common/technology/xilinx/common/xilinx.gen "
@I [HLS-100] Command "source /home/Xilinx/Vivado_HLS/2016.2/common/technology/xilinx/interface/plb46.gen "
@I [HLS-100] Command 'ap_source' returned 0; elapsed 0.001234Total elapsed time: 46.281 sec.
@I [HLS-100] Command "source /home/Xilinx/Vivado_HLS/2016.2/common/technology/xilinx/interface/fsl.gen "
@I [HLS-100] Command 'ap_source' returned 0; elapsed 0.000754Total elapsed time: 46.283 sec.
@I [HLS-100] Command "source /home/Xilinx/Vivado_HLS/2016.2/common/technology/xilinx/interface/axi4.gen "
@I [HLS-100] Command 'ap_source' returned 0; elapsed 0.002654Total elapsed time: 46.286 sec.
@I [HLS-100] Command "source /home/Xilinx/Vivado_HLS/2016.2/common/technology/xilinx/interface/nativeAXI4.gen "
@I [HLS-100] Command "source /home/Xilinx/Vivado_HLS/2016.2/common/technology/xilinx/interface/saxilite.gen "
@I [HLS-100] Command 'ap_source' returned 0; elapsed 0.004117Total elapsed time: 46.290 sec.
@I [HLS-100] Command "source /home/Xilinx/Vivado_HLS/2016.2/common/technology/xilinx/interface/maxi.gen "
@I [HLS-100] Command 'ap_source' returned 0; elapsed 0.009756Total elapsed time: 46.301 sec.
@I [HLS-100] Command 'ap_source' returned 0; elapsed 0.014912Total elapsed time: 46.301 sec.
@I [HLS-100] Command "source /home/Xilinx/Vivado_HLS/2016.2/common/technology/xilinx/scripts/xilinxcoregen.gen "
@I [HLS-100] Command 'ap_source' returned 0; elapsed 0.011999Total elapsed time: 46.314 sec.
@I [HLS-100] Command "source /home/Xilinx/Vivado_HLS/2016.2/common/technology/xilinx/interface/XilEDKCoreGen.gen "
@I [HLS-100] Command 'ap_source' returned 0; elapsed 0.009346Total elapsed time: 46.323 sec.
@I [HLS-100] Command "source /home/Xilinx/Vivado_HLS/2016.2/common/technology/xilinx/ip/util.gen "
@I [HLS-100] Command 'ap_source' returned 0; elapsed 0.000268Total elapsed time: 46.324 sec.
@I [HLS-100] Command "source /home/Xilinx/Vivado_HLS/2016.2/common/technology/xilinx/ip/dds_compiler.gen "
@I [HLS-100] Command 'ap_source' returned 0; elapsed 0.005355Total elapsed time: 46.330 sec.
@I [HLS-100] Command "source /home/Xilinx/Vivado_HLS/2016.2/common/technology/xilinx/ip/xfft.gen "
@I [HLS-100] Command 'ap_source' returned 0; elapsed 0.110911Total elapsed time: 46.442 sec.
@I [HLS-100] Command "source /home/Xilinx/Vivado_HLS/2016.2/common/technology/xilinx/ip/xfir.gen "
@I [HLS-100] Command 'ap_source' returned 0; elapsed 0.000969Total elapsed time: 46.444 sec.
@I [HLS-100] Command 'ap_source' returned 0; elapsed 0.163609Total elapsed time: 46.444 sec.
@I [HLS-100] Command "source /home/Xilinx/Vivado_HLS/2016.2/common/technology/xilinx/common/dsp48.gen "
@I [HLS-100] Command 'ap_source' returned 0; elapsed 0.00021Total elapsed time: 46.447 sec.
@I [HLS-100] Command 'ap_source' returned 0; elapsed 0.166987Total elapsed time: 46.447 sec.
@I [HLS-100] Command 'ap_source' returned 0; elapsed 0.1673Total elapsed time: 46.447 sec.
@I [HLS-100] Command "source /home/Xilinx/Vivado_HLS/2016.2/common/technology/xilinx/zynq/zynq_fpv6.gen "
@I [HLS-100] Command "source /home/Xilinx/Vivado_HLS/2016.2/common/technology/xilinx/common/xilinx_fpv6.gen "
@I [HLS-100] Command 'ap_source' returned 0; elapsed 0.001926Total elapsed time: 46.450 sec.
@I [HLS-100] Command 'ap_source' returned 0; elapsed 0.002529Total elapsed time: 46.450 sec.
@I [HLS-100] Command "source /home/linux/Documents/DLA/fw/hls/BigInt/solution1/.autopilot/db/global.setting.tcl "
@I [HLS-100] Command 'ap_source' returned 0; elapsed 0.00024Total elapsed time: 46.451 sec.
@I [HLS-100] Command "source /home/linux/Documents/DLA/fw/hls/BigInt/solution1/.autopilot/db/global.setting.tcl "
@I [HLS-100] Command 'ap_source' returned 0; elapsed 0.000308Total elapsed time: 46.453 sec.
@I [HLS-100] Command "source /home/linux/Documents/DLA/fw/hls/BigInt/solution1/.autopilot/db/global.setting.tcl "
@I [HLS-100] Command 'ap_source' returned 0; elapsed 0.00021Total elapsed time: 46.457 sec.
@I [HLS-100] Command "source /home/Xilinx/Vivado_HLS/2016.2/common/technology/generic/autopilot/common.gen "
@I [HLS-100] Command "source /home/Xilinx/Vivado_HLS/2016.2/common/technology/generic/autopilot/APCoreGen.gen "
@I [HLS-100] Command 'ap_source' returned 0; elapsed 0.000514Total elapsed time: 46.459 sec.
@I [HLS-100] Command 'ap_source' returned 0; elapsed 0.001503Total elapsed time: 46.459 sec.
@I [HLS-100] Command "source /home/Xilinx/Vivado_HLS/2016.2/common/technology/generic/autopilot/op.gen "
@I [HLS-100] Command 'ap_source' returned 0; elapsed 0.000377Total elapsed time: 46.460 sec.
@I [HLS-100] Command "source /home/Xilinx/Vivado_HLS/2016.2/common/technology/generic/autopilot/op_simcore.gen "
@I [HLS-100] Command 'ap_source' returned 0; elapsed 0.001293Total elapsed time: 46.462 sec.
@I [HLS-100] Command "source /home/Xilinx/Vivado_HLS/2016.2/common/technology/generic/autopilot/interface.gen "
@I [HLS-100] Command 'ap_source' returned 0; elapsed 0.00014Total elapsed time: 46.462 sec.
@I [HLS-100] Command "source /home/linux/Documents/DLA/fw/hls/BigInt/solution1/.autopilot/db/global.setting.tcl "
@I [HLS-100] Command 'ap_source' returned 0; elapsed 0.000196Total elapsed time: 46.463 sec.
@I [HLS-100] Command "source /home/Xilinx/Vivado_HLS/2016.2/common/technology/xilinx/zynq/zynq.gen "
@I [HLS-100] Command "source /home/Xilinx/Vivado_HLS/2016.2/common/technology/xilinx/common/virtex.gen "
@I [HLS-100] Command "source /home/Xilinx/Vivado_HLS/2016.2/common/technology/xilinx/common/xilinx.gen "
@I [HLS-100] Command "source /home/Xilinx/Vivado_HLS/2016.2/common/technology/xilinx/interface/plb46.gen "
@I [HLS-100] Command 'ap_source' returned 0; elapsed 0.001057Total elapsed time: 46.465 sec.
@I [HLS-100] Command "source /home/Xilinx/Vivado_HLS/2016.2/common/technology/xilinx/interface/fsl.gen "
@I [HLS-100] Command 'ap_source' returned 0; elapsed 0.000954Total elapsed time: 46.466 sec.
@I [HLS-100] Command "source /home/Xilinx/Vivado_HLS/2016.2/common/technology/xilinx/interface/axi4.gen "
@I [HLS-100] Command 'ap_source' returned 0; elapsed 0.002335Total elapsed time: 46.469 sec.
@I [HLS-100] Command "source /home/Xilinx/Vivado_HLS/2016.2/common/technology/xilinx/interface/nativeAXI4.gen "
@I [HLS-100] Command "source /home/Xilinx/Vivado_HLS/2016.2/common/technology/xilinx/interface/saxilite.gen "
@I [HLS-100] Command 'ap_source' returned 0; elapsed 0.003879Total elapsed time: 46.474 sec.
@I [HLS-100] Command "source /home/Xilinx/Vivado_HLS/2016.2/common/technology/xilinx/interface/maxi.gen "
@I [HLS-100] Command 'ap_source' returned 0; elapsed 0.008282Total elapsed time: 46.482 sec.
@I [HLS-100] Command 'ap_source' returned 0; elapsed 0.013293Total elapsed time: 46.483 sec.
@I [HLS-100] Command "source /home/Xilinx/Vivado_HLS/2016.2/common/technology/xilinx/scripts/xilinxcoregen.gen "
@I [HLS-100] Command 'ap_source' returned 0; elapsed 0.012781Total elapsed time: 46.496 sec.
@I [HLS-100] Command "source /home/Xilinx/Vivado_HLS/2016.2/common/technology/xilinx/interface/XilEDKCoreGen.gen "
@I [HLS-100] Command 'ap_source' returned 0; elapsed 0.009806Total elapsed time: 46.506 sec.
@I [HLS-100] Command "source /home/Xilinx/Vivado_HLS/2016.2/common/technology/xilinx/ip/util.gen "
@I [HLS-100] Command 'ap_source' returned 0; elapsed 0.000205Total elapsed time: 46.507 sec.
@I [HLS-100] Command "source /home/Xilinx/Vivado_HLS/2016.2/common/technology/xilinx/ip/dds_compiler.gen "
@I [HLS-100] Command 'ap_source' returned 0; elapsed 0.004835Total elapsed time: 46.512 sec.
@I [HLS-100] Command "source /home/Xilinx/Vivado_HLS/2016.2/common/technology/xilinx/ip/xfft.gen "
@I [HLS-100] Command 'ap_source' returned 0; elapsed 0.117798Total elapsed time: 46.631 sec.
@I [HLS-100] Command "source /home/Xilinx/Vivado_HLS/2016.2/common/technology/xilinx/ip/xfir.gen "
@I [HLS-100] Command 'ap_source' returned 0; elapsed 0.000999Total elapsed time: 46.632 sec.
@I [HLS-100] Command 'ap_source' returned 0; elapsed 0.168936Total elapsed time: 46.633 sec.
@I [HLS-100] Command "source /home/Xilinx/Vivado_HLS/2016.2/common/technology/xilinx/common/dsp48.gen "
@I [HLS-100] Command 'ap_source' returned 0; elapsed 0.000203Total elapsed time: 46.635 sec.
@I [HLS-100] Command 'ap_source' returned 0; elapsed 0.171945Total elapsed time: 46.636 sec.
@I [HLS-100] Command 'ap_source' returned 0; elapsed 0.172252Total elapsed time: 46.636 sec.
@I [HLS-100] Command "source /home/Xilinx/Vivado_HLS/2016.2/common/technology/xilinx/zynq/zynq_fpv6.gen "
@I [HLS-100] Command "source /home/Xilinx/Vivado_HLS/2016.2/common/technology/xilinx/common/xilinx_fpv6.gen "
@I [HLS-100] Command 'ap_source' returned 0; elapsed 0.00187Total elapsed time: 46.638 sec.
@I [HLS-100] Command 'ap_source' returned 0; elapsed 0.002467Total elapsed time: 46.639 sec.
@I [HLS-100] Command "source /home/linux/Documents/DLA/fw/hls/BigInt/solution1/.autopilot/db/global.setting.tcl "
@I [HLS-100] Command 'ap_source' returned 0; elapsed 0.000209Total elapsed time: 46.639 sec.
@I [HLS-100] Command "source /home/linux/Documents/DLA/fw/hls/BigInt/solution1/.autopilot/db/global.setting.tcl "
@I [HLS-100] Command 'ap_source' returned 0; elapsed 0.000172Total elapsed time: 46.641 sec.
@I [HLS-100] Command "source /home/linux/Documents/DLA/fw/hls/BigInt/solution1/.autopilot/db/bigint_math_bigint_zero.compgen.tcl "
@I [HLS-100] Command 'ap_source' returned 0; elapsed 0.000144Total elapsed time: 46.642 sec.
@I [HLS-100] Command "source /home/linux/Documents/DLA/fw/hls/BigInt/solution1/.autopilot/db/bigint_math_bigint_copy.compgen.tcl "
@I [HLS-100] Command 'ap_source' returned 0; elapsed 0.000149Total elapsed time: 46.642 sec.
@I [HLS-100] Command "source /home/linux/Documents/DLA/fw/hls/BigInt/solution1/.autopilot/db/bigint_math_bigint_compare.compgen.tcl "
@I [HLS-100] Command 'ap_source' returned 0; elapsed 0.000231Total elapsed time: 46.643 sec.
@I [HLS-100] Command "source /home/linux/Documents/DLA/fw/hls/BigInt/solution1/.autopilot/db/bigint_math_bigint_leftshift.compgen.tcl "
@I [HLS-100] Command 'ap_source' returned 0; elapsed 0.00016Total elapsed time: 46.643 sec.
@I [HLS-100] Command "source /home/linux/Documents/DLA/fw/hls/BigInt/solution1/.autopilot/db/bigint_math_bigint_add.compgen.tcl "
@I [HLS-100] Command 'ap_source' returned 0; elapsed 0.000344Total elapsed time: 46.644 sec.
@I [HLS-100] Command "source /home/linux/Documents/DLA/fw/hls/BigInt/solution1/.autopilot/db/bigint_math_bigint_sub.compgen.tcl "
@I [HLS-100] Command 'ap_source' returned 0; elapsed 0.000259Total elapsed time: 46.645 sec.
@I [HLS-100] Command "source /home/linux/Documents/DLA/fw/hls/BigInt/solution1/.autopilot/db/bigint_math_bigint_rightshift.compgen.tcl "
@I [HLS-100] Command 'ap_source' returned 0; elapsed 0.000285Total elapsed time: 46.645 sec.
@I [HLS-100] Command "source /home/linux/Documents/DLA/fw/hls/BigInt/solution1/.autopilot/db/bigint_math_bigint_add_1.compgen.tcl "
@I [HLS-100] Command 'ap_source' returned 0; elapsed 0.000203Total elapsed time: 46.646 sec.
@I [HLS-100] Command "source /home/linux/Documents/DLA/fw/hls/BigInt/solution1/.autopilot/db/bigint_math_bigint_mul.compgen.tcl "
@I [HLS-100] Command 'ap_source' returned 0; elapsed 0.000149Total elapsed time: 46.647 sec.
@I [HLS-100] Command "source /home/linux/Documents/DLA/fw/hls/BigInt/solution1/.autopilot/db/bigint_math_bigint_longdiv.compgen.tcl "
@I [HLS-100] Command 'ap_source' returned 0; elapsed 0.000341Total elapsed time: 46.647 sec.
@I [HLS-100] Command "source /home/linux/Documents/DLA/fw/hls/BigInt/solution1/.autopilot/db/bigint_math_bigint_mul_1.compgen.tcl "
@I [HLS-100] Command 'ap_source' returned 0; elapsed 0.000154Total elapsed time: 46.648 sec.
@I [HLS-100] Command "source /home/linux/Documents/DLA/fw/hls/BigInt/solution1/.autopilot/db/bigint_math_bigint_modexp.compgen.tcl "
@I [HLS-100] Command 'ap_source' returned 0; elapsed 0.00023Total elapsed time: 46.649 sec.
@I [HLS-100] Command "source /home/linux/Documents/DLA/fw/hls/BigInt/solution1/.autopilot/db/bigint_math.compgen.tcl "
@I [HLS-100] Command 'ap_source' returned 0; elapsed 0.000141Total elapsed time: 46.649 sec.
@I [HLS-100] Command "source /home/linux/Documents/DLA/fw/hls/BigInt/solution1/.autopilot/db/global.setting.tcl "
@I [HLS-100] Command 'ap_source' returned 0; elapsed 0.000247Total elapsed time: 46.696 sec.
@I [HLS-100] Command "source /home/linux/Documents/DLA/fw/hls/BigInt/solution1/.autopilot/db/bigint_math.constraint.tcl "
@I [HLS-100] Command 'ap_source' returned 0; elapsed 0.00014Total elapsed time: 46.698 sec.
@I [HLS-100] Command "source /home/Xilinx/Vivado_HLS/2016.2/common/technology/generic/autopilot/common.gen "
@I [HLS-100] Command "source /home/Xilinx/Vivado_HLS/2016.2/common/technology/generic/autopilot/APCoreGen.gen "
@I [HLS-100] Command 'ap_source' returned 0; elapsed 0.001185Total elapsed time: 46.702 sec.
@I [HLS-100] Command 'ap_source' returned 0; elapsed 0.002481Total elapsed time: 46.703 sec.
@I [HLS-100] Command "source /home/Xilinx/Vivado_HLS/2016.2/common/technology/generic/autopilot/op.gen "
@I [HLS-100] Command 'ap_source' returned 0; elapsed 0.000376Total elapsed time: 46.704 sec.
@I [HLS-100] Command "source /home/Xilinx/Vivado_HLS/2016.2/common/technology/generic/autopilot/op_simcore.gen "
@I [HLS-100] Command 'ap_source' returned 0; elapsed 0.000968Total elapsed time: 46.705 sec.
@I [HLS-100] Command "source /home/Xilinx/Vivado_HLS/2016.2/common/technology/generic/autopilot/interface.gen "
@I [HLS-100] Command 'ap_source' returned 0; elapsed 0.000134Total elapsed time: 46.706 sec.
@I [HLS-100] Command "source /home/linux/Documents/DLA/fw/hls/BigInt/solution1/.autopilot/db/global.setting.tcl "
@I [HLS-100] Command 'ap_source' returned 0; elapsed 0.000193Total elapsed time: 46.706 sec.
@I [HLS-100] Command "source /home/Xilinx/Vivado_HLS/2016.2/common/technology/xilinx/zynq/zynq.gen "
@I [HLS-100] Command "source /home/Xilinx/Vivado_HLS/2016.2/common/technology/xilinx/common/virtex.gen "
@I [HLS-100] Command "source /home/Xilinx/Vivado_HLS/2016.2/common/technology/xilinx/common/xilinx.gen "
@I [HLS-100] Command "source /home/Xilinx/Vivado_HLS/2016.2/common/technology/xilinx/interface/plb46.gen "
@I [HLS-100] Command 'ap_source' returned 0; elapsed 0.001227Total elapsed time: 46.708 sec.
@I [HLS-100] Command "source /home/Xilinx/Vivado_HLS/2016.2/common/technology/xilinx/interface/fsl.gen "
@I [HLS-100] Command 'ap_source' returned 0; elapsed 0.000789Total elapsed time: 46.709 sec.
@I [HLS-100] Command "source /home/Xilinx/Vivado_HLS/2016.2/common/technology/xilinx/interface/axi4.gen "
@I [HLS-100] Command 'ap_source' returned 0; elapsed 0.003187Total elapsed time: 46.713 sec.
@I [HLS-100] Command "source /home/Xilinx/Vivado_HLS/2016.2/common/technology/xilinx/interface/nativeAXI4.gen "
@I [HLS-100] Command "source /home/Xilinx/Vivado_HLS/2016.2/common/technology/xilinx/interface/saxilite.gen "
@I [HLS-100] Command 'ap_source' returned 0; elapsed 0.00392Total elapsed time: 46.718 sec.
@I [HLS-100] Command "source /home/Xilinx/Vivado_HLS/2016.2/common/technology/xilinx/interface/maxi.gen "
@I [HLS-100] Command 'ap_source' returned 0; elapsed 0.008364Total elapsed time: 46.727 sec.
@I [HLS-100] Command 'ap_source' returned 0; elapsed 0.013493Total elapsed time: 46.727 sec.
@I [HLS-100] Command "source /home/Xilinx/Vivado_HLS/2016.2/common/technology/xilinx/scripts/xilinxcoregen.gen "
@I [HLS-100] Command 'ap_source' returned 0; elapsed 0.011698Total elapsed time: 46.739 sec.
@I [HLS-100] Command "source /home/Xilinx/Vivado_HLS/2016.2/common/technology/xilinx/interface/XilEDKCoreGen.gen "
@I [HLS-100] Command 'ap_source' returned 0; elapsed 0.010334Total elapsed time: 46.750 sec.
@I [HLS-100] Command "source /home/Xilinx/Vivado_HLS/2016.2/common/technology/xilinx/ip/util.gen "
@I [HLS-100] Command 'ap_source' returned 0; elapsed 0.00029Total elapsed time: 46.751 sec.
@I [HLS-100] Command "source /home/Xilinx/Vivado_HLS/2016.2/common/technology/xilinx/ip/dds_compiler.gen "
@I [HLS-100] Command 'ap_source' returned 0; elapsed 0.004218Total elapsed time: 46.756 sec.
@I [HLS-100] Command "source /home/Xilinx/Vivado_HLS/2016.2/common/technology/xilinx/ip/xfft.gen "
@I [HLS-100] Command 'ap_source' returned 0; elapsed 0.12176Total elapsed time: 46.878 sec.
@I [HLS-100] Command "source /home/Xilinx/Vivado_HLS/2016.2/common/technology/xilinx/ip/xfir.gen "
@I [HLS-100] Command 'ap_source' returned 0; elapsed 0.000892Total elapsed time: 46.880 sec.
@I [HLS-100] Command 'ap_source' returned 0; elapsed 0.172904Total elapsed time: 46.880 sec.
@I [HLS-100] Command "source /home/Xilinx/Vivado_HLS/2016.2/common/technology/xilinx/common/dsp48.gen "
@I [HLS-100] Command 'ap_source' returned 0; elapsed 0.000199Total elapsed time: 46.882 sec.
@I [HLS-100] Command 'ap_source' returned 0; elapsed 0.175925Total elapsed time: 46.883 sec.
@I [HLS-100] Command 'ap_source' returned 0; elapsed 0.176238Total elapsed time: 46.883 sec.
@I [HLS-100] Command "source /home/Xilinx/Vivado_HLS/2016.2/common/technology/xilinx/zynq/zynq_fpv6.gen "
@I [HLS-100] Command "source /home/Xilinx/Vivado_HLS/2016.2/common/technology/xilinx/common/xilinx_fpv6.gen "
@I [HLS-100] Command 'ap_source' returned 0; elapsed 0.001975Total elapsed time: 46.885 sec.
@I [HLS-100] Command 'ap_source' returned 0; elapsed 0.002654Total elapsed time: 46.886 sec.
@I [HLS-100] Command "source /home/linux/Documents/DLA/fw/hls/BigInt/solution1/.autopilot/db/global.setting.tcl "
@I [HLS-100] Command 'ap_source' returned 0; elapsed 0.00058Total elapsed time: 46.899 sec.
@I [HLS-100] Command 'export_design' returned 0; elapsed 3.58251Total elapsed time: 60.798 sec.
@I [HLS-100] Command 'ap_source' returned 0; elapsed 4.15986Total elapsed time: 60.799 sec.
@I [HLS-100] Command "cleanup_all "
@I [HLS-100] Command 'cleanup_all' returned 0; elapsed 0.00057Total elapsed time: 60.800 sec.
