

================================================================
== Vivado HLS Report for 'bigint_math_bigint_mul_1'
================================================================
* Date:           Sun Mar 19 09:53:16 2017

* Version:        2016.2 (Build 1577090 on Thu Jun 02 16:59:10 MDT 2016)
* Project:        BigInt
* Solution:       solution1
* Product family: zynq
* Target device:  xc7z020clg484-1


================================================================
== Performance Estimates
================================================================
+ Timing (ns): 
    * Summary: 
    +--------+-------+----------+------------+
    |  Clock | Target| Estimated| Uncertainty|
    +--------+-------+----------+------------+
    |ap_clk  |  50.00|     10.77|        6.25|
    +--------+-------+----------+------------+

+ Latency (clock cycles): 
    * Summary: 
    +---------+---------+---------+---------+---------+
    |      Latency      |      Interval     | Pipeline|
    |   min   |   max   |   min   |   max   |   Type  |
    +---------+---------+---------+---------+---------+
    |  1184775|  1577991|  1184775|  1577991|   none  |
    +---------+---------+---------+---------+---------+

    + Detail: 
        * Instance: 
        N/A

        * Loop: 
        +-------------+---------+---------+-------------+-----------+-----------+------+----------+
        |             |      Latency      |  Iteration  |  Initiation Interval  | Trip |          |
        |  Loop Name  |   min   |   max   |   Latency   |  achieved |   target  | Count| Pipelined|
        +-------------+---------+---------+-------------+-----------+-----------+------+----------+
        |- Loop 1     |      512|      512|            2|          -|          -|   256|    no    |
        |- Loop 2     |      512|      512|            2|          -|          -|   256|    no    |
        |- Loop 3     |  1183232|  1576448| 4622 ~ 6158 |          -|          -|   256|    no    |
        | + Loop 3.1  |      768|     2304|    3 ~ 9    |          -|          -|   256|    no    |
        +-------------+---------+---------+-------------+-----------+-----------+------+----------+

============================================================
+ Verbose Summary: Synthesis Manager
============================================================
InlineROM: 1
ExposeGlobal: 0
============================================================
+ Verbose Summary: CDFG Model
============================================================
IsTopModel: 0
ResetActiveHigh: 1
IsCombinational: 0
IsDatapathOnly: 0
HasWiredReturn: 1
HasMFsm: 0
HasVarLatency: 1
IsPipeline: 0
IsRtlPipelined: 0
IsInstanceOverlapped: 0
IsDontTouch: 0
HasImplIP: 0
IsGatedGlobalClock: 0


============================================================
+ Verbose Summary: Schedule
============================================================
* Number of FSM states: 21
* Pipeline: 0
* Dataflow Pipeline: 0

* FSM state transitions: 
1 --> 
	2  / true
2 --> 
	3  / true
3 --> 
	4  / (!exitcond_i)
	5  / (exitcond_i)
4 --> 
	3  / true
5 --> 
	6  / (!exitcond_i2)
	7  / (exitcond_i2)
6 --> 
	5  / true
7 --> 
	8  / true
8 --> 
	9  / (!exitcond1)
9 --> 
	10  / true
10 --> 
	11  / (!exitcond)
	19  / (exitcond)
11 --> 
	12  / (!tmp_26)
	18  / (tmp_26)
12 --> 
	13  / true
13 --> 
	14  / true
14 --> 
	15  / true
15 --> 
	16  / true
16 --> 
	17  / true
17 --> 
	18  / true
18 --> 
	10  / true
19 --> 
	20  / true
20 --> 
	21  / true
21 --> 
	8  / true
* FSM state operations: 

 <State 1>: 2.39ns
ST_1: sum [1/1] 2.39ns
:2  %sum = alloca [256 x i8], align 16

ST_1: tempA [1/1] 2.39ns
:3  %tempA = alloca [256 x i8], align 16

ST_1: tempB [1/1] 2.39ns
:4  %tempB = alloca [256 x i8], align 16

ST_1: stg_25 [2/2] 0.00ns
:5  call fastcc void @bigint_math_bigint_zero([256 x i8]* %tempA)

ST_1: stg_26 [2/2] 0.00ns
:6  call fastcc void @bigint_math_bigint_zero([256 x i8]* %tempB)


 <State 2>: 1.57ns
ST_2: empty [1/1] 0.00ns
:0  %empty = call i32 (...)* @_ssdm_op_SpecMemCore([256 x i8]* %a, [1 x i8]* @p_str10, [7 x i8]* @RAM_1P_str, [1 x i8]* @p_str10, i32 -1, [1 x i8]* @p_str10, [1 x i8]* @p_str10, [1 x i8]* @p_str10, [1 x i8]* @p_str10, [1 x i8]* @p_str10)

ST_2: empty_20 [1/1] 0.00ns
:1  %empty_20 = call i32 (...)* @_ssdm_op_SpecMemCore([256 x i8]* %out_r, [1 x i8]* @p_str10, [7 x i8]* @RAM_1P_str, [1 x i8]* @p_str10, i32 -1, [1 x i8]* @p_str10, [1 x i8]* @p_str10, [1 x i8]* @p_str10, [1 x i8]* @p_str10, [1 x i8]* @p_str10)

ST_2: stg_29 [1/2] 0.00ns
:5  call fastcc void @bigint_math_bigint_zero([256 x i8]* %tempA)

ST_2: stg_30 [1/2] 0.00ns
:6  call fastcc void @bigint_math_bigint_zero([256 x i8]* %tempB)

ST_2: empty_21 [1/1] 0.00ns
:7  %empty_21 = call i32 (...)* @_ssdm_op_SpecMemCore([256 x i8]* %sum, [1 x i8]* @p_str10, [7 x i8]* @RAM_1P_str, [1 x i8]* @p_str10, i32 -1, [1 x i8]* @p_str10, [1 x i8]* @p_str10, [1 x i8]* @p_str10, [1 x i8]* @p_str10, [1 x i8]* @p_str10)

ST_2: empty_22 [1/1] 0.00ns
:8  %empty_22 = call i32 (...)* @_ssdm_op_SpecMemCore([256 x i8]* %tempB, [1 x i8]* @p_str10, [7 x i8]* @RAM_1P_str, [1 x i8]* @p_str10, i32 -1, [1 x i8]* @p_str10, [1 x i8]* @p_str10, [1 x i8]* @p_str10, [1 x i8]* @p_str10, [1 x i8]* @p_str10)

ST_2: empty_23 [1/1] 0.00ns
:9  %empty_23 = call i32 (...)* @_ssdm_op_SpecMemCore([256 x i8]* %tempA, [1 x i8]* @p_str10, [7 x i8]* @RAM_1P_str, [1 x i8]* @p_str10, i32 -1, [1 x i8]* @p_str10, [1 x i8]* @p_str10, [1 x i8]* @p_str10, [1 x i8]* @p_str10, [1 x i8]* @p_str10)

ST_2: stg_34 [1/1] 1.57ns
:10  br label %1


 <State 3>: 3.60ns
ST_3: i_i [1/1] 0.00ns
:0  %i_i = phi i9 [ 0, %0 ], [ %i_6, %2 ]

ST_3: exitcond_i [1/1] 2.03ns
:1  %exitcond_i = icmp eq i9 %i_i, -256

ST_3: empty_24 [1/1] 0.00ns
:2  %empty_24 = call i32 (...)* @_ssdm_op_SpecLoopTripCount(i64 256, i64 256, i64 256)

ST_3: i_6 [1/1] 1.84ns
:3  %i_6 = add i9 %i_i, 1

ST_3: stg_39 [1/1] 1.57ns
:4  br i1 %exitcond_i, label %bigint_copy.exit, label %2

ST_3: tmp_i [1/1] 0.00ns
:0  %tmp_i = zext i9 %i_i to i64

ST_3: b_addr [1/1] 0.00ns
:1  %b_addr = getelementptr [256 x i8]* %a, i64 0, i64 %tmp_i

ST_3: b_load [2/2] 2.39ns
:2  %b_load = load i8* %b_addr, align 1


 <State 4>: 4.78ns
ST_4: b_load [1/2] 2.39ns
:2  %b_load = load i8* %b_addr, align 1

ST_4: tempA_addr [1/1] 0.00ns
:3  %tempA_addr = getelementptr [256 x i8]* %tempA, i64 0, i64 %tmp_i

ST_4: stg_45 [1/1] 2.39ns
:4  store i8 %b_load, i8* %tempA_addr, align 1

ST_4: stg_46 [1/1] 0.00ns
:5  br label %1


 <State 5>: 2.39ns
ST_5: i_i1 [1/1] 0.00ns
bigint_copy.exit:0  %i_i1 = phi i9 [ %i_7, %3 ], [ 0, %1 ]

ST_5: exitcond_i2 [1/1] 2.03ns
bigint_copy.exit:1  %exitcond_i2 = icmp eq i9 %i_i1, -256

ST_5: empty_25 [1/1] 0.00ns
bigint_copy.exit:2  %empty_25 = call i32 (...)* @_ssdm_op_SpecLoopTripCount(i64 256, i64 256, i64 256)

ST_5: i_7 [1/1] 1.84ns
bigint_copy.exit:3  %i_7 = add i9 %i_i1, 1

ST_5: stg_51 [1/1] 0.00ns
bigint_copy.exit:4  br i1 %exitcond_i2, label %bigint_copy.exit8, label %3

ST_5: tmp_i3 [1/1] 0.00ns
:0  %tmp_i3 = zext i9 %i_i1 to i64

ST_5: b_addr_1 [1/1] 0.00ns
:1  %b_addr_1 = getelementptr [256 x i8]* %a, i64 0, i64 %tmp_i3

ST_5: b_load_1 [2/2] 2.39ns
:2  %b_load_1 = load i8* %b_addr_1, align 1

ST_5: stg_55 [2/2] 0.00ns
bigint_copy.exit8:0  call fastcc void @bigint_math_bigint_zero([256 x i8]* %out_r)

ST_5: stg_56 [2/2] 0.00ns
bigint_copy.exit8:1  call fastcc void @bigint_math_bigint_zero([256 x i8]* %sum)


 <State 6>: 4.78ns
ST_6: b_load_1 [1/2] 2.39ns
:2  %b_load_1 = load i8* %b_addr_1, align 1

ST_6: tempB_addr_2 [1/1] 0.00ns
:3  %tempB_addr_2 = getelementptr [256 x i8]* %tempB, i64 0, i64 %tmp_i3

ST_6: stg_59 [1/1] 2.39ns
:4  store i8 %b_load_1, i8* %tempB_addr_2, align 1

ST_6: stg_60 [1/1] 0.00ns
:5  br label %bigint_copy.exit


 <State 7>: 1.57ns
ST_7: stg_61 [1/2] 0.00ns
bigint_copy.exit8:0  call fastcc void @bigint_math_bigint_zero([256 x i8]* %out_r)

ST_7: stg_62 [1/2] 0.00ns
bigint_copy.exit8:1  call fastcc void @bigint_math_bigint_zero([256 x i8]* %sum)

ST_7: stg_63 [1/1] 1.57ns
bigint_copy.exit8:2  br label %4


 <State 8>: 4.23ns
ST_8: i [1/1] 0.00ns
:0  %i = phi i9 [ 0, %bigint_copy.exit8 ], [ %i_4, %11 ]

ST_8: exitcond1 [1/1] 2.03ns
:1  %exitcond1 = icmp eq i9 %i, -256

ST_8: empty_26 [1/1] 0.00ns
:2  %empty_26 = call i32 (...)* @_ssdm_op_SpecLoopTripCount(i64 256, i64 256, i64 256)

ST_8: i_4 [1/1] 1.84ns
:3  %i_4 = add i9 %i, 1

ST_8: stg_68 [1/1] 0.00ns
:4  br i1 %exitcond1, label %12, label %5

ST_8: k [1/1] 1.84ns
:0  %k = sub i9 255, %i

ST_8: tmp [1/1] 0.00ns
:1  %tmp = zext i9 %k to i64

ST_8: tempB_addr [1/1] 0.00ns
:2  %tempB_addr = getelementptr inbounds [256 x i8]* %tempB, i64 0, i64 %tmp

ST_8: tempB_load [2/2] 2.39ns
:3  %tempB_load = load i8* %tempB_addr, align 1

ST_8: stg_73 [1/1] 0.00ns
:0  ret void


 <State 9>: 2.39ns
ST_9: tempB_load [1/2] 2.39ns
:3  %tempB_load = load i8* %tempB_addr, align 1

ST_9: tmp_cast [1/1] 0.00ns
:4  %tmp_cast = zext i8 %tempB_load to i16

ST_9: stg_76 [1/1] 1.57ns
:5  br label %6


 <State 10>: 4.23ns
ST_10: j [1/1] 0.00ns
:0  %j = phi i9 [ 0, %5 ], [ %j_5, %._crit_edge ]

ST_10: k5 [1/1] 0.00ns
:1  %k5 = phi i9 [ %k, %5 ], [ %k_5, %._crit_edge ]

ST_10: exitcond [1/1] 2.03ns
:2  %exitcond = icmp eq i9 %j, -256

ST_10: empty_27 [1/1] 0.00ns
:3  %empty_27 = call i32 (...)* @_ssdm_op_SpecLoopTripCount(i64 256, i64 256, i64 256)

ST_10: j_5 [1/1] 1.84ns
:4  %j_5 = add i9 %j, 1

ST_10: stg_82 [1/1] 0.00ns
:5  br i1 %exitcond, label %11, label %7

ST_10: tmp_s [1/1] 1.84ns
:0  %tmp_s = sub i9 255, %j

ST_10: tmp_23 [1/1] 0.00ns
:1  %tmp_23 = zext i9 %tmp_s to i64

ST_10: tempA_addr_5 [1/1] 0.00ns
:2  %tempA_addr_5 = getelementptr inbounds [256 x i8]* %tempA, i64 0, i64 %tmp_23

ST_10: tempA_load [2/2] 2.39ns
:3  %tempA_load = load i8* %tempA_addr_5, align 1

ST_10: stg_87 [2/2] 0.00ns
:0  call fastcc void @bigint_math_bigint_add.1([256 x i8]* %out_r, [256 x i8]* %sum)


 <State 11>: 10.77ns
ST_11: tempA_load [1/2] 2.39ns
:3  %tempA_load = load i8* %tempA_addr_5, align 1

ST_11: prod [1/1] 6.38ns
:4  %prod = mul i8 %tempB_load, %tempA_load

ST_11: tmp_31_cast [1/1] 0.00ns
:5  %tmp_31_cast = zext i8 %tempA_load to i16

ST_11: tmp_24 [1/1] 6.38ns
:6  %tmp_24 = mul i16 %tmp_cast, %tmp_31_cast

ST_11: carry [1/1] 0.00ns
:7  %carry = call i8 @_ssdm_op_PartSelect.i8.i16.i32.i32(i16 %tmp_24, i32 8, i32 15)

ST_11: tmp_25 [1/1] 0.00ns (grouped into LUT with out node tmp_26)
:8  %tmp_25 = or i8 %carry, %prod

ST_11: tmp_26 [1/1] 2.00ns (out node of the LUT)
:9  %tmp_26 = icmp eq i8 %tmp_25, 0

ST_11: stg_95 [1/1] 0.00ns
:10  br i1 %tmp_26, label %._crit_edge, label %8

ST_11: tmp_27 [1/1] 0.00ns
:0  %tmp_27 = sext i9 %k5 to i64

ST_11: sum_addr [1/1] 0.00ns
:1  %sum_addr = getelementptr inbounds [256 x i8]* %sum, i64 0, i64 %tmp_27

ST_11: sum_load [2/2] 2.39ns
:2  %sum_load = load i8* %sum_addr, align 1


 <State 12>: 4.23ns
ST_12: sum_load [1/2] 2.39ns
:2  %sum_load = load i8* %sum_addr, align 1

ST_12: tmp_37_cast [1/1] 0.00ns
:3  %tmp_37_cast = zext i8 %sum_load to i9

ST_12: tmp_38_cast [1/1] 0.00ns
:4  %tmp_38_cast = zext i8 %prod to i9

ST_12: tmp_28 [1/1] 1.72ns
:5  %tmp_28 = add i9 %tmp_37_cast, %tmp_38_cast

ST_12: tmp_7 [1/1] 0.00ns
:6  %tmp_7 = call i1 @_ssdm_op_BitSelect.i1.i9.i32(i9 %tmp_28, i32 8)

ST_12: stg_104 [1/1] 0.00ns
:7  br i1 %tmp_7, label %9, label %._crit_edge2

ST_12: tmp_29 [1/1] 1.84ns
:0  %tmp_29 = add i9 -1, %k5

ST_12: tmp_30 [1/1] 0.00ns
:1  %tmp_30 = sext i9 %tmp_29 to i64

ST_12: sum_addr_1 [1/1] 0.00ns
:2  %sum_addr_1 = getelementptr inbounds [256 x i8]* %sum, i64 0, i64 %tmp_30

ST_12: sum_load_1 [2/2] 2.39ns
:3  %sum_load_1 = load i8* %sum_addr_1, align 1


 <State 13>: 6.50ns
ST_13: sum_load_1 [1/2] 2.39ns
:3  %sum_load_1 = load i8* %sum_addr_1, align 1

ST_13: tmp_31 [1/1] 1.72ns
:4  %tmp_31 = add i8 1, %sum_load_1

ST_13: stg_111 [1/1] 2.39ns
:5  store i8 %tmp_31, i8* %sum_addr_1, align 1

ST_13: stg_112 [1/1] 0.00ns
:6  br label %._crit_edge2

ST_13: tmp_32 [1/1] 1.72ns
._crit_edge2:0  %tmp_32 = add i8 %sum_load, %prod


 <State 14>: 2.39ns
ST_14: stg_114 [1/1] 2.39ns
._crit_edge2:1  store i8 %tmp_32, i8* %sum_addr, align 1


 <State 15>: 4.23ns
ST_15: tmp_33 [1/1] 1.84ns
._crit_edge2:2  %tmp_33 = add i9 %k5, -1

ST_15: tmp_34 [1/1] 0.00ns
._crit_edge2:3  %tmp_34 = sext i9 %tmp_33 to i64

ST_15: sum_addr_2 [1/1] 0.00ns
._crit_edge2:4  %sum_addr_2 = getelementptr inbounds [256 x i8]* %sum, i64 0, i64 %tmp_34

ST_15: sum_load_2 [2/2] 2.39ns
._crit_edge2:5  %sum_load_2 = load i8* %sum_addr_2, align 1


 <State 16>: 4.23ns
ST_16: sum_load_2 [1/2] 2.39ns
._crit_edge2:5  %sum_load_2 = load i8* %sum_addr_2, align 1

ST_16: tmp_49_cast [1/1] 0.00ns
._crit_edge2:6  %tmp_49_cast = zext i8 %sum_load_2 to i9

ST_16: tmp_50_cast [1/1] 0.00ns
._crit_edge2:7  %tmp_50_cast = zext i8 %carry to i9

ST_16: tmp_35 [1/1] 1.72ns
._crit_edge2:8  %tmp_35 = add i9 %tmp_49_cast, %tmp_50_cast

ST_16: tmp_8 [1/1] 0.00ns
._crit_edge2:9  %tmp_8 = call i1 @_ssdm_op_BitSelect.i1.i9.i32(i9 %tmp_35, i32 8)

ST_16: stg_124 [1/1] 0.00ns
._crit_edge2:10  br i1 %tmp_8, label %10, label %._crit_edge3

ST_16: k5_cast [1/1] 0.00ns
:0  %k5_cast = sext i9 %k5 to i10

ST_16: tmp_36 [1/1] 1.84ns
:1  %tmp_36 = add i10 -2, %k5_cast

ST_16: tmp_37 [1/1] 0.00ns
:2  %tmp_37 = sext i10 %tmp_36 to i64

ST_16: sum_addr_3 [1/1] 0.00ns
:3  %sum_addr_3 = getelementptr inbounds [256 x i8]* %sum, i64 0, i64 %tmp_37

ST_16: sum_load_3 [2/2] 2.39ns
:4  %sum_load_3 = load i8* %sum_addr_3, align 1


 <State 17>: 6.50ns
ST_17: sum_load_3 [1/2] 2.39ns
:4  %sum_load_3 = load i8* %sum_addr_3, align 1

ST_17: tmp_38 [1/1] 1.72ns
:5  %tmp_38 = add i8 1, %sum_load_3

ST_17: stg_132 [1/1] 2.39ns
:6  store i8 %tmp_38, i8* %sum_addr_3, align 1

ST_17: stg_133 [1/1] 0.00ns
:7  br label %._crit_edge3

ST_17: tmp_39 [1/1] 1.72ns
._crit_edge3:0  %tmp_39 = add i8 %sum_load_2, %carry


 <State 18>: 2.39ns
ST_18: stg_135 [1/1] 2.39ns
._crit_edge3:1  store i8 %tmp_39, i8* %sum_addr_2, align 1

ST_18: stg_136 [1/1] 0.00ns
._crit_edge3:2  br label %._crit_edge

ST_18: k_5 [1/1] 1.84ns
._crit_edge:0  %k_5 = add i9 %k5, -1

ST_18: stg_138 [1/1] 0.00ns
._crit_edge:1  br label %6


 <State 19>: 0.00ns
ST_19: stg_139 [1/2] 0.00ns
:0  call fastcc void @bigint_math_bigint_add.1([256 x i8]* %out_r, [256 x i8]* %sum)


 <State 20>: 0.00ns
ST_20: stg_140 [2/2] 0.00ns
:1  call fastcc void @bigint_math_bigint_zero([256 x i8]* %sum)


 <State 21>: 0.00ns
ST_21: stg_141 [1/2] 0.00ns
:1  call fastcc void @bigint_math_bigint_zero([256 x i8]* %sum)

ST_21: stg_142 [1/1] 0.00ns
:2  br label %4



============================================================
+ Verbose Summary: Binding
============================================================
STG Binding: 
---------------- STG Properties BEGIN ----------------
- Is combinational: 0
- Is one-state seq: 0
- Is datapath-only: 0
- Is clock enabled: 0
- Is pipelined: 0
- Is top level: 0
Port [ Return ] is wired: 1; IO mode=ap_ctrl_hs:ce=0
Port [ out_r]:  wired=1; compound=1; hidden=0; nouse=0; global=0; static=0; extern=0; dir=2; type=1; pingpong=0; private_global=0; MemPort=[2]; IO mode=ap_memory:ce=0
Port [ a]:  wired=1; compound=1; hidden=0; nouse=0; global=0; static=0; extern=0; dir=0; type=1; pingpong=0; private_global=0; MemPort=[1]; IO mode=ap_memory:ce=0
---------------- STG Properties END ------------------

---------------- Datapath Model BEGIN ----------------

<LifeTime>
<method=bitvector/>
sum          (alloca           ) [ 0011111111111111111111]
tempA        (alloca           ) [ 0011111111111111111111]
tempB        (alloca           ) [ 0011111111111111111111]
empty        (specmemcore      ) [ 0000000000000000000000]
empty_20     (specmemcore      ) [ 0000000000000000000000]
stg_29       (call             ) [ 0000000000000000000000]
stg_30       (call             ) [ 0000000000000000000000]
empty_21     (specmemcore      ) [ 0000000000000000000000]
empty_22     (specmemcore      ) [ 0000000000000000000000]
empty_23     (specmemcore      ) [ 0000000000000000000000]
stg_34       (br               ) [ 0011100000000000000000]
i_i          (phi              ) [ 0001000000000000000000]
exitcond_i   (icmp             ) [ 0001100000000000000000]
empty_24     (speclooptripcount) [ 0000000000000000000000]
i_6          (add              ) [ 0011100000000000000000]
stg_39       (br               ) [ 0001111000000000000000]
tmp_i        (zext             ) [ 0000100000000000000000]
b_addr       (getelementptr    ) [ 0000100000000000000000]
b_load       (load             ) [ 0000000000000000000000]
tempA_addr   (getelementptr    ) [ 0000000000000000000000]
stg_45       (store            ) [ 0000000000000000000000]
stg_46       (br               ) [ 0011100000000000000000]
i_i1         (phi              ) [ 0000010000000000000000]
exitcond_i2  (icmp             ) [ 0000011000000000000000]
empty_25     (speclooptripcount) [ 0000000000000000000000]
i_7          (add              ) [ 0001011000000000000000]
stg_51       (br               ) [ 0000000000000000000000]
tmp_i3       (zext             ) [ 0000001000000000000000]
b_addr_1     (getelementptr    ) [ 0000001000000000000000]
b_load_1     (load             ) [ 0000000000000000000000]
tempB_addr_2 (getelementptr    ) [ 0000000000000000000000]
stg_59       (store            ) [ 0000000000000000000000]
stg_60       (br               ) [ 0001011000000000000000]
stg_61       (call             ) [ 0000000000000000000000]
stg_62       (call             ) [ 0000000000000000000000]
stg_63       (br               ) [ 0000000111111111111111]
i            (phi              ) [ 0000000010000000000000]
exitcond1    (icmp             ) [ 0000000011111111111111]
empty_26     (speclooptripcount) [ 0000000000000000000000]
i_4          (add              ) [ 0000000111111111111111]
stg_68       (br               ) [ 0000000000000000000000]
k            (sub              ) [ 0000000001111111111000]
tmp          (zext             ) [ 0000000000000000000000]
tempB_addr   (getelementptr    ) [ 0000000001000000000000]
stg_73       (ret              ) [ 0000000000000000000000]
tempB_load   (load             ) [ 0000000000111111111000]
tmp_cast     (zext             ) [ 0000000000111111111000]
stg_76       (br               ) [ 0000000011111111111111]
j            (phi              ) [ 0000000000100000000000]
k5           (phi              ) [ 0000000000111111111000]
exitcond     (icmp             ) [ 0000000011111111111111]
empty_27     (speclooptripcount) [ 0000000000000000000000]
j_5          (add              ) [ 0000000011111111111111]
stg_82       (br               ) [ 0000000000000000000000]
tmp_s        (sub              ) [ 0000000000000000000000]
tmp_23       (zext             ) [ 0000000000000000000000]
tempA_addr_5 (getelementptr    ) [ 0000000000010000000000]
tempA_load   (load             ) [ 0000000000000000000000]
prod         (mul              ) [ 0000000000001100000000]
tmp_31_cast  (zext             ) [ 0000000000000000000000]
tmp_24       (mul              ) [ 0000000000000000000000]
carry        (partselect       ) [ 0000000000001111110000]
tmp_25       (or               ) [ 0000000000000000000000]
tmp_26       (icmp             ) [ 0000000011111111111111]
stg_95       (br               ) [ 0000000000000000000000]
tmp_27       (sext             ) [ 0000000000000000000000]
sum_addr     (getelementptr    ) [ 0000000000001110000000]
sum_load     (load             ) [ 0000000000000100000000]
tmp_37_cast  (zext             ) [ 0000000000000000000000]
tmp_38_cast  (zext             ) [ 0000000000000000000000]
tmp_28       (add              ) [ 0000000000000000000000]
tmp_7        (bitselect        ) [ 0000000011111111111111]
stg_104      (br               ) [ 0000000000000000000000]
tmp_29       (add              ) [ 0000000000000000000000]
tmp_30       (sext             ) [ 0000000000000000000000]
sum_addr_1   (getelementptr    ) [ 0000000000000100000000]
sum_load_1   (load             ) [ 0000000000000000000000]
tmp_31       (add              ) [ 0000000000000000000000]
stg_111      (store            ) [ 0000000000000000000000]
stg_112      (br               ) [ 0000000000000000000000]
tmp_32       (add              ) [ 0000000000000010000000]
stg_114      (store            ) [ 0000000000000000000000]
tmp_33       (add              ) [ 0000000000000000000000]
tmp_34       (sext             ) [ 0000000000000000000000]
sum_addr_2   (getelementptr    ) [ 0000000011110000111111]
sum_load_2   (load             ) [ 0000000000000000010000]
tmp_49_cast  (zext             ) [ 0000000000000000000000]
tmp_50_cast  (zext             ) [ 0000000000000000000000]
tmp_35       (add              ) [ 0000000000000000000000]
tmp_8        (bitselect        ) [ 0000000011111111111111]
stg_124      (br               ) [ 0000000000000000000000]
k5_cast      (sext             ) [ 0000000000000000000000]
tmp_36       (add              ) [ 0000000000000000000000]
tmp_37       (sext             ) [ 0000000000000000000000]
sum_addr_3   (getelementptr    ) [ 0000000000000000010000]
sum_load_3   (load             ) [ 0000000000000000000000]
tmp_38       (add              ) [ 0000000000000000000000]
stg_132      (store            ) [ 0000000000000000000000]
stg_133      (br               ) [ 0000000000000000000000]
tmp_39       (add              ) [ 0000000011110000001111]
stg_135      (store            ) [ 0000000000000000000000]
stg_136      (br               ) [ 0000000000000000000000]
k_5          (add              ) [ 0000000011111111111111]
stg_138      (br               ) [ 0000000011111111111111]
stg_139      (call             ) [ 0000000000000000000000]
stg_141      (call             ) [ 0000000000000000000000]
stg_142      (br               ) [ 0000000111111111111111]
</LifeTime>

<model>

<comp_list>
<comp id="0" class="1000" name="out_r">
<pin_list>
<pin id="1" dir="1" index="0" bw="1" slack="0"/>
</pin_list>
<bind>
<StgValue><ssdm name="out_r"/><MemPortTyVec>2 </MemPortTyVec>
</StgValue>
</bind>
</comp>

<comp id="2" class="1000" name="a">
<pin_list>
<pin id="3" dir="1" index="0" bw="1" slack="0"/>
</pin_list>
<bind>
<StgValue><ssdm name="a"/><MemPortTyVec>1 </MemPortTyVec>
</StgValue>
</bind>
</comp>

<comp id="4" class="1001" name="const_4">
<pin_list>
<pin id="5" dir="1" index="0" bw="1" slack="0"/>
</pin_list>
<bind>
<StgValue><ssdm name=""/></StgValue>
</bind>
</comp>

<comp id="6" class="1001" name="const_6">
<pin_list>
<pin id="7" dir="1" index="0" bw="1" slack="0"/>
</pin_list>
<bind>
<StgValue><ssdm name="bigint_math_bigint_zero"/></StgValue>
</bind>
</comp>

<comp id="8" class="1001" name="const_8">
<pin_list>
<pin id="9" dir="1" index="0" bw="1" slack="2147483647"/>
</pin_list>
<bind>
<StgValue><ssdm name="_ssdm_op_SpecMemCore"/></StgValue>
</bind>
</comp>

<comp id="10" class="1001" name="const_10">
<pin_list>
<pin id="11" dir="1" index="0" bw="1" slack="2147483647"/>
</pin_list>
<bind>
<StgValue><ssdm name="p_str10"/></StgValue>
</bind>
</comp>

<comp id="12" class="1001" name="const_12">
<pin_list>
<pin id="13" dir="1" index="0" bw="1" slack="2147483647"/>
</pin_list>
<bind>
<StgValue><ssdm name="RAM_1P_str"/></StgValue>
</bind>
</comp>

<comp id="14" class="1001" name="const_14">
<pin_list>
<pin id="15" dir="1" index="0" bw="1" slack="2147483647"/>
</pin_list>
<bind>
<StgValue><ssdm name=""/></StgValue>
</bind>
</comp>

<comp id="16" class="1001" name="const_16">
<pin_list>
<pin id="17" dir="1" index="0" bw="1" slack="1"/>
</pin_list>
<bind>
<StgValue><ssdm name=""/></StgValue>
</bind>
</comp>

<comp id="18" class="1001" name="const_18">
<pin_list>
<pin id="19" dir="1" index="0" bw="1" slack="0"/>
</pin_list>
<bind>
<StgValue><ssdm name=""/></StgValue>
</bind>
</comp>

<comp id="20" class="1001" name="const_20">
<pin_list>
<pin id="21" dir="1" index="0" bw="1" slack="2147483647"/>
</pin_list>
<bind>
<StgValue><ssdm name="_ssdm_op_SpecLoopTripCount"/></StgValue>
</bind>
</comp>

<comp id="22" class="1001" name="const_22">
<pin_list>
<pin id="23" dir="1" index="0" bw="1" slack="2147483647"/>
</pin_list>
<bind>
<StgValue><ssdm name=""/></StgValue>
</bind>
</comp>

<comp id="24" class="1001" name="const_24">
<pin_list>
<pin id="25" dir="1" index="0" bw="1" slack="0"/>
</pin_list>
<bind>
<StgValue><ssdm name=""/></StgValue>
</bind>
</comp>

<comp id="26" class="1001" name="const_26">
<pin_list>
<pin id="27" dir="1" index="0" bw="1" slack="0"/>
</pin_list>
<bind>
<StgValue><ssdm name=""/></StgValue>
</bind>
</comp>

<comp id="28" class="1001" name="const_28">
<pin_list>
<pin id="29" dir="1" index="0" bw="1" slack="0"/>
</pin_list>
<bind>
<StgValue><ssdm name=""/></StgValue>
</bind>
</comp>

<comp id="30" class="1001" name="const_30">
<pin_list>
<pin id="31" dir="1" index="0" bw="1" slack="0"/>
</pin_list>
<bind>
<StgValue><ssdm name="bigint_math_bigint_add.1"/></StgValue>
</bind>
</comp>

<comp id="32" class="1001" name="const_32">
<pin_list>
<pin id="33" dir="1" index="0" bw="1" slack="0"/>
</pin_list>
<bind>
<StgValue><ssdm name="_ssdm_op_PartSelect.i8.i16.i32.i32"/></StgValue>
</bind>
</comp>

<comp id="34" class="1001" name="const_34">
<pin_list>
<pin id="35" dir="1" index="0" bw="1" slack="0"/>
</pin_list>
<bind>
<StgValue><ssdm name=""/></StgValue>
</bind>
</comp>

<comp id="36" class="1001" name="const_36">
<pin_list>
<pin id="37" dir="1" index="0" bw="1" slack="0"/>
</pin_list>
<bind>
<StgValue><ssdm name=""/></StgValue>
</bind>
</comp>

<comp id="38" class="1001" name="const_38">
<pin_list>
<pin id="39" dir="1" index="0" bw="1" slack="0"/>
</pin_list>
<bind>
<StgValue><ssdm name=""/></StgValue>
</bind>
</comp>

<comp id="40" class="1001" name="const_40">
<pin_list>
<pin id="41" dir="1" index="0" bw="1" slack="0"/>
</pin_list>
<bind>
<StgValue><ssdm name="_ssdm_op_BitSelect.i1.i9.i32"/></StgValue>
</bind>
</comp>

<comp id="42" class="1001" name="const_42">
<pin_list>
<pin id="43" dir="1" index="0" bw="1" slack="0"/>
</pin_list>
<bind>
<StgValue><ssdm name=""/></StgValue>
</bind>
</comp>

<comp id="44" class="1001" name="const_44">
<pin_list>
<pin id="45" dir="1" index="0" bw="1" slack="0"/>
</pin_list>
<bind>
<StgValue><ssdm name=""/></StgValue>
</bind>
</comp>

<comp id="46" class="1001" name="const_46">
<pin_list>
<pin id="47" dir="1" index="0" bw="1" slack="0"/>
</pin_list>
<bind>
<StgValue><ssdm name=""/></StgValue>
</bind>
</comp>

<comp id="48" class="1004" name="sum_alloca_fu_48">
<pin_list>
<pin id="49" dir="0" index="0" bw="1" slack="0"/>
<pin id="50" dir="1" index="1" bw="8" slack="2147483647"/>
</pin_list>
<bind>
<opcode="alloca(26) " fcode="alloca"/>
<opset="sum/1 "/>
</bind>
</comp>

<comp id="52" class="1004" name="tempA_alloca_fu_52">
<pin_list>
<pin id="53" dir="0" index="0" bw="1" slack="0"/>
<pin id="54" dir="1" index="1" bw="8" slack="0"/>
</pin_list>
<bind>
<opcode="alloca(26) " fcode="alloca"/>
<opset="tempA/1 "/>
</bind>
</comp>

<comp id="56" class="1004" name="tempB_alloca_fu_56">
<pin_list>
<pin id="57" dir="0" index="0" bw="1" slack="0"/>
<pin id="58" dir="1" index="1" bw="8" slack="0"/>
</pin_list>
<bind>
<opcode="alloca(26) " fcode="alloca"/>
<opset="tempB/1 "/>
</bind>
</comp>

<comp id="60" class="1004" name="b_addr_gep_fu_60">
<pin_list>
<pin id="61" dir="0" index="0" bw="8" slack="0"/>
<pin id="62" dir="0" index="1" bw="1" slack="0"/>
<pin id="63" dir="0" index="2" bw="9" slack="0"/>
<pin id="64" dir="1" index="3" bw="8" slack="0"/>
</pin_list>
<bind>
<opcode="getelementptr(29) " fcode="getelementptr"/>
<opset="b_addr/3 "/>
</bind>
</comp>

<comp id="67" class="1004" name="grp_access_fu_67">
<pin_list>
<pin id="68" dir="0" index="0" bw="8" slack="0"/>
<pin id="69" dir="0" index="1" bw="8" slack="2147483647"/>
<pin id="70" dir="1" index="2" bw="8" slack="0"/>
</pin_list>
<bind>
<opcode="load(27) " fcode="load"/>
<opset="b_load/3 b_load_1/5 "/>
</bind>
</comp>

<comp id="72" class="1004" name="tempA_addr_gep_fu_72">
<pin_list>
<pin id="73" dir="0" index="0" bw="8" slack="2147483647"/>
<pin id="74" dir="0" index="1" bw="1" slack="0"/>
<pin id="75" dir="0" index="2" bw="9" slack="1"/>
<pin id="76" dir="1" index="3" bw="8" slack="0"/>
</pin_list>
<bind>
<opcode="getelementptr(29) " fcode="getelementptr"/>
<opset="tempA_addr/4 "/>
</bind>
</comp>

<comp id="78" class="1004" name="grp_access_fu_78">
<pin_list>
<pin id="79" dir="0" index="0" bw="8" slack="0"/>
<pin id="80" dir="0" index="1" bw="8" slack="0"/>
<pin id="81" dir="1" index="2" bw="8" slack="0"/>
</pin_list>
<bind>
<opcode="load(27) store(28) " fcode="load"/>
<opset="stg_45/4 tempA_load/10 "/>
</bind>
</comp>

<comp id="84" class="1004" name="b_addr_1_gep_fu_84">
<pin_list>
<pin id="85" dir="0" index="0" bw="8" slack="0"/>
<pin id="86" dir="0" index="1" bw="1" slack="0"/>
<pin id="87" dir="0" index="2" bw="9" slack="0"/>
<pin id="88" dir="1" index="3" bw="8" slack="0"/>
</pin_list>
<bind>
<opcode="getelementptr(29) " fcode="getelementptr"/>
<opset="b_addr_1/5 "/>
</bind>
</comp>

<comp id="92" class="1004" name="tempB_addr_2_gep_fu_92">
<pin_list>
<pin id="93" dir="0" index="0" bw="8" slack="2147483647"/>
<pin id="94" dir="0" index="1" bw="1" slack="0"/>
<pin id="95" dir="0" index="2" bw="9" slack="1"/>
<pin id="96" dir="1" index="3" bw="8" slack="0"/>
</pin_list>
<bind>
<opcode="getelementptr(29) " fcode="getelementptr"/>
<opset="tempB_addr_2/6 "/>
</bind>
</comp>

<comp id="98" class="1004" name="grp_access_fu_98">
<pin_list>
<pin id="99" dir="0" index="0" bw="8" slack="0"/>
<pin id="100" dir="0" index="1" bw="8" slack="0"/>
<pin id="101" dir="1" index="2" bw="8" slack="0"/>
</pin_list>
<bind>
<opcode="load(27) store(28) " fcode="load"/>
<opset="stg_59/6 tempB_load/8 "/>
</bind>
</comp>

<comp id="104" class="1004" name="tempB_addr_gep_fu_104">
<pin_list>
<pin id="105" dir="0" index="0" bw="8" slack="2147483647"/>
<pin id="106" dir="0" index="1" bw="1" slack="0"/>
<pin id="107" dir="0" index="2" bw="9" slack="0"/>
<pin id="108" dir="1" index="3" bw="8" slack="0"/>
</pin_list>
<bind>
<opcode="getelementptr(29) " fcode="getelementptr"/>
<opset="tempB_addr/8 "/>
</bind>
</comp>

<comp id="111" class="1004" name="tempA_addr_5_gep_fu_111">
<pin_list>
<pin id="112" dir="0" index="0" bw="8" slack="2147483647"/>
<pin id="113" dir="0" index="1" bw="1" slack="0"/>
<pin id="114" dir="0" index="2" bw="9" slack="0"/>
<pin id="115" dir="1" index="3" bw="8" slack="0"/>
</pin_list>
<bind>
<opcode="getelementptr(29) " fcode="getelementptr"/>
<opset="tempA_addr_5/10 "/>
</bind>
</comp>

<comp id="118" class="1004" name="sum_addr_gep_fu_118">
<pin_list>
<pin id="119" dir="0" index="0" bw="8" slack="2147483647"/>
<pin id="120" dir="0" index="1" bw="1" slack="0"/>
<pin id="121" dir="0" index="2" bw="9" slack="0"/>
<pin id="122" dir="1" index="3" bw="8" slack="0"/>
</pin_list>
<bind>
<opcode="getelementptr(29) " fcode="getelementptr"/>
<opset="sum_addr/11 "/>
</bind>
</comp>

<comp id="124" class="1004" name="grp_access_fu_124">
<pin_list>
<pin id="125" dir="0" index="0" bw="8" slack="0"/>
<pin id="126" dir="0" index="1" bw="8" slack="0"/>
<pin id="127" dir="1" index="2" bw="8" slack="0"/>
</pin_list>
<bind>
<opcode="load(27) store(28) " fcode="store"/>
<opset="sum_load/11 sum_load_1/12 stg_111/13 stg_114/14 sum_load_2/15 sum_load_3/16 stg_132/17 stg_135/18 "/>
</bind>
</comp>

<comp id="129" class="1004" name="sum_addr_1_gep_fu_129">
<pin_list>
<pin id="130" dir="0" index="0" bw="8" slack="2147483647"/>
<pin id="131" dir="0" index="1" bw="1" slack="0"/>
<pin id="132" dir="0" index="2" bw="9" slack="0"/>
<pin id="133" dir="1" index="3" bw="8" slack="0"/>
</pin_list>
<bind>
<opcode="getelementptr(29) " fcode="getelementptr"/>
<opset="sum_addr_1/12 "/>
</bind>
</comp>

<comp id="136" class="1004" name="sum_addr_2_gep_fu_136">
<pin_list>
<pin id="137" dir="0" index="0" bw="8" slack="2147483647"/>
<pin id="138" dir="0" index="1" bw="1" slack="0"/>
<pin id="139" dir="0" index="2" bw="9" slack="0"/>
<pin id="140" dir="1" index="3" bw="8" slack="0"/>
</pin_list>
<bind>
<opcode="getelementptr(29) " fcode="getelementptr"/>
<opset="sum_addr_2/15 "/>
</bind>
</comp>

<comp id="143" class="1004" name="sum_addr_3_gep_fu_143">
<pin_list>
<pin id="144" dir="0" index="0" bw="8" slack="2147483647"/>
<pin id="145" dir="0" index="1" bw="1" slack="0"/>
<pin id="146" dir="0" index="2" bw="10" slack="0"/>
<pin id="147" dir="1" index="3" bw="8" slack="0"/>
</pin_list>
<bind>
<opcode="getelementptr(29) " fcode="getelementptr"/>
<opset="sum_addr_3/16 "/>
</bind>
</comp>

<comp id="150" class="1005" name="i_i_reg_150">
<pin_list>
<pin id="151" dir="0" index="0" bw="9" slack="1"/>
<pin id="152" dir="1" index="1" bw="9" slack="1"/>
</pin_list>
<bind>
<opset="i_i (phireg) "/>
</bind>
</comp>

<comp id="154" class="1004" name="i_i_phi_fu_154">
<pin_list>
<pin id="155" dir="0" index="0" bw="1" slack="1"/>
<pin id="156" dir="0" index="1" bw="0" slack="2147483647"/>
<pin id="157" dir="0" index="2" bw="9" slack="0"/>
<pin id="158" dir="0" index="3" bw="0" slack="2147483647"/>
<pin id="159" dir="1" index="4" bw="9" slack="0"/>
</pin_list>
<bind>
<opcode="phi(47) " fcode="phi"/>
<opset="i_i/3 "/>
</bind>
</comp>

<comp id="161" class="1005" name="i_i1_reg_161">
<pin_list>
<pin id="162" dir="0" index="0" bw="9" slack="1"/>
<pin id="163" dir="1" index="1" bw="9" slack="1"/>
</pin_list>
<bind>
<opset="i_i1 (phireg) "/>
</bind>
</comp>

<comp id="165" class="1004" name="i_i1_phi_fu_165">
<pin_list>
<pin id="166" dir="0" index="0" bw="9" slack="0"/>
<pin id="167" dir="0" index="1" bw="0" slack="2147483647"/>
<pin id="168" dir="0" index="2" bw="1" slack="1"/>
<pin id="169" dir="0" index="3" bw="0" slack="2147483647"/>
<pin id="170" dir="1" index="4" bw="9" slack="0"/>
</pin_list>
<bind>
<opcode="phi(47) " fcode="phi"/>
<opset="i_i1/5 "/>
</bind>
</comp>

<comp id="172" class="1005" name="i_reg_172">
<pin_list>
<pin id="173" dir="0" index="0" bw="9" slack="1"/>
<pin id="174" dir="1" index="1" bw="9" slack="1"/>
</pin_list>
<bind>
<opset="i (phireg) "/>
</bind>
</comp>

<comp id="176" class="1004" name="i_phi_fu_176">
<pin_list>
<pin id="177" dir="0" index="0" bw="1" slack="1"/>
<pin id="178" dir="0" index="1" bw="0" slack="2147483647"/>
<pin id="179" dir="0" index="2" bw="9" slack="0"/>
<pin id="180" dir="0" index="3" bw="0" slack="2147483647"/>
<pin id="181" dir="1" index="4" bw="9" slack="0"/>
</pin_list>
<bind>
<opcode="phi(47) " fcode="phi"/>
<opset="i/8 "/>
</bind>
</comp>

<comp id="183" class="1005" name="j_reg_183">
<pin_list>
<pin id="184" dir="0" index="0" bw="9" slack="1"/>
<pin id="185" dir="1" index="1" bw="9" slack="1"/>
</pin_list>
<bind>
<opset="j (phireg) "/>
</bind>
</comp>

<comp id="187" class="1004" name="j_phi_fu_187">
<pin_list>
<pin id="188" dir="0" index="0" bw="1" slack="1"/>
<pin id="189" dir="0" index="1" bw="0" slack="2147483647"/>
<pin id="190" dir="0" index="2" bw="9" slack="0"/>
<pin id="191" dir="0" index="3" bw="0" slack="2147483647"/>
<pin id="192" dir="1" index="4" bw="9" slack="0"/>
</pin_list>
<bind>
<opcode="phi(47) " fcode="phi"/>
<opset="j/10 "/>
</bind>
</comp>

<comp id="194" class="1005" name="k5_reg_194">
<pin_list>
<pin id="195" dir="0" index="0" bw="9" slack="1"/>
<pin id="196" dir="1" index="1" bw="9" slack="1"/>
</pin_list>
<bind>
<opset="k5 (phireg) "/>
</bind>
</comp>

<comp id="197" class="1004" name="k5_phi_fu_197">
<pin_list>
<pin id="198" dir="0" index="0" bw="9" slack="2"/>
<pin id="199" dir="0" index="1" bw="0" slack="2147483647"/>
<pin id="200" dir="0" index="2" bw="9" slack="1"/>
<pin id="201" dir="0" index="3" bw="0" slack="2147483647"/>
<pin id="202" dir="1" index="4" bw="9" slack="1"/>
</pin_list>
<bind>
<opcode="phi(47) " fcode="phi"/>
<opset="k5/10 "/>
</bind>
</comp>

<comp id="204" class="1004" name="grp_bigint_math_bigint_add_1_fu_204">
<pin_list>
<pin id="205" dir="0" index="0" bw="0" slack="0"/>
<pin id="206" dir="0" index="1" bw="8" slack="0"/>
<pin id="207" dir="0" index="2" bw="8" slack="2147483647"/>
<pin id="208" dir="1" index="3" bw="0" slack="2147483647"/>
</pin_list>
<bind>
<opcode="call(48) " fcode="call"/>
<opset="stg_87/10 "/>
</bind>
</comp>

<comp id="211" class="1004" name="grp_bigint_math_bigint_zero_fu_211">
<pin_list>
<pin id="212" dir="0" index="0" bw="0" slack="0"/>
<pin id="213" dir="0" index="1" bw="8" slack="0"/>
<pin id="214" dir="1" index="2" bw="0" slack="2147483647"/>
</pin_list>
<bind>
<opcode="call(48) " fcode="call"/>
<opset="stg_25/1 stg_55/5 stg_140/20 "/>
</bind>
</comp>

<comp id="217" class="1004" name="grp_bigint_math_bigint_zero_fu_217">
<pin_list>
<pin id="218" dir="0" index="0" bw="0" slack="0"/>
<pin id="219" dir="0" index="1" bw="8" slack="0"/>
<pin id="220" dir="1" index="2" bw="0" slack="2147483647"/>
</pin_list>
<bind>
<opcode="call(48) " fcode="call"/>
<opset="stg_26/1 stg_56/5 "/>
</bind>
</comp>

<comp id="224" class="1004" name="grp_fu_224">
<pin_list>
<pin id="225" dir="0" index="0" bw="1" slack="0"/>
<pin id="226" dir="0" index="1" bw="8" slack="0"/>
<pin id="227" dir="1" index="2" bw="8" slack="0"/>
</pin_list>
<bind>
<opcode="add(8) " fcode="add"/>
<opset="tmp_31/13 tmp_38/17 "/>
</bind>
</comp>

<comp id="231" class="1004" name="grp_fu_231">
<pin_list>
<pin id="232" dir="0" index="0" bw="9" slack="5"/>
<pin id="233" dir="0" index="1" bw="1" slack="0"/>
<pin id="234" dir="1" index="2" bw="9" slack="0"/>
</pin_list>
<bind>
<opcode="add(8) " fcode="add"/>
<opset="tmp_33/15 k_5/18 "/>
</bind>
</comp>

<comp id="237" class="1005" name="reg_237">
<pin_list>
<pin id="238" dir="0" index="0" bw="8" slack="1"/>
<pin id="239" dir="1" index="1" bw="8" slack="1"/>
</pin_list>
<bind>
<opset="sum_load sum_load_2 "/>
</bind>
</comp>

<comp id="241" class="1004" name="exitcond_i_fu_241">
<pin_list>
<pin id="242" dir="0" index="0" bw="9" slack="0"/>
<pin id="243" dir="0" index="1" bw="9" slack="0"/>
<pin id="244" dir="1" index="2" bw="1" slack="2147483647"/>
</pin_list>
<bind>
<opcode="icmp(45) " fcode="icmp"/>
<opset="exitcond_i/3 "/>
</bind>
</comp>

<comp id="247" class="1004" name="i_6_fu_247">
<pin_list>
<pin id="248" dir="0" index="0" bw="9" slack="0"/>
<pin id="249" dir="0" index="1" bw="1" slack="0"/>
<pin id="250" dir="1" index="2" bw="9" slack="0"/>
</pin_list>
<bind>
<opcode="add(8) " fcode="add"/>
<opset="i_6/3 "/>
</bind>
</comp>

<comp id="253" class="1004" name="tmp_i_fu_253">
<pin_list>
<pin id="254" dir="0" index="0" bw="9" slack="0"/>
<pin id="255" dir="1" index="1" bw="64" slack="0"/>
</pin_list>
<bind>
<opcode="zext(34) " fcode="zext"/>
<opset="tmp_i/3 "/>
</bind>
</comp>

<comp id="258" class="1004" name="exitcond_i2_fu_258">
<pin_list>
<pin id="259" dir="0" index="0" bw="9" slack="0"/>
<pin id="260" dir="0" index="1" bw="9" slack="0"/>
<pin id="261" dir="1" index="2" bw="1" slack="2147483647"/>
</pin_list>
<bind>
<opcode="icmp(45) " fcode="icmp"/>
<opset="exitcond_i2/5 "/>
</bind>
</comp>

<comp id="264" class="1004" name="i_7_fu_264">
<pin_list>
<pin id="265" dir="0" index="0" bw="9" slack="0"/>
<pin id="266" dir="0" index="1" bw="1" slack="0"/>
<pin id="267" dir="1" index="2" bw="9" slack="0"/>
</pin_list>
<bind>
<opcode="add(8) " fcode="add"/>
<opset="i_7/5 "/>
</bind>
</comp>

<comp id="270" class="1004" name="tmp_i3_fu_270">
<pin_list>
<pin id="271" dir="0" index="0" bw="9" slack="0"/>
<pin id="272" dir="1" index="1" bw="64" slack="0"/>
</pin_list>
<bind>
<opcode="zext(34) " fcode="zext"/>
<opset="tmp_i3/5 "/>
</bind>
</comp>

<comp id="275" class="1004" name="exitcond1_fu_275">
<pin_list>
<pin id="276" dir="0" index="0" bw="9" slack="0"/>
<pin id="277" dir="0" index="1" bw="9" slack="0"/>
<pin id="278" dir="1" index="2" bw="1" slack="2147483647"/>
</pin_list>
<bind>
<opcode="icmp(45) " fcode="icmp"/>
<opset="exitcond1/8 "/>
</bind>
</comp>

<comp id="281" class="1004" name="i_4_fu_281">
<pin_list>
<pin id="282" dir="0" index="0" bw="9" slack="0"/>
<pin id="283" dir="0" index="1" bw="1" slack="0"/>
<pin id="284" dir="1" index="2" bw="9" slack="0"/>
</pin_list>
<bind>
<opcode="add(8) " fcode="add"/>
<opset="i_4/8 "/>
</bind>
</comp>

<comp id="287" class="1004" name="k_fu_287">
<pin_list>
<pin id="288" dir="0" index="0" bw="9" slack="0"/>
<pin id="289" dir="0" index="1" bw="9" slack="0"/>
<pin id="290" dir="1" index="2" bw="9" slack="0"/>
</pin_list>
<bind>
<opcode="sub(10) " fcode="sub"/>
<opset="k/8 "/>
</bind>
</comp>

<comp id="293" class="1004" name="tmp_fu_293">
<pin_list>
<pin id="294" dir="0" index="0" bw="9" slack="0"/>
<pin id="295" dir="1" index="1" bw="64" slack="0"/>
</pin_list>
<bind>
<opcode="zext(34) " fcode="zext"/>
<opset="tmp/8 "/>
</bind>
</comp>

<comp id="298" class="1004" name="tmp_cast_fu_298">
<pin_list>
<pin id="299" dir="0" index="0" bw="8" slack="0"/>
<pin id="300" dir="1" index="1" bw="16" slack="2"/>
</pin_list>
<bind>
<opcode="zext(34) " fcode="zext"/>
<opset="tmp_cast/9 "/>
</bind>
</comp>

<comp id="302" class="1004" name="exitcond_fu_302">
<pin_list>
<pin id="303" dir="0" index="0" bw="9" slack="0"/>
<pin id="304" dir="0" index="1" bw="9" slack="0"/>
<pin id="305" dir="1" index="2" bw="1" slack="2147483647"/>
</pin_list>
<bind>
<opcode="icmp(45) " fcode="icmp"/>
<opset="exitcond/10 "/>
</bind>
</comp>

<comp id="308" class="1004" name="j_5_fu_308">
<pin_list>
<pin id="309" dir="0" index="0" bw="9" slack="0"/>
<pin id="310" dir="0" index="1" bw="1" slack="0"/>
<pin id="311" dir="1" index="2" bw="9" slack="0"/>
</pin_list>
<bind>
<opcode="add(8) " fcode="add"/>
<opset="j_5/10 "/>
</bind>
</comp>

<comp id="314" class="1004" name="tmp_s_fu_314">
<pin_list>
<pin id="315" dir="0" index="0" bw="9" slack="0"/>
<pin id="316" dir="0" index="1" bw="9" slack="0"/>
<pin id="317" dir="1" index="2" bw="9" slack="0"/>
</pin_list>
<bind>
<opcode="sub(10) " fcode="sub"/>
<opset="tmp_s/10 "/>
</bind>
</comp>

<comp id="320" class="1004" name="tmp_23_fu_320">
<pin_list>
<pin id="321" dir="0" index="0" bw="9" slack="0"/>
<pin id="322" dir="1" index="1" bw="64" slack="0"/>
</pin_list>
<bind>
<opcode="zext(34) " fcode="zext"/>
<opset="tmp_23/10 "/>
</bind>
</comp>

<comp id="325" class="1004" name="prod_fu_325">
<pin_list>
<pin id="326" dir="0" index="0" bw="8" slack="2"/>
<pin id="327" dir="0" index="1" bw="8" slack="0"/>
<pin id="328" dir="1" index="2" bw="8" slack="0"/>
</pin_list>
<bind>
<opcode="mul(12) " fcode="mul"/>
<opset="prod/11 "/>
</bind>
</comp>

<comp id="330" class="1004" name="tmp_31_cast_fu_330">
<pin_list>
<pin id="331" dir="0" index="0" bw="8" slack="0"/>
<pin id="332" dir="1" index="1" bw="16" slack="0"/>
</pin_list>
<bind>
<opcode="zext(34) " fcode="zext"/>
<opset="tmp_31_cast/11 "/>
</bind>
</comp>

<comp id="334" class="1004" name="tmp_24_fu_334">
<pin_list>
<pin id="335" dir="0" index="0" bw="8" slack="2"/>
<pin id="336" dir="0" index="1" bw="8" slack="0"/>
<pin id="337" dir="1" index="2" bw="16" slack="0"/>
</pin_list>
<bind>
<opcode="mul(12) " fcode="mul"/>
<opset="tmp_24/11 "/>
</bind>
</comp>

<comp id="339" class="1004" name="carry_fu_339">
<pin_list>
<pin id="340" dir="0" index="0" bw="8" slack="0"/>
<pin id="341" dir="0" index="1" bw="16" slack="0"/>
<pin id="342" dir="0" index="2" bw="5" slack="0"/>
<pin id="343" dir="0" index="3" bw="5" slack="0"/>
<pin id="344" dir="1" index="4" bw="8" slack="0"/>
</pin_list>
<bind>
<opcode="partselect(1002) " fcode="partselect"/>
<opset="carry/11 "/>
</bind>
</comp>

<comp id="349" class="1004" name="tmp_25_fu_349">
<pin_list>
<pin id="350" dir="0" index="0" bw="8" slack="0"/>
<pin id="351" dir="0" index="1" bw="8" slack="0"/>
<pin id="352" dir="1" index="2" bw="8" slack="0"/>
</pin_list>
<bind>
<opcode="or(24) " fcode="or"/>
<opset="tmp_25/11 "/>
</bind>
</comp>

<comp id="355" class="1004" name="tmp_26_fu_355">
<pin_list>
<pin id="356" dir="0" index="0" bw="8" slack="0"/>
<pin id="357" dir="0" index="1" bw="1" slack="0"/>
<pin id="358" dir="1" index="2" bw="1" slack="7"/>
</pin_list>
<bind>
<opcode="icmp(45) " fcode="icmp"/>
<opset="tmp_26/11 "/>
</bind>
</comp>

<comp id="361" class="1004" name="tmp_27_fu_361">
<pin_list>
<pin id="362" dir="0" index="0" bw="9" slack="1"/>
<pin id="363" dir="1" index="1" bw="64" slack="0"/>
</pin_list>
<bind>
<opcode="sext(35) " fcode="sext"/>
<opset="tmp_27/11 "/>
</bind>
</comp>

<comp id="366" class="1004" name="tmp_37_cast_fu_366">
<pin_list>
<pin id="367" dir="0" index="0" bw="8" slack="0"/>
<pin id="368" dir="1" index="1" bw="9" slack="0"/>
</pin_list>
<bind>
<opcode="zext(34) " fcode="zext"/>
<opset="tmp_37_cast/12 "/>
</bind>
</comp>

<comp id="370" class="1004" name="tmp_38_cast_fu_370">
<pin_list>
<pin id="371" dir="0" index="0" bw="8" slack="1"/>
<pin id="372" dir="1" index="1" bw="9" slack="0"/>
</pin_list>
<bind>
<opcode="zext(34) " fcode="zext"/>
<opset="tmp_38_cast/12 "/>
</bind>
</comp>

<comp id="373" class="1004" name="tmp_28_fu_373">
<pin_list>
<pin id="374" dir="0" index="0" bw="8" slack="0"/>
<pin id="375" dir="0" index="1" bw="8" slack="0"/>
<pin id="376" dir="1" index="2" bw="9" slack="0"/>
</pin_list>
<bind>
<opcode="add(8) " fcode="add"/>
<opset="tmp_28/12 "/>
</bind>
</comp>

<comp id="379" class="1004" name="tmp_7_fu_379">
<pin_list>
<pin id="380" dir="0" index="0" bw="1" slack="0"/>
<pin id="381" dir="0" index="1" bw="9" slack="0"/>
<pin id="382" dir="0" index="2" bw="5" slack="0"/>
<pin id="383" dir="1" index="3" bw="1" slack="1"/>
</pin_list>
<bind>
<opcode="bitselect(1000) " fcode="bitselect"/>
<opset="tmp_7/12 "/>
</bind>
</comp>

<comp id="387" class="1004" name="tmp_29_fu_387">
<pin_list>
<pin id="388" dir="0" index="0" bw="1" slack="0"/>
<pin id="389" dir="0" index="1" bw="9" slack="2"/>
<pin id="390" dir="1" index="2" bw="9" slack="0"/>
</pin_list>
<bind>
<opcode="add(8) " fcode="add"/>
<opset="tmp_29/12 "/>
</bind>
</comp>

<comp id="393" class="1004" name="tmp_30_fu_393">
<pin_list>
<pin id="394" dir="0" index="0" bw="9" slack="0"/>
<pin id="395" dir="1" index="1" bw="64" slack="0"/>
</pin_list>
<bind>
<opcode="sext(35) " fcode="sext"/>
<opset="tmp_30/12 "/>
</bind>
</comp>

<comp id="398" class="1004" name="tmp_32_fu_398">
<pin_list>
<pin id="399" dir="0" index="0" bw="8" slack="1"/>
<pin id="400" dir="0" index="1" bw="8" slack="2"/>
<pin id="401" dir="1" index="2" bw="8" slack="1"/>
</pin_list>
<bind>
<opcode="add(8) " fcode="add"/>
<opset="tmp_32/13 "/>
</bind>
</comp>

<comp id="403" class="1004" name="tmp_34_fu_403">
<pin_list>
<pin id="404" dir="0" index="0" bw="9" slack="0"/>
<pin id="405" dir="1" index="1" bw="64" slack="0"/>
</pin_list>
<bind>
<opcode="sext(35) " fcode="sext"/>
<opset="tmp_34/15 "/>
</bind>
</comp>

<comp id="408" class="1004" name="tmp_49_cast_fu_408">
<pin_list>
<pin id="409" dir="0" index="0" bw="8" slack="0"/>
<pin id="410" dir="1" index="1" bw="9" slack="0"/>
</pin_list>
<bind>
<opcode="zext(34) " fcode="zext"/>
<opset="tmp_49_cast/16 "/>
</bind>
</comp>

<comp id="412" class="1004" name="tmp_50_cast_fu_412">
<pin_list>
<pin id="413" dir="0" index="0" bw="8" slack="5"/>
<pin id="414" dir="1" index="1" bw="9" slack="0"/>
</pin_list>
<bind>
<opcode="zext(34) " fcode="zext"/>
<opset="tmp_50_cast/16 "/>
</bind>
</comp>

<comp id="415" class="1004" name="tmp_35_fu_415">
<pin_list>
<pin id="416" dir="0" index="0" bw="8" slack="0"/>
<pin id="417" dir="0" index="1" bw="8" slack="0"/>
<pin id="418" dir="1" index="2" bw="9" slack="0"/>
</pin_list>
<bind>
<opcode="add(8) " fcode="add"/>
<opset="tmp_35/16 "/>
</bind>
</comp>

<comp id="421" class="1004" name="tmp_8_fu_421">
<pin_list>
<pin id="422" dir="0" index="0" bw="1" slack="0"/>
<pin id="423" dir="0" index="1" bw="9" slack="0"/>
<pin id="424" dir="0" index="2" bw="5" slack="0"/>
<pin id="425" dir="1" index="3" bw="1" slack="1"/>
</pin_list>
<bind>
<opcode="bitselect(1000) " fcode="bitselect"/>
<opset="tmp_8/16 "/>
</bind>
</comp>

<comp id="429" class="1004" name="k5_cast_fu_429">
<pin_list>
<pin id="430" dir="0" index="0" bw="9" slack="6"/>
<pin id="431" dir="1" index="1" bw="10" slack="0"/>
</pin_list>
<bind>
<opcode="sext(35) " fcode="sext"/>
<opset="k5_cast/16 "/>
</bind>
</comp>

<comp id="433" class="1004" name="tmp_36_fu_433">
<pin_list>
<pin id="434" dir="0" index="0" bw="2" slack="0"/>
<pin id="435" dir="0" index="1" bw="9" slack="0"/>
<pin id="436" dir="1" index="2" bw="10" slack="0"/>
</pin_list>
<bind>
<opcode="add(8) " fcode="add"/>
<opset="tmp_36/16 "/>
</bind>
</comp>

<comp id="439" class="1004" name="tmp_37_fu_439">
<pin_list>
<pin id="440" dir="0" index="0" bw="10" slack="0"/>
<pin id="441" dir="1" index="1" bw="64" slack="0"/>
</pin_list>
<bind>
<opcode="sext(35) " fcode="sext"/>
<opset="tmp_37/16 "/>
</bind>
</comp>

<comp id="444" class="1004" name="tmp_39_fu_444">
<pin_list>
<pin id="445" dir="0" index="0" bw="8" slack="1"/>
<pin id="446" dir="0" index="1" bw="8" slack="6"/>
<pin id="447" dir="1" index="2" bw="8" slack="1"/>
</pin_list>
<bind>
<opcode="add(8) " fcode="add"/>
<opset="tmp_39/17 "/>
</bind>
</comp>

<comp id="452" class="1005" name="i_6_reg_452">
<pin_list>
<pin id="453" dir="0" index="0" bw="9" slack="0"/>
<pin id="454" dir="1" index="1" bw="9" slack="0"/>
</pin_list>
<bind>
<opset="i_6 "/>
</bind>
</comp>

<comp id="457" class="1005" name="tmp_i_reg_457">
<pin_list>
<pin id="458" dir="0" index="0" bw="64" slack="1"/>
<pin id="459" dir="1" index="1" bw="64" slack="1"/>
</pin_list>
<bind>
<opset="tmp_i "/>
</bind>
</comp>

<comp id="462" class="1005" name="b_addr_reg_462">
<pin_list>
<pin id="463" dir="0" index="0" bw="8" slack="1"/>
<pin id="464" dir="1" index="1" bw="8" slack="1"/>
</pin_list>
<bind>
<opset="b_addr "/>
</bind>
</comp>

<comp id="470" class="1005" name="i_7_reg_470">
<pin_list>
<pin id="471" dir="0" index="0" bw="9" slack="0"/>
<pin id="472" dir="1" index="1" bw="9" slack="0"/>
</pin_list>
<bind>
<opset="i_7 "/>
</bind>
</comp>

<comp id="475" class="1005" name="tmp_i3_reg_475">
<pin_list>
<pin id="476" dir="0" index="0" bw="64" slack="1"/>
<pin id="477" dir="1" index="1" bw="64" slack="1"/>
</pin_list>
<bind>
<opset="tmp_i3 "/>
</bind>
</comp>

<comp id="480" class="1005" name="b_addr_1_reg_480">
<pin_list>
<pin id="481" dir="0" index="0" bw="8" slack="1"/>
<pin id="482" dir="1" index="1" bw="8" slack="1"/>
</pin_list>
<bind>
<opset="b_addr_1 "/>
</bind>
</comp>

<comp id="488" class="1005" name="i_4_reg_488">
<pin_list>
<pin id="489" dir="0" index="0" bw="9" slack="0"/>
<pin id="490" dir="1" index="1" bw="9" slack="0"/>
</pin_list>
<bind>
<opset="i_4 "/>
</bind>
</comp>

<comp id="493" class="1005" name="k_reg_493">
<pin_list>
<pin id="494" dir="0" index="0" bw="9" slack="2"/>
<pin id="495" dir="1" index="1" bw="9" slack="2"/>
</pin_list>
<bind>
<opset="k "/>
</bind>
</comp>

<comp id="498" class="1005" name="tempB_addr_reg_498">
<pin_list>
<pin id="499" dir="0" index="0" bw="8" slack="1"/>
<pin id="500" dir="1" index="1" bw="8" slack="1"/>
</pin_list>
<bind>
<opset="tempB_addr "/>
</bind>
</comp>

<comp id="503" class="1005" name="tempB_load_reg_503">
<pin_list>
<pin id="504" dir="0" index="0" bw="8" slack="2"/>
<pin id="505" dir="1" index="1" bw="8" slack="2"/>
</pin_list>
<bind>
<opset="tempB_load "/>
</bind>
</comp>

<comp id="508" class="1005" name="tmp_cast_reg_508">
<pin_list>
<pin id="509" dir="0" index="0" bw="16" slack="2"/>
<pin id="510" dir="1" index="1" bw="16" slack="2"/>
</pin_list>
<bind>
<opset="tmp_cast "/>
</bind>
</comp>

<comp id="516" class="1005" name="j_5_reg_516">
<pin_list>
<pin id="517" dir="0" index="0" bw="9" slack="0"/>
<pin id="518" dir="1" index="1" bw="9" slack="0"/>
</pin_list>
<bind>
<opset="j_5 "/>
</bind>
</comp>

<comp id="521" class="1005" name="tempA_addr_5_reg_521">
<pin_list>
<pin id="522" dir="0" index="0" bw="8" slack="1"/>
<pin id="523" dir="1" index="1" bw="8" slack="1"/>
</pin_list>
<bind>
<opset="tempA_addr_5 "/>
</bind>
</comp>

<comp id="526" class="1005" name="prod_reg_526">
<pin_list>
<pin id="527" dir="0" index="0" bw="8" slack="1"/>
<pin id="528" dir="1" index="1" bw="8" slack="1"/>
</pin_list>
<bind>
<opset="prod "/>
</bind>
</comp>

<comp id="532" class="1005" name="carry_reg_532">
<pin_list>
<pin id="533" dir="0" index="0" bw="8" slack="5"/>
<pin id="534" dir="1" index="1" bw="8" slack="5"/>
</pin_list>
<bind>
<opset="carry "/>
</bind>
</comp>

<comp id="538" class="1005" name="tmp_26_reg_538">
<pin_list>
<pin id="539" dir="0" index="0" bw="1" slack="7"/>
<pin id="540" dir="1" index="1" bw="1" slack="2147483647"/>
</pin_list>
<bind>
<opset="tmp_26 "/>
</bind>
</comp>

<comp id="542" class="1005" name="sum_addr_reg_542">
<pin_list>
<pin id="543" dir="0" index="0" bw="8" slack="1"/>
<pin id="544" dir="1" index="1" bw="8" slack="1"/>
</pin_list>
<bind>
<opset="sum_addr "/>
</bind>
</comp>

<comp id="547" class="1005" name="tmp_7_reg_547">
<pin_list>
<pin id="548" dir="0" index="0" bw="1" slack="1"/>
<pin id="549" dir="1" index="1" bw="1" slack="2147483647"/>
</pin_list>
<bind>
<opset="tmp_7 "/>
</bind>
</comp>

<comp id="551" class="1005" name="sum_addr_1_reg_551">
<pin_list>
<pin id="552" dir="0" index="0" bw="8" slack="1"/>
<pin id="553" dir="1" index="1" bw="8" slack="1"/>
</pin_list>
<bind>
<opset="sum_addr_1 "/>
</bind>
</comp>

<comp id="556" class="1005" name="tmp_32_reg_556">
<pin_list>
<pin id="557" dir="0" index="0" bw="8" slack="1"/>
<pin id="558" dir="1" index="1" bw="8" slack="1"/>
</pin_list>
<bind>
<opset="tmp_32 "/>
</bind>
</comp>

<comp id="561" class="1005" name="sum_addr_2_reg_561">
<pin_list>
<pin id="562" dir="0" index="0" bw="8" slack="1"/>
<pin id="563" dir="1" index="1" bw="8" slack="1"/>
</pin_list>
<bind>
<opset="sum_addr_2 "/>
</bind>
</comp>

<comp id="566" class="1005" name="tmp_8_reg_566">
<pin_list>
<pin id="567" dir="0" index="0" bw="1" slack="1"/>
<pin id="568" dir="1" index="1" bw="1" slack="2147483647"/>
</pin_list>
<bind>
<opset="tmp_8 "/>
</bind>
</comp>

<comp id="570" class="1005" name="sum_addr_3_reg_570">
<pin_list>
<pin id="571" dir="0" index="0" bw="8" slack="1"/>
<pin id="572" dir="1" index="1" bw="8" slack="1"/>
</pin_list>
<bind>
<opset="sum_addr_3 "/>
</bind>
</comp>

<comp id="575" class="1005" name="tmp_39_reg_575">
<pin_list>
<pin id="576" dir="0" index="0" bw="8" slack="1"/>
<pin id="577" dir="1" index="1" bw="8" slack="1"/>
</pin_list>
<bind>
<opset="tmp_39 "/>
</bind>
</comp>

<comp id="580" class="1005" name="k_5_reg_580">
<pin_list>
<pin id="581" dir="0" index="0" bw="9" slack="1"/>
<pin id="582" dir="1" index="1" bw="9" slack="1"/>
</pin_list>
<bind>
<opset="k_5 "/>
</bind>
</comp>

</comp_list>

<net_list>
<net id="51"><net_src comp="4" pin="0"/><net_sink comp="48" pin=0"/></net>

<net id="55"><net_src comp="4" pin="0"/><net_sink comp="52" pin=0"/></net>

<net id="59"><net_src comp="4" pin="0"/><net_sink comp="56" pin=0"/></net>

<net id="65"><net_src comp="2" pin="0"/><net_sink comp="60" pin=0"/></net>

<net id="66"><net_src comp="26" pin="0"/><net_sink comp="60" pin=1"/></net>

<net id="71"><net_src comp="60" pin="3"/><net_sink comp="67" pin=0"/></net>

<net id="77"><net_src comp="26" pin="0"/><net_sink comp="72" pin=1"/></net>

<net id="82"><net_src comp="67" pin="2"/><net_sink comp="78" pin=1"/></net>

<net id="83"><net_src comp="72" pin="3"/><net_sink comp="78" pin=0"/></net>

<net id="89"><net_src comp="2" pin="0"/><net_sink comp="84" pin=0"/></net>

<net id="90"><net_src comp="26" pin="0"/><net_sink comp="84" pin=1"/></net>

<net id="91"><net_src comp="84" pin="3"/><net_sink comp="67" pin=0"/></net>

<net id="97"><net_src comp="26" pin="0"/><net_sink comp="92" pin=1"/></net>

<net id="102"><net_src comp="67" pin="2"/><net_sink comp="98" pin=1"/></net>

<net id="103"><net_src comp="92" pin="3"/><net_sink comp="98" pin=0"/></net>

<net id="109"><net_src comp="26" pin="0"/><net_sink comp="104" pin=1"/></net>

<net id="110"><net_src comp="104" pin="3"/><net_sink comp="98" pin=0"/></net>

<net id="116"><net_src comp="26" pin="0"/><net_sink comp="111" pin=1"/></net>

<net id="117"><net_src comp="111" pin="3"/><net_sink comp="78" pin=0"/></net>

<net id="123"><net_src comp="26" pin="0"/><net_sink comp="118" pin=1"/></net>

<net id="128"><net_src comp="118" pin="3"/><net_sink comp="124" pin=0"/></net>

<net id="134"><net_src comp="26" pin="0"/><net_sink comp="129" pin=1"/></net>

<net id="135"><net_src comp="129" pin="3"/><net_sink comp="124" pin=0"/></net>

<net id="141"><net_src comp="26" pin="0"/><net_sink comp="136" pin=1"/></net>

<net id="142"><net_src comp="136" pin="3"/><net_sink comp="124" pin=0"/></net>

<net id="148"><net_src comp="26" pin="0"/><net_sink comp="143" pin=1"/></net>

<net id="149"><net_src comp="143" pin="3"/><net_sink comp="124" pin=0"/></net>

<net id="153"><net_src comp="16" pin="0"/><net_sink comp="150" pin=0"/></net>

<net id="160"><net_src comp="150" pin="1"/><net_sink comp="154" pin=0"/></net>

<net id="164"><net_src comp="16" pin="0"/><net_sink comp="161" pin=0"/></net>

<net id="171"><net_src comp="161" pin="1"/><net_sink comp="165" pin=2"/></net>

<net id="175"><net_src comp="16" pin="0"/><net_sink comp="172" pin=0"/></net>

<net id="182"><net_src comp="172" pin="1"/><net_sink comp="176" pin=0"/></net>

<net id="186"><net_src comp="16" pin="0"/><net_sink comp="183" pin=0"/></net>

<net id="193"><net_src comp="183" pin="1"/><net_sink comp="187" pin=0"/></net>

<net id="203"><net_src comp="197" pin="4"/><net_sink comp="194" pin=0"/></net>

<net id="209"><net_src comp="30" pin="0"/><net_sink comp="204" pin=0"/></net>

<net id="210"><net_src comp="0" pin="0"/><net_sink comp="204" pin=1"/></net>

<net id="215"><net_src comp="6" pin="0"/><net_sink comp="211" pin=0"/></net>

<net id="216"><net_src comp="52" pin="1"/><net_sink comp="211" pin=1"/></net>

<net id="221"><net_src comp="6" pin="0"/><net_sink comp="217" pin=0"/></net>

<net id="222"><net_src comp="56" pin="1"/><net_sink comp="217" pin=1"/></net>

<net id="223"><net_src comp="0" pin="0"/><net_sink comp="211" pin=1"/></net>

<net id="228"><net_src comp="44" pin="0"/><net_sink comp="224" pin=0"/></net>

<net id="229"><net_src comp="124" pin="2"/><net_sink comp="224" pin=1"/></net>

<net id="230"><net_src comp="224" pin="2"/><net_sink comp="124" pin=1"/></net>

<net id="235"><net_src comp="194" pin="1"/><net_sink comp="231" pin=0"/></net>

<net id="236"><net_src comp="42" pin="0"/><net_sink comp="231" pin=1"/></net>

<net id="240"><net_src comp="124" pin="2"/><net_sink comp="237" pin=0"/></net>

<net id="245"><net_src comp="154" pin="4"/><net_sink comp="241" pin=0"/></net>

<net id="246"><net_src comp="18" pin="0"/><net_sink comp="241" pin=1"/></net>

<net id="251"><net_src comp="154" pin="4"/><net_sink comp="247" pin=0"/></net>

<net id="252"><net_src comp="24" pin="0"/><net_sink comp="247" pin=1"/></net>

<net id="256"><net_src comp="154" pin="4"/><net_sink comp="253" pin=0"/></net>

<net id="257"><net_src comp="253" pin="1"/><net_sink comp="60" pin=2"/></net>

<net id="262"><net_src comp="165" pin="4"/><net_sink comp="258" pin=0"/></net>

<net id="263"><net_src comp="18" pin="0"/><net_sink comp="258" pin=1"/></net>

<net id="268"><net_src comp="165" pin="4"/><net_sink comp="264" pin=0"/></net>

<net id="269"><net_src comp="24" pin="0"/><net_sink comp="264" pin=1"/></net>

<net id="273"><net_src comp="165" pin="4"/><net_sink comp="270" pin=0"/></net>

<net id="274"><net_src comp="270" pin="1"/><net_sink comp="84" pin=2"/></net>

<net id="279"><net_src comp="176" pin="4"/><net_sink comp="275" pin=0"/></net>

<net id="280"><net_src comp="18" pin="0"/><net_sink comp="275" pin=1"/></net>

<net id="285"><net_src comp="176" pin="4"/><net_sink comp="281" pin=0"/></net>

<net id="286"><net_src comp="24" pin="0"/><net_sink comp="281" pin=1"/></net>

<net id="291"><net_src comp="28" pin="0"/><net_sink comp="287" pin=0"/></net>

<net id="292"><net_src comp="176" pin="4"/><net_sink comp="287" pin=1"/></net>

<net id="296"><net_src comp="287" pin="2"/><net_sink comp="293" pin=0"/></net>

<net id="297"><net_src comp="293" pin="1"/><net_sink comp="104" pin=2"/></net>

<net id="301"><net_src comp="98" pin="2"/><net_sink comp="298" pin=0"/></net>

<net id="306"><net_src comp="187" pin="4"/><net_sink comp="302" pin=0"/></net>

<net id="307"><net_src comp="18" pin="0"/><net_sink comp="302" pin=1"/></net>

<net id="312"><net_src comp="187" pin="4"/><net_sink comp="308" pin=0"/></net>

<net id="313"><net_src comp="24" pin="0"/><net_sink comp="308" pin=1"/></net>

<net id="318"><net_src comp="28" pin="0"/><net_sink comp="314" pin=0"/></net>

<net id="319"><net_src comp="187" pin="4"/><net_sink comp="314" pin=1"/></net>

<net id="323"><net_src comp="314" pin="2"/><net_sink comp="320" pin=0"/></net>

<net id="324"><net_src comp="320" pin="1"/><net_sink comp="111" pin=2"/></net>

<net id="329"><net_src comp="78" pin="2"/><net_sink comp="325" pin=1"/></net>

<net id="333"><net_src comp="78" pin="2"/><net_sink comp="330" pin=0"/></net>

<net id="338"><net_src comp="330" pin="1"/><net_sink comp="334" pin=1"/></net>

<net id="345"><net_src comp="32" pin="0"/><net_sink comp="339" pin=0"/></net>

<net id="346"><net_src comp="334" pin="2"/><net_sink comp="339" pin=1"/></net>

<net id="347"><net_src comp="34" pin="0"/><net_sink comp="339" pin=2"/></net>

<net id="348"><net_src comp="36" pin="0"/><net_sink comp="339" pin=3"/></net>

<net id="353"><net_src comp="339" pin="4"/><net_sink comp="349" pin=0"/></net>

<net id="354"><net_src comp="325" pin="2"/><net_sink comp="349" pin=1"/></net>

<net id="359"><net_src comp="349" pin="2"/><net_sink comp="355" pin=0"/></net>

<net id="360"><net_src comp="38" pin="0"/><net_sink comp="355" pin=1"/></net>

<net id="364"><net_src comp="194" pin="1"/><net_sink comp="361" pin=0"/></net>

<net id="365"><net_src comp="361" pin="1"/><net_sink comp="118" pin=2"/></net>

<net id="369"><net_src comp="124" pin="2"/><net_sink comp="366" pin=0"/></net>

<net id="377"><net_src comp="366" pin="1"/><net_sink comp="373" pin=0"/></net>

<net id="378"><net_src comp="370" pin="1"/><net_sink comp="373" pin=1"/></net>

<net id="384"><net_src comp="40" pin="0"/><net_sink comp="379" pin=0"/></net>

<net id="385"><net_src comp="373" pin="2"/><net_sink comp="379" pin=1"/></net>

<net id="386"><net_src comp="34" pin="0"/><net_sink comp="379" pin=2"/></net>

<net id="391"><net_src comp="42" pin="0"/><net_sink comp="387" pin=0"/></net>

<net id="392"><net_src comp="194" pin="1"/><net_sink comp="387" pin=1"/></net>

<net id="396"><net_src comp="387" pin="2"/><net_sink comp="393" pin=0"/></net>

<net id="397"><net_src comp="393" pin="1"/><net_sink comp="129" pin=2"/></net>

<net id="402"><net_src comp="237" pin="1"/><net_sink comp="398" pin=0"/></net>

<net id="406"><net_src comp="231" pin="2"/><net_sink comp="403" pin=0"/></net>

<net id="407"><net_src comp="403" pin="1"/><net_sink comp="136" pin=2"/></net>

<net id="411"><net_src comp="124" pin="2"/><net_sink comp="408" pin=0"/></net>

<net id="419"><net_src comp="408" pin="1"/><net_sink comp="415" pin=0"/></net>

<net id="420"><net_src comp="412" pin="1"/><net_sink comp="415" pin=1"/></net>

<net id="426"><net_src comp="40" pin="0"/><net_sink comp="421" pin=0"/></net>

<net id="427"><net_src comp="415" pin="2"/><net_sink comp="421" pin=1"/></net>

<net id="428"><net_src comp="34" pin="0"/><net_sink comp="421" pin=2"/></net>

<net id="432"><net_src comp="194" pin="1"/><net_sink comp="429" pin=0"/></net>

<net id="437"><net_src comp="46" pin="0"/><net_sink comp="433" pin=0"/></net>

<net id="438"><net_src comp="429" pin="1"/><net_sink comp="433" pin=1"/></net>

<net id="442"><net_src comp="433" pin="2"/><net_sink comp="439" pin=0"/></net>

<net id="443"><net_src comp="439" pin="1"/><net_sink comp="143" pin=2"/></net>

<net id="448"><net_src comp="237" pin="1"/><net_sink comp="444" pin=0"/></net>

<net id="455"><net_src comp="247" pin="2"/><net_sink comp="452" pin=0"/></net>

<net id="456"><net_src comp="452" pin="1"/><net_sink comp="154" pin=2"/></net>

<net id="460"><net_src comp="253" pin="1"/><net_sink comp="457" pin=0"/></net>

<net id="461"><net_src comp="457" pin="1"/><net_sink comp="72" pin=2"/></net>

<net id="465"><net_src comp="60" pin="3"/><net_sink comp="462" pin=0"/></net>

<net id="466"><net_src comp="462" pin="1"/><net_sink comp="67" pin=0"/></net>

<net id="473"><net_src comp="264" pin="2"/><net_sink comp="470" pin=0"/></net>

<net id="474"><net_src comp="470" pin="1"/><net_sink comp="165" pin=0"/></net>

<net id="478"><net_src comp="270" pin="1"/><net_sink comp="475" pin=0"/></net>

<net id="479"><net_src comp="475" pin="1"/><net_sink comp="92" pin=2"/></net>

<net id="483"><net_src comp="84" pin="3"/><net_sink comp="480" pin=0"/></net>

<net id="484"><net_src comp="480" pin="1"/><net_sink comp="67" pin=0"/></net>

<net id="491"><net_src comp="281" pin="2"/><net_sink comp="488" pin=0"/></net>

<net id="492"><net_src comp="488" pin="1"/><net_sink comp="176" pin=2"/></net>

<net id="496"><net_src comp="287" pin="2"/><net_sink comp="493" pin=0"/></net>

<net id="497"><net_src comp="493" pin="1"/><net_sink comp="197" pin=0"/></net>

<net id="501"><net_src comp="104" pin="3"/><net_sink comp="498" pin=0"/></net>

<net id="502"><net_src comp="498" pin="1"/><net_sink comp="98" pin=0"/></net>

<net id="506"><net_src comp="98" pin="2"/><net_sink comp="503" pin=0"/></net>

<net id="507"><net_src comp="503" pin="1"/><net_sink comp="325" pin=0"/></net>

<net id="511"><net_src comp="298" pin="1"/><net_sink comp="508" pin=0"/></net>

<net id="512"><net_src comp="508" pin="1"/><net_sink comp="334" pin=0"/></net>

<net id="519"><net_src comp="308" pin="2"/><net_sink comp="516" pin=0"/></net>

<net id="520"><net_src comp="516" pin="1"/><net_sink comp="187" pin=2"/></net>

<net id="524"><net_src comp="111" pin="3"/><net_sink comp="521" pin=0"/></net>

<net id="525"><net_src comp="521" pin="1"/><net_sink comp="78" pin=0"/></net>

<net id="529"><net_src comp="325" pin="2"/><net_sink comp="526" pin=0"/></net>

<net id="530"><net_src comp="526" pin="1"/><net_sink comp="370" pin=0"/></net>

<net id="531"><net_src comp="526" pin="1"/><net_sink comp="398" pin=1"/></net>

<net id="535"><net_src comp="339" pin="4"/><net_sink comp="532" pin=0"/></net>

<net id="536"><net_src comp="532" pin="1"/><net_sink comp="412" pin=0"/></net>

<net id="537"><net_src comp="532" pin="1"/><net_sink comp="444" pin=1"/></net>

<net id="541"><net_src comp="355" pin="2"/><net_sink comp="538" pin=0"/></net>

<net id="545"><net_src comp="118" pin="3"/><net_sink comp="542" pin=0"/></net>

<net id="546"><net_src comp="542" pin="1"/><net_sink comp="124" pin=0"/></net>

<net id="550"><net_src comp="379" pin="3"/><net_sink comp="547" pin=0"/></net>

<net id="554"><net_src comp="129" pin="3"/><net_sink comp="551" pin=0"/></net>

<net id="555"><net_src comp="551" pin="1"/><net_sink comp="124" pin=0"/></net>

<net id="559"><net_src comp="398" pin="2"/><net_sink comp="556" pin=0"/></net>

<net id="560"><net_src comp="556" pin="1"/><net_sink comp="124" pin=1"/></net>

<net id="564"><net_src comp="136" pin="3"/><net_sink comp="561" pin=0"/></net>

<net id="565"><net_src comp="561" pin="1"/><net_sink comp="124" pin=0"/></net>

<net id="569"><net_src comp="421" pin="3"/><net_sink comp="566" pin=0"/></net>

<net id="573"><net_src comp="143" pin="3"/><net_sink comp="570" pin=0"/></net>

<net id="574"><net_src comp="570" pin="1"/><net_sink comp="124" pin=0"/></net>

<net id="578"><net_src comp="444" pin="2"/><net_sink comp="575" pin=0"/></net>

<net id="579"><net_src comp="575" pin="1"/><net_sink comp="124" pin=1"/></net>

<net id="583"><net_src comp="231" pin="2"/><net_sink comp="580" pin=0"/></net>

<net id="584"><net_src comp="580" pin="1"/><net_sink comp="197" pin=2"/></net>

</net_list>

</model> 
---------------- Datapath Model END ------------------

* FSMD analyzer results:
  - Output states:
	Port: out_r | {5 7 10 19 }
 - Input state : 
	Port: bigint_math_bigint_mul.1 : out_r | {10 19 }
	Port: bigint_math_bigint_mul.1 : a | {3 4 5 6 }
  - Chain level:
	State 1
		stg_25 : 1
		stg_26 : 1
	State 2
	State 3
		exitcond_i : 1
		i_6 : 1
		stg_39 : 2
		tmp_i : 1
		b_addr : 2
		b_load : 3
	State 4
		stg_45 : 1
	State 5
		exitcond_i2 : 1
		i_7 : 1
		stg_51 : 2
		tmp_i3 : 1
		b_addr_1 : 2
		b_load_1 : 3
	State 6
		stg_59 : 1
	State 7
	State 8
		exitcond1 : 1
		i_4 : 1
		stg_68 : 2
		k : 1
		tmp : 2
		tempB_addr : 3
		tempB_load : 4
	State 9
		tmp_cast : 1
	State 10
		exitcond : 1
		j_5 : 1
		stg_82 : 2
		tmp_s : 1
		tmp_23 : 2
		tempA_addr_5 : 3
		tempA_load : 4
	State 11
		prod : 1
		tmp_31_cast : 1
		tmp_24 : 2
		carry : 3
		tmp_25 : 4
		tmp_26 : 4
		stg_95 : 5
		sum_addr : 1
		sum_load : 2
	State 12
		tmp_37_cast : 1
		tmp_28 : 2
		tmp_7 : 3
		stg_104 : 4
		tmp_30 : 1
		sum_addr_1 : 2
		sum_load_1 : 3
	State 13
		tmp_31 : 1
		stg_111 : 2
	State 14
	State 15
		tmp_34 : 1
		sum_addr_2 : 2
		sum_load_2 : 3
	State 16
		tmp_49_cast : 1
		tmp_35 : 2
		tmp_8 : 3
		stg_124 : 4
		tmp_36 : 1
		tmp_37 : 2
		sum_addr_3 : 3
		sum_load_3 : 4
	State 17
		tmp_38 : 1
		stg_132 : 2
	State 18
	State 19
	State 20
	State 21


============================================================
+ Verbose Summary: Datapath Resource usage 
============================================================

* Functional unit list:
|----------|-------------------------------------|---------|---------|---------|---------|---------|
| Operation|           Functional Unit           |   BRAM  |  DSP48E |  Delay  |    FF   |   LUT   |
|----------|-------------------------------------|---------|---------|---------|---------|---------|
|          | grp_bigint_math_bigint_add_1_fu_204 |    2    |    0    |  11.661 |   325   |   196   |
|   call   |  grp_bigint_math_bigint_zero_fu_211 |    0    |    0    |    0    |    18   |    12   |
|          |  grp_bigint_math_bigint_zero_fu_217 |    0    |    0    |    0    |    18   |    12   |
|----------|-------------------------------------|---------|---------|---------|---------|---------|
|          |              grp_fu_224             |    0    |    0    |    0    |    0    |    8    |
|          |              grp_fu_231             |    0    |    0    |    0    |    0    |    9    |
|          |              i_6_fu_247             |    0    |    0    |    0    |    0    |    9    |
|          |              i_7_fu_264             |    0    |    0    |    0    |    0    |    9    |
|          |              i_4_fu_281             |    0    |    0    |    0    |    0    |    9    |
|    add   |              j_5_fu_308             |    0    |    0    |    0    |    0    |    9    |
|          |            tmp_28_fu_373            |    0    |    0    |    0    |    0    |    8    |
|          |            tmp_29_fu_387            |    0    |    0    |    0    |    0    |    9    |
|          |            tmp_32_fu_398            |    0    |    0    |    0    |    0    |    8    |
|          |            tmp_35_fu_415            |    0    |    0    |    0    |    0    |    8    |
|          |            tmp_36_fu_433            |    0    |    0    |    0    |    0    |    9    |
|          |            tmp_39_fu_444            |    0    |    0    |    0    |    0    |    8    |
|----------|-------------------------------------|---------|---------|---------|---------|---------|
|    sub   |               k_fu_287              |    0    |    0    |    0    |    0    |    9    |
|          |             tmp_s_fu_314            |    0    |    0    |    0    |    0    |    9    |
|----------|-------------------------------------|---------|---------|---------|---------|---------|
|          |          exitcond_i_fu_241          |    0    |    0    |    0    |    0    |    3    |
|          |          exitcond_i2_fu_258         |    0    |    0    |    0    |    0    |    3    |
|   icmp   |           exitcond1_fu_275          |    0    |    0    |    0    |    0    |    3    |
|          |           exitcond_fu_302           |    0    |    0    |    0    |    0    |    3    |
|          |            tmp_26_fu_355            |    0    |    0    |    0    |    0    |    3    |
|----------|-------------------------------------|---------|---------|---------|---------|---------|
|    or    |            tmp_25_fu_349            |    0    |    0    |    0    |    0    |    8    |
|----------|-------------------------------------|---------|---------|---------|---------|---------|
|    mul   |             prod_fu_325             |    0    |    1    |    0    |    0    |    0    |
|          |            tmp_24_fu_334            |    0    |    1    |    0    |    0    |    0    |
|----------|-------------------------------------|---------|---------|---------|---------|---------|
|          |             tmp_i_fu_253            |    0    |    0    |    0    |    0    |    0    |
|          |            tmp_i3_fu_270            |    0    |    0    |    0    |    0    |    0    |
|          |              tmp_fu_293             |    0    |    0    |    0    |    0    |    0    |
|          |           tmp_cast_fu_298           |    0    |    0    |    0    |    0    |    0    |
|   zext   |            tmp_23_fu_320            |    0    |    0    |    0    |    0    |    0    |
|          |          tmp_31_cast_fu_330         |    0    |    0    |    0    |    0    |    0    |
|          |          tmp_37_cast_fu_366         |    0    |    0    |    0    |    0    |    0    |
|          |          tmp_38_cast_fu_370         |    0    |    0    |    0    |    0    |    0    |
|          |          tmp_49_cast_fu_408         |    0    |    0    |    0    |    0    |    0    |
|          |          tmp_50_cast_fu_412         |    0    |    0    |    0    |    0    |    0    |
|----------|-------------------------------------|---------|---------|---------|---------|---------|
|partselect|             carry_fu_339            |    0    |    0    |    0    |    0    |    0    |
|----------|-------------------------------------|---------|---------|---------|---------|---------|
|          |            tmp_27_fu_361            |    0    |    0    |    0    |    0    |    0    |
|          |            tmp_30_fu_393            |    0    |    0    |    0    |    0    |    0    |
|   sext   |            tmp_34_fu_403            |    0    |    0    |    0    |    0    |    0    |
|          |            k5_cast_fu_429           |    0    |    0    |    0    |    0    |    0    |
|          |            tmp_37_fu_439            |    0    |    0    |    0    |    0    |    0    |
|----------|-------------------------------------|---------|---------|---------|---------|---------|
| bitselect|             tmp_7_fu_379            |    0    |    0    |    0    |    0    |    0    |
|          |             tmp_8_fu_421            |    0    |    0    |    0    |    0    |    0    |
|----------|-------------------------------------|---------|---------|---------|---------|---------|
|   Total  |                                     |    2    |    2    |  11.661 |   361   |   364   |
|----------|-------------------------------------|---------|---------|---------|---------|---------|

Memories:
+-----+--------+--------+--------+
|     |  BRAM  |   FF   |   LUT  |
+-----+--------+--------+--------+
| sum |    1   |    0   |    0   |
|tempA|    1   |    0   |    0   |
|tempB|    1   |    0   |    0   |
+-----+--------+--------+--------+
|Total|    3   |    0   |    0   |
+-----+--------+--------+--------+

* Register list:
+--------------------+--------+
|                    |   FF   |
+--------------------+--------+
|  b_addr_1_reg_480  |    8   |
|   b_addr_reg_462   |    8   |
|    carry_reg_532   |    8   |
|     i_4_reg_488    |    9   |
|     i_6_reg_452    |    9   |
|     i_7_reg_470    |    9   |
|    i_i1_reg_161    |    9   |
|     i_i_reg_150    |    9   |
|      i_reg_172     |    9   |
|     j_5_reg_516    |    9   |
|      j_reg_183     |    9   |
|     k5_reg_194     |    9   |
|     k_5_reg_580    |    9   |
|      k_reg_493     |    9   |
|    prod_reg_526    |    8   |
|       reg_237      |    8   |
| sum_addr_1_reg_551 |    8   |
| sum_addr_2_reg_561 |    8   |
| sum_addr_3_reg_570 |    8   |
|  sum_addr_reg_542  |    8   |
|tempA_addr_5_reg_521|    8   |
| tempB_addr_reg_498 |    8   |
| tempB_load_reg_503 |    8   |
|   tmp_26_reg_538   |    1   |
|   tmp_32_reg_556   |    8   |
|   tmp_39_reg_575   |    8   |
|    tmp_7_reg_547   |    1   |
|    tmp_8_reg_566   |    1   |
|  tmp_cast_reg_508  |   16   |
|   tmp_i3_reg_475   |   64   |
|    tmp_i_reg_457   |   64   |
+--------------------+--------+
|        Total       |   358  |
+--------------------+--------+

* Multiplexer (MUX) list: 
|------------------------------------|------|------|------|--------||---------||---------|
|                Comp                |  Pin | Size |  BW  | S x BW ||  Delay  ||   LUT   |
|------------------------------------|------|------|------|--------||---------||---------|
|          grp_access_fu_67          |  p0  |   4  |   8  |   32   ||    8    |
|          grp_access_fu_78          |  p0  |   3  |   8  |   24   ||    8    |
|          grp_access_fu_98          |  p0  |   3  |   8  |   24   ||    8    |
|          grp_access_fu_124         |  p0  |   8  |   8  |   64   ||    16   |
|          grp_access_fu_124         |  p1  |   3  |   8  |   24   ||    8    |
| grp_bigint_math_bigint_zero_fu_211 |  p1  |   2  |   8  |   16   ||    8    |
|------------------------------------|------|------|------|--------||---------||---------|
|                Total               |      |      |      |   184  ||  9.794  ||    56   |
|------------------------------------|------|------|------|--------||---------||---------|



* Summary:
+-----------+--------+--------+--------+--------+--------+
|           |  BRAM  | DSP48E |  Delay |   FF   |   LUT  |
+-----------+--------+--------+--------+--------+--------+
|  Function |    2   |    2   |   11   |   361  |   364  |
|   Memory  |    3   |    -   |    -   |    0   |    0   |
|Multiplexer|    -   |    -   |    9   |    -   |   56   |
|  Register |    -   |    -   |    -   |   358  |    -   |
+-----------+--------+--------+--------+--------+--------+
|   Total   |    5   |    2   |   21   |   719  |   420  |
+-----------+--------+--------+--------+--------+--------+
