@I [HLS-0] Workspace /home/linux/Documents/DLA/source/sw/hls/BigInt/solution1 opened at Wed Feb 15 21:20:28 MST 2017
@I [HLS-100] Command "config_clock -quiet -name default -period 10 -default=false "
@I [SYN-201] Setting up clock 'default' with a period of 10ns.
@I [HLS-100] Command 'config_clock' returned 0; elapsed 0.000357Total elapsed time: 0.868 sec.
@I [HLS-100] Command "open_platform DefaultPlatform "
@I [HLS-100] Command 'open_platform' returned 0; elapsed 0.000102Total elapsed time: 0.870 sec.
@I [HLS-100] Command "import_lib /home/Xilinx/Vivado_HLS/2016.2/common/technology/xilinx/zynq/zynq "
@I [HLS-100] Command "source /home/Xilinx/Vivado_HLS/2016.2/common/technology/xilinx/common/xilinx.lib "
@I [HLS-100] Command "source /home/Xilinx/Vivado_HLS/2016.2/common/technology/xilinx/interface/xilinx_interface.lib "
@I [HLS-100] Command "source /home/Xilinx/Vivado_HLS/2016.2/common/technology/xilinx/interface/plb46.lib "
@I [HLS-100] Command 'ap_source' returned 0; elapsed 0.000789Total elapsed time: 0.873 sec.
@I [HLS-100] Command "source /home/Xilinx/Vivado_HLS/2016.2/common/technology/xilinx/interface/fsl.lib "
@I [HLS-100] Command 'ap_source' returned 0; elapsed 0.000377Total elapsed time: 0.874 sec.
@I [HLS-100] Command "source /home/Xilinx/Vivado_HLS/2016.2/common/technology/xilinx/interface/axi4.lib "
@I [HLS-100] Command 'ap_source' returned 0; elapsed 0.000633Total elapsed time: 0.875 sec.
@I [HLS-100] Command "source /home/Xilinx/Vivado_HLS/2016.2/common/technology/xilinx/interface/maxi.lib "
@I [HLS-100] Command 'ap_source' returned 0; elapsed 0.000757Total elapsed time: 0.877 sec.
@I [HLS-100] Command "source /home/Xilinx/Vivado_HLS/2016.2/common/technology/xilinx/interface/saxilite.lib "
@I [HLS-100] Command 'ap_source' returned 0; elapsed 0.00057Total elapsed time: 0.879 sec.
@I [HLS-100] Command 'ap_source' returned 0; elapsed 0.006663Total elapsed time: 0.880 sec.
@I [HLS-100] Command "source /home/Xilinx/Vivado_HLS/2016.2/common/technology/xilinx/common/dsp48.lib "
@I [HLS-100] Command 'ap_source' returned 0; elapsed 0.000396Total elapsed time: 0.881 sec.
@I [HLS-100] Command "source /home/Xilinx/Vivado_HLS/2016.2/common/technology/xilinx/ip/xfft.lib "
@I [HLS-100] Command 'ap_source' returned 0; elapsed 0.000231Total elapsed time: 0.882 sec.
@I [HLS-100] Command "source /home/Xilinx/Vivado_HLS/2016.2/common/technology/xilinx/ip/dds_compiler.lib "
@I [HLS-100] Command 'ap_source' returned 0; elapsed 0.000172Total elapsed time: 0.882 sec.
@I [HLS-100] Command "source /home/Xilinx/Vivado_HLS/2016.2/common/technology/xilinx/ip/xfir.lib "
@I [HLS-100] Command 'ap_source' returned 0; elapsed 0.000196Total elapsed time: 0.883 sec.
@I [HLS-100] Command 'ap_source' returned 0; elapsed 0.016255Total elapsed time: 0.889 sec.
@I [HLS-100] Command "source /home/Xilinx/Vivado_HLS/2016.2/common/technology/xilinx/common/xilinx_old.lib "
@I [HLS-100] Command 'ap_source' returned 0; elapsed 0.002064Total elapsed time: 0.896 sec.
@I [HLS-100] Command "source /home/Xilinx/Vivado_HLS/2016.2/common/technology/xilinx/common/xilinx_vivado.lib "
@I [HLS-100] Command 'ap_source' returned 0; elapsed 0.002025Total elapsed time: 0.899 sec.
@I [HLS-100] Command "source /home/Xilinx/Vivado_HLS/2016.2/common/technology/xilinx/common/xilinx.hlp "
@I [HLS-100] Command "source /home/Xilinx/Vivado_HLS/2016.2/common/technology/xilinx/common/target_info.tcl "
@I [HLS-100] Command 'ap_source' returned 0; elapsed 0.000385Total elapsed time: 0.907 sec.
@I [HLS-100] Command "source /home/Xilinx/Vivado_HLS/2016.2/common/technology/xilinx/interface/xilinx_interface.hlp "
@I [HLS-100] Command "source /home/Xilinx/Vivado_HLS/2016.2/common/technology/xilinx/interface/maxi.hlp "
@I [HLS-100] Command 'ap_source' returned 0; elapsed 0.000305Total elapsed time: 0.908 sec.
@I [HLS-100] Command "source /home/Xilinx/Vivado_HLS/2016.2/common/technology/xilinx/interface/saxilite.hlp "
@I [HLS-100] Command 'ap_source' returned 0; elapsed 0.000253Total elapsed time: 0.909 sec.
@I [HLS-100] Command 'ap_source' returned 0; elapsed 0.001756Total elapsed time: 0.909 sec.
@I [HLS-100] Command "source /home/Xilinx/Vivado_HLS/2016.2/common/technology/xilinx/common/dsp48.hlp "
@I [HLS-100] Command 'ap_source' returned 0; elapsed 0.001559Total elapsed time: 0.912 sec.
@I [HLS-100] Command 'ap_source' returned 0; elapsed 0.008479Total elapsed time: 0.914 sec.
@I [HLS-100] Command "source /home/Xilinx/Vivado_HLS/2016.2/common/technology/xilinx/zynq/dsp48e1.hlp "
@I [HLS-100] Command 'ap_source' returned 0; elapsed 0.000231Total elapsed time: 0.914 sec.
@I [HLS-100] Command "get_default_platform "
@I [HLS-100] Command 'get_default_platform' returned 0; elapsed 1.2e-05Total elapsed time: 0.915 sec.
@I [HLS-100] Command "config_chip_info -quiet -resource  {SLICE 13300}  {LUT 53200}     {FF 106400} {DSP48E 220}   {BRAM 280}  "
@I [HLS-100] Command 'config_chip_info' returned 0; elapsed 4.1e-05Total elapsed time: 0.916 sec.
@I [HLS-100] Command "config_chip_info -quiet -speed medium "
@I [HLS-100] Command 'config_chip_info' returned 0; elapsed 1e-05Total elapsed time: 0.916 sec.
@I [HLS-100] Command 'import_lib' returned 0; elapsed 0.048041Total elapsed time: 0.920 sec.
@I [HLS-100] Command "source /home/Xilinx/Vivado_HLS/2016.2/common/technology/xilinx/zynq/zynq.gen "
@I [HLS-100] Command "source /home/Xilinx/Vivado_HLS/2016.2/common/technology/xilinx/common/virtex.gen "
@I [HLS-100] Command "source /home/Xilinx/Vivado_HLS/2016.2/common/technology/xilinx/common/xilinx.gen "
@I [HLS-100] Command "source /home/Xilinx/Vivado_HLS/2016.2/common/technology/xilinx/interface/plb46.gen "
@I [HLS-100] Command 'ap_source' returned 0; elapsed 0.00294Total elapsed time: 0.926 sec.
@I [HLS-100] Command "source /home/Xilinx/Vivado_HLS/2016.2/common/technology/xilinx/interface/fsl.gen "
@I [HLS-100] Command 'ap_source' returned 0; elapsed 0.001227Total elapsed time: 0.928 sec.
@I [HLS-100] Command "source /home/Xilinx/Vivado_HLS/2016.2/common/technology/xilinx/interface/axi4.gen "
@I [HLS-100] Command 'ap_source' returned 0; elapsed 0.005323Total elapsed time: 0.934 sec.
@I [HLS-100] Command "source /home/Xilinx/Vivado_HLS/2016.2/common/technology/xilinx/interface/nativeAXI4.gen "
@I [HLS-100] Command "source /home/Xilinx/Vivado_HLS/2016.2/common/technology/xilinx/interface/saxilite.gen "
@I [HLS-100] Command 'ap_source' returned 0; elapsed 0.009526Total elapsed time: 0.945 sec.
@I [HLS-100] Command "source /home/Xilinx/Vivado_HLS/2016.2/common/technology/xilinx/interface/maxi.gen "
@I [HLS-100] Command 'ap_source' returned 0; elapsed 0.021151Total elapsed time: 0.967 sec.
@I [HLS-100] Command 'ap_source' returned 0; elapsed 0.032441Total elapsed time: 0.968 sec.
@I [HLS-100] Command "source /home/Xilinx/Vivado_HLS/2016.2/common/technology/xilinx/scripts/xilinxcoregen.gen "
@I [HLS-100] Command 'ap_source' returned 0; elapsed 0.025399Total elapsed time: 0.994 sec.
@I [HLS-100] Command "source /home/Xilinx/Vivado_HLS/2016.2/common/technology/xilinx/interface/XilEDKCoreGen.gen "
@I [HLS-100] Command 'ap_source' returned 0; elapsed 0.021474Total elapsed time: 1.16 sec.
@I [HLS-100] Command "source /home/Xilinx/Vivado_HLS/2016.2/common/technology/xilinx/ip/util.gen "
@I [HLS-100] Command 'ap_source' returned 0; elapsed 0.00043Total elapsed time: 1.17 sec.
@I [HLS-100] Command "source /home/Xilinx/Vivado_HLS/2016.2/common/technology/xilinx/ip/dds_compiler.gen "
@I [HLS-100] Command 'ap_source' returned 0; elapsed 0.008356Total elapsed time: 1.26 sec.
@I [HLS-100] Command "source /home/Xilinx/Vivado_HLS/2016.2/common/technology/xilinx/ip/xfft.gen "
@I [HLS-100] Command 'ap_source' returned 0; elapsed 0.253178Total elapsed time: 1.281 sec.
@I [HLS-100] Command "source /home/Xilinx/Vivado_HLS/2016.2/common/technology/xilinx/ip/xfir.gen "
@I [HLS-100] Command 'ap_source' returned 0; elapsed 0.001963Total elapsed time: 1.284 sec.
@I [HLS-100] Command 'ap_source' returned 0; elapsed 0.360069Total elapsed time: 1.285 sec.
@I [HLS-100] Command "source /home/Xilinx/Vivado_HLS/2016.2/common/technology/xilinx/common/dsp48.gen "
@I [HLS-100] Command 'ap_source' returned 0; elapsed 0.000409Total elapsed time: 1.290 sec.
@I [HLS-100] Command 'ap_source' returned 0; elapsed 0.366994Total elapsed time: 1.290 sec.
@I [HLS-100] Command 'ap_source' returned 0; elapsed 0.367842Total elapsed time: 1.291 sec.
@I [HLS-100] Command "open_platform DefaultPlatform "
@I [HLS-100] Command 'open_platform' returned 0; elapsed 1.7e-05Total elapsed time: 1.292 sec.
@I [HLS-100] Command "import_lib /home/Xilinx/Vivado_HLS/2016.2/common/technology/xilinx/zynq/zynq_fpv6 "
@I [HLS-100] Command "source /home/Xilinx/Vivado_HLS/2016.2/common/technology/xilinx/common/xilinx_fpv7.lib "
@I [HLS-100] Command "source /home/Xilinx/Vivado_HLS/2016.2/common/technology/xilinx/common/xilinx_hp.lib "
@I [HLS-100] Command 'ap_source' returned 0; elapsed 0.001811Total elapsed time: 1.295 sec.
@I [HLS-100] Command 'ap_source' returned 0; elapsed 0.010108Total elapsed time: 1.303 sec.
@I [HLS-100] Command "source /home/Xilinx/Vivado_HLS/2016.2/common/technology/xilinx/common/xilinx_fpv.hlp "
@I [HLS-100] Command "source /home/Xilinx/Vivado_HLS/2016.2/common/technology/xilinx/common/xilinx.hlp "
@I [HLS-100] Command "source /home/Xilinx/Vivado_HLS/2016.2/common/technology/xilinx/common/target_info.tcl "
@I [HLS-100] Command 'ap_source' returned 0; elapsed 0.000422Total elapsed time: 1.320 sec.
@I [HLS-100] Command "source /home/Xilinx/Vivado_HLS/2016.2/common/technology/xilinx/interface/xilinx_interface.hlp "
@I [HLS-100] Command "source /home/Xilinx/Vivado_HLS/2016.2/common/technology/xilinx/interface/maxi.hlp "
@I [HLS-100] Command 'ap_source' returned 0; elapsed 0.000309Total elapsed time: 1.321 sec.
@I [HLS-100] Command "source /home/Xilinx/Vivado_HLS/2016.2/common/technology/xilinx/interface/saxilite.hlp "
@I [HLS-100] Command 'ap_source' returned 0; elapsed 0.000224Total elapsed time: 1.322 sec.
@I [HLS-100] Command 'ap_source' returned 0; elapsed 0.001382Total elapsed time: 1.322 sec.
@I [HLS-100] Command "source /home/Xilinx/Vivado_HLS/2016.2/common/technology/xilinx/common/dsp48.hlp "
@I [HLS-100] Command 'ap_source' returned 0; elapsed 0.001478Total elapsed time: 1.324 sec.
@I [HLS-100] Command 'ap_source' returned 0; elapsed 0.007238Total elapsed time: 1.326 sec.
@I [HLS-100] Command 'ap_source' returned 0; elapsed 0.009043Total elapsed time: 1.327 sec.
@I [HLS-100] Command "source /home/Xilinx/Vivado_HLS/2016.2/common/technology/xilinx/zynq/zynq_hp.hlp "
@I [HLS-100] Command 'ap_source' returned 0; elapsed 0.002208Total elapsed time: 1.330 sec.
@I [HLS-100] Command 'import_lib' returned 0; elapsed 0.049814Total elapsed time: 1.342 sec.
@I [HLS-100] Command "source /home/Xilinx/Vivado_HLS/2016.2/common/technology/xilinx/zynq/zynq_fpv6.gen "
@I [HLS-100] Command "source /home/Xilinx/Vivado_HLS/2016.2/common/technology/xilinx/common/xilinx_fpv6.gen "
@I [HLS-100] Command 'ap_source' returned 0; elapsed 0.004137Total elapsed time: 1.347 sec.
@I [HLS-100] Command 'ap_source' returned 0; elapsed 0.005164Total elapsed time: 1.348 sec.
@I [HLS-100] Command "set_part xc7z020clg484-1 "
@I [HLS-100] Command "add_library xilinx/zynq/zynq:xc7z020:clg484:-1 "
@I [HLS-100] Command "get_default_platform "
@I [HLS-100] Command 'get_default_platform' returned 0; elapsed 1.4e-05Total elapsed time: 1.360 sec.
@I [HLS-100] Command "license_isbetapart xc7z020 "
@I [HLS-100] Command 'license_isbetapart' returned 1; elapsed 0.015108Total elapsed time: 1.377 sec.
@I [HLS-100] Command "get_default_platform "
@I [HLS-100] Command 'get_default_platform' returned 0; elapsed 1.6e-05Total elapsed time: 1.379 sec.
@I [HLS-100] Command "config_chip_info -quiet -resource  {SLICE 13300}  {LUT 53200}     {FF 106400} {DSP48E 220}   {BRAM 280}  "
@I [HLS-100] Command 'config_chip_info' returned 0; elapsed 3.2e-05Total elapsed time: 1.380 sec.
@I [HLS-100] Command "config_chip_info -quiet -speed slow "
@I [HLS-100] Command 'config_chip_info' returned 0; elapsed 1.1e-05Total elapsed time: 1.381 sec.
@I [HLS-100] Command 'add_library' returned 0; elapsed 0.024283Total elapsed time: 1.383 sec.
@I [HLS-100] Command "add_library xilinx/zynq/zynq_fpv6 "
@I [HLS-100] Command "get_default_platform "
@I [HLS-100] Command 'get_default_platform' returned 0; elapsed 1.1e-05Total elapsed time: 1.385 sec.
@I [HLS-100] Command 'add_library' returned 0; elapsed 0.004012Total elapsed time: 1.388 sec.
@I [HLS-10] Setting target device to 'xc7z020clg484-1'
@I [HLS-100] Command 'set_part' returned 0; elapsed 0.039004Total elapsed time: 1.389 sec.
@I [HLS-100] Command "get_default_platform "
@I [HLS-100] Command 'get_default_platform' returned 0; elapsed 1.5e-05Total elapsed time: 1.390 sec.
@I [HLS-100] Command "config_chip_info -quiet -resource  {SLICE 13300}  {LUT 53200}     {FF 106400} {DSP48E 220}   {BRAM 280}  "
@I [HLS-100] Command 'config_chip_info' returned 0; elapsed 3.2e-05Total elapsed time: 1.390 sec.
@I [HLS-100] Command "config_chip_info -quiet -speed slow "
@I [HLS-100] Command 'config_chip_info' returned 0; elapsed 1.1e-05Total elapsed time: 1.390 sec.
@I [HLS-100] Command 'open_solution' returned 0; elapsed 0.536011Total elapsed time: 1.393 sec.
@I [HLS-100] Command "export_design -format ip_catalog "
@I [HLS-100] Command "source /home/linux/Documents/DLA/source/sw/hls/BigInt/solution1/.autopilot/db/global.setting.tcl "
@I [HLS-100] Command 'ap_source' returned 0; elapsed 0.000564Total elapsed time: 1.406 sec.
@I [HLS-100] Command "source /home/Xilinx/Vivado_HLS/2016.2/common/technology/generic/autopilot/common.gen "
@I [HLS-100] Command "source /home/Xilinx/Vivado_HLS/2016.2/common/technology/generic/autopilot/APCoreGen.gen "
@I [HLS-100] Command 'ap_source' returned 0; elapsed 0.00139Total elapsed time: 1.417 sec.
@I [HLS-100] Command 'ap_source' returned 0; elapsed 0.003235Total elapsed time: 1.419 sec.
@I [HLS-100] Command "source /home/Xilinx/Vivado_HLS/2016.2/common/technology/generic/autopilot/op.gen "
@I [HLS-100] Command 'ap_source' returned 0; elapsed 0.00083Total elapsed time: 1.420 sec.
@I [HLS-100] Command "source /home/Xilinx/Vivado_HLS/2016.2/common/technology/generic/autopilot/op_simcore.gen "
@I [HLS-100] Command 'ap_source' returned 0; elapsed 0.002307Total elapsed time: 1.423 sec.
@I [HLS-100] Command "source /home/Xilinx/Vivado_HLS/2016.2/common/technology/generic/autopilot/interface.gen "
@I [HLS-100] Command 'ap_source' returned 0; elapsed 0.000239Total elapsed time: 1.424 sec.
@I [HLS-100] Command "source /home/linux/Documents/DLA/source/sw/hls/BigInt/solution1/.autopilot/db/global.setting.tcl "
@I [HLS-100] Command 'ap_source' returned 0; elapsed 0.000351Total elapsed time: 1.425 sec.
@I [HLS-100] Command "source /home/Xilinx/Vivado_HLS/2016.2/common/technology/xilinx/zynq/zynq.gen "
@I [HLS-100] Command "source /home/Xilinx/Vivado_HLS/2016.2/common/technology/xilinx/common/virtex.gen "
@I [HLS-100] Command "source /home/Xilinx/Vivado_HLS/2016.2/common/technology/xilinx/common/xilinx.gen "
@I [HLS-100] Command "source /home/Xilinx/Vivado_HLS/2016.2/common/technology/xilinx/interface/plb46.gen "
@I [HLS-100] Command 'ap_source' returned 0; elapsed 0.002784Total elapsed time: 1.430 sec.
@I [HLS-100] Command "source /home/Xilinx/Vivado_HLS/2016.2/common/technology/xilinx/interface/fsl.gen "
@I [HLS-100] Command 'ap_source' returned 0; elapsed 0.00139Total elapsed time: 1.432 sec.
@I [HLS-100] Command "source /home/Xilinx/Vivado_HLS/2016.2/common/technology/xilinx/interface/axi4.gen "
@I [HLS-100] Command 'ap_source' returned 0; elapsed 0.005544Total elapsed time: 1.438 sec.
@I [HLS-100] Command "source /home/Xilinx/Vivado_HLS/2016.2/common/technology/xilinx/interface/nativeAXI4.gen "
@I [HLS-100] Command "source /home/Xilinx/Vivado_HLS/2016.2/common/technology/xilinx/interface/saxilite.gen "
@I [HLS-100] Command 'ap_source' returned 0; elapsed 0.01099Total elapsed time: 1.450 sec.
@I [HLS-100] Command "source /home/Xilinx/Vivado_HLS/2016.2/common/technology/xilinx/interface/maxi.gen "
@I [HLS-100] Command 'ap_source' returned 0; elapsed 0.020528Total elapsed time: 1.471 sec.
@I [HLS-100] Command 'ap_source' returned 0; elapsed 0.033203Total elapsed time: 1.472 sec.
@I [HLS-100] Command "source /home/Xilinx/Vivado_HLS/2016.2/common/technology/xilinx/scripts/xilinxcoregen.gen "
@I [HLS-100] Command 'ap_source' returned 0; elapsed 0.025442Total elapsed time: 1.498 sec.
@I [HLS-100] Command "source /home/Xilinx/Vivado_HLS/2016.2/common/technology/xilinx/interface/XilEDKCoreGen.gen "
@I [HLS-100] Command 'ap_source' returned 0; elapsed 0.021606Total elapsed time: 1.520 sec.
@I [HLS-100] Command "source /home/Xilinx/Vivado_HLS/2016.2/common/technology/xilinx/ip/util.gen "
@I [HLS-100] Command 'ap_source' returned 0; elapsed 0.000446Total elapsed time: 1.522 sec.
@I [HLS-100] Command "source /home/Xilinx/Vivado_HLS/2016.2/common/technology/xilinx/ip/dds_compiler.gen "
@I [HLS-100] Command 'ap_source' returned 0; elapsed 0.008734Total elapsed time: 1.531 sec.
@I [HLS-100] Command "source /home/Xilinx/Vivado_HLS/2016.2/common/technology/xilinx/ip/xfft.gen "
@I [HLS-100] Command 'ap_source' returned 0; elapsed 0.298902Total elapsed time: 1.834 sec.
@I [HLS-100] Command "source /home/Xilinx/Vivado_HLS/2016.2/common/technology/xilinx/ip/xfir.gen "
@I [HLS-100] Command 'ap_source' returned 0; elapsed 0.002217Total elapsed time: 1.837 sec.
@I [HLS-100] Command 'ap_source' returned 0; elapsed 0.40712Total elapsed time: 1.838 sec.
@I [HLS-100] Command "source /home/Xilinx/Vivado_HLS/2016.2/common/technology/xilinx/common/dsp48.gen "
@I [HLS-100] Command 'ap_source' returned 0; elapsed 0.000535Total elapsed time: 1.844 sec.
@I [HLS-100] Command 'ap_source' returned 0; elapsed 0.415554Total elapsed time: 1.846 sec.
@I [HLS-100] Command 'ap_source' returned 0; elapsed 0.416546Total elapsed time: 1.846 sec.
@I [HLS-100] Command "source /home/Xilinx/Vivado_HLS/2016.2/common/technology/xilinx/zynq/zynq_fpv6.gen "
@I [HLS-100] Command "source /home/Xilinx/Vivado_HLS/2016.2/common/technology/xilinx/common/xilinx_fpv6.gen "
@I [HLS-100] Command 'ap_source' returned 0; elapsed 0.005316Total elapsed time: 1.853 sec.
@I [HLS-100] Command 'ap_source' returned 0; elapsed 0.006477Total elapsed time: 1.854 sec.
@I [HLS-100] Command "source /home/linux/Documents/DLA/source/sw/hls/BigInt/solution1/.autopilot/db/global.setting.tcl "
@I [HLS-100] Command 'ap_source' returned 0; elapsed 0.000577Total elapsed time: 1.856 sec.
@I [IMPL-8] Exporting RTL as an IP in IP-XACT.
@I [HLS-100] Command "source /home/linux/Documents/DLA/source/sw/hls/BigInt/solution1/.autopilot/db/global.setting.tcl "
@I [HLS-100] Command 'ap_source' returned 0; elapsed 0.000619Total elapsed time: 1.862 sec.
@I [HLS-100] Command "source /home/linux/Documents/DLA/source/sw/hls/BigInt/solution1/.autopilot/db/global.setting.tcl "
@I [HLS-100] Command 'ap_source' returned 0; elapsed 0.000542Total elapsed time: 1.881 sec.
@I [HLS-100] Command "source /home/Xilinx/Vivado_HLS/2016.2/common/technology/generic/autopilot/common.gen "
@I [HLS-100] Command "source /home/Xilinx/Vivado_HLS/2016.2/common/technology/generic/autopilot/APCoreGen.gen "
@I [HLS-100] Command 'ap_source' returned 0; elapsed 0.001523Total elapsed time: 1.885 sec.
@I [HLS-100] Command 'ap_source' returned 0; elapsed 0.003799Total elapsed time: 1.887 sec.
@I [HLS-100] Command "source /home/Xilinx/Vivado_HLS/2016.2/common/technology/generic/autopilot/op.gen "
@I [HLS-100] Command 'ap_source' returned 0; elapsed 0.001Total elapsed time: 1.889 sec.
@I [HLS-100] Command "source /home/Xilinx/Vivado_HLS/2016.2/common/technology/generic/autopilot/op_simcore.gen "
@I [HLS-100] Command 'ap_source' returned 0; elapsed 0.002696Total elapsed time: 1.893 sec.
@I [HLS-100] Command "source /home/Xilinx/Vivado_HLS/2016.2/common/technology/generic/autopilot/interface.gen "
@I [HLS-100] Command 'ap_source' returned 0; elapsed 0.000294Total elapsed time: 1.894 sec.
@I [HLS-100] Command "source /home/linux/Documents/DLA/source/sw/hls/BigInt/solution1/.autopilot/db/global.setting.tcl "
@I [HLS-100] Command 'ap_source' returned 0; elapsed 0.000575Total elapsed time: 1.895 sec.
@I [HLS-100] Command "source /home/Xilinx/Vivado_HLS/2016.2/common/technology/xilinx/zynq/zynq.gen "
@I [HLS-100] Command "source /home/Xilinx/Vivado_HLS/2016.2/common/technology/xilinx/common/virtex.gen "
@I [HLS-100] Command "source /home/Xilinx/Vivado_HLS/2016.2/common/technology/xilinx/common/xilinx.gen "
@I [HLS-100] Command "source /home/Xilinx/Vivado_HLS/2016.2/common/technology/xilinx/interface/plb46.gen "
@I [HLS-100] Command 'ap_source' returned 0; elapsed 0.00276Total elapsed time: 1.900 sec.
@I [HLS-100] Command "source /home/Xilinx/Vivado_HLS/2016.2/common/technology/xilinx/interface/fsl.gen "
@I [HLS-100] Command 'ap_source' returned 0; elapsed 0.001659Total elapsed time: 1.903 sec.
@I [HLS-100] Command "source /home/Xilinx/Vivado_HLS/2016.2/common/technology/xilinx/interface/axi4.gen "
@I [HLS-100] Command 'ap_source' returned 0; elapsed 0.005791Total elapsed time: 1.909 sec.
@I [HLS-100] Command "source /home/Xilinx/Vivado_HLS/2016.2/common/technology/xilinx/interface/nativeAXI4.gen "
@I [HLS-100] Command "source /home/Xilinx/Vivado_HLS/2016.2/common/technology/xilinx/interface/saxilite.gen "
@I [HLS-100] Command 'ap_source' returned 0; elapsed 0.010461Total elapsed time: 1.921 sec.
@I [HLS-100] Command "source /home/Xilinx/Vivado_HLS/2016.2/common/technology/xilinx/interface/maxi.gen "
@I [HLS-100] Command 'ap_source' returned 0; elapsed 0.021618Total elapsed time: 1.944 sec.
@I [HLS-100] Command 'ap_source' returned 0; elapsed 0.033913Total elapsed time: 1.944 sec.
@I [HLS-100] Command "source /home/Xilinx/Vivado_HLS/2016.2/common/technology/xilinx/scripts/xilinxcoregen.gen "
@I [HLS-100] Command 'ap_source' returned 0; elapsed 0.029352Total elapsed time: 1.981 sec.
@I [HLS-100] Command "source /home/Xilinx/Vivado_HLS/2016.2/common/technology/xilinx/interface/XilEDKCoreGen.gen "
@I [HLS-100] Command 'ap_source' returned 0; elapsed 0.02361Total elapsed time: 2.12 sec.
@I [HLS-100] Command "source /home/Xilinx/Vivado_HLS/2016.2/common/technology/xilinx/ip/util.gen "
@I [HLS-100] Command 'ap_source' returned 0; elapsed 0.000531Total elapsed time: 2.13 sec.
@I [HLS-100] Command "source /home/Xilinx/Vivado_HLS/2016.2/common/technology/xilinx/ip/dds_compiler.gen "
@I [HLS-100] Command 'ap_source' returned 0; elapsed 0.010622Total elapsed time: 2.25 sec.
@I [HLS-100] Command "source /home/Xilinx/Vivado_HLS/2016.2/common/technology/xilinx/ip/xfft.gen "
@I [HLS-100] Command 'ap_source' returned 0; elapsed 0.262577Total elapsed time: 2.292 sec.
@I [HLS-100] Command "source /home/Xilinx/Vivado_HLS/2016.2/common/technology/xilinx/ip/xfir.gen "
@I [HLS-100] Command 'ap_source' returned 0; elapsed 0.001967Total elapsed time: 2.294 sec.
@I [HLS-100] Command 'ap_source' returned 0; elapsed 0.380728Total elapsed time: 2.295 sec.
@I [HLS-100] Command "source /home/Xilinx/Vivado_HLS/2016.2/common/technology/xilinx/common/dsp48.gen "
@I [HLS-100] Command 'ap_source' returned 0; elapsed 0.000415Total elapsed time: 2.299 sec.
@I [HLS-100] Command 'ap_source' returned 0; elapsed 0.387202Total elapsed time: 2.300 sec.
@I [HLS-100] Command 'ap_source' returned 0; elapsed 0.387939Total elapsed time: 2.301 sec.
@I [HLS-100] Command "source /home/Xilinx/Vivado_HLS/2016.2/common/technology/xilinx/zynq/zynq_fpv6.gen "
@I [HLS-100] Command "source /home/Xilinx/Vivado_HLS/2016.2/common/technology/xilinx/common/xilinx_fpv6.gen "
@I [HLS-100] Command 'ap_source' returned 0; elapsed 0.003989Total elapsed time: 2.306 sec.
@I [HLS-100] Command 'ap_source' returned 0; elapsed 0.004885Total elapsed time: 2.306 sec.
@I [HLS-100] Command "source /home/linux/Documents/DLA/source/sw/hls/BigInt/solution1/.autopilot/db/global.setting.tcl "
@I [HLS-100] Command 'ap_source' returned 0; elapsed 0.00042Total elapsed time: 2.308 sec.
@I [HLS-100] Command "source /home/linux/Documents/DLA/source/sw/hls/BigInt/solution1/.autopilot/db/global.setting.tcl "
@I [HLS-100] Command 'ap_source' returned 0; elapsed 0.000519Total elapsed time: 2.310 sec.
@I [HLS-100] Command "source /home/linux/Documents/DLA/source/sw/hls/BigInt/solution1/.autopilot/db/bigint_math.compgen.tcl "
@I [HLS-100] Command 'ap_source' returned 0; elapsed 0.000372Total elapsed time: 2.312 sec.
@I [HLS-100] Command "source /home/linux/Documents/DLA/source/sw/hls/BigInt/solution1/.autopilot/db/global.setting.tcl "
@I [HLS-100] Command 'ap_source' returned 0; elapsed 0.00043Total elapsed time: 2.320 sec.
@I [HLS-100] Command "source /home/linux/Documents/DLA/source/sw/hls/BigInt/solution1/.autopilot/db/global.setting.tcl "
@I [HLS-100] Command 'ap_source' returned 0; elapsed 0.000336Total elapsed time: 2.321 sec.
@I [HLS-100] Command "source /home/linux/Documents/DLA/source/sw/hls/BigInt/solution1/.autopilot/db/bigint_math.compgen.tcl "
@I [HLS-100] Command "source /home/linux/Documents/DLA/source/sw/hls/BigInt/solution1/.autopilot/db/bigint_math.rtl_wrap.cfg.tcl "
@I [HLS-100] Command 'ap_source' returned 0; elapsed 0.00053Total elapsed time: 2.324 sec.
@I [HLS-100] Command "source /home/linux/Documents/DLA/source/sw/hls/BigInt/solution1/.autopilot/db/bigint_math.rtl_wrap.cfg.tcl "
@I [HLS-100] Command 'ap_source' returned 0; elapsed 0.000456Total elapsed time: 2.326 sec.
@I [HLS-100] Command "source /home/linux/Documents/DLA/source/sw/hls/BigInt/solution1/.autopilot/db/bigint_math.rtl_wrap.cfg.tcl "
@I [HLS-100] Command 'ap_source' returned 0; elapsed 0.000475Total elapsed time: 2.327 sec.
@I [HLS-100] Command "source /home/linux/Documents/DLA/source/sw/hls/BigInt/solution1/.autopilot/db/bigint_math.tbgen.tcl "
@I [HLS-100] Command 'ap_source' returned 0; elapsed 0.0004Total elapsed time: 2.328 sec.
@I [HLS-100] Command "source /home/linux/Documents/DLA/source/sw/hls/BigInt/solution1/.autopilot/db/bigint_math.tbgen.tcl "
@I [HLS-100] Command 'ap_source' returned 0; elapsed 0.000434Total elapsed time: 2.329 sec.
@I [HLS-100] Command 'ap_source' returned 0; elapsed 0.090772Total elapsed time: 2.413 sec.
@I [HLS-100] Command "source /home/linux/Documents/DLA/source/sw/hls/BigInt/solution1/.autopilot/db/global.setting.tcl "
@I [HLS-100] Command 'ap_source' returned 0; elapsed 0.000395Total elapsed time: 2.428 sec.
@I [HLS-100] Command "source /home/linux/Documents/DLA/source/sw/hls/BigInt/solution1/.autopilot/db/global.setting.tcl "
@I [HLS-100] Command 'ap_source' returned 0; elapsed 0.000331Total elapsed time: 2.429 sec.
@I [HLS-100] Command "source /home/linux/Documents/DLA/source/sw/hls/BigInt/solution1/.autopilot/db/bigint_math.compgen.tcl "
@I [HLS-100] Command 'ap_source' returned 0; elapsed 0.000296Total elapsed time: 2.430 sec.
@I [HLS-100] Command "source /home/linux/Documents/DLA/source/sw/hls/BigInt/solution1/.autopilot/db/global.setting.tcl "
@I [HLS-100] Command 'ap_source' returned 0; elapsed 0.000393Total elapsed time: 2.525 sec.
@I [HLS-100] Command "source /home/linux/Documents/DLA/source/sw/hls/BigInt/solution1/.autopilot/db/bigint_math.constraint.tcl "
@I [HLS-100] Command 'ap_source' returned 0; elapsed 0.000251Total elapsed time: 2.529 sec.
@I [HLS-100] Command "source /home/linux/Documents/DLA/source/sw/hls/BigInt/solution1/.autopilot/db/bigint_math.rtl_wrap.cfg.tcl "
@I [HLS-100] Command 'ap_source' returned 0; elapsed 0.000562Total elapsed time: 2.586 sec.
@I [HLS-100] Command "source /home/linux/Documents/DLA/source/sw/hls/BigInt/solution1/.autopilot/db/bigint_math.rtl_wrap.cfg.tcl "
@I [HLS-100] Command 'ap_source' returned 0; elapsed 0.000482Total elapsed time: 2.588 sec.
@I [HLS-100] Command "source /home/linux/Documents/DLA/source/sw/hls/BigInt/solution1/.autopilot/db/bigint_math.rtl_wrap.cfg.tcl "
@I [HLS-100] Command 'ap_source' returned 0; elapsed 0.000446Total elapsed time: 2.589 sec.
@I [HLS-100] Command "source /home/linux/Documents/DLA/source/sw/hls/BigInt/solution1/.autopilot/db/bigint_math.tbgen.tcl "
@I [HLS-100] Command 'ap_source' returned 0; elapsed 0.000441Total elapsed time: 2.590 sec.
@I [HLS-100] Command "source /home/linux/Documents/DLA/source/sw/hls/BigInt/solution1/.autopilot/db/bigint_math.tbgen.tcl "
@I [HLS-100] Command 'ap_source' returned 0; elapsed 0.000392Total elapsed time: 2.591 sec.
@I [HLS-100] Command "source /home/linux/Documents/DLA/source/sw/hls/BigInt/solution1/.autopilot/db/global.setting.tcl "
@I [HLS-100] Command 'ap_source' returned 0; elapsed 0.00045Total elapsed time: 2.669 sec.
@I [HLS-100] Command "source /home/linux/Documents/DLA/source/sw/hls/BigInt/solution1/.autopilot/db/global.setting.tcl "
@I [HLS-100] Command 'ap_source' returned 0; elapsed 0.000463Total elapsed time: 2.715 sec.
@I [HLS-100] Command "source /home/linux/Documents/DLA/source/sw/hls/BigInt/solution1/.autopilot/db/global.setting.tcl "
@I [HLS-100] Command 'ap_source' returned 0; elapsed 0.000402Total elapsed time: 2.722 sec.
@I [HLS-100] Command "source /home/linux/Documents/DLA/source/sw/hls/BigInt/solution1/.autopilot/db/bigint_math.rtl_wrap.cfg.tcl "
@I [HLS-100] Command 'ap_source' returned 0; elapsed 0.000495Total elapsed time: 2.727 sec.
@I [HLS-100] Command "source /home/linux/Documents/DLA/source/sw/hls/BigInt/solution1/.autopilot/db/bigint_math.rtl_wrap.cfg.tcl "
@I [HLS-100] Command 'ap_source' returned 0; elapsed 0.000459Total elapsed time: 2.729 sec.
@I [HLS-100] Command "source /home/linux/Documents/DLA/source/sw/hls/BigInt/solution1/.autopilot/db/bigint_math.tbgen.tcl "
@I [HLS-100] Command 'ap_source' returned 0; elapsed 0.000402Total elapsed time: 2.729 sec.
@I [HLS-100] Command "source /home/linux/Documents/DLA/source/sw/hls/BigInt/solution1/.autopilot/db/bigint_math.tbgen.tcl "
@I [HLS-100] Command 'ap_source' returned 0; elapsed 0.000376Total elapsed time: 2.730 sec.
@I [HLS-100] Command "source /home/linux/Documents/DLA/source/sw/hls/BigInt/solution1/.autopilot/db/bigint_math.rtl_wrap.cfg.tcl "
@I [HLS-100] Command 'ap_source' returned 0; elapsed 0.00053Total elapsed time: 2.794 sec.
@I [HLS-100] Command "source /home/linux/Documents/DLA/source/sw/hls/BigInt/solution1/.autopilot/db/bigint_math.rtl_wrap.cfg.tcl "
@I [HLS-100] Command 'ap_source' returned 0; elapsed 0.000487Total elapsed time: 2.796 sec.
@I [HLS-100] Command "source /home/linux/Documents/DLA/source/sw/hls/BigInt/solution1/.autopilot/db/bigint_math.tbgen.tcl "
@I [HLS-100] Command 'ap_source' returned 0; elapsed 0.000413Total elapsed time: 2.797 sec.
@I [HLS-100] Command "source /home/linux/Documents/DLA/source/sw/hls/BigInt/solution1/.autopilot/db/bigint_math.tbgen.tcl "
@I [HLS-100] Command 'ap_source' returned 0; elapsed 0.000406Total elapsed time: 2.798 sec.
@I [HLS-100] Command "source /home/linux/Documents/DLA/source/sw/hls/BigInt/solution1/.autopilot/db/global.setting.tcl "
@I [HLS-100] Command 'ap_source' returned 0; elapsed 0.000489Total elapsed time: 2.859 sec.
@I [HLS-100] Command "source /home/linux/Documents/DLA/source/sw/hls/BigInt/solution1/.autopilot/db/bigint_math.rtl_wrap.cfg.tcl "
@I [HLS-100] Command 'ap_source' returned 0; elapsed 0.000556Total elapsed time: 2.863 sec.
@I [HLS-100] Command "source /home/linux/Documents/DLA/source/sw/hls/BigInt/solution1/.autopilot/db/bigint_math.rtl_wrap.cfg.tcl "
@I [HLS-100] Command 'ap_source' returned 0; elapsed 0.000481Total elapsed time: 2.864 sec.
@I [HLS-100] Command "source /home/linux/Documents/DLA/source/sw/hls/BigInt/solution1/.autopilot/db/bigint_math.tbgen.tcl "
@I [HLS-100] Command 'ap_source' returned 0; elapsed 0.000408Total elapsed time: 2.865 sec.
@I [HLS-100] Command "source /home/linux/Documents/DLA/source/sw/hls/BigInt/solution1/.autopilot/db/bigint_math.tbgen.tcl "
@I [HLS-100] Command 'ap_source' returned 0; elapsed 0.000375Total elapsed time: 2.866 sec.
@I [HLS-100] Command "source /home/linux/Documents/DLA/source/sw/hls/BigInt/solution1/.autopilot/db/global.setting.tcl "
@I [HLS-100] Command 'ap_source' returned 0; elapsed 0.000423Total elapsed time: 2.933 sec.
@I [HLS-100] Command "source /home/linux/Documents/DLA/source/sw/hls/BigInt/solution1/.autopilot/db/global.setting.tcl "
@I [HLS-100] Command 'ap_source' returned 0; elapsed 0.000345Total elapsed time: 2.934 sec.
@I [HLS-100] Command "source /home/linux/Documents/DLA/source/sw/hls/BigInt/solution1/.autopilot/db/bigint_math.constraint.tcl "
@I [HLS-100] Command 'ap_source' returned 0; elapsed 0.000193Total elapsed time: 2.937 sec.
@I [HLS-100] Command "source /home/linux/Documents/DLA/source/sw/hls/BigInt/solution1/.autopilot/db/global.setting.tcl "
@I [HLS-100] Command 'ap_source' returned 0; elapsed 0.000413Total elapsed time: 2.995 sec.
@I [HLS-100] Command "source /home/linux/Documents/DLA/source/sw/hls/BigInt/solution1/.autopilot/db/global.setting.tcl "
@I [HLS-100] Command 'ap_source' returned 0; elapsed 0.000402Total elapsed time: 3.39 sec.
@I [HLS-100] Command "source /home/linux/Documents/DLA/source/sw/hls/BigInt/solution1/.autopilot/db/bigint_math.constraint.tcl "
@I [HLS-100] Command 'ap_source' returned 0; elapsed 0.000177Total elapsed time: 3.41 sec.
@I [HLS-100] Command "source /home/linux/Documents/DLA/source/sw/hls/BigInt/solution1/.autopilot/db/bigint_math.constraint.tcl "
@I [HLS-100] Command 'ap_source' returned 0; elapsed 0.000155Total elapsed time: 3.42 sec.
@I [HLS-100] Command "source /home/Xilinx/Vivado_HLS/2016.2/common/technology/generic/autopilot/common.gen "
@I [HLS-100] Command "source /home/Xilinx/Vivado_HLS/2016.2/common/technology/generic/autopilot/APCoreGen.gen "
@I [HLS-100] Command 'ap_source' returned 0; elapsed 0.001401Total elapsed time: 3.49 sec.
@I [HLS-100] Command 'ap_source' returned 0; elapsed 0.003403Total elapsed time: 3.50 sec.
@I [HLS-100] Command "source /home/Xilinx/Vivado_HLS/2016.2/common/technology/generic/autopilot/op.gen "
@I [HLS-100] Command 'ap_source' returned 0; elapsed 0.00083Total elapsed time: 3.52 sec.
@I [HLS-100] Command "source /home/Xilinx/Vivado_HLS/2016.2/common/technology/generic/autopilot/op_simcore.gen "
@I [HLS-100] Command 'ap_source' returned 0; elapsed 0.002352Total elapsed time: 3.55 sec.
@I [HLS-100] Command "source /home/Xilinx/Vivado_HLS/2016.2/common/technology/generic/autopilot/interface.gen "
@I [HLS-100] Command 'ap_source' returned 0; elapsed 0.000268Total elapsed time: 3.56 sec.
@I [HLS-100] Command "source /home/linux/Documents/DLA/source/sw/hls/BigInt/solution1/.autopilot/db/global.setting.tcl "
@I [HLS-100] Command 'ap_source' returned 0; elapsed 0.000389Total elapsed time: 3.56 sec.
@I [HLS-100] Command "source /home/Xilinx/Vivado_HLS/2016.2/common/technology/xilinx/zynq/zynq.gen "
@I [HLS-100] Command "source /home/Xilinx/Vivado_HLS/2016.2/common/technology/xilinx/common/virtex.gen "
@I [HLS-100] Command "source /home/Xilinx/Vivado_HLS/2016.2/common/technology/xilinx/common/xilinx.gen "
@I [HLS-100] Command "source /home/Xilinx/Vivado_HLS/2016.2/common/technology/xilinx/interface/plb46.gen "
@I [HLS-100] Command 'ap_source' returned 0; elapsed 0.002458Total elapsed time: 3.61 sec.
@I [HLS-100] Command "source /home/Xilinx/Vivado_HLS/2016.2/common/technology/xilinx/interface/fsl.gen "
@I [HLS-100] Command 'ap_source' returned 0; elapsed 0.001433Total elapsed time: 3.63 sec.
@I [HLS-100] Command "source /home/Xilinx/Vivado_HLS/2016.2/common/technology/xilinx/interface/axi4.gen "
@I [HLS-100] Command 'ap_source' returned 0; elapsed 0.005775Total elapsed time: 3.69 sec.
@I [HLS-100] Command "source /home/Xilinx/Vivado_HLS/2016.2/common/technology/xilinx/interface/nativeAXI4.gen "
@I [HLS-100] Command "source /home/Xilinx/Vivado_HLS/2016.2/common/technology/xilinx/interface/saxilite.gen "
@I [HLS-100] Command 'ap_source' returned 0; elapsed 0.009624Total elapsed time: 3.80 sec.
@I [HLS-100] Command "source /home/Xilinx/Vivado_HLS/2016.2/common/technology/xilinx/interface/maxi.gen "
@I [HLS-100] Command 'ap_source' returned 0; elapsed 0.020371Total elapsed time: 3.101 sec.
@I [HLS-100] Command 'ap_source' returned 0; elapsed 0.031678Total elapsed time: 3.102 sec.
@I [HLS-100] Command "source /home/Xilinx/Vivado_HLS/2016.2/common/technology/xilinx/scripts/xilinxcoregen.gen "
@I [HLS-100] Command 'ap_source' returned 0; elapsed 0.026037Total elapsed time: 3.128 sec.
@I [HLS-100] Command "source /home/Xilinx/Vivado_HLS/2016.2/common/technology/xilinx/interface/XilEDKCoreGen.gen "
@I [HLS-100] Command 'ap_source' returned 0; elapsed 0.022215Total elapsed time: 3.151 sec.
@I [HLS-100] Command "source /home/Xilinx/Vivado_HLS/2016.2/common/technology/xilinx/ip/util.gen "
@I [HLS-100] Command 'ap_source' returned 0; elapsed 0.000441Total elapsed time: 3.153 sec.
@I [HLS-100] Command "source /home/Xilinx/Vivado_HLS/2016.2/common/technology/xilinx/ip/dds_compiler.gen "
@I [HLS-100] Command 'ap_source' returned 0; elapsed 0.009722Total elapsed time: 3.163 sec.
@I [HLS-100] Command "source /home/Xilinx/Vivado_HLS/2016.2/common/technology/xilinx/ip/xfft.gen "
@I [HLS-100] Command 'ap_source' returned 0; elapsed 0.270008Total elapsed time: 3.434 sec.
@I [HLS-100] Command "source /home/Xilinx/Vivado_HLS/2016.2/common/technology/xilinx/ip/xfir.gen "
@I [HLS-100] Command 'ap_source' returned 0; elapsed 0.002189Total elapsed time: 3.437 sec.
@I [HLS-100] Command 'ap_source' returned 0; elapsed 0.37958Total elapsed time: 3.438 sec.
@I [HLS-100] Command "source /home/Xilinx/Vivado_HLS/2016.2/common/technology/xilinx/common/dsp48.gen "
@I [HLS-100] Command 'ap_source' returned 0; elapsed 0.000439Total elapsed time: 3.443 sec.
@I [HLS-100] Command 'ap_source' returned 0; elapsed 0.386473Total elapsed time: 3.444 sec.
@I [HLS-100] Command 'ap_source' returned 0; elapsed 0.387089Total elapsed time: 3.445 sec.
@I [HLS-100] Command "source /home/Xilinx/Vivado_HLS/2016.2/common/technology/xilinx/zynq/zynq_fpv6.gen "
@I [HLS-100] Command "source /home/Xilinx/Vivado_HLS/2016.2/common/technology/xilinx/common/xilinx_fpv6.gen "
@I [HLS-100] Command 'ap_source' returned 0; elapsed 0.00408Total elapsed time: 3.449 sec.
@I [HLS-100] Command 'ap_source' returned 0; elapsed 0.005016Total elapsed time: 3.450 sec.
@I [HLS-100] Command "source /home/linux/Documents/DLA/source/sw/hls/BigInt/solution1/.autopilot/db/global.setting.tcl "
@I [HLS-100] Command 'ap_source' returned 0; elapsed 0.000688Total elapsed time: 63.68 sec.
@I [HLS-100] Command "source /home/Xilinx/Vivado_HLS/2016.2/common/technology/generic/autopilot/common.gen "
@I [HLS-100] Command "source /home/Xilinx/Vivado_HLS/2016.2/common/technology/generic/autopilot/APCoreGen.gen "
@I [HLS-100] Command 'ap_source' returned 0; elapsed 0.001781Total elapsed time: 63.81 sec.
@I [HLS-100] Command 'ap_source' returned 0; elapsed 0.004561Total elapsed time: 63.84 sec.
@I [HLS-100] Command "source /home/Xilinx/Vivado_HLS/2016.2/common/technology/generic/autopilot/op.gen "
@I [HLS-100] Command 'ap_source' returned 0; elapsed 0.001046Total elapsed time: 63.86 sec.
@I [HLS-100] Command "source /home/Xilinx/Vivado_HLS/2016.2/common/technology/generic/autopilot/op_simcore.gen "
@I [HLS-100] Command 'ap_source' returned 0; elapsed 0.003194Total elapsed time: 63.90 sec.
@I [HLS-100] Command "source /home/Xilinx/Vivado_HLS/2016.2/common/technology/generic/autopilot/interface.gen "
@I [HLS-100] Command 'ap_source' returned 0; elapsed 0.000294Total elapsed time: 63.91 sec.
@I [HLS-100] Command "source /home/linux/Documents/DLA/source/sw/hls/BigInt/solution1/.autopilot/db/global.setting.tcl "
@I [HLS-100] Command 'ap_source' returned 0; elapsed 0.000416Total elapsed time: 63.92 sec.
@I [HLS-100] Command "source /home/Xilinx/Vivado_HLS/2016.2/common/technology/xilinx/zynq/zynq.gen "
@I [HLS-100] Command "source /home/Xilinx/Vivado_HLS/2016.2/common/technology/xilinx/common/virtex.gen "
@I [HLS-100] Command "source /home/Xilinx/Vivado_HLS/2016.2/common/technology/xilinx/common/xilinx.gen "
@I [HLS-100] Command "source /home/Xilinx/Vivado_HLS/2016.2/common/technology/xilinx/interface/plb46.gen "
@I [HLS-100] Command 'ap_source' returned 0; elapsed 0.002629Total elapsed time: 63.97 sec.
@I [HLS-100] Command "source /home/Xilinx/Vivado_HLS/2016.2/common/technology/xilinx/interface/fsl.gen "
@I [HLS-100] Command 'ap_source' returned 0; elapsed 0.001506Total elapsed time: 63.99 sec.
@I [HLS-100] Command "source /home/Xilinx/Vivado_HLS/2016.2/common/technology/xilinx/interface/axi4.gen "
@I [HLS-100] Command 'ap_source' returned 0; elapsed 0.005917Total elapsed time: 63.106 sec.
@I [HLS-100] Command "source /home/Xilinx/Vivado_HLS/2016.2/common/technology/xilinx/interface/nativeAXI4.gen "
@I [HLS-100] Command "source /home/Xilinx/Vivado_HLS/2016.2/common/technology/xilinx/interface/saxilite.gen "
@I [HLS-100] Command 'ap_source' returned 0; elapsed 0.009589Total elapsed time: 63.116 sec.
@I [HLS-100] Command "source /home/Xilinx/Vivado_HLS/2016.2/common/technology/xilinx/interface/maxi.gen "
@I [HLS-100] Command 'ap_source' returned 0; elapsed 0.020474Total elapsed time: 63.138 sec.
@I [HLS-100] Command 'ap_source' returned 0; elapsed 0.031852Total elapsed time: 63.138 sec.
@I [HLS-100] Command "source /home/Xilinx/Vivado_HLS/2016.2/common/technology/xilinx/scripts/xilinxcoregen.gen "
@I [HLS-100] Command 'ap_source' returned 0; elapsed 0.027122Total elapsed time: 63.166 sec.
@I [HLS-100] Command "source /home/Xilinx/Vivado_HLS/2016.2/common/technology/xilinx/interface/XilEDKCoreGen.gen "
@I [HLS-100] Command 'ap_source' returned 0; elapsed 0.022964Total elapsed time: 63.190 sec.
@I [HLS-100] Command "source /home/Xilinx/Vivado_HLS/2016.2/common/technology/xilinx/ip/util.gen "
@I [HLS-100] Command 'ap_source' returned 0; elapsed 0.000478Total elapsed time: 63.192 sec.
@I [HLS-100] Command "source /home/Xilinx/Vivado_HLS/2016.2/common/technology/xilinx/ip/dds_compiler.gen "
@I [HLS-100] Command 'ap_source' returned 0; elapsed 0.00938Total elapsed time: 63.202 sec.
@I [HLS-100] Command "source /home/Xilinx/Vivado_HLS/2016.2/common/technology/xilinx/ip/xfft.gen "
@I [HLS-100] Command 'ap_source' returned 0; elapsed 0.294768Total elapsed time: 63.498 sec.
@I [HLS-100] Command "source /home/Xilinx/Vivado_HLS/2016.2/common/technology/xilinx/ip/xfir.gen "
@I [HLS-100] Command 'ap_source' returned 0; elapsed 0.002479Total elapsed time: 63.501 sec.
@I [HLS-100] Command 'ap_source' returned 0; elapsed 0.407453Total elapsed time: 63.502 sec.
@I [HLS-100] Command "source /home/Xilinx/Vivado_HLS/2016.2/common/technology/xilinx/common/dsp48.gen "
@I [HLS-100] Command 'ap_source' returned 0; elapsed 0.0005Total elapsed time: 63.508 sec.
@I [HLS-100] Command 'ap_source' returned 0; elapsed 0.414631Total elapsed time: 63.509 sec.
@I [HLS-100] Command 'ap_source' returned 0; elapsed 0.415306Total elapsed time: 63.509 sec.
@I [HLS-100] Command "source /home/Xilinx/Vivado_HLS/2016.2/common/technology/xilinx/zynq/zynq_fpv6.gen "
@I [HLS-100] Command "source /home/Xilinx/Vivado_HLS/2016.2/common/technology/xilinx/common/xilinx_fpv6.gen "
@I [HLS-100] Command 'ap_source' returned 0; elapsed 0.004389Total elapsed time: 63.514 sec.
@I [HLS-100] Command 'ap_source' returned 0; elapsed 0.005427Total elapsed time: 63.515 sec.
@I [HLS-100] Command "source /home/linux/Documents/DLA/source/sw/hls/BigInt/solution1/.autopilot/db/global.setting.tcl "
@I [HLS-100] Command 'ap_source' returned 0; elapsed 0.000494Total elapsed time: 63.517 sec.
@I [HLS-100] Command "source /home/linux/Documents/DLA/source/sw/hls/BigInt/solution1/.autopilot/db/global.setting.tcl "
@I [HLS-100] Command 'ap_source' returned 0; elapsed 0.000551Total elapsed time: 63.519 sec.
@I [HLS-100] Command "source /home/linux/Documents/DLA/source/sw/hls/BigInt/solution1/.autopilot/db/global.setting.tcl "
@I [HLS-100] Command 'ap_source' returned 0; elapsed 0.000658Total elapsed time: 63.527 sec.
@I [HLS-100] Command "source /home/Xilinx/Vivado_HLS/2016.2/common/technology/generic/autopilot/common.gen "
@I [HLS-100] Command "source /home/Xilinx/Vivado_HLS/2016.2/common/technology/generic/autopilot/APCoreGen.gen "
@I [HLS-100] Command 'ap_source' returned 0; elapsed 0.001584Total elapsed time: 63.531 sec.
@I [HLS-100] Command 'ap_source' returned 0; elapsed 0.00403Total elapsed time: 63.533 sec.
@I [HLS-100] Command "source /home/Xilinx/Vivado_HLS/2016.2/common/technology/generic/autopilot/op.gen "
@I [HLS-100] Command 'ap_source' returned 0; elapsed 0.001072Total elapsed time: 63.535 sec.
@I [HLS-100] Command "source /home/Xilinx/Vivado_HLS/2016.2/common/technology/generic/autopilot/op_simcore.gen "
@I [HLS-100] Command 'ap_source' returned 0; elapsed 0.002665Total elapsed time: 63.539 sec.
@I [HLS-100] Command "source /home/Xilinx/Vivado_HLS/2016.2/common/technology/generic/autopilot/interface.gen "
@I [HLS-100] Command 'ap_source' returned 0; elapsed 0.000335Total elapsed time: 63.540 sec.
@I [HLS-100] Command "source /home/linux/Documents/DLA/source/sw/hls/BigInt/solution1/.autopilot/db/global.setting.tcl "
@I [HLS-100] Command 'ap_source' returned 0; elapsed 0.000594Total elapsed time: 63.542 sec.
@I [HLS-100] Command "source /home/Xilinx/Vivado_HLS/2016.2/common/technology/xilinx/zynq/zynq.gen "
@I [HLS-100] Command "source /home/Xilinx/Vivado_HLS/2016.2/common/technology/xilinx/common/virtex.gen "
@I [HLS-100] Command "source /home/Xilinx/Vivado_HLS/2016.2/common/technology/xilinx/common/xilinx.gen "
@I [HLS-100] Command "source /home/Xilinx/Vivado_HLS/2016.2/common/technology/xilinx/interface/plb46.gen "
@I [HLS-100] Command 'ap_source' returned 0; elapsed 0.003835Total elapsed time: 63.549 sec.
@I [HLS-100] Command "source /home/Xilinx/Vivado_HLS/2016.2/common/technology/xilinx/interface/fsl.gen "
@I [HLS-100] Command 'ap_source' returned 0; elapsed 0.002392Total elapsed time: 63.553 sec.
@I [HLS-100] Command "source /home/Xilinx/Vivado_HLS/2016.2/common/technology/xilinx/interface/axi4.gen "
@I [HLS-100] Command 'ap_source' returned 0; elapsed 0.006446Total elapsed time: 63.560 sec.
@I [HLS-100] Command "source /home/Xilinx/Vivado_HLS/2016.2/common/technology/xilinx/interface/nativeAXI4.gen "
@I [HLS-100] Command "source /home/Xilinx/Vivado_HLS/2016.2/common/technology/xilinx/interface/saxilite.gen "
@I [HLS-100] Command 'ap_source' returned 0; elapsed 0.010152Total elapsed time: 63.571 sec.
@I [HLS-100] Command "source /home/Xilinx/Vivado_HLS/2016.2/common/technology/xilinx/interface/maxi.gen "
@I [HLS-100] Command 'ap_source' returned 0; elapsed 0.020503Total elapsed time: 63.593 sec.
@I [HLS-100] Command 'ap_source' returned 0; elapsed 0.032663Total elapsed time: 63.594 sec.
@I [HLS-100] Command "source /home/Xilinx/Vivado_HLS/2016.2/common/technology/xilinx/scripts/xilinxcoregen.gen "
@I [HLS-100] Command 'ap_source' returned 0; elapsed 0.026129Total elapsed time: 63.620 sec.
@I [HLS-100] Command "source /home/Xilinx/Vivado_HLS/2016.2/common/technology/xilinx/interface/XilEDKCoreGen.gen "
@I [HLS-100] Command 'ap_source' returned 0; elapsed 0.021264Total elapsed time: 63.642 sec.
@I [HLS-100] Command "source /home/Xilinx/Vivado_HLS/2016.2/common/technology/xilinx/ip/util.gen "
@I [HLS-100] Command 'ap_source' returned 0; elapsed 0.000442Total elapsed time: 63.644 sec.
@I [HLS-100] Command "source /home/Xilinx/Vivado_HLS/2016.2/common/technology/xilinx/ip/dds_compiler.gen "
@I [HLS-100] Command 'ap_source' returned 0; elapsed 0.009316Total elapsed time: 63.654 sec.
@I [HLS-100] Command "source /home/Xilinx/Vivado_HLS/2016.2/common/technology/xilinx/ip/xfft.gen "
@I [HLS-100] Command 'ap_source' returned 0; elapsed 0.307332Total elapsed time: 63.982 sec.
@I [HLS-100] Command "source /home/Xilinx/Vivado_HLS/2016.2/common/technology/xilinx/ip/xfir.gen "
@I [HLS-100] Command 'ap_source' returned 0; elapsed 0.002384Total elapsed time: 63.986 sec.
@I [HLS-100] Command 'ap_source' returned 0; elapsed 0.42129Total elapsed time: 63.986 sec.
@I [HLS-100] Command "source /home/Xilinx/Vivado_HLS/2016.2/common/technology/xilinx/common/dsp48.gen "
@I [HLS-100] Command 'ap_source' returned 0; elapsed 0.000771Total elapsed time: 63.993 sec.
@I [HLS-100] Command 'ap_source' returned 0; elapsed 0.430252Total elapsed time: 63.994 sec.
@I [HLS-100] Command 'ap_source' returned 0; elapsed 0.431553Total elapsed time: 63.995 sec.
@I [HLS-100] Command "source /home/Xilinx/Vivado_HLS/2016.2/common/technology/xilinx/zynq/zynq_fpv6.gen "
@I [HLS-100] Command "source /home/Xilinx/Vivado_HLS/2016.2/common/technology/xilinx/common/xilinx_fpv6.gen "
@I [HLS-100] Command 'ap_source' returned 0; elapsed 0.004834Total elapsed time: 64.1 sec.
@I [HLS-100] Command 'ap_source' returned 0; elapsed 0.006074Total elapsed time: 64.2 sec.
@I [HLS-100] Command "source /home/linux/Documents/DLA/source/sw/hls/BigInt/solution1/.autopilot/db/global.setting.tcl "
@I [HLS-100] Command 'ap_source' returned 0; elapsed 0.000532Total elapsed time: 64.3 sec.
@I [HLS-100] Command "source /home/linux/Documents/DLA/source/sw/hls/BigInt/solution1/.autopilot/db/global.setting.tcl "
@I [HLS-100] Command 'ap_source' returned 0; elapsed 0.000483Total elapsed time: 64.6 sec.
@I [HLS-100] Command "source /home/linux/Documents/DLA/source/sw/hls/BigInt/solution1/.autopilot/db/bigint_math.compgen.tcl "
@I [HLS-100] Command 'ap_source' returned 0; elapsed 0.00043Total elapsed time: 64.7 sec.
@I [HLS-100] Command "source /home/linux/Documents/DLA/source/sw/hls/BigInt/solution1/.autopilot/db/global.setting.tcl "
@I [HLS-100] Command 'ap_source' returned 0; elapsed 0.000429Total elapsed time: 64.102 sec.
@I [HLS-100] Command "source /home/linux/Documents/DLA/source/sw/hls/BigInt/solution1/.autopilot/db/bigint_math.constraint.tcl "
@I [HLS-100] Command 'ap_source' returned 0; elapsed 0.000182Total elapsed time: 64.105 sec.
@I [HLS-100] Command "source /home/Xilinx/Vivado_HLS/2016.2/common/technology/generic/autopilot/common.gen "
@I [HLS-100] Command "source /home/Xilinx/Vivado_HLS/2016.2/common/technology/generic/autopilot/APCoreGen.gen "
@I [HLS-100] Command 'ap_source' returned 0; elapsed 0.001323Total elapsed time: 64.109 sec.
@I [HLS-100] Command 'ap_source' returned 0; elapsed 0.003465Total elapsed time: 64.111 sec.
@I [HLS-100] Command "source /home/Xilinx/Vivado_HLS/2016.2/common/technology/generic/autopilot/op.gen "
@I [HLS-100] Command 'ap_source' returned 0; elapsed 0.000843Total elapsed time: 64.112 sec.
@I [HLS-100] Command "source /home/Xilinx/Vivado_HLS/2016.2/common/technology/generic/autopilot/op_simcore.gen "
@I [HLS-100] Command 'ap_source' returned 0; elapsed 0.00234Total elapsed time: 64.115 sec.
@I [HLS-100] Command "source /home/Xilinx/Vivado_HLS/2016.2/common/technology/generic/autopilot/interface.gen "
@I [HLS-100] Command 'ap_source' returned 0; elapsed 0.000259Total elapsed time: 64.116 sec.
@I [HLS-100] Command "source /home/linux/Documents/DLA/source/sw/hls/BigInt/solution1/.autopilot/db/global.setting.tcl "
@I [HLS-100] Command 'ap_source' returned 0; elapsed 0.000395Total elapsed time: 64.117 sec.
@I [HLS-100] Command "source /home/Xilinx/Vivado_HLS/2016.2/common/technology/xilinx/zynq/zynq.gen "
@I [HLS-100] Command "source /home/Xilinx/Vivado_HLS/2016.2/common/technology/xilinx/common/virtex.gen "
@I [HLS-100] Command "source /home/Xilinx/Vivado_HLS/2016.2/common/technology/xilinx/common/xilinx.gen "
@I [HLS-100] Command "source /home/Xilinx/Vivado_HLS/2016.2/common/technology/xilinx/interface/plb46.gen "
@I [HLS-100] Command 'ap_source' returned 0; elapsed 0.002408Total elapsed time: 64.121 sec.
@I [HLS-100] Command "source /home/Xilinx/Vivado_HLS/2016.2/common/technology/xilinx/interface/fsl.gen "
@I [HLS-100] Command 'ap_source' returned 0; elapsed 0.001822Total elapsed time: 64.124 sec.
@I [HLS-100] Command "source /home/Xilinx/Vivado_HLS/2016.2/common/technology/xilinx/interface/axi4.gen "
@I [HLS-100] Command 'ap_source' returned 0; elapsed 0.005911Total elapsed time: 64.131 sec.
@I [HLS-100] Command "source /home/Xilinx/Vivado_HLS/2016.2/common/technology/xilinx/interface/nativeAXI4.gen "
@I [HLS-100] Command "source /home/Xilinx/Vivado_HLS/2016.2/common/technology/xilinx/interface/saxilite.gen "
@I [HLS-100] Command 'ap_source' returned 0; elapsed 0.009537Total elapsed time: 64.142 sec.
@I [HLS-100] Command "source /home/Xilinx/Vivado_HLS/2016.2/common/technology/xilinx/interface/maxi.gen "
@I [HLS-100] Command 'ap_source' returned 0; elapsed 0.021167Total elapsed time: 64.164 sec.
@I [HLS-100] Command 'ap_source' returned 0; elapsed 0.032743Total elapsed time: 64.165 sec.
@I [HLS-100] Command "source /home/Xilinx/Vivado_HLS/2016.2/common/technology/xilinx/scripts/xilinxcoregen.gen "
@I [HLS-100] Command 'ap_source' returned 0; elapsed 0.026551Total elapsed time: 64.192 sec.
@I [HLS-100] Command "source /home/Xilinx/Vivado_HLS/2016.2/common/technology/xilinx/interface/XilEDKCoreGen.gen "
@I [HLS-100] Command 'ap_source' returned 0; elapsed 0.022638Total elapsed time: 64.215 sec.
@I [HLS-100] Command "source /home/Xilinx/Vivado_HLS/2016.2/common/technology/xilinx/ip/util.gen "
@I [HLS-100] Command 'ap_source' returned 0; elapsed 0.000442Total elapsed time: 64.217 sec.
@I [HLS-100] Command "source /home/Xilinx/Vivado_HLS/2016.2/common/technology/xilinx/ip/dds_compiler.gen "
@I [HLS-100] Command 'ap_source' returned 0; elapsed 0.009513Total elapsed time: 64.227 sec.
@I [HLS-100] Command "source /home/Xilinx/Vivado_HLS/2016.2/common/technology/xilinx/ip/xfft.gen "
@I [HLS-100] Command 'ap_source' returned 0; elapsed 0.286156Total elapsed time: 64.518 sec.
@I [HLS-100] Command "source /home/Xilinx/Vivado_HLS/2016.2/common/technology/xilinx/ip/xfir.gen "
@I [HLS-100] Command 'ap_source' returned 0; elapsed 0.002122Total elapsed time: 64.521 sec.
@I [HLS-100] Command 'ap_source' returned 0; elapsed 0.398668Total elapsed time: 64.522 sec.
@I [HLS-100] Command "source /home/Xilinx/Vivado_HLS/2016.2/common/technology/xilinx/common/dsp48.gen "
@I [HLS-100] Command 'ap_source' returned 0; elapsed 0.000437Total elapsed time: 64.527 sec.
@I [HLS-100] Command 'ap_source' returned 0; elapsed 0.405443Total elapsed time: 64.528 sec.
@I [HLS-100] Command 'ap_source' returned 0; elapsed 0.40613Total elapsed time: 64.528 sec.
@I [HLS-100] Command "source /home/Xilinx/Vivado_HLS/2016.2/common/technology/xilinx/zynq/zynq_fpv6.gen "
@I [HLS-100] Command "source /home/Xilinx/Vivado_HLS/2016.2/common/technology/xilinx/common/xilinx_fpv6.gen "
@I [HLS-100] Command 'ap_source' returned 0; elapsed 0.004222Total elapsed time: 64.533 sec.
@I [HLS-100] Command 'ap_source' returned 0; elapsed 0.005234Total elapsed time: 64.534 sec.
@I [HLS-100] Command "source /home/linux/Documents/DLA/source/sw/hls/BigInt/solution1/.autopilot/db/global.setting.tcl "
@I [HLS-100] Command 'ap_source' returned 0; elapsed 0.000755Total elapsed time: 64.554 sec.
@I [HLS-100] Command "source /home/linux/Documents/DLA/source/sw/hls/BigInt/solution1/.autopilot/db/global.setting.tcl "
@I [HLS-100] Command 'ap_source' returned 0; elapsed 0.000264Total elapsed time: 82.254 sec.
@I [HLS-100] Command "source /home/Xilinx/Vivado_HLS/2016.2/common/technology/generic/autopilot/common.gen "
@I [HLS-100] Command "source /home/Xilinx/Vivado_HLS/2016.2/common/technology/generic/autopilot/APCoreGen.gen "
@I [HLS-100] Command 'ap_source' returned 0; elapsed 0.000964Total elapsed time: 82.263 sec.
@I [HLS-100] Command 'ap_source' returned 0; elapsed 0.002547Total elapsed time: 82.264 sec.
@I [HLS-100] Command "source /home/Xilinx/Vivado_HLS/2016.2/common/technology/generic/autopilot/op.gen "
@I [HLS-100] Command 'ap_source' returned 0; elapsed 0.00059Total elapsed time: 82.265 sec.
@I [HLS-100] Command "source /home/Xilinx/Vivado_HLS/2016.2/common/technology/generic/autopilot/op_simcore.gen "
@I [HLS-100] Command 'ap_source' returned 0; elapsed 0.00159Total elapsed time: 82.267 sec.
@I [HLS-100] Command "source /home/Xilinx/Vivado_HLS/2016.2/common/technology/generic/autopilot/interface.gen "
@I [HLS-100] Command 'ap_source' returned 0; elapsed 0.000154Total elapsed time: 82.268 sec.
@I [HLS-100] Command "source /home/linux/Documents/DLA/source/sw/hls/BigInt/solution1/.autopilot/db/global.setting.tcl "
@I [HLS-100] Command 'ap_source' returned 0; elapsed 0.000221Total elapsed time: 82.268 sec.
@I [HLS-100] Command "source /home/Xilinx/Vivado_HLS/2016.2/common/technology/xilinx/zynq/zynq.gen "
@I [HLS-100] Command "source /home/Xilinx/Vivado_HLS/2016.2/common/technology/xilinx/common/virtex.gen "
@I [HLS-100] Command "source /home/Xilinx/Vivado_HLS/2016.2/common/technology/xilinx/common/xilinx.gen "
@I [HLS-100] Command "source /home/Xilinx/Vivado_HLS/2016.2/common/technology/xilinx/interface/plb46.gen "
@I [HLS-100] Command 'ap_source' returned 0; elapsed 0.001375Total elapsed time: 82.270 sec.
@I [HLS-100] Command "source /home/Xilinx/Vivado_HLS/2016.2/common/technology/xilinx/interface/fsl.gen "
@I [HLS-100] Command 'ap_source' returned 0; elapsed 0.000822Total elapsed time: 82.272 sec.
@I [HLS-100] Command "source /home/Xilinx/Vivado_HLS/2016.2/common/technology/xilinx/interface/axi4.gen "
@I [HLS-100] Command 'ap_source' returned 0; elapsed 0.003155Total elapsed time: 82.275 sec.
@I [HLS-100] Command "source /home/Xilinx/Vivado_HLS/2016.2/common/technology/xilinx/interface/nativeAXI4.gen "
@I [HLS-100] Command "source /home/Xilinx/Vivado_HLS/2016.2/common/technology/xilinx/interface/saxilite.gen "
@I [HLS-100] Command 'ap_source' returned 0; elapsed 0.004899Total elapsed time: 82.281 sec.
@I [HLS-100] Command "source /home/Xilinx/Vivado_HLS/2016.2/common/technology/xilinx/interface/maxi.gen "
@I [HLS-100] Command 'ap_source' returned 0; elapsed 0.010197Total elapsed time: 82.292 sec.
@I [HLS-100] Command 'ap_source' returned 0; elapsed 0.016271Total elapsed time: 82.292 sec.
@I [HLS-100] Command "source /home/Xilinx/Vivado_HLS/2016.2/common/technology/xilinx/scripts/xilinxcoregen.gen "
@I [HLS-100] Command 'ap_source' returned 0; elapsed 0.013662Total elapsed time: 82.306 sec.
@I [HLS-100] Command "source /home/Xilinx/Vivado_HLS/2016.2/common/technology/xilinx/interface/XilEDKCoreGen.gen "
@I [HLS-100] Command 'ap_source' returned 0; elapsed 0.010728Total elapsed time: 82.317 sec.
@I [HLS-100] Command "source /home/Xilinx/Vivado_HLS/2016.2/common/technology/xilinx/ip/util.gen "
@I [HLS-100] Command 'ap_source' returned 0; elapsed 0.000256Total elapsed time: 82.318 sec.
@I [HLS-100] Command "source /home/Xilinx/Vivado_HLS/2016.2/common/technology/xilinx/ip/dds_compiler.gen "
@I [HLS-100] Command 'ap_source' returned 0; elapsed 0.004872Total elapsed time: 82.324 sec.
@I [HLS-100] Command "source /home/Xilinx/Vivado_HLS/2016.2/common/technology/xilinx/ip/xfft.gen "
@I [HLS-100] Command 'ap_source' returned 0; elapsed 0.128609Total elapsed time: 82.453 sec.
@I [HLS-100] Command "source /home/Xilinx/Vivado_HLS/2016.2/common/technology/xilinx/ip/xfir.gen "
@I [HLS-100] Command 'ap_source' returned 0; elapsed 0.001103Total elapsed time: 82.454 sec.
@I [HLS-100] Command 'ap_source' returned 0; elapsed 0.18553Total elapsed time: 82.455 sec.
@I [HLS-100] Command "source /home/Xilinx/Vivado_HLS/2016.2/common/technology/xilinx/common/dsp48.gen "
@I [HLS-100] Command 'ap_source' returned 0; elapsed 0.000229Total elapsed time: 82.457 sec.
@I [HLS-100] Command 'ap_source' returned 0; elapsed 0.189121Total elapsed time: 82.458 sec.
@I [HLS-100] Command 'ap_source' returned 0; elapsed 0.189477Total elapsed time: 82.458 sec.
@I [HLS-100] Command "source /home/Xilinx/Vivado_HLS/2016.2/common/technology/xilinx/zynq/zynq_fpv6.gen "
@I [HLS-100] Command "source /home/Xilinx/Vivado_HLS/2016.2/common/technology/xilinx/common/xilinx_fpv6.gen "
@I [HLS-100] Command 'ap_source' returned 0; elapsed 0.002486Total elapsed time: 82.461 sec.
@I [HLS-100] Command 'ap_source' returned 0; elapsed 0.003188Total elapsed time: 82.462 sec.
@I [HLS-100] Command "source /home/linux/Documents/DLA/source/sw/hls/BigInt/solution1/.autopilot/db/global.setting.tcl "
@I [HLS-100] Command 'ap_source' returned 0; elapsed 0.00049Total elapsed time: 82.463 sec.
@I [HLS-100] Command "source /home/linux/Documents/DLA/source/sw/hls/BigInt/solution1/.autopilot/db/global.setting.tcl "
@I [HLS-100] Command 'ap_source' returned 0; elapsed 0.000228Total elapsed time: 82.464 sec.
@I [HLS-100] Command "source /home/linux/Documents/DLA/source/sw/hls/BigInt/solution1/.autopilot/db/global.setting.tcl "
@I [HLS-100] Command 'ap_source' returned 0; elapsed 0.000239Total elapsed time: 82.468 sec.
@I [HLS-100] Command "source /home/Xilinx/Vivado_HLS/2016.2/common/technology/generic/autopilot/common.gen "
@I [HLS-100] Command "source /home/Xilinx/Vivado_HLS/2016.2/common/technology/generic/autopilot/APCoreGen.gen "
@I [HLS-100] Command 'ap_source' returned 0; elapsed 0.000657Total elapsed time: 82.469 sec.
@I [HLS-100] Command 'ap_source' returned 0; elapsed 0.001755Total elapsed time: 82.470 sec.
@I [HLS-100] Command "source /home/Xilinx/Vivado_HLS/2016.2/common/technology/generic/autopilot/op.gen "
@I [HLS-100] Command 'ap_source' returned 0; elapsed 0.000473Total elapsed time: 82.471 sec.
@I [HLS-100] Command "source /home/Xilinx/Vivado_HLS/2016.2/common/technology/generic/autopilot/op_simcore.gen "
@I [HLS-100] Command 'ap_source' returned 0; elapsed 0.001221Total elapsed time: 82.473 sec.
@I [HLS-100] Command "source /home/Xilinx/Vivado_HLS/2016.2/common/technology/generic/autopilot/interface.gen "
@I [HLS-100] Command 'ap_source' returned 0; elapsed 0.000147Total elapsed time: 82.473 sec.
@I [HLS-100] Command "source /home/linux/Documents/DLA/source/sw/hls/BigInt/solution1/.autopilot/db/global.setting.tcl "
@I [HLS-100] Command 'ap_source' returned 0; elapsed 0.000221Total elapsed time: 82.474 sec.
@I [HLS-100] Command "source /home/Xilinx/Vivado_HLS/2016.2/common/technology/xilinx/zynq/zynq.gen "
@I [HLS-100] Command "source /home/Xilinx/Vivado_HLS/2016.2/common/technology/xilinx/common/virtex.gen "
@I [HLS-100] Command "source /home/Xilinx/Vivado_HLS/2016.2/common/technology/xilinx/common/xilinx.gen "
@I [HLS-100] Command "source /home/Xilinx/Vivado_HLS/2016.2/common/technology/xilinx/interface/plb46.gen "
@I [HLS-100] Command 'ap_source' returned 0; elapsed 0.00133Total elapsed time: 82.476 sec.
@I [HLS-100] Command "source /home/Xilinx/Vivado_HLS/2016.2/common/technology/xilinx/interface/fsl.gen "
@I [HLS-100] Command 'ap_source' returned 0; elapsed 0.000783Total elapsed time: 82.477 sec.
@I [HLS-100] Command "source /home/Xilinx/Vivado_HLS/2016.2/common/technology/xilinx/interface/axi4.gen "
@I [HLS-100] Command 'ap_source' returned 0; elapsed 0.002987Total elapsed time: 82.481 sec.
@I [HLS-100] Command "source /home/Xilinx/Vivado_HLS/2016.2/common/technology/xilinx/interface/nativeAXI4.gen "
@I [HLS-100] Command "source /home/Xilinx/Vivado_HLS/2016.2/common/technology/xilinx/interface/saxilite.gen "
@I [HLS-100] Command 'ap_source' returned 0; elapsed 0.004698Total elapsed time: 82.486 sec.
@I [HLS-100] Command "source /home/Xilinx/Vivado_HLS/2016.2/common/technology/xilinx/interface/maxi.gen "
@I [HLS-100] Command 'ap_source' returned 0; elapsed 0.009834Total elapsed time: 82.496 sec.
@I [HLS-100] Command 'ap_source' returned 0; elapsed 0.015708Total elapsed time: 82.497 sec.
@I [HLS-100] Command "source /home/Xilinx/Vivado_HLS/2016.2/common/technology/xilinx/scripts/xilinxcoregen.gen "
@I [HLS-100] Command 'ap_source' returned 0; elapsed 0.013419Total elapsed time: 82.511 sec.
@I [HLS-100] Command "source /home/Xilinx/Vivado_HLS/2016.2/common/technology/xilinx/interface/XilEDKCoreGen.gen "
@I [HLS-100] Command 'ap_source' returned 0; elapsed 0.010835Total elapsed time: 82.522 sec.
@I [HLS-100] Command "source /home/Xilinx/Vivado_HLS/2016.2/common/technology/xilinx/ip/util.gen "
@I [HLS-100] Command 'ap_source' returned 0; elapsed 0.000242Total elapsed time: 82.523 sec.
@I [HLS-100] Command "source /home/Xilinx/Vivado_HLS/2016.2/common/technology/xilinx/ip/dds_compiler.gen "
@I [HLS-100] Command 'ap_source' returned 0; elapsed 0.004777Total elapsed time: 82.528 sec.
@I [HLS-100] Command "source /home/Xilinx/Vivado_HLS/2016.2/common/technology/xilinx/ip/xfft.gen "
@I [HLS-100] Command 'ap_source' returned 0; elapsed 0.125942Total elapsed time: 82.655 sec.
@I [HLS-100] Command "source /home/Xilinx/Vivado_HLS/2016.2/common/technology/xilinx/ip/xfir.gen "
@I [HLS-100] Command 'ap_source' returned 0; elapsed 0.001095Total elapsed time: 82.656 sec.
@I [HLS-100] Command 'ap_source' returned 0; elapsed 0.181867Total elapsed time: 82.657 sec.
@I [HLS-100] Command "source /home/Xilinx/Vivado_HLS/2016.2/common/technology/xilinx/common/dsp48.gen "
@I [HLS-100] Command 'ap_source' returned 0; elapsed 0.00023Total elapsed time: 82.659 sec.
@I [HLS-100] Command 'ap_source' returned 0; elapsed 0.185452Total elapsed time: 82.660 sec.
@I [HLS-100] Command 'ap_source' returned 0; elapsed 0.185846Total elapsed time: 82.660 sec.
@I [HLS-100] Command "source /home/Xilinx/Vivado_HLS/2016.2/common/technology/xilinx/zynq/zynq_fpv6.gen "
@I [HLS-100] Command "source /home/Xilinx/Vivado_HLS/2016.2/common/technology/xilinx/common/xilinx_fpv6.gen "
@I [HLS-100] Command 'ap_source' returned 0; elapsed 0.002464Total elapsed time: 82.663 sec.
@I [HLS-100] Command 'ap_source' returned 0; elapsed 0.003209Total elapsed time: 82.664 sec.
@I [HLS-100] Command "source /home/linux/Documents/DLA/source/sw/hls/BigInt/solution1/.autopilot/db/global.setting.tcl "
@I [HLS-100] Command 'ap_source' returned 0; elapsed 0.000406Total elapsed time: 82.665 sec.
@I [HLS-100] Command "source /home/linux/Documents/DLA/source/sw/hls/BigInt/solution1/.autopilot/db/global.setting.tcl "
@I [HLS-100] Command 'ap_source' returned 0; elapsed 0.000202Total elapsed time: 82.666 sec.
@I [HLS-100] Command "source /home/linux/Documents/DLA/source/sw/hls/BigInt/solution1/.autopilot/db/bigint_math.compgen.tcl "
@I [HLS-100] Command 'ap_source' returned 0; elapsed 0.000192Total elapsed time: 82.667 sec.
@I [HLS-100] Command "source /home/linux/Documents/DLA/source/sw/hls/BigInt/solution1/.autopilot/db/global.setting.tcl "
@I [HLS-100] Command 'ap_source' returned 0; elapsed 0.000235Total elapsed time: 82.705 sec.
@I [HLS-100] Command "source /home/linux/Documents/DLA/source/sw/hls/BigInt/solution1/.autopilot/db/bigint_math.constraint.tcl "
@I [HLS-100] Command 'ap_source' returned 0; elapsed 0.00011Total elapsed time: 82.707 sec.
@I [HLS-100] Command "source /home/Xilinx/Vivado_HLS/2016.2/common/technology/generic/autopilot/common.gen "
@I [HLS-100] Command "source /home/Xilinx/Vivado_HLS/2016.2/common/technology/generic/autopilot/APCoreGen.gen "
@I [HLS-100] Command 'ap_source' returned 0; elapsed 0.000659Total elapsed time: 82.709 sec.
@I [HLS-100] Command 'ap_source' returned 0; elapsed 0.001799Total elapsed time: 82.710 sec.
@I [HLS-100] Command "source /home/Xilinx/Vivado_HLS/2016.2/common/technology/generic/autopilot/op.gen "
@I [HLS-100] Command 'ap_source' returned 0; elapsed 0.000472Total elapsed time: 82.711 sec.
@I [HLS-100] Command "source /home/Xilinx/Vivado_HLS/2016.2/common/technology/generic/autopilot/op_simcore.gen "
@I [HLS-100] Command 'ap_source' returned 0; elapsed 0.001192Total elapsed time: 82.713 sec.
@I [HLS-100] Command "source /home/Xilinx/Vivado_HLS/2016.2/common/technology/generic/autopilot/interface.gen "
@I [HLS-100] Command 'ap_source' returned 0; elapsed 0.000152Total elapsed time: 82.713 sec.
@I [HLS-100] Command "source /home/linux/Documents/DLA/source/sw/hls/BigInt/solution1/.autopilot/db/global.setting.tcl "
@I [HLS-100] Command 'ap_source' returned 0; elapsed 0.000219Total elapsed time: 82.714 sec.
@I [HLS-100] Command "source /home/Xilinx/Vivado_HLS/2016.2/common/technology/xilinx/zynq/zynq.gen "
@I [HLS-100] Command "source /home/Xilinx/Vivado_HLS/2016.2/common/technology/xilinx/common/virtex.gen "
@I [HLS-100] Command "source /home/Xilinx/Vivado_HLS/2016.2/common/technology/xilinx/common/xilinx.gen "
@I [HLS-100] Command "source /home/Xilinx/Vivado_HLS/2016.2/common/technology/xilinx/interface/plb46.gen "
@I [HLS-100] Command 'ap_source' returned 0; elapsed 0.001318Total elapsed time: 82.716 sec.
@I [HLS-100] Command "source /home/Xilinx/Vivado_HLS/2016.2/common/technology/xilinx/interface/fsl.gen "
@I [HLS-100] Command 'ap_source' returned 0; elapsed 0.000789Total elapsed time: 82.717 sec.
@I [HLS-100] Command "source /home/Xilinx/Vivado_HLS/2016.2/common/technology/xilinx/interface/axi4.gen "
@I [HLS-100] Command 'ap_source' returned 0; elapsed 0.002934Total elapsed time: 82.721 sec.
@I [HLS-100] Command "source /home/Xilinx/Vivado_HLS/2016.2/common/technology/xilinx/interface/nativeAXI4.gen "
@I [HLS-100] Command "source /home/Xilinx/Vivado_HLS/2016.2/common/technology/xilinx/interface/saxilite.gen "
@I [HLS-100] Command 'ap_source' returned 0; elapsed 0.004819Total elapsed time: 82.726 sec.
@I [HLS-100] Command "source /home/Xilinx/Vivado_HLS/2016.2/common/technology/xilinx/interface/maxi.gen "
@I [HLS-100] Command 'ap_source' returned 0; elapsed 0.010132Total elapsed time: 82.737 sec.
@I [HLS-100] Command 'ap_source' returned 0; elapsed 0.016188Total elapsed time: 82.737 sec.
@I [HLS-100] Command "source /home/Xilinx/Vivado_HLS/2016.2/common/technology/xilinx/scripts/xilinxcoregen.gen "
@I [HLS-100] Command 'ap_source' returned 0; elapsed 0.01327Total elapsed time: 82.751 sec.
@I [HLS-100] Command "source /home/Xilinx/Vivado_HLS/2016.2/common/technology/xilinx/interface/XilEDKCoreGen.gen "
@I [HLS-100] Command 'ap_source' returned 0; elapsed 0.010936Total elapsed time: 82.762 sec.
@I [HLS-100] Command "source /home/Xilinx/Vivado_HLS/2016.2/common/technology/xilinx/ip/util.gen "
@I [HLS-100] Command 'ap_source' returned 0; elapsed 0.000252Total elapsed time: 82.764 sec.
@I [HLS-100] Command "source /home/Xilinx/Vivado_HLS/2016.2/common/technology/xilinx/ip/dds_compiler.gen "
@I [HLS-100] Command 'ap_source' returned 0; elapsed 0.005124Total elapsed time: 82.769 sec.
@I [HLS-100] Command "source /home/Xilinx/Vivado_HLS/2016.2/common/technology/xilinx/ip/xfft.gen "
@I [HLS-100] Command 'ap_source' returned 0; elapsed 0.12588Total elapsed time: 82.897 sec.
@I [HLS-100] Command "source /home/Xilinx/Vivado_HLS/2016.2/common/technology/xilinx/ip/xfir.gen "
@I [HLS-100] Command 'ap_source' returned 0; elapsed 0.001139Total elapsed time: 82.899 sec.
@I [HLS-100] Command 'ap_source' returned 0; elapsed 0.182995Total elapsed time: 82.899 sec.
@I [HLS-100] Command "source /home/Xilinx/Vivado_HLS/2016.2/common/technology/xilinx/common/dsp48.gen "
@I [HLS-100] Command 'ap_source' returned 0; elapsed 0.000239Total elapsed time: 82.902 sec.
@I [HLS-100] Command 'ap_source' returned 0; elapsed 0.186591Total elapsed time: 82.903 sec.
@I [HLS-100] Command 'ap_source' returned 0; elapsed 0.18702Total elapsed time: 82.903 sec.
@I [HLS-100] Command "source /home/Xilinx/Vivado_HLS/2016.2/common/technology/xilinx/zynq/zynq_fpv6.gen "
@I [HLS-100] Command "source /home/Xilinx/Vivado_HLS/2016.2/common/technology/xilinx/common/xilinx_fpv6.gen "
@I [HLS-100] Command 'ap_source' returned 0; elapsed 0.002134Total elapsed time: 82.906 sec.
@I [HLS-100] Command 'ap_source' returned 0; elapsed 0.002781Total elapsed time: 82.906 sec.
@I [HLS-100] Command "source /home/linux/Documents/DLA/source/sw/hls/BigInt/solution1/.autopilot/db/global.setting.tcl "
@I [HLS-100] Command 'ap_source' returned 0; elapsed 0.000437Total elapsed time: 82.916 sec.
@I [HLS-100] Command 'export_design' returned 0; elapsed 4.14858Total elapsed time: 102.860 sec.
@I [HLS-100] Command 'ap_source' returned 0; elapsed 4.69375Total elapsed time: 102.861 sec.
@I [HLS-100] Command "cleanup_all "
@I [HLS-100] Command 'cleanup_all' returned 0; elapsed 0.000498Total elapsed time: 102.862 sec.
