#
# An unexpected error has occurred (11)
#
Stack:
/lib/x86_64-linux-gnu/libpthread.so.0(+0x10330) [0x7fcfce9a3330]
/home/Xilinx/Vivado_HLS/2016.2/lib/lnx64.o/librdi_common.so(ComMsgMgrInstanceImpl::replaceArgument(ComMsgMgrInstanceImpl::ARGUMENT_TYPE, __va_list_tag (&) [1], char const*, char const*, char const*)+0x354) [0x7fcfcf675ee4]
/home/Xilinx/Vivado_HLS/2016.2/lib/lnx64.o/librdi_common.so(ComMsgMgrInstanceImpl::addArguments(char const*, __va_list_tag (&) [1])+0x96) [0x7fcfcf6764b6]
/home/Xilinx/Vivado_HLS/2016.2/lib/lnx64.o/librdi_common.so(ComMsgMgrInstanceImpl::ComMsgMgrInstanceImpl(std::string const&, ComMsgMgr::MsgMask, std::pair<std::string, unsigned int>, char const*, __va_list_tag (&) [1])+0x1b2) [0x7fcfcf676a82]
/home/Xilinx/Vivado_HLS/2016.2/lib/lnx64.o/librdi_common.so(ComMsgMgrInstance::ComMsgMgrInstance(std::string const&, ComMsgMgr::MsgMask, std::pair<std::string, unsigned int>, char const*, ...)+0x100) [0x7fcfcf65ad10]
/home/Xilinx/Vivado_HLS/2016.2/lib/lnx64.o/libhls_main.so(xpcl::Message& xpcl::Message::operator<< <std::string>(std::string const&)+0x7ae) [0x7fcfbfcd56ae]
/home/Xilinx/Vivado_HLS/2016.2/lib/lnx64.o/libhls_main.so(+0x7e388) [0x7fcfbfcf1388]
/home/Xilinx/Vivado_HLS/2016.2/lib/lnx64.o/libhls_support.so(xpcl::TclCommand::callback(int, Tcl_Obj* const*)+0x18a) [0x7fcfbfa48d0a]
/home/Xilinx/Vivado_HLS/2016.2/lib/lnx64.o/libhls_support.so(+0x3e12f) [0x7fcfbfa4912f]
/home/Xilinx/Vivado_HLS/2016.2/lib/lnx64.o/libtcl8.5.so(+0x331f5) [0x7fcfca9b61f5]
/home/Xilinx/Vivado_HLS/2016.2/lib/lnx64.o/libtcl8.5.so(+0x76bbe) [0x7fcfca9f9bbe]
/home/Xilinx/Vivado_HLS/2016.2/lib/lnx64.o/libtcl8.5.so(TclObjInterpProcCore+0x2fb) [0x7fcfcaa3ab8b]
/home/Xilinx/Vivado_HLS/2016.2/lib/lnx64.o/libtcl8.5.so(+0x331f5) [0x7fcfca9b61f5]
/home/Xilinx/Vivado_HLS/2016.2/lib/lnx64.o/libtcl8.5.so(+0x76bbe) [0x7fcfca9f9bbe]
/home/Xilinx/Vivado_HLS/2016.2/lib/lnx64.o/libtcl8.5.so(+0x7e767) [0x7fcfcaa01767]
/home/Xilinx/Vivado_HLS/2016.2/lib/lnx64.o/libtcl8.5.so(TclEvalObjEx+0x77) [0x7fcfca9b8327]
/home/Xilinx/Vivado_HLS/2016.2/lib/lnx64.o/libtcl8.5.so(+0x46cd5) [0x7fcfca9c9cd5]
/home/Xilinx/Vivado_HLS/2016.2/lib/lnx64.o/libtcl8.5.so(+0x331f5) [0x7fcfca9b61f5]
/home/Xilinx/Vivado_HLS/2016.2/lib/lnx64.o/libtcl8.5.so(+0x76bbe) [0x7fcfca9f9bbe]
/home/Xilinx/Vivado_HLS/2016.2/lib/lnx64.o/libtcl8.5.so(TclObjInterpProcCore+0x2fb) [0x7fcfcaa3ab8b]
/home/Xilinx/Vivado_HLS/2016.2/lib/lnx64.o/libtcl8.5.so(+0x331f5) [0x7fcfca9b61f5]
/home/Xilinx/Vivado_HLS/2016.2/lib/lnx64.o/libtcl8.5.so(+0x76bbe) [0x7fcfca9f9bbe]
/home/Xilinx/Vivado_HLS/2016.2/lib/lnx64.o/libtcl8.5.so(TclObjInterpProcCore+0x2fb) [0x7fcfcaa3ab8b]
/home/Xilinx/Vivado_HLS/2016.2/lib/lnx64.o/libtcl8.5.so(+0x331f5) [0x7fcfca9b61f5]
/home/Xilinx/Vivado_HLS/2016.2/lib/lnx64.o/libtcl8.5.so(+0x76bbe) [0x7fcfca9f9bbe]
/home/Xilinx/Vivado_HLS/2016.2/lib/lnx64.o/libtcl8.5.so(TclObjInterpProcCore+0x2fb) [0x7fcfcaa3ab8b]
/home/Xilinx/Vivado_HLS/2016.2/lib/lnx64.o/libtcl8.5.so(+0x331f5) [0x7fcfca9b61f5]
/home/Xilinx/Vivado_HLS/2016.2/lib/lnx64.o/libtcl8.5.so(+0x76bbe) [0x7fcfca9f9bbe]
/home/Xilinx/Vivado_HLS/2016.2/lib/lnx64.o/libtcl8.5.so(+0x7e767) [0x7fcfcaa01767]
/home/Xilinx/Vivado_HLS/2016.2/lib/lnx64.o/libtcl8.5.so(TclEvalObjEx+0x77) [0x7fcfca9b8327]
/home/Xilinx/Vivado_HLS/2016.2/lib/lnx64.o/librdi_commontasks.so(+0x2a910f) [0x7fcfc62a410f]
/home/Xilinx/Vivado_HLS/2016.2/lib/lnx64.o/libtcl8.5.so(+0x331f5) [0x7fcfca9b61f5]
/home/Xilinx/Vivado_HLS/2016.2/lib/lnx64.o/libtcl8.5.so(+0x76bbe) [0x7fcfca9f9bbe]
/home/Xilinx/Vivado_HLS/2016.2/lib/lnx64.o/libtcl8.5.so(TclObjInterpProcCore+0x2fb) [0x7fcfcaa3ab8b]
/home/Xilinx/Vivado_HLS/2016.2/lib/lnx64.o/libtcl8.5.so(+0x331f5) [0x7fcfca9b61f5]
/home/Xilinx/Vivado_HLS/2016.2/lib/lnx64.o/libtcl8.5.so(+0x76bbe) [0x7fcfca9f9bbe]
/home/Xilinx/Vivado_HLS/2016.2/lib/lnx64.o/libtcl8.5.so(TclObjInterpProcCore+0x2fb) [0x7fcfcaa3ab8b]
/home/Xilinx/Vivado_HLS/2016.2/lib/lnx64.o/libtcl8.5.so(+0x331f5) [0x7fcfca9b61f5]
/home/Xilinx/Vivado_HLS/2016.2/lib/lnx64.o/libtcl8.5.so(+0x76bbe) [0x7fcfca9f9bbe]
/home/Xilinx/Vivado_HLS/2016.2/lib/lnx64.o/libtcl8.5.so(+0x7e767) [0x7fcfcaa01767]
/home/Xilinx/Vivado_HLS/2016.2/lib/lnx64.o/libtcl8.5.so(TclEvalObjEx+0x77) [0x7fcfca9b8327]
/home/Xilinx/Vivado_HLS/2016.2/lib/lnx64.o/librdi_commontasks.so(+0x2a8307) [0x7fcfc62a3307]
/home/Xilinx/Vivado_HLS/2016.2/lib/lnx64.o/libtcl8.5.so(+0x331f5) [0x7fcfca9b61f5]
/home/Xilinx/Vivado_HLS/2016.2/lib/lnx64.o/libtcl8.5.so(+0x34d6b) [0x7fcfca9b7d6b]
/home/Xilinx/Vivado_HLS/2016.2/lib/lnx64.o/libtcl8.5.so(+0xad531) [0x7fcfcaa30531]
/home/Xilinx/Vivado_HLS/2016.2/lib/lnx64.o/libtcl8.5.so(+0x3491c) [0x7fcfca9b791c]
/home/Xilinx/Vivado_HLS/2016.2/lib/lnx64.o/libtcl8.5.so(Tcl_EvalEx+0x16) [0x7fcfca9b8276]
/home/Xilinx/Vivado_HLS/2016.2/lib/lnx64.o/libtcl8.5.so(Tcl_Eval+0x15) [0x7fcfca9b8295]
/home/Xilinx/Vivado_HLS/2016.2/lib/lnx64.o/libhls_main.so(+0x7d3f6) [0x7fcfbfcf03f6]
/home/Xilinx/Vivado_HLS/2016.2/lib/lnx64.o/libhls_support.so(xpcl::TclCommand::callback(int, Tcl_Obj* const*)+0x18a) [0x7fcfbfa48d0a]
/home/Xilinx/Vivado_HLS/2016.2/lib/lnx64.o/libhls_support.so(+0x3e12f) [0x7fcfbfa4912f]
/home/Xilinx/Vivado_HLS/2016.2/lib/lnx64.o/libtcl8.5.so(+0x331f5) [0x7fcfca9b61f5]
/home/Xilinx/Vivado_HLS/2016.2/lib/lnx64.o/libtcl8.5.so(+0x76bbe) [0x7fcfca9f9bbe]
/home/Xilinx/Vivado_HLS/2016.2/lib/lnx64.o/libtcl8.5.so(TclObjInterpProcCore+0x2fb) [0x7fcfcaa3ab8b]
/home/Xilinx/Vivado_HLS/2016.2/lib/lnx64.o/libtcl8.5.so(+0x331f5) [0x7fcfca9b61f5]
/home/Xilinx/Vivado_HLS/2016.2/lib/lnx64.o/libtcl8.5.so(+0x76bbe) [0x7fcfca9f9bbe]
/home/Xilinx/Vivado_HLS/2016.2/lib/lnx64.o/libtcl8.5.so(+0x7e767) [0x7fcfcaa01767]
/home/Xilinx/Vivado_HLS/2016.2/lib/lnx64.o/libtcl8.5.so(TclEvalObjEx+0x77) [0x7fcfca9b8327]
/home/Xilinx/Vivado_HLS/2016.2/lib/lnx64.o/librdi_commontasks.so(+0x2a8307) [0x7fcfc62a3307]
/home/Xilinx/Vivado_HLS/2016.2/lib/lnx64.o/libtcl8.5.so(+0x331f5) [0x7fcfca9b61f5]
/home/Xilinx/Vivado_HLS/2016.2/lib/lnx64.o/libtcl8.5.so(+0x34d6b) [0x7fcfca9b7d6b]
/home/Xilinx/Vivado_HLS/2016.2/lib/lnx64.o/libtcl8.5.so(+0xad531) [0x7fcfcaa30531]
/home/Xilinx/Vivado_HLS/2016.2/lib/lnx64.o/libtcl8.5.so(+0x3491c) [0x7fcfca9b791c]
/home/Xilinx/Vivado_HLS/2016.2/lib/lnx64.o/libtcl8.5.so(Tcl_EvalEx+0x16) [0x7fcfca9b8276]
/home/Xilinx/Vivado_HLS/2016.2/lib/lnx64.o/libtcl8.5.so(Tcl_Eval+0x15) [0x7fcfca9b8295]
/home/Xilinx/Vivado_HLS/2016.2/lib/lnx64.o/libhls_main.so(+0x7d3f6) [0x7fcfbfcf03f6]
/home/Xilinx/Vivado_HLS/2016.2/lib/lnx64.o/libhls_support.so(xpcl::TclCommand::callback(int, Tcl_Obj* const*)+0x18a) [0x7fcfbfa48d0a]
/home/Xilinx/Vivado_HLS/2016.2/lib/lnx64.o/libhls_support.so(+0x3e12f) [0x7fcfbfa4912f]
/home/Xilinx/Vivado_HLS/2016.2/lib/lnx64.o/libtcl8.5.so(+0x331f5) [0x7fcfca9b61f5]
/home/Xilinx/Vivado_HLS/2016.2/lib/lnx64.o/libtcl8.5.so(+0x34d6b) [0x7fcfca9b7d6b]
/home/Xilinx/Vivado_HLS/2016.2/lib/lnx64.o/libtcl8.5.so(Tcl_EvalEx+0x16) [0x7fcfca9b8276]
/home/Xilinx/Vivado_HLS/2016.2/lib/lnx64.o/libtcl8.5.so(Tcl_FSEvalFileEx+0x1d2) [0x7fcfcaa1cd02]
/home/Xilinx/Vivado_HLS/2016.2/lib/lnx64.o/libhls_main.so(ApSourceTclFile(std::string const&, char const*)+0x89) [0x7fcfbfceac29]
/home/Xilinx/Vivado_HLS/2016.2/lib/lnx64.o/libhls_main.so(+0x7cc1a) [0x7fcfbfcefc1a]
/home/Xilinx/Vivado_HLS/2016.2/lib/lnx64.o/libhls_support.so(xpcl::TclCommand::callback(int, Tcl_Obj* const*)+0x18a) [0x7fcfbfa48d0a]
/home/Xilinx/Vivado_HLS/2016.2/lib/lnx64.o/libhls_support.so(+0x3e12f) [0x7fcfbfa4912f]
/home/Xilinx/Vivado_HLS/2016.2/lib/lnx64.o/libtcl8.5.so(+0x331f5) [0x7fcfca9b61f5]
/home/Xilinx/Vivado_HLS/2016.2/lib/lnx64.o/libtcl8.5.so(Tcl_EvalObjv+0x32) [0x7fcfca9b67e2]
/home/Xilinx/Vivado_HLS/2016.2/lib/lnx64.o/libtcl8.5.so(TclEvalObjEx+0x322) [0x7fcfca9b85d2]
/home/Xilinx/Vivado_HLS/2016.2/lib/lnx64.o/librdi_hlstasks.so(+0xc456) [0x7fcfc424f456]
/home/Xilinx/Vivado_HLS/2016.2/lib/lnx64.o/librdi_common.so(+0x5b7707) [0x7fcfcf89a707]
/home/Xilinx/Vivado_HLS/2016.2/lib/lnx64.o/libtcl8.5.so(+0x331f5) [0x7fcfca9b61f5]
/home/Xilinx/Vivado_HLS/2016.2/lib/lnx64.o/libtcl8.5.so(+0x34d6b) [0x7fcfca9b7d6b]
/home/Xilinx/Vivado_HLS/2016.2/lib/lnx64.o/libtcl8.5.so(Tcl_EvalEx+0x16) [0x7fcfca9b8276]
/home/Xilinx/Vivado_HLS/2016.2/lib/lnx64.o/libtcl8.5.so(TclEvalObjEx+0x3cf) [0x7fcfca9b867f]
/home/Xilinx/Vivado_HLS/2016.2/lib/lnx64.o/libtcl8.5.so(+0xb736e) [0x7fcfcaa3a36e]
/home/Xilinx/Vivado_HLS/2016.2/lib/lnx64.o/libtcl8.5.so(+0x331f5) [0x7fcfca9b61f5]
/home/Xilinx/Vivado_HLS/2016.2/lib/lnx64.o/libtcl8.5.so(+0x76bbe) [0x7fcfca9f9bbe]
/home/Xilinx/Vivado_HLS/2016.2/lib/lnx64.o/libtcl8.5.so(TclObjInterpProcCore+0x2fb) [0x7fcfcaa3ab8b]
/home/Xilinx/Vivado_HLS/2016.2/lib/lnx64.o/libtcl8.5.so(+0x331f5) [0x7fcfca9b61f5]
/home/Xilinx/Vivado_HLS/2016.2/lib/lnx64.o/libtcl8.5.so(+0x76bbe) [0x7fcfca9f9bbe]
/home/Xilinx/Vivado_HLS/2016.2/lib/lnx64.o/libtcl8.5.so(+0x7e767) [0x7fcfcaa01767]
/home/Xilinx/Vivado_HLS/2016.2/lib/lnx64.o/libtcl8.5.so(TclEvalObjEx+0x77) [0x7fcfca9b8327]
/home/Xilinx/Vivado_HLS/2016.2/lib/lnx64.o/librdi_commontasks.so(+0x2a83a4) [0x7fcfc62a33a4]
/home/Xilinx/Vivado_HLS/2016.2/lib/lnx64.o/libtcl8.5.so(+0x331f5) [0x7fcfca9b61f5]
/home/Xilinx/Vivado_HLS/2016.2/lib/lnx64.o/libtcl8.5.so(+0x34d6b) [0x7fcfca9b7d6b]
/home/Xilinx/Vivado_HLS/2016.2/lib/lnx64.o/libtcl8.5.so(+0xad531) [0x7fcfcaa30531]
/home/Xilinx/Vivado_HLS/2016.2/lib/lnx64.o/libtcl8.5.so(+0x3491c) [0x7fcfca9b791c]
/home/Xilinx/Vivado_HLS/2016.2/lib/lnx64.o/libtcl8.5.so(Tcl_EvalEx+0x16) [0x7fcfca9b8276]
/home/Xilinx/Vivado_HLS/2016.2/lib/lnx64.o/libtcl8.5.so(Tcl_FSEvalFileEx+0x1d2) [0x7fcfcaa1cd02]
/home/Xilinx/Vivado_HLS/2016.2/lib/lnx64.o/librdi_commontasks.so(+0x2c5a32) [0x7fcfc62c0a32]
/home/Xilinx/Vivado_HLS/2016.2/lib/lnx64.o/librdi_common.so(+0x5b7707) [0x7fcfcf89a707]
/home/Xilinx/Vivado_HLS/2016.2/lib/lnx64.o/libtcl8.5.so(+0x331f5) [0x7fcfca9b61f5]
/home/Xilinx/Vivado_HLS/2016.2/lib/lnx64.o/libtcl8.5.so(Tcl_EvalObjv+0x32) [0x7fcfca9b67e2]
/home/Xilinx/Vivado_HLS/2016.2/lib/lnx64.o/libtcl8.5.so(TclEvalObjEx+0x322) [0x7fcfca9b85d2]
/home/Xilinx/Vivado_HLS/2016.2/lib/lnx64.o/librdi_commontasks.so(+0x2e3979) [0x7fcfc62de979]
/home/Xilinx/Vivado_HLS/2016.2/lib/lnx64.o/librdi_commontasks.so(+0x2dc7c3) [0x7fcfc62d77c3]
/home/Xilinx/Vivado_HLS/2016.2/lib/lnx64.o/librdi_common.so(+0x5b7707) [0x7fcfcf89a707]
/home/Xilinx/Vivado_HLS/2016.2/lib/lnx64.o/libtcl8.5.so(+0x331f5) [0x7fcfca9b61f5]
/home/Xilinx/Vivado_HLS/2016.2/lib/lnx64.o/libtcl8.5.so(Tcl_EvalObjv+0x32) [0x7fcfca9b67e2]
/home/Xilinx/Vivado_HLS/2016.2/lib/lnx64.o/libtcl8.5.so(TclEvalObjEx+0x322) [0x7fcfca9b85d2]
/home/Xilinx/Vivado_HLS/2016.2/lib/lnx64.o/librdi_commonmain.so(+0x6330) [0x7fcfcf0d9330]
/home/Xilinx/Vivado_HLS/2016.2/lib/lnx64.o/libtcl8.5.so(Tcl_Main+0x1d5) [0x7fcfcaa23175]
/home/Xilinx/Vivado_HLS/2016.2/lib/lnx64.o/librdi_common.so(+0x5f0409) [0x7fcfcf8d3409]
/lib/x86_64-linux-gnu/libpthread.so.0(+0x8184) [0x7fcfce99b184]
/lib/x86_64-linux-gnu/libc.so.6(clone+0x6d) [0x7fcfce6c537d]
