

================================================================
== Vivado HLS Report for 'encrypt'
================================================================
* Date:           Tue Nov 15 15:50:18 2016

* Version:        2016.2 (Build 1577090 on Thu Jun 02 16:59:10 MDT 2016)
* Project:        rsa_HLS
* Solution:       solution1
* Product family: zynq
* Target device:  xc7z020clg484-1


================================================================
== Performance Estimates
================================================================
+ Timing (ns): 
    * Summary: 
    +--------+-------+----------+------------+
    |  Clock | Target| Estimated| Uncertainty|
    +--------+-------+----------+------------+
    |ap_clk  |  10.00|     27.15|        1.25|
    +--------+-------+----------+------------+

+ Latency (clock cycles): 
    * Summary: 
    +-----+-----+-----+-----+---------+
    |  Latency  |  Interval | Pipeline|
    | min | max | min | max |   Type  |
    +-----+-----+-----+-----+---------+
    |  516|  516|  517|  517|   none  |
    +-----+-----+-----+-----+---------+

    + Detail: 
        * Instance: 
        N/A

        * Loop: 
        N/A



================================================================
== Utilization Estimates
================================================================
* Summary: 
+-----------------+---------+-------+--------+--------+
|       Name      | BRAM_18K| DSP48E|   FF   |   LUT  |
+-----------------+---------+-------+--------+--------+
|DSP              |        -|      -|       -|       -|
|Expression       |        -|      -|       0|     794|
|FIFO             |        -|      -|       -|       -|
|Instance         |        -|      -|  512000|  512000|
|Memory           |        -|      -|       -|       -|
|Multiplexer      |        -|      -|       -|    1690|
|Register         |        -|      -|    1029|       -|
+-----------------+---------+-------+--------+--------+
|Total            |        0|      0|  513029|  514484|
+-----------------+---------+-------+--------+--------+
|Available        |      280|    220|  106400|   53200|
+-----------------+---------+-------+--------+--------+
|Utilization (%)  |        0|      0|     482|     967|
+-----------------+---------+-------+--------+--------+

+ Detail: 
    * Instance: 
    +-------------------------------------+----------------------------------+---------+-------+--------+--------+
    |               Instance              |              Module              | BRAM_18K| DSP48E|   FF   |   LUT  |
    +-------------------------------------+----------------------------------+---------+-------+--------+--------+
    |encrypt_urem_512ns_512ns_512_516_U1  |encrypt_urem_512ns_512ns_512_516  |        0|      0|  512000|  512000|
    +-------------------------------------+----------------------------------+---------+-------+--------+--------+
    |Total                                |                                  |        0|      0|  512000|  512000|
    +-------------------------------------+----------------------------------+---------+-------+--------+--------+

    * DSP48: 
    N/A

    * Memory: 
    N/A

    * FIFO: 
    N/A

    * Expression: 
    +----------------+----------+-------+---+-----+------------+------------+
    |  Variable Name | Operation| DSP48E| FF| LUT | Bitwidth P0| Bitwidth P1|
    +----------------+----------+-------+---+-----+------------+------------+
    |cyper_fu_28_p2  |    xor   |      0|  0|  794|         512|           7|
    +----------------+----------+-------+---+-----+------------+------------+
    |Total           |          |      0|  0|  794|         512|           7|
    +----------------+----------+-------+---+-----+------------+------------+

    * Multiplexer: 
    +-----------+------+-----------+-----+-----------+
    |    Name   |  LUT | Input Size| Bits| Total Bits|
    +-----------+------+-----------+-----+-----------+
    |ap_NS_fsm  |  1690|        518|    1|        518|
    +-----------+------+-----------+-----+-----------+
    |Total      |  1690|        518|    1|        518|
    +-----------+------+-----------+-----+-----------+

    * Register: 
    +--------------+-----+----+-----+-----------+
    |     Name     |  FF | LUT| Bits| Const Bits|
    +--------------+-----+----+-----+-----------+
    |ap_CS_fsm     |  517|   0|  517|          0|
    |cyper_reg_39  |  512|   0|  512|          0|
    +--------------+-----+----+-----+-----------+
    |Total         | 1029|   0| 1029|          0|
    +--------------+-----+----+-----+-----------+



================================================================
== Interface
================================================================
* Summary: 
+-----------+-----+-----+------------+--------------+--------------+
| RTL Ports | Dir | Bits|  Protocol  | Source Object|    C Type    |
+-----------+-----+-----+------------+--------------+--------------+
|ap_clk     |  in |    1| ap_ctrl_hs |    encrypt   | return value |
|ap_rst     |  in |    1| ap_ctrl_hs |    encrypt   | return value |
|ap_start   |  in |    1| ap_ctrl_hs |    encrypt   | return value |
|ap_done    | out |    1| ap_ctrl_hs |    encrypt   | return value |
|ap_idle    | out |    1| ap_ctrl_hs |    encrypt   | return value |
|ap_ready   | out |    1| ap_ctrl_hs |    encrypt   | return value |
|ap_return  | out |  512| ap_ctrl_hs |    encrypt   | return value |
|key        |  in |  512|   ap_none  |      key     |    scalar    |
|exponent   |  in |  512|   ap_none  |   exponent   |    scalar    |
+-----------+-----+-----+------------+--------------+--------------+

============================================================
+ Verbose Summary: Synthesis Manager
============================================================
InlineROM: 1
ExposeGlobal: 0
============================================================
+ Verbose Summary: CDFG Model
============================================================
IsTopModel: 1
ResetActiveHigh: 1
IsCombinational: 2
IsDatapathOnly: 2
HasWiredReturn: 1
HasMFsm: 0
HasVarLatency: 1
IsPipeline: 0
IsRtlPipelined: 0
IsInstanceOverlapped: 0
IsDontTouch: 0
HasImplIP: 0
IsGatedGlobalClock: 0


============================================================
+ Verbose Summary: Schedule
============================================================
* Number of FSM states: 517
* Pipeline: 0
* Dataflow Pipeline: 0

* FSM state transitions: 
1 --> 
	2  / true
2 --> 
	3  / true
3 --> 
	4  / true
4 --> 
	5  / true
5 --> 
	6  / true
6 --> 
	7  / true
7 --> 
	8  / true
8 --> 
	9  / true
9 --> 
	10  / true
10 --> 
	11  / true
11 --> 
	12  / true
12 --> 
	13  / true
13 --> 
	14  / true
14 --> 
	15  / true
15 --> 
	16  / true
16 --> 
	17  / true
17 --> 
	18  / true
18 --> 
	19  / true
19 --> 
	20  / true
20 --> 
	21  / true
21 --> 
	22  / true
22 --> 
	23  / true
23 --> 
	24  / true
24 --> 
	25  / true
25 --> 
	26  / true
26 --> 
	27  / true
27 --> 
	28  / true
28 --> 
	29  / true
29 --> 
	30  / true
30 --> 
	31  / true
31 --> 
	32  / true
32 --> 
	33  / true
33 --> 
	34  / true
34 --> 
	35  / true
35 --> 
	36  / true
36 --> 
	37  / true
37 --> 
	38  / true
38 --> 
	39  / true
39 --> 
	40  / true
40 --> 
	41  / true
41 --> 
	42  / true
42 --> 
	43  / true
43 --> 
	44  / true
44 --> 
	45  / true
45 --> 
	46  / true
46 --> 
	47  / true
47 --> 
	48  / true
48 --> 
	49  / true
49 --> 
	50  / true
50 --> 
	51  / true
51 --> 
	52  / true
52 --> 
	53  / true
53 --> 
	54  / true
54 --> 
	55  / true
55 --> 
	56  / true
56 --> 
	57  / true
57 --> 
	58  / true
58 --> 
	59  / true
59 --> 
	60  / true
60 --> 
	61  / true
61 --> 
	62  / true
62 --> 
	63  / true
63 --> 
	64  / true
64 --> 
	65  / true
65 --> 
	66  / true
66 --> 
	67  / true
67 --> 
	68  / true
68 --> 
	69  / true
69 --> 
	70  / true
70 --> 
	71  / true
71 --> 
	72  / true
72 --> 
	73  / true
73 --> 
	74  / true
74 --> 
	75  / true
75 --> 
	76  / true
76 --> 
	77  / true
77 --> 
	78  / true
78 --> 
	79  / true
79 --> 
	80  / true
80 --> 
	81  / true
81 --> 
	82  / true
82 --> 
	83  / true
83 --> 
	84  / true
84 --> 
	85  / true
85 --> 
	86  / true
86 --> 
	87  / true
87 --> 
	88  / true
88 --> 
	89  / true
89 --> 
	90  / true
90 --> 
	91  / true
91 --> 
	92  / true
92 --> 
	93  / true
93 --> 
	94  / true
94 --> 
	95  / true
95 --> 
	96  / true
96 --> 
	97  / true
97 --> 
	98  / true
98 --> 
	99  / true
99 --> 
	100  / true
100 --> 
	101  / true
101 --> 
	102  / true
102 --> 
	103  / true
103 --> 
	104  / true
104 --> 
	105  / true
105 --> 
	106  / true
106 --> 
	107  / true
107 --> 
	108  / true
108 --> 
	109  / true
109 --> 
	110  / true
110 --> 
	111  / true
111 --> 
	112  / true
112 --> 
	113  / true
113 --> 
	114  / true
114 --> 
	115  / true
115 --> 
	116  / true
116 --> 
	117  / true
117 --> 
	118  / true
118 --> 
	119  / true
119 --> 
	120  / true
120 --> 
	121  / true
121 --> 
	122  / true
122 --> 
	123  / true
123 --> 
	124  / true
124 --> 
	125  / true
125 --> 
	126  / true
126 --> 
	127  / true
127 --> 
	128  / true
128 --> 
	129  / true
129 --> 
	130  / true
130 --> 
	131  / true
131 --> 
	132  / true
132 --> 
	133  / true
133 --> 
	134  / true
134 --> 
	135  / true
135 --> 
	136  / true
136 --> 
	137  / true
137 --> 
	138  / true
138 --> 
	139  / true
139 --> 
	140  / true
140 --> 
	141  / true
141 --> 
	142  / true
142 --> 
	143  / true
143 --> 
	144  / true
144 --> 
	145  / true
145 --> 
	146  / true
146 --> 
	147  / true
147 --> 
	148  / true
148 --> 
	149  / true
149 --> 
	150  / true
150 --> 
	151  / true
151 --> 
	152  / true
152 --> 
	153  / true
153 --> 
	154  / true
154 --> 
	155  / true
155 --> 
	156  / true
156 --> 
	157  / true
157 --> 
	158  / true
158 --> 
	159  / true
159 --> 
	160  / true
160 --> 
	161  / true
161 --> 
	162  / true
162 --> 
	163  / true
163 --> 
	164  / true
164 --> 
	165  / true
165 --> 
	166  / true
166 --> 
	167  / true
167 --> 
	168  / true
168 --> 
	169  / true
169 --> 
	170  / true
170 --> 
	171  / true
171 --> 
	172  / true
172 --> 
	173  / true
173 --> 
	174  / true
174 --> 
	175  / true
175 --> 
	176  / true
176 --> 
	177  / true
177 --> 
	178  / true
178 --> 
	179  / true
179 --> 
	180  / true
180 --> 
	181  / true
181 --> 
	182  / true
182 --> 
	183  / true
183 --> 
	184  / true
184 --> 
	185  / true
185 --> 
	186  / true
186 --> 
	187  / true
187 --> 
	188  / true
188 --> 
	189  / true
189 --> 
	190  / true
190 --> 
	191  / true
191 --> 
	192  / true
192 --> 
	193  / true
193 --> 
	194  / true
194 --> 
	195  / true
195 --> 
	196  / true
196 --> 
	197  / true
197 --> 
	198  / true
198 --> 
	199  / true
199 --> 
	200  / true
200 --> 
	201  / true
201 --> 
	202  / true
202 --> 
	203  / true
203 --> 
	204  / true
204 --> 
	205  / true
205 --> 
	206  / true
206 --> 
	207  / true
207 --> 
	208  / true
208 --> 
	209  / true
209 --> 
	210  / true
210 --> 
	211  / true
211 --> 
	212  / true
212 --> 
	213  / true
213 --> 
	214  / true
214 --> 
	215  / true
215 --> 
	216  / true
216 --> 
	217  / true
217 --> 
	218  / true
218 --> 
	219  / true
219 --> 
	220  / true
220 --> 
	221  / true
221 --> 
	222  / true
222 --> 
	223  / true
223 --> 
	224  / true
224 --> 
	225  / true
225 --> 
	226  / true
226 --> 
	227  / true
227 --> 
	228  / true
228 --> 
	229  / true
229 --> 
	230  / true
230 --> 
	231  / true
231 --> 
	232  / true
232 --> 
	233  / true
233 --> 
	234  / true
234 --> 
	235  / true
235 --> 
	236  / true
236 --> 
	237  / true
237 --> 
	238  / true
238 --> 
	239  / true
239 --> 
	240  / true
240 --> 
	241  / true
241 --> 
	242  / true
242 --> 
	243  / true
243 --> 
	244  / true
244 --> 
	245  / true
245 --> 
	246  / true
246 --> 
	247  / true
247 --> 
	248  / true
248 --> 
	249  / true
249 --> 
	250  / true
250 --> 
	251  / true
251 --> 
	252  / true
252 --> 
	253  / true
253 --> 
	254  / true
254 --> 
	255  / true
255 --> 
	256  / true
256 --> 
	257  / true
257 --> 
	258  / true
258 --> 
	259  / true
259 --> 
	260  / true
260 --> 
	261  / true
261 --> 
	262  / true
262 --> 
	263  / true
263 --> 
	264  / true
264 --> 
	265  / true
265 --> 
	266  / true
266 --> 
	267  / true
267 --> 
	268  / true
268 --> 
	269  / true
269 --> 
	270  / true
270 --> 
	271  / true
271 --> 
	272  / true
272 --> 
	273  / true
273 --> 
	274  / true
274 --> 
	275  / true
275 --> 
	276  / true
276 --> 
	277  / true
277 --> 
	278  / true
278 --> 
	279  / true
279 --> 
	280  / true
280 --> 
	281  / true
281 --> 
	282  / true
282 --> 
	283  / true
283 --> 
	284  / true
284 --> 
	285  / true
285 --> 
	286  / true
286 --> 
	287  / true
287 --> 
	288  / true
288 --> 
	289  / true
289 --> 
	290  / true
290 --> 
	291  / true
291 --> 
	292  / true
292 --> 
	293  / true
293 --> 
	294  / true
294 --> 
	295  / true
295 --> 
	296  / true
296 --> 
	297  / true
297 --> 
	298  / true
298 --> 
	299  / true
299 --> 
	300  / true
300 --> 
	301  / true
301 --> 
	302  / true
302 --> 
	303  / true
303 --> 
	304  / true
304 --> 
	305  / true
305 --> 
	306  / true
306 --> 
	307  / true
307 --> 
	308  / true
308 --> 
	309  / true
309 --> 
	310  / true
310 --> 
	311  / true
311 --> 
	312  / true
312 --> 
	313  / true
313 --> 
	314  / true
314 --> 
	315  / true
315 --> 
	316  / true
316 --> 
	317  / true
317 --> 
	318  / true
318 --> 
	319  / true
319 --> 
	320  / true
320 --> 
	321  / true
321 --> 
	322  / true
322 --> 
	323  / true
323 --> 
	324  / true
324 --> 
	325  / true
325 --> 
	326  / true
326 --> 
	327  / true
327 --> 
	328  / true
328 --> 
	329  / true
329 --> 
	330  / true
330 --> 
	331  / true
331 --> 
	332  / true
332 --> 
	333  / true
333 --> 
	334  / true
334 --> 
	335  / true
335 --> 
	336  / true
336 --> 
	337  / true
337 --> 
	338  / true
338 --> 
	339  / true
339 --> 
	340  / true
340 --> 
	341  / true
341 --> 
	342  / true
342 --> 
	343  / true
343 --> 
	344  / true
344 --> 
	345  / true
345 --> 
	346  / true
346 --> 
	347  / true
347 --> 
	348  / true
348 --> 
	349  / true
349 --> 
	350  / true
350 --> 
	351  / true
351 --> 
	352  / true
352 --> 
	353  / true
353 --> 
	354  / true
354 --> 
	355  / true
355 --> 
	356  / true
356 --> 
	357  / true
357 --> 
	358  / true
358 --> 
	359  / true
359 --> 
	360  / true
360 --> 
	361  / true
361 --> 
	362  / true
362 --> 
	363  / true
363 --> 
	364  / true
364 --> 
	365  / true
365 --> 
	366  / true
366 --> 
	367  / true
367 --> 
	368  / true
368 --> 
	369  / true
369 --> 
	370  / true
370 --> 
	371  / true
371 --> 
	372  / true
372 --> 
	373  / true
373 --> 
	374  / true
374 --> 
	375  / true
375 --> 
	376  / true
376 --> 
	377  / true
377 --> 
	378  / true
378 --> 
	379  / true
379 --> 
	380  / true
380 --> 
	381  / true
381 --> 
	382  / true
382 --> 
	383  / true
383 --> 
	384  / true
384 --> 
	385  / true
385 --> 
	386  / true
386 --> 
	387  / true
387 --> 
	388  / true
388 --> 
	389  / true
389 --> 
	390  / true
390 --> 
	391  / true
391 --> 
	392  / true
392 --> 
	393  / true
393 --> 
	394  / true
394 --> 
	395  / true
395 --> 
	396  / true
396 --> 
	397  / true
397 --> 
	398  / true
398 --> 
	399  / true
399 --> 
	400  / true
400 --> 
	401  / true
401 --> 
	402  / true
402 --> 
	403  / true
403 --> 
	404  / true
404 --> 
	405  / true
405 --> 
	406  / true
406 --> 
	407  / true
407 --> 
	408  / true
408 --> 
	409  / true
409 --> 
	410  / true
410 --> 
	411  / true
411 --> 
	412  / true
412 --> 
	413  / true
413 --> 
	414  / true
414 --> 
	415  / true
415 --> 
	416  / true
416 --> 
	417  / true
417 --> 
	418  / true
418 --> 
	419  / true
419 --> 
	420  / true
420 --> 
	421  / true
421 --> 
	422  / true
422 --> 
	423  / true
423 --> 
	424  / true
424 --> 
	425  / true
425 --> 
	426  / true
426 --> 
	427  / true
427 --> 
	428  / true
428 --> 
	429  / true
429 --> 
	430  / true
430 --> 
	431  / true
431 --> 
	432  / true
432 --> 
	433  / true
433 --> 
	434  / true
434 --> 
	435  / true
435 --> 
	436  / true
436 --> 
	437  / true
437 --> 
	438  / true
438 --> 
	439  / true
439 --> 
	440  / true
440 --> 
	441  / true
441 --> 
	442  / true
442 --> 
	443  / true
443 --> 
	444  / true
444 --> 
	445  / true
445 --> 
	446  / true
446 --> 
	447  / true
447 --> 
	448  / true
448 --> 
	449  / true
449 --> 
	450  / true
450 --> 
	451  / true
451 --> 
	452  / true
452 --> 
	453  / true
453 --> 
	454  / true
454 --> 
	455  / true
455 --> 
	456  / true
456 --> 
	457  / true
457 --> 
	458  / true
458 --> 
	459  / true
459 --> 
	460  / true
460 --> 
	461  / true
461 --> 
	462  / true
462 --> 
	463  / true
463 --> 
	464  / true
464 --> 
	465  / true
465 --> 
	466  / true
466 --> 
	467  / true
467 --> 
	468  / true
468 --> 
	469  / true
469 --> 
	470  / true
470 --> 
	471  / true
471 --> 
	472  / true
472 --> 
	473  / true
473 --> 
	474  / true
474 --> 
	475  / true
475 --> 
	476  / true
476 --> 
	477  / true
477 --> 
	478  / true
478 --> 
	479  / true
479 --> 
	480  / true
480 --> 
	481  / true
481 --> 
	482  / true
482 --> 
	483  / true
483 --> 
	484  / true
484 --> 
	485  / true
485 --> 
	486  / true
486 --> 
	487  / true
487 --> 
	488  / true
488 --> 
	489  / true
489 --> 
	490  / true
490 --> 
	491  / true
491 --> 
	492  / true
492 --> 
	493  / true
493 --> 
	494  / true
494 --> 
	495  / true
495 --> 
	496  / true
496 --> 
	497  / true
497 --> 
	498  / true
498 --> 
	499  / true
499 --> 
	500  / true
500 --> 
	501  / true
501 --> 
	502  / true
502 --> 
	503  / true
503 --> 
	504  / true
504 --> 
	505  / true
505 --> 
	506  / true
506 --> 
	507  / true
507 --> 
	508  / true
508 --> 
	509  / true
509 --> 
	510  / true
510 --> 
	511  / true
511 --> 
	512  / true
512 --> 
	513  / true
513 --> 
	514  / true
514 --> 
	515  / true
515 --> 
	516  / true
516 --> 
	517  / true
517 --> 
* FSM state operations: 

 <State 1>: 1.37ns
ST_1: exponent_read [1/1] 0.00ns
:4  %exponent_read = call i512 @_ssdm_op_Read.ap_auto.i512(i512 %exponent) nounwind

ST_1: cyper [1/1] 1.37ns
:6  %cyper = xor i512 %exponent_read, 100


 <State 2>: 27.15ns
ST_2: key_read [1/1] 0.00ns
:5  %key_read = call i512 @_ssdm_op_Read.ap_auto.i512(i512 %key) nounwind

ST_2: tmp [516/516] 27.15ns
:7  %tmp = urem i512 %cyper, %key_read


 <State 3>: 27.15ns
ST_3: tmp [515/516] 27.15ns
:7  %tmp = urem i512 %cyper, %key_read


 <State 4>: 27.15ns
ST_4: tmp [514/516] 27.15ns
:7  %tmp = urem i512 %cyper, %key_read


 <State 5>: 27.15ns
ST_5: tmp [513/516] 27.15ns
:7  %tmp = urem i512 %cyper, %key_read


 <State 6>: 27.15ns
ST_6: tmp [512/516] 27.15ns
:7  %tmp = urem i512 %cyper, %key_read


 <State 7>: 27.15ns
ST_7: tmp [511/516] 27.15ns
:7  %tmp = urem i512 %cyper, %key_read


 <State 8>: 27.15ns
ST_8: tmp [510/516] 27.15ns
:7  %tmp = urem i512 %cyper, %key_read


 <State 9>: 27.15ns
ST_9: tmp [509/516] 27.15ns
:7  %tmp = urem i512 %cyper, %key_read


 <State 10>: 27.15ns
ST_10: tmp [508/516] 27.15ns
:7  %tmp = urem i512 %cyper, %key_read


 <State 11>: 27.15ns
ST_11: tmp [507/516] 27.15ns
:7  %tmp = urem i512 %cyper, %key_read


 <State 12>: 27.15ns
ST_12: tmp [506/516] 27.15ns
:7  %tmp = urem i512 %cyper, %key_read


 <State 13>: 27.15ns
ST_13: tmp [505/516] 27.15ns
:7  %tmp = urem i512 %cyper, %key_read


 <State 14>: 27.15ns
ST_14: tmp [504/516] 27.15ns
:7  %tmp = urem i512 %cyper, %key_read


 <State 15>: 27.15ns
ST_15: tmp [503/516] 27.15ns
:7  %tmp = urem i512 %cyper, %key_read


 <State 16>: 27.15ns
ST_16: tmp [502/516] 27.15ns
:7  %tmp = urem i512 %cyper, %key_read


 <State 17>: 27.15ns
ST_17: tmp [501/516] 27.15ns
:7  %tmp = urem i512 %cyper, %key_read


 <State 18>: 27.15ns
ST_18: tmp [500/516] 27.15ns
:7  %tmp = urem i512 %cyper, %key_read


 <State 19>: 27.15ns
ST_19: tmp [499/516] 27.15ns
:7  %tmp = urem i512 %cyper, %key_read


 <State 20>: 27.15ns
ST_20: tmp [498/516] 27.15ns
:7  %tmp = urem i512 %cyper, %key_read


 <State 21>: 27.15ns
ST_21: tmp [497/516] 27.15ns
:7  %tmp = urem i512 %cyper, %key_read


 <State 22>: 27.15ns
ST_22: tmp [496/516] 27.15ns
:7  %tmp = urem i512 %cyper, %key_read


 <State 23>: 27.15ns
ST_23: tmp [495/516] 27.15ns
:7  %tmp = urem i512 %cyper, %key_read


 <State 24>: 27.15ns
ST_24: tmp [494/516] 27.15ns
:7  %tmp = urem i512 %cyper, %key_read


 <State 25>: 27.15ns
ST_25: tmp [493/516] 27.15ns
:7  %tmp = urem i512 %cyper, %key_read


 <State 26>: 27.15ns
ST_26: tmp [492/516] 27.15ns
:7  %tmp = urem i512 %cyper, %key_read


 <State 27>: 27.15ns
ST_27: tmp [491/516] 27.15ns
:7  %tmp = urem i512 %cyper, %key_read


 <State 28>: 27.15ns
ST_28: tmp [490/516] 27.15ns
:7  %tmp = urem i512 %cyper, %key_read


 <State 29>: 27.15ns
ST_29: tmp [489/516] 27.15ns
:7  %tmp = urem i512 %cyper, %key_read


 <State 30>: 27.15ns
ST_30: tmp [488/516] 27.15ns
:7  %tmp = urem i512 %cyper, %key_read


 <State 31>: 27.15ns
ST_31: tmp [487/516] 27.15ns
:7  %tmp = urem i512 %cyper, %key_read


 <State 32>: 27.15ns
ST_32: tmp [486/516] 27.15ns
:7  %tmp = urem i512 %cyper, %key_read


 <State 33>: 27.15ns
ST_33: tmp [485/516] 27.15ns
:7  %tmp = urem i512 %cyper, %key_read


 <State 34>: 27.15ns
ST_34: tmp [484/516] 27.15ns
:7  %tmp = urem i512 %cyper, %key_read


 <State 35>: 27.15ns
ST_35: tmp [483/516] 27.15ns
:7  %tmp = urem i512 %cyper, %key_read


 <State 36>: 27.15ns
ST_36: tmp [482/516] 27.15ns
:7  %tmp = urem i512 %cyper, %key_read


 <State 37>: 27.15ns
ST_37: tmp [481/516] 27.15ns
:7  %tmp = urem i512 %cyper, %key_read


 <State 38>: 27.15ns
ST_38: tmp [480/516] 27.15ns
:7  %tmp = urem i512 %cyper, %key_read


 <State 39>: 27.15ns
ST_39: tmp [479/516] 27.15ns
:7  %tmp = urem i512 %cyper, %key_read


 <State 40>: 27.15ns
ST_40: tmp [478/516] 27.15ns
:7  %tmp = urem i512 %cyper, %key_read


 <State 41>: 27.15ns
ST_41: tmp [477/516] 27.15ns
:7  %tmp = urem i512 %cyper, %key_read


 <State 42>: 27.15ns
ST_42: tmp [476/516] 27.15ns
:7  %tmp = urem i512 %cyper, %key_read


 <State 43>: 27.15ns
ST_43: tmp [475/516] 27.15ns
:7  %tmp = urem i512 %cyper, %key_read


 <State 44>: 27.15ns
ST_44: tmp [474/516] 27.15ns
:7  %tmp = urem i512 %cyper, %key_read


 <State 45>: 27.15ns
ST_45: tmp [473/516] 27.15ns
:7  %tmp = urem i512 %cyper, %key_read


 <State 46>: 27.15ns
ST_46: tmp [472/516] 27.15ns
:7  %tmp = urem i512 %cyper, %key_read


 <State 47>: 27.15ns
ST_47: tmp [471/516] 27.15ns
:7  %tmp = urem i512 %cyper, %key_read


 <State 48>: 27.15ns
ST_48: tmp [470/516] 27.15ns
:7  %tmp = urem i512 %cyper, %key_read


 <State 49>: 27.15ns
ST_49: tmp [469/516] 27.15ns
:7  %tmp = urem i512 %cyper, %key_read


 <State 50>: 27.15ns
ST_50: tmp [468/516] 27.15ns
:7  %tmp = urem i512 %cyper, %key_read


 <State 51>: 27.15ns
ST_51: tmp [467/516] 27.15ns
:7  %tmp = urem i512 %cyper, %key_read


 <State 52>: 27.15ns
ST_52: tmp [466/516] 27.15ns
:7  %tmp = urem i512 %cyper, %key_read


 <State 53>: 27.15ns
ST_53: tmp [465/516] 27.15ns
:7  %tmp = urem i512 %cyper, %key_read


 <State 54>: 27.15ns
ST_54: tmp [464/516] 27.15ns
:7  %tmp = urem i512 %cyper, %key_read


 <State 55>: 27.15ns
ST_55: tmp [463/516] 27.15ns
:7  %tmp = urem i512 %cyper, %key_read


 <State 56>: 27.15ns
ST_56: tmp [462/516] 27.15ns
:7  %tmp = urem i512 %cyper, %key_read


 <State 57>: 27.15ns
ST_57: tmp [461/516] 27.15ns
:7  %tmp = urem i512 %cyper, %key_read


 <State 58>: 27.15ns
ST_58: tmp [460/516] 27.15ns
:7  %tmp = urem i512 %cyper, %key_read


 <State 59>: 27.15ns
ST_59: tmp [459/516] 27.15ns
:7  %tmp = urem i512 %cyper, %key_read


 <State 60>: 27.15ns
ST_60: tmp [458/516] 27.15ns
:7  %tmp = urem i512 %cyper, %key_read


 <State 61>: 27.15ns
ST_61: tmp [457/516] 27.15ns
:7  %tmp = urem i512 %cyper, %key_read


 <State 62>: 27.15ns
ST_62: tmp [456/516] 27.15ns
:7  %tmp = urem i512 %cyper, %key_read


 <State 63>: 27.15ns
ST_63: tmp [455/516] 27.15ns
:7  %tmp = urem i512 %cyper, %key_read


 <State 64>: 27.15ns
ST_64: tmp [454/516] 27.15ns
:7  %tmp = urem i512 %cyper, %key_read


 <State 65>: 27.15ns
ST_65: tmp [453/516] 27.15ns
:7  %tmp = urem i512 %cyper, %key_read


 <State 66>: 27.15ns
ST_66: tmp [452/516] 27.15ns
:7  %tmp = urem i512 %cyper, %key_read


 <State 67>: 27.15ns
ST_67: tmp [451/516] 27.15ns
:7  %tmp = urem i512 %cyper, %key_read


 <State 68>: 27.15ns
ST_68: tmp [450/516] 27.15ns
:7  %tmp = urem i512 %cyper, %key_read


 <State 69>: 27.15ns
ST_69: tmp [449/516] 27.15ns
:7  %tmp = urem i512 %cyper, %key_read


 <State 70>: 27.15ns
ST_70: tmp [448/516] 27.15ns
:7  %tmp = urem i512 %cyper, %key_read


 <State 71>: 27.15ns
ST_71: tmp [447/516] 27.15ns
:7  %tmp = urem i512 %cyper, %key_read


 <State 72>: 27.15ns
ST_72: tmp [446/516] 27.15ns
:7  %tmp = urem i512 %cyper, %key_read


 <State 73>: 27.15ns
ST_73: tmp [445/516] 27.15ns
:7  %tmp = urem i512 %cyper, %key_read


 <State 74>: 27.15ns
ST_74: tmp [444/516] 27.15ns
:7  %tmp = urem i512 %cyper, %key_read


 <State 75>: 27.15ns
ST_75: tmp [443/516] 27.15ns
:7  %tmp = urem i512 %cyper, %key_read


 <State 76>: 27.15ns
ST_76: tmp [442/516] 27.15ns
:7  %tmp = urem i512 %cyper, %key_read


 <State 77>: 27.15ns
ST_77: tmp [441/516] 27.15ns
:7  %tmp = urem i512 %cyper, %key_read


 <State 78>: 27.15ns
ST_78: tmp [440/516] 27.15ns
:7  %tmp = urem i512 %cyper, %key_read


 <State 79>: 27.15ns
ST_79: tmp [439/516] 27.15ns
:7  %tmp = urem i512 %cyper, %key_read


 <State 80>: 27.15ns
ST_80: tmp [438/516] 27.15ns
:7  %tmp = urem i512 %cyper, %key_read


 <State 81>: 27.15ns
ST_81: tmp [437/516] 27.15ns
:7  %tmp = urem i512 %cyper, %key_read


 <State 82>: 27.15ns
ST_82: tmp [436/516] 27.15ns
:7  %tmp = urem i512 %cyper, %key_read


 <State 83>: 27.15ns
ST_83: tmp [435/516] 27.15ns
:7  %tmp = urem i512 %cyper, %key_read


 <State 84>: 27.15ns
ST_84: tmp [434/516] 27.15ns
:7  %tmp = urem i512 %cyper, %key_read


 <State 85>: 27.15ns
ST_85: tmp [433/516] 27.15ns
:7  %tmp = urem i512 %cyper, %key_read


 <State 86>: 27.15ns
ST_86: tmp [432/516] 27.15ns
:7  %tmp = urem i512 %cyper, %key_read


 <State 87>: 27.15ns
ST_87: tmp [431/516] 27.15ns
:7  %tmp = urem i512 %cyper, %key_read


 <State 88>: 27.15ns
ST_88: tmp [430/516] 27.15ns
:7  %tmp = urem i512 %cyper, %key_read


 <State 89>: 27.15ns
ST_89: tmp [429/516] 27.15ns
:7  %tmp = urem i512 %cyper, %key_read


 <State 90>: 27.15ns
ST_90: tmp [428/516] 27.15ns
:7  %tmp = urem i512 %cyper, %key_read


 <State 91>: 27.15ns
ST_91: tmp [427/516] 27.15ns
:7  %tmp = urem i512 %cyper, %key_read


 <State 92>: 27.15ns
ST_92: tmp [426/516] 27.15ns
:7  %tmp = urem i512 %cyper, %key_read


 <State 93>: 27.15ns
ST_93: tmp [425/516] 27.15ns
:7  %tmp = urem i512 %cyper, %key_read


 <State 94>: 27.15ns
ST_94: tmp [424/516] 27.15ns
:7  %tmp = urem i512 %cyper, %key_read


 <State 95>: 27.15ns
ST_95: tmp [423/516] 27.15ns
:7  %tmp = urem i512 %cyper, %key_read


 <State 96>: 27.15ns
ST_96: tmp [422/516] 27.15ns
:7  %tmp = urem i512 %cyper, %key_read


 <State 97>: 27.15ns
ST_97: tmp [421/516] 27.15ns
:7  %tmp = urem i512 %cyper, %key_read


 <State 98>: 27.15ns
ST_98: tmp [420/516] 27.15ns
:7  %tmp = urem i512 %cyper, %key_read


 <State 99>: 27.15ns
ST_99: tmp [419/516] 27.15ns
:7  %tmp = urem i512 %cyper, %key_read


 <State 100>: 27.15ns
ST_100: tmp [418/516] 27.15ns
:7  %tmp = urem i512 %cyper, %key_read


 <State 101>: 27.15ns
ST_101: tmp [417/516] 27.15ns
:7  %tmp = urem i512 %cyper, %key_read


 <State 102>: 27.15ns
ST_102: tmp [416/516] 27.15ns
:7  %tmp = urem i512 %cyper, %key_read


 <State 103>: 27.15ns
ST_103: tmp [415/516] 27.15ns
:7  %tmp = urem i512 %cyper, %key_read


 <State 104>: 27.15ns
ST_104: tmp [414/516] 27.15ns
:7  %tmp = urem i512 %cyper, %key_read


 <State 105>: 27.15ns
ST_105: tmp [413/516] 27.15ns
:7  %tmp = urem i512 %cyper, %key_read


 <State 106>: 27.15ns
ST_106: tmp [412/516] 27.15ns
:7  %tmp = urem i512 %cyper, %key_read


 <State 107>: 27.15ns
ST_107: tmp [411/516] 27.15ns
:7  %tmp = urem i512 %cyper, %key_read


 <State 108>: 27.15ns
ST_108: tmp [410/516] 27.15ns
:7  %tmp = urem i512 %cyper, %key_read


 <State 109>: 27.15ns
ST_109: tmp [409/516] 27.15ns
:7  %tmp = urem i512 %cyper, %key_read


 <State 110>: 27.15ns
ST_110: tmp [408/516] 27.15ns
:7  %tmp = urem i512 %cyper, %key_read


 <State 111>: 27.15ns
ST_111: tmp [407/516] 27.15ns
:7  %tmp = urem i512 %cyper, %key_read


 <State 112>: 27.15ns
ST_112: tmp [406/516] 27.15ns
:7  %tmp = urem i512 %cyper, %key_read


 <State 113>: 27.15ns
ST_113: tmp [405/516] 27.15ns
:7  %tmp = urem i512 %cyper, %key_read


 <State 114>: 27.15ns
ST_114: tmp [404/516] 27.15ns
:7  %tmp = urem i512 %cyper, %key_read


 <State 115>: 27.15ns
ST_115: tmp [403/516] 27.15ns
:7  %tmp = urem i512 %cyper, %key_read


 <State 116>: 27.15ns
ST_116: tmp [402/516] 27.15ns
:7  %tmp = urem i512 %cyper, %key_read


 <State 117>: 27.15ns
ST_117: tmp [401/516] 27.15ns
:7  %tmp = urem i512 %cyper, %key_read


 <State 118>: 27.15ns
ST_118: tmp [400/516] 27.15ns
:7  %tmp = urem i512 %cyper, %key_read


 <State 119>: 27.15ns
ST_119: tmp [399/516] 27.15ns
:7  %tmp = urem i512 %cyper, %key_read


 <State 120>: 27.15ns
ST_120: tmp [398/516] 27.15ns
:7  %tmp = urem i512 %cyper, %key_read


 <State 121>: 27.15ns
ST_121: tmp [397/516] 27.15ns
:7  %tmp = urem i512 %cyper, %key_read


 <State 122>: 27.15ns
ST_122: tmp [396/516] 27.15ns
:7  %tmp = urem i512 %cyper, %key_read


 <State 123>: 27.15ns
ST_123: tmp [395/516] 27.15ns
:7  %tmp = urem i512 %cyper, %key_read


 <State 124>: 27.15ns
ST_124: tmp [394/516] 27.15ns
:7  %tmp = urem i512 %cyper, %key_read


 <State 125>: 27.15ns
ST_125: tmp [393/516] 27.15ns
:7  %tmp = urem i512 %cyper, %key_read


 <State 126>: 27.15ns
ST_126: tmp [392/516] 27.15ns
:7  %tmp = urem i512 %cyper, %key_read


 <State 127>: 27.15ns
ST_127: tmp [391/516] 27.15ns
:7  %tmp = urem i512 %cyper, %key_read


 <State 128>: 27.15ns
ST_128: tmp [390/516] 27.15ns
:7  %tmp = urem i512 %cyper, %key_read


 <State 129>: 27.15ns
ST_129: tmp [389/516] 27.15ns
:7  %tmp = urem i512 %cyper, %key_read


 <State 130>: 27.15ns
ST_130: tmp [388/516] 27.15ns
:7  %tmp = urem i512 %cyper, %key_read


 <State 131>: 27.15ns
ST_131: tmp [387/516] 27.15ns
:7  %tmp = urem i512 %cyper, %key_read


 <State 132>: 27.15ns
ST_132: tmp [386/516] 27.15ns
:7  %tmp = urem i512 %cyper, %key_read


 <State 133>: 27.15ns
ST_133: tmp [385/516] 27.15ns
:7  %tmp = urem i512 %cyper, %key_read


 <State 134>: 27.15ns
ST_134: tmp [384/516] 27.15ns
:7  %tmp = urem i512 %cyper, %key_read


 <State 135>: 27.15ns
ST_135: tmp [383/516] 27.15ns
:7  %tmp = urem i512 %cyper, %key_read


 <State 136>: 27.15ns
ST_136: tmp [382/516] 27.15ns
:7  %tmp = urem i512 %cyper, %key_read


 <State 137>: 27.15ns
ST_137: tmp [381/516] 27.15ns
:7  %tmp = urem i512 %cyper, %key_read


 <State 138>: 27.15ns
ST_138: tmp [380/516] 27.15ns
:7  %tmp = urem i512 %cyper, %key_read


 <State 139>: 27.15ns
ST_139: tmp [379/516] 27.15ns
:7  %tmp = urem i512 %cyper, %key_read


 <State 140>: 27.15ns
ST_140: tmp [378/516] 27.15ns
:7  %tmp = urem i512 %cyper, %key_read


 <State 141>: 27.15ns
ST_141: tmp [377/516] 27.15ns
:7  %tmp = urem i512 %cyper, %key_read


 <State 142>: 27.15ns
ST_142: tmp [376/516] 27.15ns
:7  %tmp = urem i512 %cyper, %key_read


 <State 143>: 27.15ns
ST_143: tmp [375/516] 27.15ns
:7  %tmp = urem i512 %cyper, %key_read


 <State 144>: 27.15ns
ST_144: tmp [374/516] 27.15ns
:7  %tmp = urem i512 %cyper, %key_read


 <State 145>: 27.15ns
ST_145: tmp [373/516] 27.15ns
:7  %tmp = urem i512 %cyper, %key_read


 <State 146>: 27.15ns
ST_146: tmp [372/516] 27.15ns
:7  %tmp = urem i512 %cyper, %key_read


 <State 147>: 27.15ns
ST_147: tmp [371/516] 27.15ns
:7  %tmp = urem i512 %cyper, %key_read


 <State 148>: 27.15ns
ST_148: tmp [370/516] 27.15ns
:7  %tmp = urem i512 %cyper, %key_read


 <State 149>: 27.15ns
ST_149: tmp [369/516] 27.15ns
:7  %tmp = urem i512 %cyper, %key_read


 <State 150>: 27.15ns
ST_150: tmp [368/516] 27.15ns
:7  %tmp = urem i512 %cyper, %key_read


 <State 151>: 27.15ns
ST_151: tmp [367/516] 27.15ns
:7  %tmp = urem i512 %cyper, %key_read


 <State 152>: 27.15ns
ST_152: tmp [366/516] 27.15ns
:7  %tmp = urem i512 %cyper, %key_read


 <State 153>: 27.15ns
ST_153: tmp [365/516] 27.15ns
:7  %tmp = urem i512 %cyper, %key_read


 <State 154>: 27.15ns
ST_154: tmp [364/516] 27.15ns
:7  %tmp = urem i512 %cyper, %key_read


 <State 155>: 27.15ns
ST_155: tmp [363/516] 27.15ns
:7  %tmp = urem i512 %cyper, %key_read


 <State 156>: 27.15ns
ST_156: tmp [362/516] 27.15ns
:7  %tmp = urem i512 %cyper, %key_read


 <State 157>: 27.15ns
ST_157: tmp [361/516] 27.15ns
:7  %tmp = urem i512 %cyper, %key_read


 <State 158>: 27.15ns
ST_158: tmp [360/516] 27.15ns
:7  %tmp = urem i512 %cyper, %key_read


 <State 159>: 27.15ns
ST_159: tmp [359/516] 27.15ns
:7  %tmp = urem i512 %cyper, %key_read


 <State 160>: 27.15ns
ST_160: tmp [358/516] 27.15ns
:7  %tmp = urem i512 %cyper, %key_read


 <State 161>: 27.15ns
ST_161: tmp [357/516] 27.15ns
:7  %tmp = urem i512 %cyper, %key_read


 <State 162>: 27.15ns
ST_162: tmp [356/516] 27.15ns
:7  %tmp = urem i512 %cyper, %key_read


 <State 163>: 27.15ns
ST_163: tmp [355/516] 27.15ns
:7  %tmp = urem i512 %cyper, %key_read


 <State 164>: 27.15ns
ST_164: tmp [354/516] 27.15ns
:7  %tmp = urem i512 %cyper, %key_read


 <State 165>: 27.15ns
ST_165: tmp [353/516] 27.15ns
:7  %tmp = urem i512 %cyper, %key_read


 <State 166>: 27.15ns
ST_166: tmp [352/516] 27.15ns
:7  %tmp = urem i512 %cyper, %key_read


 <State 167>: 27.15ns
ST_167: tmp [351/516] 27.15ns
:7  %tmp = urem i512 %cyper, %key_read


 <State 168>: 27.15ns
ST_168: tmp [350/516] 27.15ns
:7  %tmp = urem i512 %cyper, %key_read


 <State 169>: 27.15ns
ST_169: tmp [349/516] 27.15ns
:7  %tmp = urem i512 %cyper, %key_read


 <State 170>: 27.15ns
ST_170: tmp [348/516] 27.15ns
:7  %tmp = urem i512 %cyper, %key_read


 <State 171>: 27.15ns
ST_171: tmp [347/516] 27.15ns
:7  %tmp = urem i512 %cyper, %key_read


 <State 172>: 27.15ns
ST_172: tmp [346/516] 27.15ns
:7  %tmp = urem i512 %cyper, %key_read


 <State 173>: 27.15ns
ST_173: tmp [345/516] 27.15ns
:7  %tmp = urem i512 %cyper, %key_read


 <State 174>: 27.15ns
ST_174: tmp [344/516] 27.15ns
:7  %tmp = urem i512 %cyper, %key_read


 <State 175>: 27.15ns
ST_175: tmp [343/516] 27.15ns
:7  %tmp = urem i512 %cyper, %key_read


 <State 176>: 27.15ns
ST_176: tmp [342/516] 27.15ns
:7  %tmp = urem i512 %cyper, %key_read


 <State 177>: 27.15ns
ST_177: tmp [341/516] 27.15ns
:7  %tmp = urem i512 %cyper, %key_read


 <State 178>: 27.15ns
ST_178: tmp [340/516] 27.15ns
:7  %tmp = urem i512 %cyper, %key_read


 <State 179>: 27.15ns
ST_179: tmp [339/516] 27.15ns
:7  %tmp = urem i512 %cyper, %key_read


 <State 180>: 27.15ns
ST_180: tmp [338/516] 27.15ns
:7  %tmp = urem i512 %cyper, %key_read


 <State 181>: 27.15ns
ST_181: tmp [337/516] 27.15ns
:7  %tmp = urem i512 %cyper, %key_read


 <State 182>: 27.15ns
ST_182: tmp [336/516] 27.15ns
:7  %tmp = urem i512 %cyper, %key_read


 <State 183>: 27.15ns
ST_183: tmp [335/516] 27.15ns
:7  %tmp = urem i512 %cyper, %key_read


 <State 184>: 27.15ns
ST_184: tmp [334/516] 27.15ns
:7  %tmp = urem i512 %cyper, %key_read


 <State 185>: 27.15ns
ST_185: tmp [333/516] 27.15ns
:7  %tmp = urem i512 %cyper, %key_read


 <State 186>: 27.15ns
ST_186: tmp [332/516] 27.15ns
:7  %tmp = urem i512 %cyper, %key_read


 <State 187>: 27.15ns
ST_187: tmp [331/516] 27.15ns
:7  %tmp = urem i512 %cyper, %key_read


 <State 188>: 27.15ns
ST_188: tmp [330/516] 27.15ns
:7  %tmp = urem i512 %cyper, %key_read


 <State 189>: 27.15ns
ST_189: tmp [329/516] 27.15ns
:7  %tmp = urem i512 %cyper, %key_read


 <State 190>: 27.15ns
ST_190: tmp [328/516] 27.15ns
:7  %tmp = urem i512 %cyper, %key_read


 <State 191>: 27.15ns
ST_191: tmp [327/516] 27.15ns
:7  %tmp = urem i512 %cyper, %key_read


 <State 192>: 27.15ns
ST_192: tmp [326/516] 27.15ns
:7  %tmp = urem i512 %cyper, %key_read


 <State 193>: 27.15ns
ST_193: tmp [325/516] 27.15ns
:7  %tmp = urem i512 %cyper, %key_read


 <State 194>: 27.15ns
ST_194: tmp [324/516] 27.15ns
:7  %tmp = urem i512 %cyper, %key_read


 <State 195>: 27.15ns
ST_195: tmp [323/516] 27.15ns
:7  %tmp = urem i512 %cyper, %key_read


 <State 196>: 27.15ns
ST_196: tmp [322/516] 27.15ns
:7  %tmp = urem i512 %cyper, %key_read


 <State 197>: 27.15ns
ST_197: tmp [321/516] 27.15ns
:7  %tmp = urem i512 %cyper, %key_read


 <State 198>: 27.15ns
ST_198: tmp [320/516] 27.15ns
:7  %tmp = urem i512 %cyper, %key_read


 <State 199>: 27.15ns
ST_199: tmp [319/516] 27.15ns
:7  %tmp = urem i512 %cyper, %key_read


 <State 200>: 27.15ns
ST_200: tmp [318/516] 27.15ns
:7  %tmp = urem i512 %cyper, %key_read


 <State 201>: 27.15ns
ST_201: tmp [317/516] 27.15ns
:7  %tmp = urem i512 %cyper, %key_read


 <State 202>: 27.15ns
ST_202: tmp [316/516] 27.15ns
:7  %tmp = urem i512 %cyper, %key_read


 <State 203>: 27.15ns
ST_203: tmp [315/516] 27.15ns
:7  %tmp = urem i512 %cyper, %key_read


 <State 204>: 27.15ns
ST_204: tmp [314/516] 27.15ns
:7  %tmp = urem i512 %cyper, %key_read


 <State 205>: 27.15ns
ST_205: tmp [313/516] 27.15ns
:7  %tmp = urem i512 %cyper, %key_read


 <State 206>: 27.15ns
ST_206: tmp [312/516] 27.15ns
:7  %tmp = urem i512 %cyper, %key_read


 <State 207>: 27.15ns
ST_207: tmp [311/516] 27.15ns
:7  %tmp = urem i512 %cyper, %key_read


 <State 208>: 27.15ns
ST_208: tmp [310/516] 27.15ns
:7  %tmp = urem i512 %cyper, %key_read


 <State 209>: 27.15ns
ST_209: tmp [309/516] 27.15ns
:7  %tmp = urem i512 %cyper, %key_read


 <State 210>: 27.15ns
ST_210: tmp [308/516] 27.15ns
:7  %tmp = urem i512 %cyper, %key_read


 <State 211>: 27.15ns
ST_211: tmp [307/516] 27.15ns
:7  %tmp = urem i512 %cyper, %key_read


 <State 212>: 27.15ns
ST_212: tmp [306/516] 27.15ns
:7  %tmp = urem i512 %cyper, %key_read


 <State 213>: 27.15ns
ST_213: tmp [305/516] 27.15ns
:7  %tmp = urem i512 %cyper, %key_read


 <State 214>: 27.15ns
ST_214: tmp [304/516] 27.15ns
:7  %tmp = urem i512 %cyper, %key_read


 <State 215>: 27.15ns
ST_215: tmp [303/516] 27.15ns
:7  %tmp = urem i512 %cyper, %key_read


 <State 216>: 27.15ns
ST_216: tmp [302/516] 27.15ns
:7  %tmp = urem i512 %cyper, %key_read


 <State 217>: 27.15ns
ST_217: tmp [301/516] 27.15ns
:7  %tmp = urem i512 %cyper, %key_read


 <State 218>: 27.15ns
ST_218: tmp [300/516] 27.15ns
:7  %tmp = urem i512 %cyper, %key_read


 <State 219>: 27.15ns
ST_219: tmp [299/516] 27.15ns
:7  %tmp = urem i512 %cyper, %key_read


 <State 220>: 27.15ns
ST_220: tmp [298/516] 27.15ns
:7  %tmp = urem i512 %cyper, %key_read


 <State 221>: 27.15ns
ST_221: tmp [297/516] 27.15ns
:7  %tmp = urem i512 %cyper, %key_read


 <State 222>: 27.15ns
ST_222: tmp [296/516] 27.15ns
:7  %tmp = urem i512 %cyper, %key_read


 <State 223>: 27.15ns
ST_223: tmp [295/516] 27.15ns
:7  %tmp = urem i512 %cyper, %key_read


 <State 224>: 27.15ns
ST_224: tmp [294/516] 27.15ns
:7  %tmp = urem i512 %cyper, %key_read


 <State 225>: 27.15ns
ST_225: tmp [293/516] 27.15ns
:7  %tmp = urem i512 %cyper, %key_read


 <State 226>: 27.15ns
ST_226: tmp [292/516] 27.15ns
:7  %tmp = urem i512 %cyper, %key_read


 <State 227>: 27.15ns
ST_227: tmp [291/516] 27.15ns
:7  %tmp = urem i512 %cyper, %key_read


 <State 228>: 27.15ns
ST_228: tmp [290/516] 27.15ns
:7  %tmp = urem i512 %cyper, %key_read


 <State 229>: 27.15ns
ST_229: tmp [289/516] 27.15ns
:7  %tmp = urem i512 %cyper, %key_read


 <State 230>: 27.15ns
ST_230: tmp [288/516] 27.15ns
:7  %tmp = urem i512 %cyper, %key_read


 <State 231>: 27.15ns
ST_231: tmp [287/516] 27.15ns
:7  %tmp = urem i512 %cyper, %key_read


 <State 232>: 27.15ns
ST_232: tmp [286/516] 27.15ns
:7  %tmp = urem i512 %cyper, %key_read


 <State 233>: 27.15ns
ST_233: tmp [285/516] 27.15ns
:7  %tmp = urem i512 %cyper, %key_read


 <State 234>: 27.15ns
ST_234: tmp [284/516] 27.15ns
:7  %tmp = urem i512 %cyper, %key_read


 <State 235>: 27.15ns
ST_235: tmp [283/516] 27.15ns
:7  %tmp = urem i512 %cyper, %key_read


 <State 236>: 27.15ns
ST_236: tmp [282/516] 27.15ns
:7  %tmp = urem i512 %cyper, %key_read


 <State 237>: 27.15ns
ST_237: tmp [281/516] 27.15ns
:7  %tmp = urem i512 %cyper, %key_read


 <State 238>: 27.15ns
ST_238: tmp [280/516] 27.15ns
:7  %tmp = urem i512 %cyper, %key_read


 <State 239>: 27.15ns
ST_239: tmp [279/516] 27.15ns
:7  %tmp = urem i512 %cyper, %key_read


 <State 240>: 27.15ns
ST_240: tmp [278/516] 27.15ns
:7  %tmp = urem i512 %cyper, %key_read


 <State 241>: 27.15ns
ST_241: tmp [277/516] 27.15ns
:7  %tmp = urem i512 %cyper, %key_read


 <State 242>: 27.15ns
ST_242: tmp [276/516] 27.15ns
:7  %tmp = urem i512 %cyper, %key_read


 <State 243>: 27.15ns
ST_243: tmp [275/516] 27.15ns
:7  %tmp = urem i512 %cyper, %key_read


 <State 244>: 27.15ns
ST_244: tmp [274/516] 27.15ns
:7  %tmp = urem i512 %cyper, %key_read


 <State 245>: 27.15ns
ST_245: tmp [273/516] 27.15ns
:7  %tmp = urem i512 %cyper, %key_read


 <State 246>: 27.15ns
ST_246: tmp [272/516] 27.15ns
:7  %tmp = urem i512 %cyper, %key_read


 <State 247>: 27.15ns
ST_247: tmp [271/516] 27.15ns
:7  %tmp = urem i512 %cyper, %key_read


 <State 248>: 27.15ns
ST_248: tmp [270/516] 27.15ns
:7  %tmp = urem i512 %cyper, %key_read


 <State 249>: 27.15ns
ST_249: tmp [269/516] 27.15ns
:7  %tmp = urem i512 %cyper, %key_read


 <State 250>: 27.15ns
ST_250: tmp [268/516] 27.15ns
:7  %tmp = urem i512 %cyper, %key_read


 <State 251>: 27.15ns
ST_251: tmp [267/516] 27.15ns
:7  %tmp = urem i512 %cyper, %key_read


 <State 252>: 27.15ns
ST_252: tmp [266/516] 27.15ns
:7  %tmp = urem i512 %cyper, %key_read


 <State 253>: 27.15ns
ST_253: tmp [265/516] 27.15ns
:7  %tmp = urem i512 %cyper, %key_read


 <State 254>: 27.15ns
ST_254: tmp [264/516] 27.15ns
:7  %tmp = urem i512 %cyper, %key_read


 <State 255>: 27.15ns
ST_255: tmp [263/516] 27.15ns
:7  %tmp = urem i512 %cyper, %key_read


 <State 256>: 27.15ns
ST_256: tmp [262/516] 27.15ns
:7  %tmp = urem i512 %cyper, %key_read


 <State 257>: 27.15ns
ST_257: tmp [261/516] 27.15ns
:7  %tmp = urem i512 %cyper, %key_read


 <State 258>: 27.15ns
ST_258: tmp [260/516] 27.15ns
:7  %tmp = urem i512 %cyper, %key_read


 <State 259>: 27.15ns
ST_259: tmp [259/516] 27.15ns
:7  %tmp = urem i512 %cyper, %key_read


 <State 260>: 27.15ns
ST_260: tmp [258/516] 27.15ns
:7  %tmp = urem i512 %cyper, %key_read


 <State 261>: 27.15ns
ST_261: tmp [257/516] 27.15ns
:7  %tmp = urem i512 %cyper, %key_read


 <State 262>: 27.15ns
ST_262: tmp [256/516] 27.15ns
:7  %tmp = urem i512 %cyper, %key_read


 <State 263>: 27.15ns
ST_263: tmp [255/516] 27.15ns
:7  %tmp = urem i512 %cyper, %key_read


 <State 264>: 27.15ns
ST_264: tmp [254/516] 27.15ns
:7  %tmp = urem i512 %cyper, %key_read


 <State 265>: 27.15ns
ST_265: tmp [253/516] 27.15ns
:7  %tmp = urem i512 %cyper, %key_read


 <State 266>: 27.15ns
ST_266: tmp [252/516] 27.15ns
:7  %tmp = urem i512 %cyper, %key_read


 <State 267>: 27.15ns
ST_267: tmp [251/516] 27.15ns
:7  %tmp = urem i512 %cyper, %key_read


 <State 268>: 27.15ns
ST_268: tmp [250/516] 27.15ns
:7  %tmp = urem i512 %cyper, %key_read


 <State 269>: 27.15ns
ST_269: tmp [249/516] 27.15ns
:7  %tmp = urem i512 %cyper, %key_read


 <State 270>: 27.15ns
ST_270: tmp [248/516] 27.15ns
:7  %tmp = urem i512 %cyper, %key_read


 <State 271>: 27.15ns
ST_271: tmp [247/516] 27.15ns
:7  %tmp = urem i512 %cyper, %key_read


 <State 272>: 27.15ns
ST_272: tmp [246/516] 27.15ns
:7  %tmp = urem i512 %cyper, %key_read


 <State 273>: 27.15ns
ST_273: tmp [245/516] 27.15ns
:7  %tmp = urem i512 %cyper, %key_read


 <State 274>: 27.15ns
ST_274: tmp [244/516] 27.15ns
:7  %tmp = urem i512 %cyper, %key_read


 <State 275>: 27.15ns
ST_275: tmp [243/516] 27.15ns
:7  %tmp = urem i512 %cyper, %key_read


 <State 276>: 27.15ns
ST_276: tmp [242/516] 27.15ns
:7  %tmp = urem i512 %cyper, %key_read


 <State 277>: 27.15ns
ST_277: tmp [241/516] 27.15ns
:7  %tmp = urem i512 %cyper, %key_read


 <State 278>: 27.15ns
ST_278: tmp [240/516] 27.15ns
:7  %tmp = urem i512 %cyper, %key_read


 <State 279>: 27.15ns
ST_279: tmp [239/516] 27.15ns
:7  %tmp = urem i512 %cyper, %key_read


 <State 280>: 27.15ns
ST_280: tmp [238/516] 27.15ns
:7  %tmp = urem i512 %cyper, %key_read


 <State 281>: 27.15ns
ST_281: tmp [237/516] 27.15ns
:7  %tmp = urem i512 %cyper, %key_read


 <State 282>: 27.15ns
ST_282: tmp [236/516] 27.15ns
:7  %tmp = urem i512 %cyper, %key_read


 <State 283>: 27.15ns
ST_283: tmp [235/516] 27.15ns
:7  %tmp = urem i512 %cyper, %key_read


 <State 284>: 27.15ns
ST_284: tmp [234/516] 27.15ns
:7  %tmp = urem i512 %cyper, %key_read


 <State 285>: 27.15ns
ST_285: tmp [233/516] 27.15ns
:7  %tmp = urem i512 %cyper, %key_read


 <State 286>: 27.15ns
ST_286: tmp [232/516] 27.15ns
:7  %tmp = urem i512 %cyper, %key_read


 <State 287>: 27.15ns
ST_287: tmp [231/516] 27.15ns
:7  %tmp = urem i512 %cyper, %key_read


 <State 288>: 27.15ns
ST_288: tmp [230/516] 27.15ns
:7  %tmp = urem i512 %cyper, %key_read


 <State 289>: 27.15ns
ST_289: tmp [229/516] 27.15ns
:7  %tmp = urem i512 %cyper, %key_read


 <State 290>: 27.15ns
ST_290: tmp [228/516] 27.15ns
:7  %tmp = urem i512 %cyper, %key_read


 <State 291>: 27.15ns
ST_291: tmp [227/516] 27.15ns
:7  %tmp = urem i512 %cyper, %key_read


 <State 292>: 27.15ns
ST_292: tmp [226/516] 27.15ns
:7  %tmp = urem i512 %cyper, %key_read


 <State 293>: 27.15ns
ST_293: tmp [225/516] 27.15ns
:7  %tmp = urem i512 %cyper, %key_read


 <State 294>: 27.15ns
ST_294: tmp [224/516] 27.15ns
:7  %tmp = urem i512 %cyper, %key_read


 <State 295>: 27.15ns
ST_295: tmp [223/516] 27.15ns
:7  %tmp = urem i512 %cyper, %key_read


 <State 296>: 27.15ns
ST_296: tmp [222/516] 27.15ns
:7  %tmp = urem i512 %cyper, %key_read


 <State 297>: 27.15ns
ST_297: tmp [221/516] 27.15ns
:7  %tmp = urem i512 %cyper, %key_read


 <State 298>: 27.15ns
ST_298: tmp [220/516] 27.15ns
:7  %tmp = urem i512 %cyper, %key_read


 <State 299>: 27.15ns
ST_299: tmp [219/516] 27.15ns
:7  %tmp = urem i512 %cyper, %key_read


 <State 300>: 27.15ns
ST_300: tmp [218/516] 27.15ns
:7  %tmp = urem i512 %cyper, %key_read


 <State 301>: 27.15ns
ST_301: tmp [217/516] 27.15ns
:7  %tmp = urem i512 %cyper, %key_read


 <State 302>: 27.15ns
ST_302: tmp [216/516] 27.15ns
:7  %tmp = urem i512 %cyper, %key_read


 <State 303>: 27.15ns
ST_303: tmp [215/516] 27.15ns
:7  %tmp = urem i512 %cyper, %key_read


 <State 304>: 27.15ns
ST_304: tmp [214/516] 27.15ns
:7  %tmp = urem i512 %cyper, %key_read


 <State 305>: 27.15ns
ST_305: tmp [213/516] 27.15ns
:7  %tmp = urem i512 %cyper, %key_read


 <State 306>: 27.15ns
ST_306: tmp [212/516] 27.15ns
:7  %tmp = urem i512 %cyper, %key_read


 <State 307>: 27.15ns
ST_307: tmp [211/516] 27.15ns
:7  %tmp = urem i512 %cyper, %key_read


 <State 308>: 27.15ns
ST_308: tmp [210/516] 27.15ns
:7  %tmp = urem i512 %cyper, %key_read


 <State 309>: 27.15ns
ST_309: tmp [209/516] 27.15ns
:7  %tmp = urem i512 %cyper, %key_read


 <State 310>: 27.15ns
ST_310: tmp [208/516] 27.15ns
:7  %tmp = urem i512 %cyper, %key_read


 <State 311>: 27.15ns
ST_311: tmp [207/516] 27.15ns
:7  %tmp = urem i512 %cyper, %key_read


 <State 312>: 27.15ns
ST_312: tmp [206/516] 27.15ns
:7  %tmp = urem i512 %cyper, %key_read


 <State 313>: 27.15ns
ST_313: tmp [205/516] 27.15ns
:7  %tmp = urem i512 %cyper, %key_read


 <State 314>: 27.15ns
ST_314: tmp [204/516] 27.15ns
:7  %tmp = urem i512 %cyper, %key_read


 <State 315>: 27.15ns
ST_315: tmp [203/516] 27.15ns
:7  %tmp = urem i512 %cyper, %key_read


 <State 316>: 27.15ns
ST_316: tmp [202/516] 27.15ns
:7  %tmp = urem i512 %cyper, %key_read


 <State 317>: 27.15ns
ST_317: tmp [201/516] 27.15ns
:7  %tmp = urem i512 %cyper, %key_read


 <State 318>: 27.15ns
ST_318: tmp [200/516] 27.15ns
:7  %tmp = urem i512 %cyper, %key_read


 <State 319>: 27.15ns
ST_319: tmp [199/516] 27.15ns
:7  %tmp = urem i512 %cyper, %key_read


 <State 320>: 27.15ns
ST_320: tmp [198/516] 27.15ns
:7  %tmp = urem i512 %cyper, %key_read


 <State 321>: 27.15ns
ST_321: tmp [197/516] 27.15ns
:7  %tmp = urem i512 %cyper, %key_read


 <State 322>: 27.15ns
ST_322: tmp [196/516] 27.15ns
:7  %tmp = urem i512 %cyper, %key_read


 <State 323>: 27.15ns
ST_323: tmp [195/516] 27.15ns
:7  %tmp = urem i512 %cyper, %key_read


 <State 324>: 27.15ns
ST_324: tmp [194/516] 27.15ns
:7  %tmp = urem i512 %cyper, %key_read


 <State 325>: 27.15ns
ST_325: tmp [193/516] 27.15ns
:7  %tmp = urem i512 %cyper, %key_read


 <State 326>: 27.15ns
ST_326: tmp [192/516] 27.15ns
:7  %tmp = urem i512 %cyper, %key_read


 <State 327>: 27.15ns
ST_327: tmp [191/516] 27.15ns
:7  %tmp = urem i512 %cyper, %key_read


 <State 328>: 27.15ns
ST_328: tmp [190/516] 27.15ns
:7  %tmp = urem i512 %cyper, %key_read


 <State 329>: 27.15ns
ST_329: tmp [189/516] 27.15ns
:7  %tmp = urem i512 %cyper, %key_read


 <State 330>: 27.15ns
ST_330: tmp [188/516] 27.15ns
:7  %tmp = urem i512 %cyper, %key_read


 <State 331>: 27.15ns
ST_331: tmp [187/516] 27.15ns
:7  %tmp = urem i512 %cyper, %key_read


 <State 332>: 27.15ns
ST_332: tmp [186/516] 27.15ns
:7  %tmp = urem i512 %cyper, %key_read


 <State 333>: 27.15ns
ST_333: tmp [185/516] 27.15ns
:7  %tmp = urem i512 %cyper, %key_read


 <State 334>: 27.15ns
ST_334: tmp [184/516] 27.15ns
:7  %tmp = urem i512 %cyper, %key_read


 <State 335>: 27.15ns
ST_335: tmp [183/516] 27.15ns
:7  %tmp = urem i512 %cyper, %key_read


 <State 336>: 27.15ns
ST_336: tmp [182/516] 27.15ns
:7  %tmp = urem i512 %cyper, %key_read


 <State 337>: 27.15ns
ST_337: tmp [181/516] 27.15ns
:7  %tmp = urem i512 %cyper, %key_read


 <State 338>: 27.15ns
ST_338: tmp [180/516] 27.15ns
:7  %tmp = urem i512 %cyper, %key_read


 <State 339>: 27.15ns
ST_339: tmp [179/516] 27.15ns
:7  %tmp = urem i512 %cyper, %key_read


 <State 340>: 27.15ns
ST_340: tmp [178/516] 27.15ns
:7  %tmp = urem i512 %cyper, %key_read


 <State 341>: 27.15ns
ST_341: tmp [177/516] 27.15ns
:7  %tmp = urem i512 %cyper, %key_read


 <State 342>: 27.15ns
ST_342: tmp [176/516] 27.15ns
:7  %tmp = urem i512 %cyper, %key_read


 <State 343>: 27.15ns
ST_343: tmp [175/516] 27.15ns
:7  %tmp = urem i512 %cyper, %key_read


 <State 344>: 27.15ns
ST_344: tmp [174/516] 27.15ns
:7  %tmp = urem i512 %cyper, %key_read


 <State 345>: 27.15ns
ST_345: tmp [173/516] 27.15ns
:7  %tmp = urem i512 %cyper, %key_read


 <State 346>: 27.15ns
ST_346: tmp [172/516] 27.15ns
:7  %tmp = urem i512 %cyper, %key_read


 <State 347>: 27.15ns
ST_347: tmp [171/516] 27.15ns
:7  %tmp = urem i512 %cyper, %key_read


 <State 348>: 27.15ns
ST_348: tmp [170/516] 27.15ns
:7  %tmp = urem i512 %cyper, %key_read


 <State 349>: 27.15ns
ST_349: tmp [169/516] 27.15ns
:7  %tmp = urem i512 %cyper, %key_read


 <State 350>: 27.15ns
ST_350: tmp [168/516] 27.15ns
:7  %tmp = urem i512 %cyper, %key_read


 <State 351>: 27.15ns
ST_351: tmp [167/516] 27.15ns
:7  %tmp = urem i512 %cyper, %key_read


 <State 352>: 27.15ns
ST_352: tmp [166/516] 27.15ns
:7  %tmp = urem i512 %cyper, %key_read


 <State 353>: 27.15ns
ST_353: tmp [165/516] 27.15ns
:7  %tmp = urem i512 %cyper, %key_read


 <State 354>: 27.15ns
ST_354: tmp [164/516] 27.15ns
:7  %tmp = urem i512 %cyper, %key_read


 <State 355>: 27.15ns
ST_355: tmp [163/516] 27.15ns
:7  %tmp = urem i512 %cyper, %key_read


 <State 356>: 27.15ns
ST_356: tmp [162/516] 27.15ns
:7  %tmp = urem i512 %cyper, %key_read


 <State 357>: 27.15ns
ST_357: tmp [161/516] 27.15ns
:7  %tmp = urem i512 %cyper, %key_read


 <State 358>: 27.15ns
ST_358: tmp [160/516] 27.15ns
:7  %tmp = urem i512 %cyper, %key_read


 <State 359>: 27.15ns
ST_359: tmp [159/516] 27.15ns
:7  %tmp = urem i512 %cyper, %key_read


 <State 360>: 27.15ns
ST_360: tmp [158/516] 27.15ns
:7  %tmp = urem i512 %cyper, %key_read


 <State 361>: 27.15ns
ST_361: tmp [157/516] 27.15ns
:7  %tmp = urem i512 %cyper, %key_read


 <State 362>: 27.15ns
ST_362: tmp [156/516] 27.15ns
:7  %tmp = urem i512 %cyper, %key_read


 <State 363>: 27.15ns
ST_363: tmp [155/516] 27.15ns
:7  %tmp = urem i512 %cyper, %key_read


 <State 364>: 27.15ns
ST_364: tmp [154/516] 27.15ns
:7  %tmp = urem i512 %cyper, %key_read


 <State 365>: 27.15ns
ST_365: tmp [153/516] 27.15ns
:7  %tmp = urem i512 %cyper, %key_read


 <State 366>: 27.15ns
ST_366: tmp [152/516] 27.15ns
:7  %tmp = urem i512 %cyper, %key_read


 <State 367>: 27.15ns
ST_367: tmp [151/516] 27.15ns
:7  %tmp = urem i512 %cyper, %key_read


 <State 368>: 27.15ns
ST_368: tmp [150/516] 27.15ns
:7  %tmp = urem i512 %cyper, %key_read


 <State 369>: 27.15ns
ST_369: tmp [149/516] 27.15ns
:7  %tmp = urem i512 %cyper, %key_read


 <State 370>: 27.15ns
ST_370: tmp [148/516] 27.15ns
:7  %tmp = urem i512 %cyper, %key_read


 <State 371>: 27.15ns
ST_371: tmp [147/516] 27.15ns
:7  %tmp = urem i512 %cyper, %key_read


 <State 372>: 27.15ns
ST_372: tmp [146/516] 27.15ns
:7  %tmp = urem i512 %cyper, %key_read


 <State 373>: 27.15ns
ST_373: tmp [145/516] 27.15ns
:7  %tmp = urem i512 %cyper, %key_read


 <State 374>: 27.15ns
ST_374: tmp [144/516] 27.15ns
:7  %tmp = urem i512 %cyper, %key_read


 <State 375>: 27.15ns
ST_375: tmp [143/516] 27.15ns
:7  %tmp = urem i512 %cyper, %key_read


 <State 376>: 27.15ns
ST_376: tmp [142/516] 27.15ns
:7  %tmp = urem i512 %cyper, %key_read


 <State 377>: 27.15ns
ST_377: tmp [141/516] 27.15ns
:7  %tmp = urem i512 %cyper, %key_read


 <State 378>: 27.15ns
ST_378: tmp [140/516] 27.15ns
:7  %tmp = urem i512 %cyper, %key_read


 <State 379>: 27.15ns
ST_379: tmp [139/516] 27.15ns
:7  %tmp = urem i512 %cyper, %key_read


 <State 380>: 27.15ns
ST_380: tmp [138/516] 27.15ns
:7  %tmp = urem i512 %cyper, %key_read


 <State 381>: 27.15ns
ST_381: tmp [137/516] 27.15ns
:7  %tmp = urem i512 %cyper, %key_read


 <State 382>: 27.15ns
ST_382: tmp [136/516] 27.15ns
:7  %tmp = urem i512 %cyper, %key_read


 <State 383>: 27.15ns
ST_383: tmp [135/516] 27.15ns
:7  %tmp = urem i512 %cyper, %key_read


 <State 384>: 27.15ns
ST_384: tmp [134/516] 27.15ns
:7  %tmp = urem i512 %cyper, %key_read


 <State 385>: 27.15ns
ST_385: tmp [133/516] 27.15ns
:7  %tmp = urem i512 %cyper, %key_read


 <State 386>: 27.15ns
ST_386: tmp [132/516] 27.15ns
:7  %tmp = urem i512 %cyper, %key_read


 <State 387>: 27.15ns
ST_387: tmp [131/516] 27.15ns
:7  %tmp = urem i512 %cyper, %key_read


 <State 388>: 27.15ns
ST_388: tmp [130/516] 27.15ns
:7  %tmp = urem i512 %cyper, %key_read


 <State 389>: 27.15ns
ST_389: tmp [129/516] 27.15ns
:7  %tmp = urem i512 %cyper, %key_read


 <State 390>: 27.15ns
ST_390: tmp [128/516] 27.15ns
:7  %tmp = urem i512 %cyper, %key_read


 <State 391>: 27.15ns
ST_391: tmp [127/516] 27.15ns
:7  %tmp = urem i512 %cyper, %key_read


 <State 392>: 27.15ns
ST_392: tmp [126/516] 27.15ns
:7  %tmp = urem i512 %cyper, %key_read


 <State 393>: 27.15ns
ST_393: tmp [125/516] 27.15ns
:7  %tmp = urem i512 %cyper, %key_read


 <State 394>: 27.15ns
ST_394: tmp [124/516] 27.15ns
:7  %tmp = urem i512 %cyper, %key_read


 <State 395>: 27.15ns
ST_395: tmp [123/516] 27.15ns
:7  %tmp = urem i512 %cyper, %key_read


 <State 396>: 27.15ns
ST_396: tmp [122/516] 27.15ns
:7  %tmp = urem i512 %cyper, %key_read


 <State 397>: 27.15ns
ST_397: tmp [121/516] 27.15ns
:7  %tmp = urem i512 %cyper, %key_read


 <State 398>: 27.15ns
ST_398: tmp [120/516] 27.15ns
:7  %tmp = urem i512 %cyper, %key_read


 <State 399>: 27.15ns
ST_399: tmp [119/516] 27.15ns
:7  %tmp = urem i512 %cyper, %key_read


 <State 400>: 27.15ns
ST_400: tmp [118/516] 27.15ns
:7  %tmp = urem i512 %cyper, %key_read


 <State 401>: 27.15ns
ST_401: tmp [117/516] 27.15ns
:7  %tmp = urem i512 %cyper, %key_read


 <State 402>: 27.15ns
ST_402: tmp [116/516] 27.15ns
:7  %tmp = urem i512 %cyper, %key_read


 <State 403>: 27.15ns
ST_403: tmp [115/516] 27.15ns
:7  %tmp = urem i512 %cyper, %key_read


 <State 404>: 27.15ns
ST_404: tmp [114/516] 27.15ns
:7  %tmp = urem i512 %cyper, %key_read


 <State 405>: 27.15ns
ST_405: tmp [113/516] 27.15ns
:7  %tmp = urem i512 %cyper, %key_read


 <State 406>: 27.15ns
ST_406: tmp [112/516] 27.15ns
:7  %tmp = urem i512 %cyper, %key_read


 <State 407>: 27.15ns
ST_407: tmp [111/516] 27.15ns
:7  %tmp = urem i512 %cyper, %key_read


 <State 408>: 27.15ns
ST_408: tmp [110/516] 27.15ns
:7  %tmp = urem i512 %cyper, %key_read


 <State 409>: 27.15ns
ST_409: tmp [109/516] 27.15ns
:7  %tmp = urem i512 %cyper, %key_read


 <State 410>: 27.15ns
ST_410: tmp [108/516] 27.15ns
:7  %tmp = urem i512 %cyper, %key_read


 <State 411>: 27.15ns
ST_411: tmp [107/516] 27.15ns
:7  %tmp = urem i512 %cyper, %key_read


 <State 412>: 27.15ns
ST_412: tmp [106/516] 27.15ns
:7  %tmp = urem i512 %cyper, %key_read


 <State 413>: 27.15ns
ST_413: tmp [105/516] 27.15ns
:7  %tmp = urem i512 %cyper, %key_read


 <State 414>: 27.15ns
ST_414: tmp [104/516] 27.15ns
:7  %tmp = urem i512 %cyper, %key_read


 <State 415>: 27.15ns
ST_415: tmp [103/516] 27.15ns
:7  %tmp = urem i512 %cyper, %key_read


 <State 416>: 27.15ns
ST_416: tmp [102/516] 27.15ns
:7  %tmp = urem i512 %cyper, %key_read


 <State 417>: 27.15ns
ST_417: tmp [101/516] 27.15ns
:7  %tmp = urem i512 %cyper, %key_read


 <State 418>: 27.15ns
ST_418: tmp [100/516] 27.15ns
:7  %tmp = urem i512 %cyper, %key_read


 <State 419>: 27.15ns
ST_419: tmp [99/516] 27.15ns
:7  %tmp = urem i512 %cyper, %key_read


 <State 420>: 27.15ns
ST_420: tmp [98/516] 27.15ns
:7  %tmp = urem i512 %cyper, %key_read


 <State 421>: 27.15ns
ST_421: tmp [97/516] 27.15ns
:7  %tmp = urem i512 %cyper, %key_read


 <State 422>: 27.15ns
ST_422: tmp [96/516] 27.15ns
:7  %tmp = urem i512 %cyper, %key_read


 <State 423>: 27.15ns
ST_423: tmp [95/516] 27.15ns
:7  %tmp = urem i512 %cyper, %key_read


 <State 424>: 27.15ns
ST_424: tmp [94/516] 27.15ns
:7  %tmp = urem i512 %cyper, %key_read


 <State 425>: 27.15ns
ST_425: tmp [93/516] 27.15ns
:7  %tmp = urem i512 %cyper, %key_read


 <State 426>: 27.15ns
ST_426: tmp [92/516] 27.15ns
:7  %tmp = urem i512 %cyper, %key_read


 <State 427>: 27.15ns
ST_427: tmp [91/516] 27.15ns
:7  %tmp = urem i512 %cyper, %key_read


 <State 428>: 27.15ns
ST_428: tmp [90/516] 27.15ns
:7  %tmp = urem i512 %cyper, %key_read


 <State 429>: 27.15ns
ST_429: tmp [89/516] 27.15ns
:7  %tmp = urem i512 %cyper, %key_read


 <State 430>: 27.15ns
ST_430: tmp [88/516] 27.15ns
:7  %tmp = urem i512 %cyper, %key_read


 <State 431>: 27.15ns
ST_431: tmp [87/516] 27.15ns
:7  %tmp = urem i512 %cyper, %key_read


 <State 432>: 27.15ns
ST_432: tmp [86/516] 27.15ns
:7  %tmp = urem i512 %cyper, %key_read


 <State 433>: 27.15ns
ST_433: tmp [85/516] 27.15ns
:7  %tmp = urem i512 %cyper, %key_read


 <State 434>: 27.15ns
ST_434: tmp [84/516] 27.15ns
:7  %tmp = urem i512 %cyper, %key_read


 <State 435>: 27.15ns
ST_435: tmp [83/516] 27.15ns
:7  %tmp = urem i512 %cyper, %key_read


 <State 436>: 27.15ns
ST_436: tmp [82/516] 27.15ns
:7  %tmp = urem i512 %cyper, %key_read


 <State 437>: 27.15ns
ST_437: tmp [81/516] 27.15ns
:7  %tmp = urem i512 %cyper, %key_read


 <State 438>: 27.15ns
ST_438: tmp [80/516] 27.15ns
:7  %tmp = urem i512 %cyper, %key_read


 <State 439>: 27.15ns
ST_439: tmp [79/516] 27.15ns
:7  %tmp = urem i512 %cyper, %key_read


 <State 440>: 27.15ns
ST_440: tmp [78/516] 27.15ns
:7  %tmp = urem i512 %cyper, %key_read


 <State 441>: 27.15ns
ST_441: tmp [77/516] 27.15ns
:7  %tmp = urem i512 %cyper, %key_read


 <State 442>: 27.15ns
ST_442: tmp [76/516] 27.15ns
:7  %tmp = urem i512 %cyper, %key_read


 <State 443>: 27.15ns
ST_443: tmp [75/516] 27.15ns
:7  %tmp = urem i512 %cyper, %key_read


 <State 444>: 27.15ns
ST_444: tmp [74/516] 27.15ns
:7  %tmp = urem i512 %cyper, %key_read


 <State 445>: 27.15ns
ST_445: tmp [73/516] 27.15ns
:7  %tmp = urem i512 %cyper, %key_read


 <State 446>: 27.15ns
ST_446: tmp [72/516] 27.15ns
:7  %tmp = urem i512 %cyper, %key_read


 <State 447>: 27.15ns
ST_447: tmp [71/516] 27.15ns
:7  %tmp = urem i512 %cyper, %key_read


 <State 448>: 27.15ns
ST_448: tmp [70/516] 27.15ns
:7  %tmp = urem i512 %cyper, %key_read


 <State 449>: 27.15ns
ST_449: tmp [69/516] 27.15ns
:7  %tmp = urem i512 %cyper, %key_read


 <State 450>: 27.15ns
ST_450: tmp [68/516] 27.15ns
:7  %tmp = urem i512 %cyper, %key_read


 <State 451>: 27.15ns
ST_451: tmp [67/516] 27.15ns
:7  %tmp = urem i512 %cyper, %key_read


 <State 452>: 27.15ns
ST_452: tmp [66/516] 27.15ns
:7  %tmp = urem i512 %cyper, %key_read


 <State 453>: 27.15ns
ST_453: tmp [65/516] 27.15ns
:7  %tmp = urem i512 %cyper, %key_read


 <State 454>: 27.15ns
ST_454: tmp [64/516] 27.15ns
:7  %tmp = urem i512 %cyper, %key_read


 <State 455>: 27.15ns
ST_455: tmp [63/516] 27.15ns
:7  %tmp = urem i512 %cyper, %key_read


 <State 456>: 27.15ns
ST_456: tmp [62/516] 27.15ns
:7  %tmp = urem i512 %cyper, %key_read


 <State 457>: 27.15ns
ST_457: tmp [61/516] 27.15ns
:7  %tmp = urem i512 %cyper, %key_read


 <State 458>: 27.15ns
ST_458: tmp [60/516] 27.15ns
:7  %tmp = urem i512 %cyper, %key_read


 <State 459>: 27.15ns
ST_459: tmp [59/516] 27.15ns
:7  %tmp = urem i512 %cyper, %key_read


 <State 460>: 27.15ns
ST_460: tmp [58/516] 27.15ns
:7  %tmp = urem i512 %cyper, %key_read


 <State 461>: 27.15ns
ST_461: tmp [57/516] 27.15ns
:7  %tmp = urem i512 %cyper, %key_read


 <State 462>: 27.15ns
ST_462: tmp [56/516] 27.15ns
:7  %tmp = urem i512 %cyper, %key_read


 <State 463>: 27.15ns
ST_463: tmp [55/516] 27.15ns
:7  %tmp = urem i512 %cyper, %key_read


 <State 464>: 27.15ns
ST_464: tmp [54/516] 27.15ns
:7  %tmp = urem i512 %cyper, %key_read


 <State 465>: 27.15ns
ST_465: tmp [53/516] 27.15ns
:7  %tmp = urem i512 %cyper, %key_read


 <State 466>: 27.15ns
ST_466: tmp [52/516] 27.15ns
:7  %tmp = urem i512 %cyper, %key_read


 <State 467>: 27.15ns
ST_467: tmp [51/516] 27.15ns
:7  %tmp = urem i512 %cyper, %key_read


 <State 468>: 27.15ns
ST_468: tmp [50/516] 27.15ns
:7  %tmp = urem i512 %cyper, %key_read


 <State 469>: 27.15ns
ST_469: tmp [49/516] 27.15ns
:7  %tmp = urem i512 %cyper, %key_read


 <State 470>: 27.15ns
ST_470: tmp [48/516] 27.15ns
:7  %tmp = urem i512 %cyper, %key_read


 <State 471>: 27.15ns
ST_471: tmp [47/516] 27.15ns
:7  %tmp = urem i512 %cyper, %key_read


 <State 472>: 27.15ns
ST_472: tmp [46/516] 27.15ns
:7  %tmp = urem i512 %cyper, %key_read


 <State 473>: 27.15ns
ST_473: tmp [45/516] 27.15ns
:7  %tmp = urem i512 %cyper, %key_read


 <State 474>: 27.15ns
ST_474: tmp [44/516] 27.15ns
:7  %tmp = urem i512 %cyper, %key_read


 <State 475>: 27.15ns
ST_475: tmp [43/516] 27.15ns
:7  %tmp = urem i512 %cyper, %key_read


 <State 476>: 27.15ns
ST_476: tmp [42/516] 27.15ns
:7  %tmp = urem i512 %cyper, %key_read


 <State 477>: 27.15ns
ST_477: tmp [41/516] 27.15ns
:7  %tmp = urem i512 %cyper, %key_read


 <State 478>: 27.15ns
ST_478: tmp [40/516] 27.15ns
:7  %tmp = urem i512 %cyper, %key_read


 <State 479>: 27.15ns
ST_479: tmp [39/516] 27.15ns
:7  %tmp = urem i512 %cyper, %key_read


 <State 480>: 27.15ns
ST_480: tmp [38/516] 27.15ns
:7  %tmp = urem i512 %cyper, %key_read


 <State 481>: 27.15ns
ST_481: tmp [37/516] 27.15ns
:7  %tmp = urem i512 %cyper, %key_read


 <State 482>: 27.15ns
ST_482: tmp [36/516] 27.15ns
:7  %tmp = urem i512 %cyper, %key_read


 <State 483>: 27.15ns
ST_483: tmp [35/516] 27.15ns
:7  %tmp = urem i512 %cyper, %key_read


 <State 484>: 27.15ns
ST_484: tmp [34/516] 27.15ns
:7  %tmp = urem i512 %cyper, %key_read


 <State 485>: 27.15ns
ST_485: tmp [33/516] 27.15ns
:7  %tmp = urem i512 %cyper, %key_read


 <State 486>: 27.15ns
ST_486: tmp [32/516] 27.15ns
:7  %tmp = urem i512 %cyper, %key_read


 <State 487>: 27.15ns
ST_487: tmp [31/516] 27.15ns
:7  %tmp = urem i512 %cyper, %key_read


 <State 488>: 27.15ns
ST_488: tmp [30/516] 27.15ns
:7  %tmp = urem i512 %cyper, %key_read


 <State 489>: 27.15ns
ST_489: tmp [29/516] 27.15ns
:7  %tmp = urem i512 %cyper, %key_read


 <State 490>: 27.15ns
ST_490: tmp [28/516] 27.15ns
:7  %tmp = urem i512 %cyper, %key_read


 <State 491>: 27.15ns
ST_491: tmp [27/516] 27.15ns
:7  %tmp = urem i512 %cyper, %key_read


 <State 492>: 27.15ns
ST_492: tmp [26/516] 27.15ns
:7  %tmp = urem i512 %cyper, %key_read


 <State 493>: 27.15ns
ST_493: tmp [25/516] 27.15ns
:7  %tmp = urem i512 %cyper, %key_read


 <State 494>: 27.15ns
ST_494: tmp [24/516] 27.15ns
:7  %tmp = urem i512 %cyper, %key_read


 <State 495>: 27.15ns
ST_495: tmp [23/516] 27.15ns
:7  %tmp = urem i512 %cyper, %key_read


 <State 496>: 27.15ns
ST_496: tmp [22/516] 27.15ns
:7  %tmp = urem i512 %cyper, %key_read


 <State 497>: 27.15ns
ST_497: tmp [21/516] 27.15ns
:7  %tmp = urem i512 %cyper, %key_read


 <State 498>: 27.15ns
ST_498: tmp [20/516] 27.15ns
:7  %tmp = urem i512 %cyper, %key_read


 <State 499>: 27.15ns
ST_499: tmp [19/516] 27.15ns
:7  %tmp = urem i512 %cyper, %key_read


 <State 500>: 27.15ns
ST_500: tmp [18/516] 27.15ns
:7  %tmp = urem i512 %cyper, %key_read


 <State 501>: 27.15ns
ST_501: tmp [17/516] 27.15ns
:7  %tmp = urem i512 %cyper, %key_read


 <State 502>: 27.15ns
ST_502: tmp [16/516] 27.15ns
:7  %tmp = urem i512 %cyper, %key_read


 <State 503>: 27.15ns
ST_503: tmp [15/516] 27.15ns
:7  %tmp = urem i512 %cyper, %key_read


 <State 504>: 27.15ns
ST_504: tmp [14/516] 27.15ns
:7  %tmp = urem i512 %cyper, %key_read


 <State 505>: 27.15ns
ST_505: tmp [13/516] 27.15ns
:7  %tmp = urem i512 %cyper, %key_read


 <State 506>: 27.15ns
ST_506: tmp [12/516] 27.15ns
:7  %tmp = urem i512 %cyper, %key_read


 <State 507>: 27.15ns
ST_507: tmp [11/516] 27.15ns
:7  %tmp = urem i512 %cyper, %key_read


 <State 508>: 27.15ns
ST_508: tmp [10/516] 27.15ns
:7  %tmp = urem i512 %cyper, %key_read


 <State 509>: 27.15ns
ST_509: tmp [9/516] 27.15ns
:7  %tmp = urem i512 %cyper, %key_read


 <State 510>: 27.15ns
ST_510: tmp [8/516] 27.15ns
:7  %tmp = urem i512 %cyper, %key_read


 <State 511>: 27.15ns
ST_511: tmp [7/516] 27.15ns
:7  %tmp = urem i512 %cyper, %key_read


 <State 512>: 27.15ns
ST_512: tmp [6/516] 27.15ns
:7  %tmp = urem i512 %cyper, %key_read


 <State 513>: 27.15ns
ST_513: tmp [5/516] 27.15ns
:7  %tmp = urem i512 %cyper, %key_read


 <State 514>: 27.15ns
ST_514: tmp [4/516] 27.15ns
:7  %tmp = urem i512 %cyper, %key_read


 <State 515>: 27.15ns
ST_515: tmp [3/516] 27.15ns
:7  %tmp = urem i512 %cyper, %key_read


 <State 516>: 27.15ns
ST_516: tmp [2/516] 27.15ns
:7  %tmp = urem i512 %cyper, %key_read


 <State 517>: 27.15ns
ST_517: stg_1036 [1/1] 0.00ns
:0  call void (...)* @_ssdm_op_SpecBitsMap(i512 %key) nounwind, !map !7

ST_517: stg_1037 [1/1] 0.00ns
:1  call void (...)* @_ssdm_op_SpecBitsMap(i512 %exponent) nounwind, !map !13

ST_517: stg_1038 [1/1] 0.00ns
:2  call void (...)* @_ssdm_op_SpecBitsMap(i512 0) nounwind, !map !17

ST_517: stg_1039 [1/1] 0.00ns
:3  call void (...)* @_ssdm_op_SpecTopModule([8 x i8]* @encrypt_str) nounwind

ST_517: tmp [1/516] 27.15ns
:7  %tmp = urem i512 %cyper, %key_read

ST_517: stg_1041 [1/1] 0.00ns
:8  ret i512 %tmp



============================================================
+ Verbose Summary: Binding
============================================================
STG Binding: 
---------------- STG Properties BEGIN ----------------
- Is combinational: 0
- Is one-state seq: 0
- Is datapath-only: 0
- Is clock enabled: 0
- Is pipelined: 0
- Is top level: 1
Port [ Return ] is wired: 1; IO mode=ap_ctrl_hs:ce=0
Port [ key]:  wired=1; compound=0; hidden=0; nouse=0; global=0; static=0; extern=0; dir=0; type=0; pingpong=0; private_global=0; IO mode=ap_none:ce=0
Port [ exponent]:  wired=1; compound=0; hidden=0; nouse=0; global=0; static=0; extern=0; dir=0; type=0; pingpong=0; private_global=0; IO mode=ap_none:ce=0
---------------- STG Properties END ------------------

---------------- Datapath Model BEGIN ----------------

<LifeTime>
<method=bitvector/>
exponent_read (read         ) [ 00000000000000000000000000000000000000000000000000000000000000000000000000000000000000000000000000000000000000000000000000000000000000000000000000000000000000000000000000000000000000000000000000000000000000000000000000000000000000000000000000000000000000000000000000000000000000000000000000000000000000000000000000000000000000000000000000000000000000000000000000000000000000000000000000000000000000000000000000000000000000000000000000000000000000000000000000000000000000000000000000000000000000000000000000000000000000]
cyper         (xor          ) [ 00111111111111111111111111111111111111111111111111111111111111111111111111111111111111111111111111111111111111111111111111111111111111111111111111111111111111111111111111111111111111111111111111111111111111111111111111111111111111111111111111111111111111111111111111111111111111111111111111111111111111111111111111111111111111111111111111111111111111111111111111111111111111111111111111111111111111111111111111111111111111111111111111111111111111111111111111111111111111111111111111111111111111111111111111111111111111]
key_read      (read         ) [ 00011111111111111111111111111111111111111111111111111111111111111111111111111111111111111111111111111111111111111111111111111111111111111111111111111111111111111111111111111111111111111111111111111111111111111111111111111111111111111111111111111111111111111111111111111111111111111111111111111111111111111111111111111111111111111111111111111111111111111111111111111111111111111111111111111111111111111111111111111111111111111111111111111111111111111111111111111111111111111111111111111111111111111111111111111111111111]
stg_1036      (specbitsmap  ) [ 00000000000000000000000000000000000000000000000000000000000000000000000000000000000000000000000000000000000000000000000000000000000000000000000000000000000000000000000000000000000000000000000000000000000000000000000000000000000000000000000000000000000000000000000000000000000000000000000000000000000000000000000000000000000000000000000000000000000000000000000000000000000000000000000000000000000000000000000000000000000000000000000000000000000000000000000000000000000000000000000000000000000000000000000000000000000000]
stg_1037      (specbitsmap  ) [ 00000000000000000000000000000000000000000000000000000000000000000000000000000000000000000000000000000000000000000000000000000000000000000000000000000000000000000000000000000000000000000000000000000000000000000000000000000000000000000000000000000000000000000000000000000000000000000000000000000000000000000000000000000000000000000000000000000000000000000000000000000000000000000000000000000000000000000000000000000000000000000000000000000000000000000000000000000000000000000000000000000000000000000000000000000000000000]
stg_1038      (specbitsmap  ) [ 00000000000000000000000000000000000000000000000000000000000000000000000000000000000000000000000000000000000000000000000000000000000000000000000000000000000000000000000000000000000000000000000000000000000000000000000000000000000000000000000000000000000000000000000000000000000000000000000000000000000000000000000000000000000000000000000000000000000000000000000000000000000000000000000000000000000000000000000000000000000000000000000000000000000000000000000000000000000000000000000000000000000000000000000000000000000000]
stg_1039      (spectopmodule) [ 00000000000000000000000000000000000000000000000000000000000000000000000000000000000000000000000000000000000000000000000000000000000000000000000000000000000000000000000000000000000000000000000000000000000000000000000000000000000000000000000000000000000000000000000000000000000000000000000000000000000000000000000000000000000000000000000000000000000000000000000000000000000000000000000000000000000000000000000000000000000000000000000000000000000000000000000000000000000000000000000000000000000000000000000000000000000000]
tmp           (urem         ) [ 00000000000000000000000000000000000000000000000000000000000000000000000000000000000000000000000000000000000000000000000000000000000000000000000000000000000000000000000000000000000000000000000000000000000000000000000000000000000000000000000000000000000000000000000000000000000000000000000000000000000000000000000000000000000000000000000000000000000000000000000000000000000000000000000000000000000000000000000000000000000000000000000000000000000000000000000000000000000000000000000000000000000000000000000000000000000000]
stg_1041      (ret          ) [ 00000000000000000000000000000000000000000000000000000000000000000000000000000000000000000000000000000000000000000000000000000000000000000000000000000000000000000000000000000000000000000000000000000000000000000000000000000000000000000000000000000000000000000000000000000000000000000000000000000000000000000000000000000000000000000000000000000000000000000000000000000000000000000000000000000000000000000000000000000000000000000000000000000000000000000000000000000000000000000000000000000000000000000000000000000000000000]
</LifeTime>

<model>

<comp_list>
<comp id="0" class="1000" name="key">
<pin_list>
<pin id="1" dir="1" index="0" bw="1" slack="0"/>
</pin_list>
<bind>
<StgValue><ssdm name="key"/></StgValue>
</bind>
</comp>

<comp id="2" class="1000" name="exponent">
<pin_list>
<pin id="3" dir="1" index="0" bw="1" slack="0"/>
</pin_list>
<bind>
<StgValue><ssdm name="exponent"/></StgValue>
</bind>
</comp>

<comp id="4" class="1001" name="const_4">
<pin_list>
<pin id="5" dir="1" index="0" bw="1" slack="0"/>
</pin_list>
<bind>
<StgValue><ssdm name="_ssdm_op_Read.ap_auto.i512"/></StgValue>
</bind>
</comp>

<comp id="6" class="1001" name="const_6">
<pin_list>
<pin id="7" dir="1" index="0" bw="1" slack="0"/>
</pin_list>
<bind>
<StgValue><ssdm name=""/></StgValue>
</bind>
</comp>

<comp id="8" class="1001" name="const_8">
<pin_list>
<pin id="9" dir="1" index="0" bw="1" slack="2147483647"/>
</pin_list>
<bind>
<StgValue><ssdm name="_ssdm_op_SpecBitsMap"/></StgValue>
</bind>
</comp>

<comp id="10" class="1001" name="const_10">
<pin_list>
<pin id="11" dir="1" index="0" bw="1" slack="2147483647"/>
</pin_list>
<bind>
<StgValue><ssdm name=""/></StgValue>
</bind>
</comp>

<comp id="12" class="1001" name="const_12">
<pin_list>
<pin id="13" dir="1" index="0" bw="1" slack="2147483647"/>
</pin_list>
<bind>
<StgValue><ssdm name="_ssdm_op_SpecTopModule"/></StgValue>
</bind>
</comp>

<comp id="14" class="1001" name="const_14">
<pin_list>
<pin id="15" dir="1" index="0" bw="1" slack="2147483647"/>
</pin_list>
<bind>
<StgValue><ssdm name="encrypt_str"/></StgValue>
</bind>
</comp>

<comp id="16" class="1004" name="exponent_read_read_fu_16">
<pin_list>
<pin id="17" dir="0" index="0" bw="512" slack="0"/>
<pin id="18" dir="0" index="1" bw="512" slack="0"/>
<pin id="19" dir="1" index="2" bw="512" slack="0"/>
</pin_list>
<bind>
<opcode="read(1150) " fcode="read"/>
<opset="exponent_read/1 "/>
</bind>
</comp>

<comp id="22" class="1004" name="key_read_read_fu_22">
<pin_list>
<pin id="23" dir="0" index="0" bw="512" slack="0"/>
<pin id="24" dir="0" index="1" bw="512" slack="0"/>
<pin id="25" dir="1" index="2" bw="512" slack="0"/>
</pin_list>
<bind>
<opcode="read(1150) " fcode="read"/>
<opset="key_read/2 "/>
</bind>
</comp>

<comp id="28" class="1004" name="cyper_fu_28">
<pin_list>
<pin id="29" dir="0" index="0" bw="512" slack="0"/>
<pin id="30" dir="0" index="1" bw="512" slack="0"/>
<pin id="31" dir="1" index="2" bw="512" slack="1"/>
</pin_list>
<bind>
<opcode="xor(25) " fcode="xor"/>
<opset="cyper/1 "/>
</bind>
</comp>

<comp id="34" class="1004" name="grp_fu_34">
<pin_list>
<pin id="35" dir="0" index="0" bw="512" slack="1"/>
<pin id="36" dir="0" index="1" bw="512" slack="0"/>
<pin id="37" dir="1" index="2" bw="512" slack="2147483647"/>
</pin_list>
<bind>
<opcode="urem(17) " fcode="urem"/>
<opset="tmp/2 "/>
</bind>
</comp>

<comp id="39" class="1005" name="cyper_reg_39">
<pin_list>
<pin id="40" dir="0" index="0" bw="512" slack="1"/>
<pin id="41" dir="1" index="1" bw="512" slack="1"/>
</pin_list>
<bind>
<opset="cyper "/>
</bind>
</comp>

<comp id="44" class="1005" name="key_read_reg_44">
<pin_list>
<pin id="45" dir="0" index="0" bw="512" slack="1"/>
<pin id="46" dir="1" index="1" bw="512" slack="1"/>
</pin_list>
<bind>
<opset="key_read "/>
</bind>
</comp>

</comp_list>

<net_list>
<net id="20"><net_src comp="4" pin="0"/><net_sink comp="16" pin=0"/></net>

<net id="21"><net_src comp="2" pin="0"/><net_sink comp="16" pin=1"/></net>

<net id="26"><net_src comp="4" pin="0"/><net_sink comp="22" pin=0"/></net>

<net id="27"><net_src comp="0" pin="0"/><net_sink comp="22" pin=1"/></net>

<net id="32"><net_src comp="16" pin="2"/><net_sink comp="28" pin=0"/></net>

<net id="33"><net_src comp="6" pin="0"/><net_sink comp="28" pin=1"/></net>

<net id="38"><net_src comp="22" pin="2"/><net_sink comp="34" pin=1"/></net>

<net id="42"><net_src comp="28" pin="2"/><net_sink comp="39" pin=0"/></net>

<net id="43"><net_src comp="39" pin="1"/><net_sink comp="34" pin=0"/></net>

<net id="47"><net_src comp="22" pin="2"/><net_sink comp="44" pin=0"/></net>

<net id="48"><net_src comp="44" pin="1"/><net_sink comp="34" pin=1"/></net>

</net_list>

</model> 
---------------- Datapath Model END ------------------

* FSMD analyzer results:
  - Output states:
 - Input state : 
	Port: encrypt : key | {2 }
	Port: encrypt : exponent | {1 }
  - Chain level:
	State 1
	State 2
	State 3
	State 4
	State 5
	State 6
	State 7
	State 8
	State 9
	State 10
	State 11
	State 12
	State 13
	State 14
	State 15
	State 16
	State 17
	State 18
	State 19
	State 20
	State 21
	State 22
	State 23
	State 24
	State 25
	State 26
	State 27
	State 28
	State 29
	State 30
	State 31
	State 32
	State 33
	State 34
	State 35
	State 36
	State 37
	State 38
	State 39
	State 40
	State 41
	State 42
	State 43
	State 44
	State 45
	State 46
	State 47
	State 48
	State 49
	State 50
	State 51
	State 52
	State 53
	State 54
	State 55
	State 56
	State 57
	State 58
	State 59
	State 60
	State 61
	State 62
	State 63
	State 64
	State 65
	State 66
	State 67
	State 68
	State 69
	State 70
	State 71
	State 72
	State 73
	State 74
	State 75
	State 76
	State 77
	State 78
	State 79
	State 80
	State 81
	State 82
	State 83
	State 84
	State 85
	State 86
	State 87
	State 88
	State 89
	State 90
	State 91
	State 92
	State 93
	State 94
	State 95
	State 96
	State 97
	State 98
	State 99
	State 100
	State 101
	State 102
	State 103
	State 104
	State 105
	State 106
	State 107
	State 108
	State 109
	State 110
	State 111
	State 112
	State 113
	State 114
	State 115
	State 116
	State 117
	State 118
	State 119
	State 120
	State 121
	State 122
	State 123
	State 124
	State 125
	State 126
	State 127
	State 128
	State 129
	State 130
	State 131
	State 132
	State 133
	State 134
	State 135
	State 136
	State 137
	State 138
	State 139
	State 140
	State 141
	State 142
	State 143
	State 144
	State 145
	State 146
	State 147
	State 148
	State 149
	State 150
	State 151
	State 152
	State 153
	State 154
	State 155
	State 156
	State 157
	State 158
	State 159
	State 160
	State 161
	State 162
	State 163
	State 164
	State 165
	State 166
	State 167
	State 168
	State 169
	State 170
	State 171
	State 172
	State 173
	State 174
	State 175
	State 176
	State 177
	State 178
	State 179
	State 180
	State 181
	State 182
	State 183
	State 184
	State 185
	State 186
	State 187
	State 188
	State 189
	State 190
	State 191
	State 192
	State 193
	State 194
	State 195
	State 196
	State 197
	State 198
	State 199
	State 200
	State 201
	State 202
	State 203
	State 204
	State 205
	State 206
	State 207
	State 208
	State 209
	State 210
	State 211
	State 212
	State 213
	State 214
	State 215
	State 216
	State 217
	State 218
	State 219
	State 220
	State 221
	State 222
	State 223
	State 224
	State 225
	State 226
	State 227
	State 228
	State 229
	State 230
	State 231
	State 232
	State 233
	State 234
	State 235
	State 236
	State 237
	State 238
	State 239
	State 240
	State 241
	State 242
	State 243
	State 244
	State 245
	State 246
	State 247
	State 248
	State 249
	State 250
	State 251
	State 252
	State 253
	State 254
	State 255
	State 256
	State 257
	State 258
	State 259
	State 260
	State 261
	State 262
	State 263
	State 264
	State 265
	State 266
	State 267
	State 268
	State 269
	State 270
	State 271
	State 272
	State 273
	State 274
	State 275
	State 276
	State 277
	State 278
	State 279
	State 280
	State 281
	State 282
	State 283
	State 284
	State 285
	State 286
	State 287
	State 288
	State 289
	State 290
	State 291
	State 292
	State 293
	State 294
	State 295
	State 296
	State 297
	State 298
	State 299
	State 300
	State 301
	State 302
	State 303
	State 304
	State 305
	State 306
	State 307
	State 308
	State 309
	State 310
	State 311
	State 312
	State 313
	State 314
	State 315
	State 316
	State 317
	State 318
	State 319
	State 320
	State 321
	State 322
	State 323
	State 324
	State 325
	State 326
	State 327
	State 328
	State 329
	State 330
	State 331
	State 332
	State 333
	State 334
	State 335
	State 336
	State 337
	State 338
	State 339
	State 340
	State 341
	State 342
	State 343
	State 344
	State 345
	State 346
	State 347
	State 348
	State 349
	State 350
	State 351
	State 352
	State 353
	State 354
	State 355
	State 356
	State 357
	State 358
	State 359
	State 360
	State 361
	State 362
	State 363
	State 364
	State 365
	State 366
	State 367
	State 368
	State 369
	State 370
	State 371
	State 372
	State 373
	State 374
	State 375
	State 376
	State 377
	State 378
	State 379
	State 380
	State 381
	State 382
	State 383
	State 384
	State 385
	State 386
	State 387
	State 388
	State 389
	State 390
	State 391
	State 392
	State 393
	State 394
	State 395
	State 396
	State 397
	State 398
	State 399
	State 400
	State 401
	State 402
	State 403
	State 404
	State 405
	State 406
	State 407
	State 408
	State 409
	State 410
	State 411
	State 412
	State 413
	State 414
	State 415
	State 416
	State 417
	State 418
	State 419
	State 420
	State 421
	State 422
	State 423
	State 424
	State 425
	State 426
	State 427
	State 428
	State 429
	State 430
	State 431
	State 432
	State 433
	State 434
	State 435
	State 436
	State 437
	State 438
	State 439
	State 440
	State 441
	State 442
	State 443
	State 444
	State 445
	State 446
	State 447
	State 448
	State 449
	State 450
	State 451
	State 452
	State 453
	State 454
	State 455
	State 456
	State 457
	State 458
	State 459
	State 460
	State 461
	State 462
	State 463
	State 464
	State 465
	State 466
	State 467
	State 468
	State 469
	State 470
	State 471
	State 472
	State 473
	State 474
	State 475
	State 476
	State 477
	State 478
	State 479
	State 480
	State 481
	State 482
	State 483
	State 484
	State 485
	State 486
	State 487
	State 488
	State 489
	State 490
	State 491
	State 492
	State 493
	State 494
	State 495
	State 496
	State 497
	State 498
	State 499
	State 500
	State 501
	State 502
	State 503
	State 504
	State 505
	State 506
	State 507
	State 508
	State 509
	State 510
	State 511
	State 512
	State 513
	State 514
	State 515
	State 516
	State 517
		stg_1041 : 1


============================================================
+ Verbose Summary: Datapath Resource usage 
============================================================

* Functional unit list:
|----------|--------------------------|---------|---------|
| Operation|      Functional Unit     |    FF   |   LUT   |
|----------|--------------------------|---------|---------|
|   urem   |         grp_fu_34        |  512000 |  512000 |
|----------|--------------------------|---------|---------|
|    xor   |        cyper_fu_28       |    0    |   794   |
|----------|--------------------------|---------|---------|
|   read   | exponent_read_read_fu_16 |    0    |    0    |
|          |    key_read_read_fu_22   |    0    |    0    |
|----------|--------------------------|---------|---------|
|   Total  |                          |  512000 |  512794 |
|----------|--------------------------|---------|---------|

Memories:
N/A

* Register list:
+---------------+--------+
|               |   FF   |
+---------------+--------+
|  cyper_reg_39 |   512  |
|key_read_reg_44|   512  |
+---------------+--------+
|     Total     |  1024  |
+---------------+--------+

* Multiplexer (MUX) list: 
|-----------|------|------|------|--------||---------||---------|
|    Comp   |  Pin | Size |  BW  | S x BW ||  Delay  ||   LUT   |
|-----------|------|------|------|--------||---------||---------|
| grp_fu_34 |  p1  |   2  |  512 |  1024  ||   512   |
|-----------|------|------|------|--------||---------||---------|
|   Total   |      |      |      |  1024  ||  1.571  ||   512   |
|-----------|------|------|------|--------||---------||---------|



* Summary:
+-----------+--------+--------+--------+
|           |  Delay |   FF   |   LUT  |
+-----------+--------+--------+--------+
|  Function |    -   | 512000 | 512794 |
|   Memory  |    -   |    -   |    -   |
|Multiplexer|    1   |    -   |   512  |
|  Register |    -   |  1024  |    -   |
+-----------+--------+--------+--------+
|   Total   |    1   | 513024 | 513306 |
+-----------+--------+--------+--------+
