14:36:04 INFO  : Launching XSDB server: xsdb -n -interactive /home/jlim/Documents/school/DLA/source/fw/rsa2048/rsa2048.sdk/temp_xsdb_launch_script.tcl
14:36:09 INFO  : XSDB server has started successfully.
14:36:16 INFO  : Restoring global repository preferences: 
		 /home/jlim/Documents/Xilinx/device-tree-xlnx
		 /home/jlim/Documents/Xilinx/dtc
14:36:16 INFO  : Processing command line option -hwspec /home/jlim/Documents/school/DLA/source/fw/rsa2048/rsa2048.sdk/top.hdf.
14:37:18 INFO  : Launching XSDB server: xsdb -n -interactive /home/jlim/Documents/school/DLA/source/fw/rsa2048/rsa2048.sdk/temp_xsdb_launch_script.tcl
14:37:19 INFO  : XSDB server has started successfully.
14:37:19 INFO  : Restoring global repository preferences: 
		 /home/jlim/Documents/Xilinx/device-tree-xlnx
		 /home/jlim/Documents/Xilinx/dtc
14:37:20 INFO  : Processing command line option -hwspec /home/jlim/Documents/school/DLA/source/fw/rsa2048/rsa2048.sdk/top.hdf.
14:41:01 INFO  : Refreshed build settings on project FSBL
14:41:42 INFO  : Invoking Bootgen: bootgen -image output.bif -arch zynq -o /home/jlim/Documents/school/DLA/source/bootimage/BOOT.bin -w on
14:41:42 INFO  : Overwriting existing bif file /home/jlim/Documents/school/DLA/source/bootimage/output.bif
14:41:42 INFO  : Bootgen command execution is done.
14:51:04 INFO  : Invoking Bootgen: bootgen -image output.bif -arch zynq -o /home/jlim/Documents/school/DLA/source/bootimage/BOOT.bin -w on
14:51:04 INFO  : Overwriting existing bif file /home/jlim/Documents/school/DLA/source/bootimage/output.bif
14:51:05 INFO  : Bootgen command execution is done.
15:05:14 INFO  : Launching XSDB server: xsdb -n -interactive /home/jlim/Documents/school/DLA/source/fw/rsa2048/rsa2048.sdk/temp_xsdb_launch_script.tcl
15:05:15 INFO  : XSDB server has started successfully.
15:05:15 INFO  : Restoring global repository preferences: 
		 /home/jlim/Documents/Xilinx/device-tree-xlnx
		 /home/jlim/Documents/Xilinx/dtc
15:05:15 INFO  : Processing command line option -hwspec /home/jlim/Documents/school/DLA/source/fw/rsa2048/rsa2048.sdk/top.hdf.
15:05:16 INFO  : Checking for hwspec changes in the project top_hw_platform_0.
15:05:19 INFO  : SDK has detected change in the last modified timestamps for source hardware specification file Source:1478379885000,  Project:1478370045000
15:05:19 INFO  : The hardware specification for project 'top_hw_platform_0' is different from /home/jlim/Documents/school/DLA/source/fw/rsa2048/rsa2048.sdk/top.hdf.
15:05:19 INFO  : Copied contents of /home/jlim/Documents/school/DLA/source/fw/rsa2048/rsa2048.sdk/top.hdf into /top_hw_platform_0/system.hdf.
15:05:28 INFO  : Synchronizing projects in the workspace with the hardware platform specification changes.
15:05:32 INFO  : 
15:05:33 INFO  : 
15:05:36 INFO  : BSP Project P/devicetree has been successfully migrated.
15:05:37 INFO  : Updating hardware inferred compiler options for FSBL.
15:05:37 INFO  : Clearing existing target manager status.
15:07:09 INFO  : Invoking Bootgen: bootgen -image output.bif -arch zynq -o /home/jlim/Documents/school/DLA/source/bootimage/BOOT.bin -w on
15:07:09 INFO  : Bootgen command execution is done.
15:10:35 INFO  : Invoking Bootgen: bootgen -image output.bif -arch zynq -o /home/jlim/Documents/school/DLA/source/bootimage/BOOT.bin -w on
15:10:35 INFO  : Overwriting existing bif file /home/jlim/Documents/school/DLA/source/bootimage/output.bif
15:10:36 INFO  : Bootgen command execution is done.
15:22:31 INFO  : Invoking Bootgen: bootgen -image output.bif -arch zynq -o /home/jlim/Documents/school/DLA/source/bootimage/BOOT.bin -w on
15:22:31 INFO  : Overwriting existing bif file /home/jlim/Documents/school/DLA/source/bootimage/output.bif
15:22:32 INFO  : Bootgen command execution is done.
15:24:13 INFO  : Invoking Bootgen: bootgen -image output.bif -arch zynq -o /home/jlim/Documents/school/DLA/source/bootimage/BOOT.bin -w on
15:24:13 INFO  : Overwriting existing bif file /home/jlim/Documents/school/DLA/source/bootimage/output.bif
15:24:13 INFO  : Bootgen command execution is done.
15:27:46 INFO  : Refreshed build settings on project FSBL
15:33:34 ERROR : Unexpected error while parsing XMD response ￿: com.google.gson.JsonSyntaxException: com.google.gson.stream.MalformedJsonException: invalid number or unquoted string near 
15:33:54 INFO  : Launching XSDB server: xsdb -n -interactive /home/jlim/Documents/school/DLA/source/fw/rsa2048/rsa2048.sdk/temp_xsdb_launch_script.tcl
15:33:55 INFO  : XSDB server has started successfully.
15:33:56 INFO  : Restoring global repository preferences: 
		 /home/jlim/Documents/Xilinx/device-tree-xlnx
		 /home/jlim/Documents/Xilinx/dtc
15:33:56 INFO  : Processing command line option -hwspec /home/jlim/Documents/school/DLA/source/fw/rsa2048/rsa2048.sdk/top.hdf.
15:35:47 INFO  : Invoking Bootgen: bootgen -image FSBL.bif -arch zynq -o /home/jlim/Documents/school/DLA/source/fw/rsa2048/rsa2048.sdk/FSBL/bootimage/BOOT.bin
15:35:47 INFO  : Creating new bif file /home/jlim/Documents/school/DLA/source/fw/rsa2048/rsa2048.sdk/FSBL/bootimage/FSBL.bif
15:35:48 INFO  : Bootgen command execution is done.
15:45:43 INFO  : Launching XSDB server: xsdb -n -interactive /home/jlim/Documents/school/DLA/source/fw/rsa2048/rsa2048.sdk/temp_xsdb_launch_script.tcl
15:45:44 INFO  : XSDB server has started successfully.
15:45:44 INFO  : Restoring global repository preferences: 
		 /home/jlim/Documents/Xilinx/device-tree-xlnx
		 /home/jlim/Documents/Xilinx/dtc
15:45:50 INFO  : Processing command line option -hwspec /home/jlim/Documents/school/DLA/source/fw/rsa2048/rsa2048.sdk/top.hdf.
15:45:51 INFO  : Checking for hwspec changes in the project top_hw_platform_0.
15:45:51 INFO  : SDK has detected change in the last modified timestamps for source hardware specification file Source:1478382320000,  Project:1478381588000
15:45:51 INFO  : The hardware specification for project 'top_hw_platform_0' is different from /home/jlim/Documents/school/DLA/source/fw/rsa2048/rsa2048.sdk/top.hdf.
15:45:51 INFO  : Copied contents of /home/jlim/Documents/school/DLA/source/fw/rsa2048/rsa2048.sdk/top.hdf into /top_hw_platform_0/system.hdf.
15:45:58 INFO  : Synchronizing projects in the workspace with the hardware platform specification changes.
15:45:59 INFO  : 
15:46:00 INFO  : Clearing existing target manager status.
15:46:02 INFO  : Closing and re-opening the MSS file of ther project zynq_bsp
15:46:04 INFO  : Workspace synchronized with the new hardware specification file. Cleaning dependent projects...
15:46:04 WARN  : Linker script will not be updated automatically. Users need to update it manually.
15:49:21 ERROR : Unexpected error while parsing XMD response ￿: com.google.gson.JsonSyntaxException: com.google.gson.stream.MalformedJsonException: invalid number or unquoted string near 
15:49:45 INFO  : Launching XSDB server: xsdb -n -interactive /home/jlim/Documents/school/DLA/source/fw/rsa2048/rsa2048.sdk/temp_xsdb_launch_script.tcl
15:49:46 INFO  : XSDB server has started successfully.
15:49:47 INFO  : Restoring global repository preferences: 
		 /home/jlim/Documents/Xilinx/device-tree-xlnx
		 /home/jlim/Documents/Xilinx/dtc
15:49:47 INFO  : Processing command line option -hwspec /home/jlim/Documents/school/DLA/source/fw/rsa2048/rsa2048.sdk/top.hdf.
15:52:34 INFO  : Invoking Bootgen: bootgen -image output.bif -arch zynq -o /home/jlim/Documents/school/DLA/source/bootimage/BOOT.bin -w on
15:52:34 INFO  : Overwriting existing bif file /home/jlim/Documents/school/DLA/source/bootimage/output.bif
15:52:35 INFO  : Bootgen command execution is done.
16:25:48 INFO  : Launching XSDB server: xsdb -n -interactive /home/jlim/Documents/school/DLA/source/fw/rsa2048/rsa2048.sdk/temp_xsdb_launch_script.tcl
16:25:49 INFO  : XSDB server has started successfully.
16:25:49 INFO  : Restoring global repository preferences: 
		 /home/jlim/Documents/Xilinx/device-tree-xlnx
		 /home/jlim/Documents/Xilinx/dtc
16:25:57 INFO  : Processing command line option -hwspec /home/jlim/Documents/school/DLA/source/fw/rsa2048/rsa2048.sdk/top.hdf.
16:26:00 INFO  : Checking for hwspec changes in the project top_hw_platform_0.
16:26:00 INFO  : SDK has detected change in the last modified timestamps for source hardware specification file Source:1478384725000,  Project:1478382320000
16:26:00 INFO  : The hardware specification for project 'top_hw_platform_0' is different from /home/jlim/Documents/school/DLA/source/fw/rsa2048/rsa2048.sdk/top.hdf.
16:26:00 INFO  : Copied contents of /home/jlim/Documents/school/DLA/source/fw/rsa2048/rsa2048.sdk/top.hdf into /top_hw_platform_0/system.hdf.
16:26:07 INFO  : Synchronizing projects in the workspace with the hardware platform specification changes.
16:26:11 INFO  : 
16:26:12 INFO  : 
16:26:15 INFO  : BSP Project P/devicetree has been successfully migrated.
16:26:16 INFO  : Updating hardware inferred compiler options for FSBL.
16:26:16 INFO  : Clearing existing target manager status.
16:27:23 INFO  : Invoking Bootgen: bootgen -image output.bif -arch zynq -o /home/jlim/Documents/school/DLA/source/bootimage/BOOT.bin -w on
16:27:24 INFO  : Bootgen command execution is done.
00:00:13 ERROR : Unexpected error while parsing XMD response ￿: com.google.gson.JsonSyntaxException: com.google.gson.stream.MalformedJsonException: invalid number or unquoted string near 
00:00:46 INFO  : Launching XSDB server: xsdb -n -interactive /home/jlim/Documents/school/DLA/source/fw/rsa2048/rsa2048.sdk/temp_xsdb_launch_script.tcl
00:00:47 INFO  : XSDB server has started successfully.
00:00:48 INFO  : Restoring global repository preferences: 
		 /home/jlim/Documents/Xilinx/device-tree-xlnx
		 /home/jlim/Documents/Xilinx/dtc
00:02:03 INFO  : Invoking Bootgen: bootgen -image output.bif -arch zynq -o /home/jlim/Documents/school/DLA/source/bootimage/BOOT.bin -w on
00:02:04 INFO  : Bootgen command execution is done.
00:51:27 INFO  : Launching XSDB server: xsdb -n -interactive /home/jlim/Documents/school/DLA/source/fw/rsa2048/rsa2048.sdk/temp_xsdb_launch_script.tcl
00:51:28 INFO  : XSDB server has started successfully.
00:51:28 INFO  : Restoring global repository preferences: 
		 /home/jlim/Documents/Xilinx/device-tree-xlnx
		 /home/jlim/Documents/Xilinx/dtc
00:51:36 INFO  : Processing command line option -hwspec /home/jlim/Documents/school/DLA/source/fw/rsa2048/rsa2048.sdk/top.hdf.
00:51:37 INFO  : Checking for hwspec changes in the project top_hw_platform_0.
00:51:37 INFO  : SDK has detected change in the last modified timestamps for source hardware specification file Source:1478414947000,  Project:1478384725000
00:51:37 INFO  : The hardware specification for project 'top_hw_platform_0' is different from /home/jlim/Documents/school/DLA/source/fw/rsa2048/rsa2048.sdk/top.hdf.
00:51:38 INFO  : Copied contents of /home/jlim/Documents/school/DLA/source/fw/rsa2048/rsa2048.sdk/top.hdf into /top_hw_platform_0/system.hdf.
00:51:45 INFO  : Synchronizing projects in the workspace with the hardware platform specification changes.
00:51:49 INFO  : 
00:51:50 INFO  : 
00:51:54 INFO  : BSP Project P/devicetree has been successfully migrated.
00:51:56 INFO  : Updating hardware inferred compiler options for FSBL.
00:51:56 INFO  : Clearing existing target manager status.
00:51:58 INFO  : Closing and re-opening the MSS file of ther project zynq_bsp
00:52:10 INFO  : Invoking Bootgen: bootgen -image output.bif -arch zynq -o /home/jlim/Documents/school/DLA/source/bootimage/BOOT.bin -w on
00:52:11 INFO  : Bootgen command execution is done.
01:16:53 ERROR : Unexpected error while parsing XMD response ￿: com.google.gson.JsonSyntaxException: com.google.gson.stream.MalformedJsonException: invalid number or unquoted string near 
09:09:20 INFO  : Launching XSDB server: xsdb -n -interactive /home/jlim/Documents/school/DLA/source/fw/rsa2048/rsa2048.sdk/temp_xsdb_launch_script.tcl
09:09:21 INFO  : XSDB server has started successfully.
09:09:22 INFO  : Restoring global repository preferences: 
		 /home/jlim/Documents/Xilinx/device-tree-xlnx
		 /home/jlim/Documents/Xilinx/dtc
09:09:28 INFO  : Processing command line option -hwspec /home/jlim/Documents/school/DLA/source/fw/rsa2048/rsa2048.sdk/top.hdf.
09:09:30 INFO  : Checking for hwspec changes in the project top_hw_platform_0.
09:09:30 INFO  : SDK has detected change in the last modified timestamps for source hardware specification file Source:1478448532000,  Project:1478414947000
09:09:30 INFO  : The hardware specification for project 'top_hw_platform_0' is different from /home/jlim/Documents/school/DLA/source/fw/rsa2048/rsa2048.sdk/top.hdf.
09:09:41 INFO  : BSP Project P/devicetree has been successfully migrated.
09:09:42 INFO  : Copied contents of /home/jlim/Documents/school/DLA/source/fw/rsa2048/rsa2048.sdk/top.hdf into /top_hw_platform_0/system.hdf.
09:09:49 INFO  : Synchronizing projects in the workspace with the hardware platform specification changes.
09:09:53 INFO  : 
09:09:54 INFO  : 
09:09:55 INFO  : Updating hardware inferred compiler options for FSBL.
09:09:55 INFO  : Clearing existing target manager status.
09:10:22 INFO  : Invoking Bootgen: bootgen -image output.bif -arch zynq -o /home/jlim/Documents/school/DLA/source/bootimage/BOOT.bin -w on
09:10:22 INFO  : Bootgen command execution is done.
12:19:58 INFO  : Launching XSDB server: xsdb -n -interactive /home/jlim/Documents/school/DLA/source/fw/rsa2048/rsa2048.sdk/temp_xsdb_launch_script.tcl
12:20:00 INFO  : XSDB server has started successfully.
12:20:03 INFO  : Restoring global repository preferences: 
		 /home/jlim/Documents/Xilinx/device-tree-xlnx
		 /home/jlim/Documents/Xilinx/dtc
12:20:13 INFO  : Processing command line option -hwspec /home/jlim/Documents/school/DLA/source/fw/rsa2048/rsa2048.sdk/top.hdf.
12:20:19 INFO  : Checking for hwspec changes in the project top_hw_platform_0.
12:20:33 INFO  : BSP Project P/devicetree has been successfully migrated.
12:25:10 INFO  : Invoking Bootgen: bootgen -image output.bif -arch zynq -o /home/jlim/Documents/school/DLA/source/bootimage/BOOT.bin -w on
12:25:11 INFO  : Bootgen command execution is done.
12:30:33 ERROR : Unable to load properties file .sdkproject for project devicetree.
12:30:45 ERROR : Unable to load properties file .sdkproject for project devicetree.
20:34:52 INFO  : Launching XSDB server: xsdb -n -interactive /home/jlim/Documents/school/DLA/source/fw/rsa2048/rsa2048.sdk/temp_xsdb_launch_script.tcl
20:34:53 INFO  : XSDB server has started successfully.
20:34:57 INFO  : Restoring global repository preferences: 
		 /home/jlim/Documents/Xilinx/device-tree-xlnx
		 /home/jlim/Documents/Xilinx/dtc
20:35:04 INFO  : Processing command line option -hwspec /home/jlim/Documents/school/DLA/source/fw/rsa2048/rsa2048.sdk/top.hdf.
20:35:09 INFO  : Checking for hwspec changes in the project top_hw_platform_0.
20:35:13 INFO  : BSP Project P/devicetree has been successfully migrated.
20:53:11 INFO  : Launching XSDB server: xsdb -n -interactive /home/jlim/Documents/school/DLA/source/fw/rsa2048/rsa2048.sdk/temp_xsdb_launch_script.tcl
20:53:20 INFO  : XSDB server has started successfully.
20:53:21 INFO  : Restoring global repository preferences: 
		 /home/jlim/Documents/Xilinx/device-tree-xlnx
		 /home/jlim/Documents/Xilinx/dtc
20:53:22 INFO  : Processing command line option -hwspec /home/jlim/Documents/school/DLA/source/fw/rsa2048/rsa2048.sdk/top.hdf.
20:53:22 INFO  : Checking for hwspec changes in the project top_hw_platform_0.
20:53:26 INFO  : SDK has detected change in the last modified timestamps for source hardware specification file Source:1479181949000,  Project:1478448532000
20:53:26 INFO  : The hardware specification for project 'top_hw_platform_0' is different from /home/jlim/Documents/school/DLA/source/fw/rsa2048/rsa2048.sdk/top.hdf.
20:53:32 INFO  : BSP Project P/devicetree has been successfully migrated.
20:53:33 INFO  : Copied contents of /home/jlim/Documents/school/DLA/source/fw/rsa2048/rsa2048.sdk/top.hdf into /top_hw_platform_0/system.hdf.
20:53:40 INFO  : Synchronizing projects in the workspace with the hardware platform specification changes.
20:53:44 INFO  : 
20:53:48 INFO  : 
20:53:49 INFO  : Updating hardware inferred compiler options for FSBL.
20:53:49 INFO  : Clearing existing target manager status.
21:14:14 INFO  : Launching XSDB server: xsdb -n -interactive /home/jlim/Documents/school/DLA/source/fw/rsa2048/rsa2048.sdk/temp_xsdb_launch_script.tcl
21:14:15 INFO  : XSDB server has started successfully.
21:14:15 INFO  : Restoring global repository preferences: 
		 /home/jlim/Documents/Xilinx/device-tree-xlnx
		 /home/jlim/Documents/Xilinx/dtc
21:14:15 INFO  : Processing command line option -hwspec /home/jlim/Documents/school/DLA/source/fw/rsa2048/rsa2048.sdk/top.hdf.
21:14:16 INFO  : Checking for hwspec changes in the project top_hw_platform_0.
21:14:19 INFO  : SDK has detected change in the last modified timestamps for source hardware specification file Source:1479183230000,  Project:1479181949000
21:14:19 INFO  : The hardware specification for project 'top_hw_platform_0' is different from /home/jlim/Documents/school/DLA/source/fw/rsa2048/rsa2048.sdk/top.hdf.
21:14:24 INFO  : BSP Project P/devicetree has been successfully migrated.
21:14:24 INFO  : Copied contents of /home/jlim/Documents/school/DLA/source/fw/rsa2048/rsa2048.sdk/top.hdf into /top_hw_platform_0/system.hdf.
21:14:32 INFO  : Synchronizing projects in the workspace with the hardware platform specification changes.
21:14:34 ERROR : (XSDB Server)ERROR: [Common 17-167] Type error

21:14:34 ERROR : (XSDB Server)ERROR: [Hsi 55-1545] Problem running tcl command ::sw_device_tree::post_generate : ERROR: [Common 17-39] 'rdi::col_lreplace' failed due to earlier errors.

    while executing
"lreplace $all_drivers $first_occur_pos $first_occur_pos $console_element"
    ("foreach" body line 12)
    invoked from within
"foreach drv_handle $all_drivers {
		set alias_str [get_property CONFIG.dtg.alias $drv_handle]
		if {[string match -nocase $alias_str "serial"]} {
			i..."
    (procedure "update_alias" line 25)
    invoked from within
"update_alias $os_handle"
    (procedure "::sw_device_tree::post_generate" line 3)
    invoked from within
"::sw_device_tree::post_generate device_tree"
ERROR: [Hsi 55-1443] Error(s) while running TCL procedure post_generate()

21:14:34 ERROR : (XSDB Server)ERROR: [Hsi 55-1450] Error: running generate_bsp.

21:14:34 ERROR : Failed to call sync_sw_with_hw_change
Reason: ERROR: [Common 17-39] 'hsi::generate_bsp' failed due to earlier errors.

21:14:34 ERROR : Error updating BSP project MSS files.
21:14:35 INFO  : Updating hardware inferred compiler options for FSBL.
21:14:35 INFO  : Clearing existing target manager status.
21:15:20 ERROR : (XSDB Server)ERROR: [Hsi 55-1403] /home/jlim/Documents/school/DLA/source/fw/rsa2048/rsa2048.sdk/zynq_bsp/system.mss line 213 - No IP instance named ps7_uart_1 present in hardware design

21:15:20 ERROR :  [Common 17-39] 'hsi::open_sw_design' failed due to earlier errors.
21:15:20 ERROR : (XSDB Server)ERROR: [Hsi 55-1403] /home/jlim/Documents/school/DLA/source/fw/rsa2048/rsa2048.sdk/zynq_bsp/system.mss line 219 - No IP instance named ps7_usb_0 present in hardware design
ERROR: [Hsi 55-1452] Error: running open_sw_design.

21:15:20 ERROR : (XSDB Server)ERROR: [Hsi 55-1403] /home/jlim/Documents/school/DLA/source/fw/rsa2048/rsa2048.sdk/zynq_bsp/system.mss line 213 - No IP instance named ps7_uart_1 present in hardware design

21:15:20 ERROR : (XSDB Server)ERROR: [Hsi 55-1403] /home/jlim/Documents/school/DLA/source/fw/rsa2048/rsa2048.sdk/zynq_bsp/system.mss line 219 - No IP instance named ps7_usb_0 present in hardware design

21:15:20 ERROR : (XSDB Server)ERROR: [Hsi 55-1452] Error: running open_sw_design.

21:15:20 INFO  : Unable to read in MSS file /home/jlim/Documents/school/DLA/source/fw/rsa2048/rsa2048.sdk/zynq_bsp/system.mss : null
21:15:20 ERROR : (XSDB Server)ERROR: [Hsi 55-1403] /home/jlim/Documents/school/DLA/source/fw/rsa2048/rsa2048.sdk/zynq_bsp/system.mss line 213 - No IP instance named ps7_uart_1 present in hardware design

21:15:20 ERROR : (XSDB Server)ERROR: [Hsi 55-1403] /home/jlim/Documents/school/DLA/source/fw/rsa2048/rsa2048.sdk/zynq_bsp/system.mss line 219 - No IP instance named ps7_usb_0 present in hardware design

21:15:20 ERROR : (XSDB Server)ERROR: [Hsi 55-1452] Error: running open_sw_design.

21:15:20 ERROR : (XSDB Server)ERROR: [Hsi 55-1403] /home/jlim/Documents/school/DLA/source/fw/rsa2048/rsa2048.sdk/zynq_bsp/system.mss line 213 - No IP instance named ps7_uart_1 present in hardware design

21:15:20 ERROR : (XSDB Server)ERROR: [Hsi 55-1403] /home/jlim/Documents/school/DLA/source/fw/rsa2048/rsa2048.sdk/zynq_bsp/system.mss line 219 - No IP instance named ps7_usb_0 present in hardware design

21:15:20 ERROR : (XSDB Server)ERROR: [Hsi 55-1452] Error: running open_sw_design.

21:15:20 ERROR : Failed to get_connected_periphs
Reason: ERROR: [Common 17-55] 'get_property' expects at least one object.
Resolution: If [get_<value>] was used to populate the object, check to make sure this command returns at least one valid object.

21:15:24 ERROR : (XSDB Server)ERROR: [Hsi 55-1403] /home/jlim/Documents/school/DLA/source/fw/rsa2048/rsa2048.sdk/zynq_bsp/system.mss line 213 - No IP instance named ps7_uart_1 present in hardware design

21:15:24 ERROR :  [Common 17-39] 'hsi::open_sw_design' failed due to earlier errors.
21:15:24 ERROR : (XSDB Server)ERROR: [Hsi 55-1403] /home/jlim/Documents/school/DLA/source/fw/rsa2048/rsa2048.sdk/zynq_bsp/system.mss line 219 - No IP instance named ps7_usb_0 present in hardware design
ERROR: [Hsi 55-1452] Error: running open_sw_design.

21:15:24 ERROR : (XSDB Server)ERROR: [Hsi 55-1403] /home/jlim/Documents/school/DLA/source/fw/rsa2048/rsa2048.sdk/zynq_bsp/system.mss line 213 - No IP instance named ps7_uart_1 present in hardware design

21:15:24 ERROR : (XSDB Server)ERROR: [Hsi 55-1403] /home/jlim/Documents/school/DLA/source/fw/rsa2048/rsa2048.sdk/zynq_bsp/system.mss line 219 - No IP instance named ps7_usb_0 present in hardware design

21:15:24 ERROR : (XSDB Server)ERROR: [Hsi 55-1452] Error: running open_sw_design.

21:15:24 INFO  : Unable to read in MSS file /home/jlim/Documents/school/DLA/source/fw/rsa2048/rsa2048.sdk/zynq_bsp/system.mss : null
21:15:24 ERROR : (XSDB Server)ERROR: [Hsi 55-1403] /home/jlim/Documents/school/DLA/source/fw/rsa2048/rsa2048.sdk/zynq_bsp/system.mss line 213 - No IP instance named ps7_uart_1 present in hardware design

21:15:24 ERROR : (XSDB Server)ERROR: [Hsi 55-1403] /home/jlim/Documents/school/DLA/source/fw/rsa2048/rsa2048.sdk/zynq_bsp/system.mss line 219 - No IP instance named ps7_usb_0 present in hardware design

21:15:24 ERROR : (XSDB Server)ERROR: [Hsi 55-1452] Error: running open_sw_design.

21:15:24 ERROR : (XSDB Server)ERROR: [Hsi 55-1403] /home/jlim/Documents/school/DLA/source/fw/rsa2048/rsa2048.sdk/zynq_bsp/system.mss line 213 - No IP instance named ps7_uart_1 present in hardware design

21:15:24 ERROR : (XSDB Server)ERROR: [Hsi 55-1403] /home/jlim/Documents/school/DLA/source/fw/rsa2048/rsa2048.sdk/zynq_bsp/system.mss line 219 - No IP instance named ps7_usb_0 present in hardware design

21:15:24 ERROR : (XSDB Server)ERROR: [Hsi 55-1452] Error: running open_sw_design.

21:15:25 ERROR : (XSDB Server)ERROR: [Hsi 55-1403] /home/jlim/Documents/school/DLA/source/fw/rsa2048/rsa2048.sdk/zynq_bsp/system.mss line 213 - No IP instance named ps7_uart_1 present in hardware design

21:15:25 ERROR : (XSDB Server)ERROR: [Hsi 55-1403] /home/jlim/Documents/school/DLA/source/fw/rsa2048/rsa2048.sdk/zynq_bsp/system.mss line 219 - No IP instance named ps7_usb_0 present in hardware design

21:15:25 ERROR : (XSDB Server)ERROR: [Hsi 55-1452] Error: running open_sw_design.

21:15:25 ERROR :  [Common 17-39] 'hsi::open_sw_design' failed due to earlier errors.
21:15:25 ERROR : (XSDB Server)ERROR: [Hsi 55-1403] /home/jlim/Documents/school/DLA/source/fw/rsa2048/rsa2048.sdk/zynq_bsp/system.mss line 213 - No IP instance named ps7_uart_1 present in hardware design

21:15:25 ERROR : (XSDB Server)ERROR: [Hsi 55-1403] /home/jlim/Documents/school/DLA/source/fw/rsa2048/rsa2048.sdk/zynq_bsp/system.mss line 219 - No IP instance named ps7_usb_0 present in hardware design

21:15:25 ERROR : (XSDB Server)ERROR: [Hsi 55-1452] Error: running open_sw_design.

21:15:25 INFO  : Unable to read in MSS file /home/jlim/Documents/school/DLA/source/fw/rsa2048/rsa2048.sdk/zynq_bsp/system.mss : null
21:15:25 ERROR : (XSDB Server)ERROR: [Hsi 55-1403] /home/jlim/Documents/school/DLA/source/fw/rsa2048/rsa2048.sdk/zynq_bsp/system.mss line 213 - No IP instance named ps7_uart_1 present in hardware design

21:15:25 ERROR : (XSDB Server)ERROR: [Hsi 55-1403] /home/jlim/Documents/school/DLA/source/fw/rsa2048/rsa2048.sdk/zynq_bsp/system.mss line 219 - No IP instance named ps7_usb_0 present in hardware design

21:15:25 ERROR : (XSDB Server)ERROR: [Hsi 55-1452] Error: running open_sw_design.

21:15:25 ERROR : Failed to closesw "/home/jlim/Documents/school/DLA/source/fw/rsa2048/rsa2048.sdk/zynq_bsp/system.mss"
Reason: Cannot close sw design '/home/jlim/Documents/school/DLA/source/fw/rsa2048/rsa2048.sdk/zynq_bsp/system.mss'.
Design is not opened in the current session.


21:15:36 ERROR : (XSDB Server)exit due to repeated abort signals

21:15:40 ERROR : Unexpected error while parsing XMD response ￿: com.google.gson.JsonSyntaxException: com.google.gson.stream.MalformedJsonException: invalid number or unquoted string near 
21:15:52 INFO  : Launching XSDB server: xsdb -n -interactive /home/jlim/Documents/school/DLA/source/fw/rsa2048/rsa2048.sdk/temp_xsdb_launch_script.tcl
21:15:53 INFO  : XSDB server has started successfully.
21:15:53 INFO  : Restoring global repository preferences: 
		 /home/jlim/Documents/Xilinx/device-tree-xlnx
		 /home/jlim/Documents/Xilinx/dtc
21:15:57 ERROR : (XSDB Server)ERROR: [Hsi 55-1403] /home/jlim/Documents/school/DLA/source/fw/rsa2048/rsa2048.sdk/zynq_bsp/system.mss line 213 - No IP instance named ps7_uart_1 present in hardware design

21:15:57 ERROR : (XSDB Server)ERROR: [Hsi 55-1403] /home/jlim/Documents/school/DLA/source/fw/rsa2048/rsa2048.sdk/zynq_bsp/system.mss line 219 - No IP instance named ps7_usb_0 present in hardware design

21:15:57 ERROR : (XSDB Server)ERROR: [Hsi 55-1452] Error: running open_sw_design.

21:15:57 ERROR :  [Common 17-39] 'hsi::open_sw_design' failed due to earlier errors.
21:15:57 ERROR : (XSDB Server)ERROR: [Hsi 55-1403] /home/jlim/Documents/school/DLA/source/fw/rsa2048/rsa2048.sdk/zynq_bsp/system.mss line 213 - No IP instance named ps7_uart_1 present in hardware design

21:15:57 ERROR : (XSDB Server)ERROR: [Hsi 55-1403] /home/jlim/Documents/school/DLA/source/fw/rsa2048/rsa2048.sdk/zynq_bsp/system.mss line 219 - No IP instance named ps7_usb_0 present in hardware design

21:15:57 ERROR : (XSDB Server)ERROR: [Hsi 55-1452] Error: running open_sw_design.

21:15:57 INFO  : Unable to read in MSS file /home/jlim/Documents/school/DLA/source/fw/rsa2048/rsa2048.sdk/zynq_bsp/system.mss : null
21:15:57 ERROR : (XSDB Server)ERROR: [Hsi 55-1403] /home/jlim/Documents/school/DLA/source/fw/rsa2048/rsa2048.sdk/zynq_bsp/system.mss line 213 - No IP instance named ps7_uart_1 present in hardware design

21:15:57 ERROR : (XSDB Server)ERROR: [Hsi 55-1403] /home/jlim/Documents/school/DLA/source/fw/rsa2048/rsa2048.sdk/zynq_bsp/system.mss line 219 - No IP instance named ps7_usb_0 present in hardware design

21:15:57 ERROR : (XSDB Server)ERROR: [Hsi 55-1452] Error: running open_sw_design.

21:15:57 ERROR : (XSDB Server)ERROR: [Hsi 55-1403] /home/jlim/Documents/school/DLA/source/fw/rsa2048/rsa2048.sdk/zynq_bsp/system.mss line 213 - No IP instance named ps7_uart_1 present in hardware design

21:15:57 ERROR : (XSDB Server)ERROR: [Hsi 55-1403] /home/jlim/Documents/school/DLA/source/fw/rsa2048/rsa2048.sdk/zynq_bsp/system.mss line 219 - No IP instance named ps7_usb_0 present in hardware design

21:15:57 ERROR : (XSDB Server)ERROR: [Hsi 55-1452] Error: running open_sw_design.

21:15:57 ERROR : (XSDB Server)ERROR: [Hsi 55-1403] /home/jlim/Documents/school/DLA/source/fw/rsa2048/rsa2048.sdk/zynq_bsp/system.mss line 213 - No IP instance named ps7_uart_1 present in hardware design

21:15:57 ERROR : (XSDB Server)ERROR: [Hsi 55-1403] /home/jlim/Documents/school/DLA/source/fw/rsa2048/rsa2048.sdk/zynq_bsp/system.mss line 219 - No IP instance named ps7_usb_0 present in hardware design

21:15:57 ERROR : (XSDB Server)ERROR: [Hsi 55-1452] Error: running open_sw_design.

21:15:57 ERROR :  [Common 17-39] 'hsi::open_sw_design' failed due to earlier errors.
21:15:57 ERROR : (XSDB Server)ERROR: [Hsi 55-1403] /home/jlim/Documents/school/DLA/source/fw/rsa2048/rsa2048.sdk/zynq_bsp/system.mss line 213 - No IP instance named ps7_uart_1 present in hardware design

21:15:57 ERROR : (XSDB Server)ERROR: [Hsi 55-1403] /home/jlim/Documents/school/DLA/source/fw/rsa2048/rsa2048.sdk/zynq_bsp/system.mss line 219 - No IP instance named ps7_usb_0 present in hardware design

21:15:57 ERROR : (XSDB Server)ERROR: [Hsi 55-1452] Error: running open_sw_design.

21:15:57 INFO  : Unable to read in MSS file /home/jlim/Documents/school/DLA/source/fw/rsa2048/rsa2048.sdk/zynq_bsp/system.mss : null
21:15:57 ERROR : (XSDB Server)ERROR: [Hsi 55-1403] /home/jlim/Documents/school/DLA/source/fw/rsa2048/rsa2048.sdk/zynq_bsp/system.mss line 213 - No IP instance named ps7_uart_1 present in hardware design

21:15:57 ERROR : (XSDB Server)ERROR: [Hsi 55-1403] /home/jlim/Documents/school/DLA/source/fw/rsa2048/rsa2048.sdk/zynq_bsp/system.mss line 219 - No IP instance named ps7_usb_0 present in hardware design

21:15:57 ERROR : (XSDB Server)ERROR: [Hsi 55-1452] Error: running open_sw_design.

21:15:57 ERROR : Failed to closesw "/home/jlim/Documents/school/DLA/source/fw/rsa2048/rsa2048.sdk/zynq_bsp/system.mss"
Reason: Cannot close sw design '/home/jlim/Documents/school/DLA/source/fw/rsa2048/rsa2048.sdk/zynq_bsp/system.mss'.
Design is not opened in the current session.


21:15:59 INFO  : Processing command line option -hwspec /home/jlim/Documents/school/DLA/source/fw/rsa2048/rsa2048.sdk/top.hdf.
21:16:00 INFO  : Checking for hwspec changes in the project top_hw_platform_0.
21:16:02 ERROR : (XSDB Server)ERROR: [Common 17-167] Type error

21:16:02 ERROR : (XSDB Server)ERROR: [Hsi 55-1545] Problem running tcl command ::sw_device_tree::post_generate : ERROR: [Common 17-39] 'rdi::col_lreplace' failed due to earlier errors.

    while executing
"lreplace $all_drivers $first_occur_pos $first_occur_pos $console_element"
    ("foreach" body line 12)
    invoked from within
"foreach drv_handle $all_drivers {
		set alias_str [get_property CONFIG.dtg.alias $drv_handle]
		if {[string match -nocase $alias_str "serial"]} {
			i..."
    (procedure "update_alias" line 25)
    invoked from within
"update_alias $os_handle"
    (procedure "::sw_device_tree::post_generate" line 3)
    invoked from within
"::sw_device_tree::post_generate device_tree"
ERROR: [Hsi 55-1443] Error(s) while running TCL procedure post_generate()

21:16:02 ERROR : (XSDB Server)ERROR: [Hsi 55-1450] Error: running generate_bsp.

21:16:02 ERROR : Failed in generating sources
21:16:02 INFO  : BSP Project P/devicetree has been successfully migrated.
21:16:22 ERROR : (XSDB Server)ERROR: [Hsi 55-1403] /home/jlim/Documents/school/DLA/source/fw/rsa2048/rsa2048.sdk/zynq_bsp/system.mss line 213 - No IP instance named ps7_uart_1 present in hardware design
ERROR: [Hsi 55-1403] /home/jlim/Documents/school/DLA/source/fw/rsa2048/rsa2048.sdk/zynq_bsp/system.mss line 219 - No IP instance named ps7_usb_0 present in hardware design

21:16:22 ERROR :  [Common 17-39] 'hsi::open_sw_design' failed due to earlier errors.
21:16:22 ERROR : (XSDB Server)ERROR: [Hsi 55-1452] Error: running open_sw_design.

21:16:22 ERROR : (XSDB Server)ERROR: [Hsi 55-1403] /home/jlim/Documents/school/DLA/source/fw/rsa2048/rsa2048.sdk/zynq_bsp/system.mss line 213 - No IP instance named ps7_uart_1 present in hardware design

21:16:22 ERROR : (XSDB Server)ERROR: [Hsi 55-1403] /home/jlim/Documents/school/DLA/source/fw/rsa2048/rsa2048.sdk/zynq_bsp/system.mss line 219 - No IP instance named ps7_usb_0 present in hardware design

21:16:22 ERROR : (XSDB Server)ERROR: [Hsi 55-1452] Error: running open_sw_design.

21:16:22 INFO  : Unable to read in MSS file /home/jlim/Documents/school/DLA/source/fw/rsa2048/rsa2048.sdk/zynq_bsp/system.mss : null
21:16:22 ERROR : (XSDB Server)ERROR: [Hsi 55-1403] /home/jlim/Documents/school/DLA/source/fw/rsa2048/rsa2048.sdk/zynq_bsp/system.mss line 213 - No IP instance named ps7_uart_1 present in hardware design

21:16:22 ERROR : (XSDB Server)ERROR: [Hsi 55-1403] /home/jlim/Documents/school/DLA/source/fw/rsa2048/rsa2048.sdk/zynq_bsp/system.mss line 219 - No IP instance named ps7_usb_0 present in hardware design

21:16:22 ERROR : (XSDB Server)ERROR: [Hsi 55-1452] Error: running open_sw_design.

21:16:22 ERROR : (XSDB Server)ERROR: [Hsi 55-1403] /home/jlim/Documents/school/DLA/source/fw/rsa2048/rsa2048.sdk/zynq_bsp/system.mss line 213 - No IP instance named ps7_uart_1 present in hardware design

21:16:22 ERROR : (XSDB Server)ERROR: [Hsi 55-1403] /home/jlim/Documents/school/DLA/source/fw/rsa2048/rsa2048.sdk/zynq_bsp/system.mss line 219 - No IP instance named ps7_usb_0 present in hardware design

21:16:22 ERROR : (XSDB Server)ERROR: [Hsi 55-1452] Error: running open_sw_design.

21:16:22 ERROR : Failed to get_connected_periphs
Reason: ERROR: [Common 17-55] 'get_property' expects at least one object.
Resolution: If [get_<value>] was used to populate the object, check to make sure this command returns at least one valid object.

21:16:27 ERROR : (XSDB Server)ERROR: [Hsi 55-1403] /home/jlim/Documents/school/DLA/source/fw/rsa2048/rsa2048.sdk/zynq_bsp/system.mss line 213 - No IP instance named ps7_uart_1 present in hardware design

21:16:27 ERROR :  [Common 17-39] 'hsi::open_sw_design' failed due to earlier errors.
21:16:27 ERROR : (XSDB Server)ERROR: [Hsi 55-1403] /home/jlim/Documents/school/DLA/source/fw/rsa2048/rsa2048.sdk/zynq_bsp/system.mss line 219 - No IP instance named ps7_usb_0 present in hardware design
ERROR: [Hsi 55-1452] Error: running open_sw_design.

21:16:27 ERROR : (XSDB Server)ERROR: [Hsi 55-1403] /home/jlim/Documents/school/DLA/source/fw/rsa2048/rsa2048.sdk/zynq_bsp/system.mss line 213 - No IP instance named ps7_uart_1 present in hardware design

21:16:27 ERROR : (XSDB Server)ERROR: [Hsi 55-1403] /home/jlim/Documents/school/DLA/source/fw/rsa2048/rsa2048.sdk/zynq_bsp/system.mss line 219 - No IP instance named ps7_usb_0 present in hardware design

21:16:27 ERROR : (XSDB Server)ERROR: [Hsi 55-1452] Error: running open_sw_design.

21:16:27 INFO  : Unable to read in MSS file /home/jlim/Documents/school/DLA/source/fw/rsa2048/rsa2048.sdk/zynq_bsp/system.mss : null
21:16:27 ERROR : (XSDB Server)ERROR: [Hsi 55-1403] /home/jlim/Documents/school/DLA/source/fw/rsa2048/rsa2048.sdk/zynq_bsp/system.mss line 213 - No IP instance named ps7_uart_1 present in hardware design

21:16:27 ERROR : (XSDB Server)ERROR: [Hsi 55-1403] /home/jlim/Documents/school/DLA/source/fw/rsa2048/rsa2048.sdk/zynq_bsp/system.mss line 219 - No IP instance named ps7_usb_0 present in hardware design

21:16:27 ERROR : (XSDB Server)ERROR: [Hsi 55-1452] Error: running open_sw_design.

21:16:27 ERROR : (XSDB Server)ERROR: [Hsi 55-1403] /home/jlim/Documents/school/DLA/source/fw/rsa2048/rsa2048.sdk/zynq_bsp/system.mss line 213 - No IP instance named ps7_uart_1 present in hardware design

21:16:27 ERROR : (XSDB Server)ERROR: [Hsi 55-1403] /home/jlim/Documents/school/DLA/source/fw/rsa2048/rsa2048.sdk/zynq_bsp/system.mss line 219 - No IP instance named ps7_usb_0 present in hardware design

21:16:27 ERROR : (XSDB Server)ERROR: [Hsi 55-1452] Error: running open_sw_design.

21:16:27 ERROR : (XSDB Server)ERROR: [Hsi 55-1403] /home/jlim/Documents/school/DLA/source/fw/rsa2048/rsa2048.sdk/zynq_bsp/system.mss line 213 - No IP instance named ps7_uart_1 present in hardware design

21:16:27 ERROR : (XSDB Server)ERROR: [Hsi 55-1403] /home/jlim/Documents/school/DLA/source/fw/rsa2048/rsa2048.sdk/zynq_bsp/system.mss line 219 - No IP instance named ps7_usb_0 present in hardware design

21:16:27 ERROR : (XSDB Server)ERROR: [Hsi 55-1452] Error: running open_sw_design.

21:16:27 ERROR :  [Common 17-39] 'hsi::open_sw_design' failed due to earlier errors.
21:16:27 ERROR : (XSDB Server)ERROR: [Hsi 55-1403] /home/jlim/Documents/school/DLA/source/fw/rsa2048/rsa2048.sdk/zynq_bsp/system.mss line 213 - No IP instance named ps7_uart_1 present in hardware design

21:16:27 ERROR : (XSDB Server)ERROR: [Hsi 55-1403] /home/jlim/Documents/school/DLA/source/fw/rsa2048/rsa2048.sdk/zynq_bsp/system.mss line 219 - No IP instance named ps7_usb_0 present in hardware design

21:16:27 ERROR : (XSDB Server)ERROR: [Hsi 55-1452] Error: running open_sw_design.

21:16:27 INFO  : Unable to read in MSS file /home/jlim/Documents/school/DLA/source/fw/rsa2048/rsa2048.sdk/zynq_bsp/system.mss : null
21:16:27 ERROR : (XSDB Server)ERROR: [Hsi 55-1403] /home/jlim/Documents/school/DLA/source/fw/rsa2048/rsa2048.sdk/zynq_bsp/system.mss line 213 - No IP instance named ps7_uart_1 present in hardware design

21:16:27 ERROR : (XSDB Server)ERROR: [Hsi 55-1403] /home/jlim/Documents/school/DLA/source/fw/rsa2048/rsa2048.sdk/zynq_bsp/system.mss line 219 - No IP instance named ps7_usb_0 present in hardware design

21:16:27 ERROR : (XSDB Server)ERROR: [Hsi 55-1452] Error: running open_sw_design.

21:16:27 ERROR : Failed to closesw "/home/jlim/Documents/school/DLA/source/fw/rsa2048/rsa2048.sdk/zynq_bsp/system.mss"
Reason: Cannot close sw design '/home/jlim/Documents/school/DLA/source/fw/rsa2048/rsa2048.sdk/zynq_bsp/system.mss'.
Design is not opened in the current session.


21:17:05 INFO  : Launching XSDB server: xsdb -n -interactive /home/jlim/Documents/school/DLA/source/fw/rsa2048/rsa2048.sdk/temp_xsdb_launch_script.tcl
21:17:06 INFO  : XSDB server has started successfully.
21:17:06 INFO  : Restoring global repository preferences: 
		 /home/jlim/Documents/Xilinx/device-tree-xlnx
		 /home/jlim/Documents/Xilinx/dtc
21:17:10 ERROR : (XSDB Server)ERROR: [Hsi 55-1403] /home/jlim/Documents/school/DLA/source/fw/rsa2048/rsa2048.sdk/zynq_bsp/system.mss line 213 - No IP instance named ps7_uart_1 present in hardware design
ERROR: [Hsi 55-1403] /home/jlim/Documents/school/DLA/source/fw/rsa2048/rsa2048.sdk/zynq_bsp/system.mss line 219 - No IP instance named ps7_usb_0 present in hardware design

21:17:10 ERROR : (XSDB Server)ERROR: [Hsi 55-1452] Error: running open_sw_design.

21:17:10 ERROR :  [Common 17-39] 'hsi::open_sw_design' failed due to earlier errors.
21:17:10 ERROR : (XSDB Server)ERROR: [Hsi 55-1403] /home/jlim/Documents/school/DLA/source/fw/rsa2048/rsa2048.sdk/zynq_bsp/system.mss line 213 - No IP instance named ps7_uart_1 present in hardware design

21:17:10 ERROR : (XSDB Server)ERROR: [Hsi 55-1403] /home/jlim/Documents/school/DLA/source/fw/rsa2048/rsa2048.sdk/zynq_bsp/system.mss line 219 - No IP instance named ps7_usb_0 present in hardware design

21:17:10 ERROR : (XSDB Server)ERROR: [Hsi 55-1452] Error: running open_sw_design.

21:17:10 INFO  : Unable to read in MSS file /home/jlim/Documents/school/DLA/source/fw/rsa2048/rsa2048.sdk/zynq_bsp/system.mss : null
21:17:10 ERROR : (XSDB Server)ERROR: [Hsi 55-1403] /home/jlim/Documents/school/DLA/source/fw/rsa2048/rsa2048.sdk/zynq_bsp/system.mss line 213 - No IP instance named ps7_uart_1 present in hardware design

21:17:10 ERROR : (XSDB Server)ERROR: [Hsi 55-1403] /home/jlim/Documents/school/DLA/source/fw/rsa2048/rsa2048.sdk/zynq_bsp/system.mss line 219 - No IP instance named ps7_usb_0 present in hardware design

21:17:10 ERROR : (XSDB Server)ERROR: [Hsi 55-1452] Error: running open_sw_design.

21:17:10 ERROR : (XSDB Server)ERROR: [Hsi 55-1403] /home/jlim/Documents/school/DLA/source/fw/rsa2048/rsa2048.sdk/zynq_bsp/system.mss line 213 - No IP instance named ps7_uart_1 present in hardware design

21:17:10 ERROR : (XSDB Server)ERROR: [Hsi 55-1403] /home/jlim/Documents/school/DLA/source/fw/rsa2048/rsa2048.sdk/zynq_bsp/system.mss line 219 - No IP instance named ps7_usb_0 present in hardware design

21:17:10 ERROR : (XSDB Server)ERROR: [Hsi 55-1452] Error: running open_sw_design.

21:17:11 ERROR : (XSDB Server)ERROR: [Hsi 55-1403] /home/jlim/Documents/school/DLA/source/fw/rsa2048/rsa2048.sdk/zynq_bsp/system.mss line 213 - No IP instance named ps7_uart_1 present in hardware design

21:17:11 ERROR : (XSDB Server)ERROR: [Hsi 55-1403] /home/jlim/Documents/school/DLA/source/fw/rsa2048/rsa2048.sdk/zynq_bsp/system.mss line 219 - No IP instance named ps7_usb_0 present in hardware design

21:17:11 ERROR : (XSDB Server)ERROR: [Hsi 55-1452] Error: running open_sw_design.

21:17:11 ERROR :  [Common 17-39] 'hsi::open_sw_design' failed due to earlier errors.
21:17:11 ERROR : (XSDB Server)ERROR: [Hsi 55-1403] /home/jlim/Documents/school/DLA/source/fw/rsa2048/rsa2048.sdk/zynq_bsp/system.mss line 213 - No IP instance named ps7_uart_1 present in hardware design

21:17:11 ERROR : (XSDB Server)ERROR: [Hsi 55-1403] /home/jlim/Documents/school/DLA/source/fw/rsa2048/rsa2048.sdk/zynq_bsp/system.mss line 219 - No IP instance named ps7_usb_0 present in hardware design

21:17:11 ERROR : (XSDB Server)ERROR: [Hsi 55-1452] Error: running open_sw_design.

21:17:11 INFO  : Unable to read in MSS file /home/jlim/Documents/school/DLA/source/fw/rsa2048/rsa2048.sdk/zynq_bsp/system.mss : null
21:17:11 ERROR : (XSDB Server)ERROR: [Hsi 55-1403] /home/jlim/Documents/school/DLA/source/fw/rsa2048/rsa2048.sdk/zynq_bsp/system.mss line 213 - No IP instance named ps7_uart_1 present in hardware design

21:17:11 ERROR : (XSDB Server)ERROR: [Hsi 55-1403] /home/jlim/Documents/school/DLA/source/fw/rsa2048/rsa2048.sdk/zynq_bsp/system.mss line 219 - No IP instance named ps7_usb_0 present in hardware design

21:17:11 ERROR : (XSDB Server)ERROR: [Hsi 55-1452] Error: running open_sw_design.

21:17:11 ERROR : Failed to closesw "/home/jlim/Documents/school/DLA/source/fw/rsa2048/rsa2048.sdk/zynq_bsp/system.mss"
Reason: Cannot close sw design '/home/jlim/Documents/school/DLA/source/fw/rsa2048/rsa2048.sdk/zynq_bsp/system.mss'.
Design is not opened in the current session.


21:17:17 ERROR : (XSDB Server)ERROR: [Common 17-167] Type error

21:17:17 ERROR : (XSDB Server)ERROR: [Hsi 55-1545] Problem running tcl command ::sw_device_tree::post_generate : ERROR: [Common 17-39] 'rdi::col_lreplace' failed due to earlier errors.

    while executing
"lreplace $all_drivers $first_occur_pos $first_occur_pos $console_element"
    ("foreach" body line 12)
    invoked from within
"foreach drv_handle $all_drivers {
		set alias_str [get_property CONFIG.dtg.alias $drv_handle]
		if {[string match -nocase $alias_str "serial"]} {
			i..."
    (procedure "update_alias" line 25)
    invoked from within
"update_alias $os_handle"
    (procedure "::sw_device_tree::post_generate" line 3)
    invoked from within
"::sw_device_tree::post_generate device_tree"
ERROR: [Hsi 55-1443] Error(s) while running TCL procedure post_generate()

21:17:17 ERROR : (XSDB Server)ERROR: [Hsi 55-1450] Error: running generate_bsp.

21:17:17 ERROR : Failed in generating sources
21:17:17 INFO  : BSP Project P/devicetree has been successfully migrated.
21:17:36 ERROR : (XSDB Server)ERROR: [Hsi 55-1403] /home/jlim/Documents/school/DLA/source/fw/rsa2048/rsa2048.sdk/zynq_bsp/system.mss line 213 - No IP instance named ps7_uart_1 present in hardware design

21:17:36 ERROR :  [Common 17-39] 'hsi::open_sw_design' failed due to earlier errors.
21:17:36 ERROR : (XSDB Server)ERROR: [Hsi 55-1403] /home/jlim/Documents/school/DLA/source/fw/rsa2048/rsa2048.sdk/zynq_bsp/system.mss line 219 - No IP instance named ps7_usb_0 present in hardware design
ERROR: [Hsi 55-1452] Error: running open_sw_design.

21:17:36 ERROR : (XSDB Server)ERROR: [Hsi 55-1403] /home/jlim/Documents/school/DLA/source/fw/rsa2048/rsa2048.sdk/zynq_bsp/system.mss line 213 - No IP instance named ps7_uart_1 present in hardware design

21:17:36 ERROR : (XSDB Server)ERROR: [Hsi 55-1403] /home/jlim/Documents/school/DLA/source/fw/rsa2048/rsa2048.sdk/zynq_bsp/system.mss line 219 - No IP instance named ps7_usb_0 present in hardware design

21:17:36 ERROR : (XSDB Server)ERROR: [Hsi 55-1452] Error: running open_sw_design.

21:17:36 INFO  : Unable to read in MSS file /home/jlim/Documents/school/DLA/source/fw/rsa2048/rsa2048.sdk/zynq_bsp/system.mss : null
21:17:36 ERROR : (XSDB Server)ERROR: [Hsi 55-1403] /home/jlim/Documents/school/DLA/source/fw/rsa2048/rsa2048.sdk/zynq_bsp/system.mss line 213 - No IP instance named ps7_uart_1 present in hardware design

21:17:36 ERROR : (XSDB Server)ERROR: [Hsi 55-1403] /home/jlim/Documents/school/DLA/source/fw/rsa2048/rsa2048.sdk/zynq_bsp/system.mss line 219 - No IP instance named ps7_usb_0 present in hardware design

21:17:36 ERROR : (XSDB Server)ERROR: [Hsi 55-1452] Error: running open_sw_design.

21:17:36 ERROR : (XSDB Server)ERROR: [Hsi 55-1403] /home/jlim/Documents/school/DLA/source/fw/rsa2048/rsa2048.sdk/zynq_bsp/system.mss line 213 - No IP instance named ps7_uart_1 present in hardware design

21:17:36 ERROR : (XSDB Server)ERROR: [Hsi 55-1403] /home/jlim/Documents/school/DLA/source/fw/rsa2048/rsa2048.sdk/zynq_bsp/system.mss line 219 - No IP instance named ps7_usb_0 present in hardware design

21:17:36 ERROR : (XSDB Server)ERROR: [Hsi 55-1452] Error: running open_sw_design.

21:17:36 ERROR : Failed to get_connected_periphs
Reason: ERROR: [Common 17-55] 'get_property' expects at least one object.
Resolution: If [get_<value>] was used to populate the object, check to make sure this command returns at least one valid object.

21:17:39 ERROR : (XSDB Server)ERROR: [Hsi 55-1403] /home/jlim/Documents/school/DLA/source/fw/rsa2048/rsa2048.sdk/zynq_bsp/system.mss line 213 - No IP instance named ps7_uart_1 present in hardware design

21:17:39 ERROR :  [Common 17-39] 'hsi::open_sw_design' failed due to earlier errors.
21:17:39 ERROR : (XSDB Server)ERROR: [Hsi 55-1403] /home/jlim/Documents/school/DLA/source/fw/rsa2048/rsa2048.sdk/zynq_bsp/system.mss line 219 - No IP instance named ps7_usb_0 present in hardware design
ERROR: [Hsi 55-1452] Error: running open_sw_design.

21:17:39 ERROR : (XSDB Server)ERROR: [Hsi 55-1403] /home/jlim/Documents/school/DLA/source/fw/rsa2048/rsa2048.sdk/zynq_bsp/system.mss line 213 - No IP instance named ps7_uart_1 present in hardware design

21:17:39 ERROR : (XSDB Server)ERROR: [Hsi 55-1403] /home/jlim/Documents/school/DLA/source/fw/rsa2048/rsa2048.sdk/zynq_bsp/system.mss line 219 - No IP instance named ps7_usb_0 present in hardware design

21:17:39 ERROR : (XSDB Server)ERROR: [Hsi 55-1452] Error: running open_sw_design.

21:17:39 INFO  : Unable to read in MSS file /home/jlim/Documents/school/DLA/source/fw/rsa2048/rsa2048.sdk/zynq_bsp/system.mss : null
21:17:39 ERROR : (XSDB Server)ERROR: [Hsi 55-1403] /home/jlim/Documents/school/DLA/source/fw/rsa2048/rsa2048.sdk/zynq_bsp/system.mss line 213 - No IP instance named ps7_uart_1 present in hardware design
ERROR: [Hsi 55-1403] /home/jlim/Documents/school/DLA/source/fw/rsa2048/rsa2048.sdk/zynq_bsp/system.mss line 219 - No IP instance named ps7_usb_0 present in hardware design

21:17:39 ERROR : (XSDB Server)ERROR: [Hsi 55-1452] Error: running open_sw_design.

21:17:39 ERROR : (XSDB Server)ERROR: [Hsi 55-1403] /home/jlim/Documents/school/DLA/source/fw/rsa2048/rsa2048.sdk/zynq_bsp/system.mss line 213 - No IP instance named ps7_uart_1 present in hardware design

21:17:39 ERROR : (XSDB Server)ERROR: [Hsi 55-1403] /home/jlim/Documents/school/DLA/source/fw/rsa2048/rsa2048.sdk/zynq_bsp/system.mss line 219 - No IP instance named ps7_usb_0 present in hardware design

21:17:39 ERROR : (XSDB Server)ERROR: [Hsi 55-1452] Error: running open_sw_design.

21:17:39 ERROR : (XSDB Server)ERROR: [Hsi 55-1403] /home/jlim/Documents/school/DLA/source/fw/rsa2048/rsa2048.sdk/zynq_bsp/system.mss line 213 - No IP instance named ps7_uart_1 present in hardware design

21:17:39 ERROR : (XSDB Server)ERROR: [Hsi 55-1403] /home/jlim/Documents/school/DLA/source/fw/rsa2048/rsa2048.sdk/zynq_bsp/system.mss line 219 - No IP instance named ps7_usb_0 present in hardware design

21:17:39 ERROR : (XSDB Server)ERROR: [Hsi 55-1452] Error: running open_sw_design.

21:17:39 ERROR :  [Common 17-39] 'hsi::open_sw_design' failed due to earlier errors.
21:17:39 ERROR : (XSDB Server)ERROR: [Hsi 55-1403] /home/jlim/Documents/school/DLA/source/fw/rsa2048/rsa2048.sdk/zynq_bsp/system.mss line 213 - No IP instance named ps7_uart_1 present in hardware design

21:17:39 ERROR : (XSDB Server)ERROR: [Hsi 55-1403] /home/jlim/Documents/school/DLA/source/fw/rsa2048/rsa2048.sdk/zynq_bsp/system.mss line 219 - No IP instance named ps7_usb_0 present in hardware design

21:17:39 ERROR : (XSDB Server)ERROR: [Hsi 55-1452] Error: running open_sw_design.

21:17:39 INFO  : Unable to read in MSS file /home/jlim/Documents/school/DLA/source/fw/rsa2048/rsa2048.sdk/zynq_bsp/system.mss : null
21:17:39 ERROR : (XSDB Server)ERROR: [Hsi 55-1403] /home/jlim/Documents/school/DLA/source/fw/rsa2048/rsa2048.sdk/zynq_bsp/system.mss line 213 - No IP instance named ps7_uart_1 present in hardware design

21:17:39 ERROR : (XSDB Server)ERROR: [Hsi 55-1403] /home/jlim/Documents/school/DLA/source/fw/rsa2048/rsa2048.sdk/zynq_bsp/system.mss line 219 - No IP instance named ps7_usb_0 present in hardware design

21:17:39 ERROR : (XSDB Server)ERROR: [Hsi 55-1452] Error: running open_sw_design.

21:17:39 ERROR : Failed to closesw "/home/jlim/Documents/school/DLA/source/fw/rsa2048/rsa2048.sdk/zynq_bsp/system.mss"
Reason: Cannot close sw design '/home/jlim/Documents/school/DLA/source/fw/rsa2048/rsa2048.sdk/zynq_bsp/system.mss'.
Design is not opened in the current session.


21:22:40 INFO  : Launching XSDB server: xsdb -n -interactive /home/jlim/Documents/school/DLA/source/fw/rsa2048/rsa2048.sdk/temp_xsdb_launch_script.tcl
21:22:41 INFO  : XSDB server has started successfully.
21:22:44 INFO  : Restoring global repository preferences: 
		 /home/jlim/Documents/Xilinx/device-tree-xlnx
		 /home/jlim/Documents/Xilinx/dtc
21:22:50 ERROR : (XSDB Server)ERROR: [Hsi 55-1403] /home/jlim/Documents/school/DLA/source/fw/rsa2048/rsa2048.sdk/zynq_bsp/system.mss line 213 - No IP instance named ps7_uart_1 present in hardware design

21:22:50 ERROR : (XSDB Server)ERROR: [Hsi 55-1403] /home/jlim/Documents/school/DLA/source/fw/rsa2048/rsa2048.sdk/zynq_bsp/system.mss line 219 - No IP instance named ps7_usb_0 present in hardware design

21:22:50 ERROR : (XSDB Server)ERROR: [Hsi 55-1452] Error: running open_sw_design.

21:22:50 ERROR :  [Common 17-39] 'hsi::open_sw_design' failed due to earlier errors.
21:22:50 ERROR : (XSDB Server)ERROR: [Hsi 55-1403] /home/jlim/Documents/school/DLA/source/fw/rsa2048/rsa2048.sdk/zynq_bsp/system.mss line 213 - No IP instance named ps7_uart_1 present in hardware design

21:22:50 ERROR : (XSDB Server)ERROR: [Hsi 55-1403] /home/jlim/Documents/school/DLA/source/fw/rsa2048/rsa2048.sdk/zynq_bsp/system.mss line 219 - No IP instance named ps7_usb_0 present in hardware design

21:22:50 ERROR : (XSDB Server)ERROR: [Hsi 55-1452] Error: running open_sw_design.

21:22:50 INFO  : Unable to read in MSS file /home/jlim/Documents/school/DLA/source/fw/rsa2048/rsa2048.sdk/zynq_bsp/system.mss : null
21:22:50 ERROR : (XSDB Server)ERROR: [Hsi 55-1403] /home/jlim/Documents/school/DLA/source/fw/rsa2048/rsa2048.sdk/zynq_bsp/system.mss line 213 - No IP instance named ps7_uart_1 present in hardware design

21:22:50 ERROR : (XSDB Server)ERROR: [Hsi 55-1403] /home/jlim/Documents/school/DLA/source/fw/rsa2048/rsa2048.sdk/zynq_bsp/system.mss line 219 - No IP instance named ps7_usb_0 present in hardware design

21:22:50 ERROR : (XSDB Server)ERROR: [Hsi 55-1452] Error: running open_sw_design.

21:22:50 ERROR : (XSDB Server)ERROR: [Hsi 55-1403] /home/jlim/Documents/school/DLA/source/fw/rsa2048/rsa2048.sdk/zynq_bsp/system.mss line 213 - No IP instance named ps7_uart_1 present in hardware design

21:22:50 ERROR : (XSDB Server)ERROR: [Hsi 55-1403] /home/jlim/Documents/school/DLA/source/fw/rsa2048/rsa2048.sdk/zynq_bsp/system.mss line 219 - No IP instance named ps7_usb_0 present in hardware design

21:22:50 ERROR : (XSDB Server)ERROR: [Hsi 55-1452] Error: running open_sw_design.

21:22:50 ERROR : (XSDB Server)ERROR: [Hsi 55-1403] /home/jlim/Documents/school/DLA/source/fw/rsa2048/rsa2048.sdk/zynq_bsp/system.mss line 213 - No IP instance named ps7_uart_1 present in hardware design

21:22:50 ERROR : (XSDB Server)ERROR: [Hsi 55-1403] /home/jlim/Documents/school/DLA/source/fw/rsa2048/rsa2048.sdk/zynq_bsp/system.mss line 219 - No IP instance named ps7_usb_0 present in hardware design

21:22:50 ERROR : (XSDB Server)ERROR: [Hsi 55-1452] Error: running open_sw_design.

21:22:50 ERROR :  [Common 17-39] 'hsi::open_sw_design' failed due to earlier errors.
21:22:50 ERROR : (XSDB Server)ERROR: [Hsi 55-1403] /home/jlim/Documents/school/DLA/source/fw/rsa2048/rsa2048.sdk/zynq_bsp/system.mss line 213 - No IP instance named ps7_uart_1 present in hardware design

21:22:50 ERROR : (XSDB Server)ERROR: [Hsi 55-1403] /home/jlim/Documents/school/DLA/source/fw/rsa2048/rsa2048.sdk/zynq_bsp/system.mss line 219 - No IP instance named ps7_usb_0 present in hardware design

21:22:50 ERROR : (XSDB Server)ERROR: [Hsi 55-1452] Error: running open_sw_design.

21:22:50 INFO  : Unable to read in MSS file /home/jlim/Documents/school/DLA/source/fw/rsa2048/rsa2048.sdk/zynq_bsp/system.mss : null
21:22:50 ERROR : (XSDB Server)ERROR: [Hsi 55-1403] /home/jlim/Documents/school/DLA/source/fw/rsa2048/rsa2048.sdk/zynq_bsp/system.mss line 213 - No IP instance named ps7_uart_1 present in hardware design

21:22:50 ERROR : (XSDB Server)ERROR: [Hsi 55-1403] /home/jlim/Documents/school/DLA/source/fw/rsa2048/rsa2048.sdk/zynq_bsp/system.mss line 219 - No IP instance named ps7_usb_0 present in hardware design

21:22:50 ERROR : (XSDB Server)ERROR: [Hsi 55-1452] Error: running open_sw_design.

21:22:50 ERROR : Failed to closesw "/home/jlim/Documents/school/DLA/source/fw/rsa2048/rsa2048.sdk/zynq_bsp/system.mss"
Reason: Cannot close sw design '/home/jlim/Documents/school/DLA/source/fw/rsa2048/rsa2048.sdk/zynq_bsp/system.mss'.
Design is not opened in the current session.


21:22:52 INFO  : Processing command line option -hwspec /home/jlim/Documents/school/DLA/source/fw/rsa2048/rsa2048.sdk/top.hdf.
21:22:58 INFO  : Checking for hwspec changes in the project top_hw_platform_0.
21:23:00 ERROR : (XSDB Server)ERROR: [Common 17-167] Type error

21:23:00 ERROR : (XSDB Server)ERROR: [Hsi 55-1545] Problem running tcl command ::sw_device_tree::post_generate : ERROR: [Common 17-39] 'rdi::col_lreplace' failed due to earlier errors.

    while executing
"lreplace $all_drivers $first_occur_pos $first_occur_pos $console_element"
    ("foreach" body line 12)
    invoked from within
"foreach drv_handle $all_drivers {
		set alias_str [get_property CONFIG.dtg.alias $drv_handle]
		if {[string match -nocase $alias_str "serial"]} {
			i..."
    (procedure "update_alias" line 25)
    invoked from within
"update_alias $os_handle"
    (procedure "::sw_device_tree::post_generate" line 3)
    invoked from within
"::sw_device_tree::post_generate device_tree"
ERROR: [Hsi 55-1443] Error(s) while running TCL procedure post_generate()

21:23:00 ERROR : (XSDB Server)ERROR: [Hsi 55-1450] Error: running generate_bsp.

21:23:00 ERROR : Failed in generating sources
21:23:00 INFO  : BSP Project P/devicetree has been successfully migrated.
21:23:39 ERROR : (XSDB Server)ERROR: [Hsi 55-1403] /home/jlim/Documents/school/DLA/source/fw/rsa2048/rsa2048.sdk/zynq_bsp/system.mss line 213 - No IP instance named ps7_uart_1 present in hardware design

21:23:39 ERROR :  [Common 17-39] 'hsi::open_sw_design' failed due to earlier errors.
21:23:39 ERROR : (XSDB Server)ERROR: [Hsi 55-1403] /home/jlim/Documents/school/DLA/source/fw/rsa2048/rsa2048.sdk/zynq_bsp/system.mss line 219 - No IP instance named ps7_usb_0 present in hardware design
ERROR: [Hsi 55-1452] Error: running open_sw_design.

21:23:39 ERROR : (XSDB Server)ERROR: [Hsi 55-1403] /home/jlim/Documents/school/DLA/source/fw/rsa2048/rsa2048.sdk/zynq_bsp/system.mss line 213 - No IP instance named ps7_uart_1 present in hardware design

21:23:39 ERROR : (XSDB Server)ERROR: [Hsi 55-1403] /home/jlim/Documents/school/DLA/source/fw/rsa2048/rsa2048.sdk/zynq_bsp/system.mss line 219 - No IP instance named ps7_usb_0 present in hardware design

21:23:39 ERROR : (XSDB Server)ERROR: [Hsi 55-1452] Error: running open_sw_design.

21:23:39 INFO  : Unable to read in MSS file /home/jlim/Documents/school/DLA/source/fw/rsa2048/rsa2048.sdk/zynq_bsp/system.mss : null
21:23:39 ERROR : (XSDB Server)ERROR: [Hsi 55-1403] /home/jlim/Documents/school/DLA/source/fw/rsa2048/rsa2048.sdk/zynq_bsp/system.mss line 213 - No IP instance named ps7_uart_1 present in hardware design

21:23:39 ERROR : (XSDB Server)ERROR: [Hsi 55-1403] /home/jlim/Documents/school/DLA/source/fw/rsa2048/rsa2048.sdk/zynq_bsp/system.mss line 219 - No IP instance named ps7_usb_0 present in hardware design

21:23:39 ERROR : (XSDB Server)ERROR: [Hsi 55-1452] Error: running open_sw_design.

21:23:39 ERROR : (XSDB Server)ERROR: [Hsi 55-1403] /home/jlim/Documents/school/DLA/source/fw/rsa2048/rsa2048.sdk/zynq_bsp/system.mss line 213 - No IP instance named ps7_uart_1 present in hardware design

21:23:39 ERROR : (XSDB Server)ERROR: [Hsi 55-1403] /home/jlim/Documents/school/DLA/source/fw/rsa2048/rsa2048.sdk/zynq_bsp/system.mss line 219 - No IP instance named ps7_usb_0 present in hardware design

21:23:39 ERROR : (XSDB Server)ERROR: [Hsi 55-1452] Error: running open_sw_design.

21:23:39 ERROR : Failed to get_connected_periphs
Reason: ERROR: [Common 17-55] 'get_property' expects at least one object.
Resolution: If [get_<value>] was used to populate the object, check to make sure this command returns at least one valid object.

21:23:45 ERROR : (XSDB Server)ERROR: [Hsi 55-1403] /home/jlim/Documents/school/DLA/source/fw/rsa2048/rsa2048.sdk/zynq_bsp/system.mss line 213 - No IP instance named ps7_uart_1 present in hardware design

21:23:45 ERROR :  [Common 17-39] 'hsi::open_sw_design' failed due to earlier errors.
21:23:45 ERROR : (XSDB Server)ERROR: [Hsi 55-1403] /home/jlim/Documents/school/DLA/source/fw/rsa2048/rsa2048.sdk/zynq_bsp/system.mss line 219 - No IP instance named ps7_usb_0 present in hardware design
ERROR: [Hsi 55-1452] Error: running open_sw_design.

21:23:45 ERROR : (XSDB Server)ERROR: [Hsi 55-1403] /home/jlim/Documents/school/DLA/source/fw/rsa2048/rsa2048.sdk/zynq_bsp/system.mss line 213 - No IP instance named ps7_uart_1 present in hardware design

21:23:45 ERROR : (XSDB Server)ERROR: [Hsi 55-1403] /home/jlim/Documents/school/DLA/source/fw/rsa2048/rsa2048.sdk/zynq_bsp/system.mss line 219 - No IP instance named ps7_usb_0 present in hardware design

21:23:45 ERROR : (XSDB Server)ERROR: [Hsi 55-1452] Error: running open_sw_design.

21:23:45 INFO  : Unable to read in MSS file /home/jlim/Documents/school/DLA/source/fw/rsa2048/rsa2048.sdk/zynq_bsp/system.mss : null
21:23:45 ERROR : Failed to closesw "/home/jlim/Documents/school/DLA/source/fw/rsa2048/rsa2048.sdk/zynq_bsp/system.mss"
Reason: Cannot close sw design '/home/jlim/Documents/school/DLA/source/fw/rsa2048/rsa2048.sdk/zynq_bsp/system.mss'.
Design is not opened in the current session.


21:24:14 INFO  : Refreshed build settings on project FSBL
21:40:47 INFO  : Launching XSDB server: xsdb -n -interactive /home/jlim/Documents/school/DLA/source/fw/rsa2048/rsa2048.sdk/temp_xsdb_launch_script.tcl
21:40:48 INFO  : XSDB server has started successfully.
21:40:49 INFO  : Restoring global repository preferences: 
		 /home/jlim/Documents/Xilinx/device-tree-xlnx
		 /home/jlim/Documents/Xilinx/dtc
21:40:55 INFO  : Processing command line option -hwspec /home/jlim/Documents/school/DLA/source/fw/rsa2048/rsa2048.sdk/top.hdf.
21:40:56 INFO  : Checking for hwspec changes in the project top_hw_platform_0.
21:40:56 INFO  : SDK has detected change in the last modified timestamps for source hardware specification file Source:1479184822000,  Project:1479183230000
21:40:56 INFO  : The hardware specification for project 'top_hw_platform_0' is different from /home/jlim/Documents/school/DLA/source/fw/rsa2048/rsa2048.sdk/top.hdf.
21:40:56 INFO  : Copied contents of /home/jlim/Documents/school/DLA/source/fw/rsa2048/rsa2048.sdk/top.hdf into /top_hw_platform_0/system.hdf.
21:41:02 INFO  : Synchronizing projects in the workspace with the hardware platform specification changes.
21:41:06 INFO  : 
21:41:07 ERROR : (XSDB Server)ERROR: [Hsi 55-1545] Problem running tcl command ::sw_standalone_v5_5::generate : No driver for stdin peripheral ps7_uart_0. Check the following reasons: 
 1. ps7_uart_0 is not accessible from processor ps7_cortexa9_0.
 2. No Driver block is defined for ps7_uart_0 in MSS file.
    while executing
"error "No driver for stdin peripheral $stdin. Check the following reasons: \n 1. $stdin is not accessible from processor $processor.\n 2. No Driver bl..."
    (procedure "::hsi::utils::handle_stdin" line 11)
    invoked from within
"::hsi::utils::handle_stdin $os_handle"
    (procedure "::sw_standalone_v5_5::generate" line 221)
    invoked from within
"::sw_standalone_v5_5::generate standalone"
ERROR: [Hsi 55-1442] Error(s) while running TCL procedure generate()

21:41:07 ERROR : (XSDB Server)ERROR: [Hsi 55-1450] Error: running generate_bsp.

21:41:07 ERROR : Failed to call sync_sw_with_hw_change
Reason: ERROR: [Common 17-39] 'hsi::generate_bsp' failed due to earlier errors.

21:41:10 INFO  : BSP Project P/devicetree has been successfully migrated.
21:41:10 ERROR : Error updating BSP project MSS files.
21:41:11 INFO  : Updating hardware inferred compiler options for FSBL.
21:41:11 INFO  : Clearing existing target manager status.
21:41:16 INFO  : Closing and re-opening the MSS file of ther project devicetree
21:49:34 INFO  : Launching XSDB server: xsdb -n -interactive /home/jlim/Documents/school/DLA/source/fw/rsa2048/rsa2048.sdk/temp_xsdb_launch_script.tcl
21:49:35 INFO  : XSDB server has started successfully.
21:49:35 INFO  : Restoring global repository preferences: 
		 /home/jlim/Documents/Xilinx/device-tree-xlnx
		 /home/jlim/Documents/Xilinx/dtc
21:49:45 INFO  : BSP Project P/devicetree has been successfully migrated.
22:14:31 INFO  : SDK has detected change in the last modified timestamps for source hardware specification file Source:1479186867000,  Project:1479184822000
22:14:31 INFO  : Project top_hw_platform_0's source hardware specification located at /home/jlim/Documents/school/DLA/source/fw/rsa2048/rsa2048.sdk/top.hdf is now different from the local copy.
		 The local copy will be replaced with the source specification and your workspace will be updated.
22:14:34 INFO  : Copied contents of /home/jlim/Documents/school/DLA/source/fw/rsa2048/rsa2048.sdk/top.hdf into /top_hw_platform_0/system.hdf.
22:14:42 INFO  : Synchronizing projects in the workspace with the hardware platform specification changes.
22:14:46 INFO  : 
22:14:47 INFO  : 
22:14:48 INFO  : Updating hardware inferred compiler options for FSBL.
22:14:48 INFO  : Clearing existing target manager status.
22:14:50 INFO  : Closing and re-opening the MSS file of ther project devicetree
22:14:51 INFO  : Closing and re-opening the MSS file of ther project devicetree
22:41:09 INFO  : SDK has detected change in the last modified timestamps for source hardware specification file Source:1479188468000,  Project:1479186867000
22:41:09 INFO  : Project top_hw_platform_0's source hardware specification located at /home/jlim/Documents/school/DLA/source/fw/rsa2048/rsa2048.sdk/top.hdf is now different from the local copy.
		 The local copy will be replaced with the source specification and your workspace will be updated.
22:41:42 INFO  : Copied contents of /home/jlim/Documents/school/DLA/source/fw/rsa2048/rsa2048.sdk/top.hdf into /top_hw_platform_0/system.hdf.
22:41:48 INFO  : Synchronizing projects in the workspace with the hardware platform specification changes.
22:41:52 INFO  : 
22:41:53 INFO  : 
22:41:54 INFO  : Updating hardware inferred compiler options for FSBL.
22:41:57 INFO  : Clearing existing target manager status.
22:42:58 INFO  : Launching XSDB server: xsdb -n -interactive /home/jlim/Documents/school/DLA/source/fw/rsa2048/rsa2048.sdk/temp_xsdb_launch_script.tcl
22:42:59 INFO  : XSDB server has started successfully.
22:42:59 INFO  : Restoring global repository preferences: 
		 /home/jlim/Documents/Xilinx/device-tree-xlnx
		 /home/jlim/Documents/Xilinx/dtc
22:43:08 INFO  : BSP Project P/devicetree has been successfully migrated.
22:44:53 INFO  : Launching XSDB server: xsdb -n -interactive /home/jlim/Documents/school/DLA/source/fw/rsa2048/rsa2048.sdk/temp_xsdb_launch_script.tcl
22:44:54 INFO  : XSDB server has started successfully.
22:44:54 INFO  : Restoring global repository preferences: 
		 /home/jlim/Documents/Xilinx/device-tree-xlnx
		 /home/jlim/Documents/Xilinx/dtc
22:45:03 INFO  : BSP Project P/devicetree has been successfully migrated.
22:50:59 INFO  : Launching XSDB server: xsdb -n -interactive /home/jlim/Documents/school/DLA/source/fw/rsa2048/rsa2048.sdk/temp_xsdb_launch_script.tcl
22:51:01 INFO  : XSDB server has started successfully.
22:51:01 INFO  : Restoring global repository preferences: 
		 /home/jlim/Documents/Xilinx/device-tree-xlnx
		 /home/jlim/Documents/Xilinx/dtc
22:51:11 INFO  : BSP Project P/devicetree has been successfully migrated.
22:54:43 INFO  : SDK has detected change in the last modified timestamps for source hardware specification file Source:1479189283000,  Project:1479188468000
22:54:43 INFO  : Project top_hw_platform_0's source hardware specification located at /home/jlim/Documents/school/DLA/source/fw/rsa2048/rsa2048.sdk/top.hdf is now different from the local copy.
		 The local copy will be replaced with the source specification and your workspace will be updated.
22:54:46 INFO  : Copied contents of /home/jlim/Documents/school/DLA/source/fw/rsa2048/rsa2048.sdk/top.hdf into /top_hw_platform_0/system.hdf.
22:54:52 INFO  : Synchronizing projects in the workspace with the hardware platform specification changes.
22:54:56 INFO  : 
22:54:57 INFO  : 
22:54:58 INFO  : Updating hardware inferred compiler options for FSBL.
22:54:58 INFO  : Clearing existing target manager status.
22:55:00 INFO  : Closing and re-opening the MSS file of ther project zynq_bsp
22:55:01 INFO  : Closing and re-opening the MSS file of ther project devicetree
22:55:01 INFO  : Closing and re-opening the MSS file of ther project devicetree
22:55:02 INFO  : Workspace synchronized with the new hardware specification file. Cleaning dependent projects...
22:55:02 WARN  : Linker script will not be updated automatically. Users need to update it manually.
23:03:16 INFO  : SDK has detected change in the last modified timestamps for source hardware specification file Source:1479189793000,  Project:1479189283000
23:03:16 INFO  : Project top_hw_platform_0's source hardware specification located at /home/jlim/Documents/school/DLA/source/fw/rsa2048/rsa2048.sdk/top.hdf is now different from the local copy.
		 The local copy will be replaced with the source specification and your workspace will be updated.
23:04:06 INFO  : Copied contents of /home/jlim/Documents/school/DLA/source/fw/rsa2048/rsa2048.sdk/top.hdf into /top_hw_platform_0/system.hdf.
23:04:13 INFO  : Synchronizing projects in the workspace with the hardware platform specification changes.
23:04:16 INFO  : 
23:04:17 INFO  : 
23:04:18 INFO  : Updating hardware inferred compiler options for FSBL.
23:04:18 INFO  : Clearing existing target manager status.
23:04:18 INFO  : Closing and re-opening the MSS file of ther project zynq_bsp
23:04:19 INFO  : Closing and re-opening the MSS file of ther project devicetree
23:04:19 INFO  : Closing and re-opening the MSS file of ther project devicetree
23:04:19 INFO  : Workspace synchronized with the new hardware specification file. Cleaning dependent projects...
23:04:20 WARN  : Linker script will not be updated automatically. Users need to update it manually.
23:12:19 INFO  : SDK has detected change in the last modified timestamps for source hardware specification file Source:1479190336000,  Project:1479189793000
23:12:19 INFO  : Project top_hw_platform_0's source hardware specification located at /home/jlim/Documents/school/DLA/source/fw/rsa2048/rsa2048.sdk/top.hdf is now different from the local copy.
		 The local copy will be replaced with the source specification and your workspace will be updated.
23:12:21 INFO  : Copied contents of /home/jlim/Documents/school/DLA/source/fw/rsa2048/rsa2048.sdk/top.hdf into /top_hw_platform_0/system.hdf.
23:12:28 INFO  : Synchronizing projects in the workspace with the hardware platform specification changes.
23:12:32 INFO  : 
23:12:33 INFO  : 
23:12:33 INFO  : Updating hardware inferred compiler options for FSBL.
23:12:33 INFO  : Clearing existing target manager status.
23:12:33 INFO  : Closing and re-opening the MSS file of ther project zynq_bsp
23:12:34 INFO  : Closing and re-opening the MSS file of ther project devicetree
23:12:35 INFO  : Closing and re-opening the MSS file of ther project devicetree
23:12:35 INFO  : Closing and re-opening the MSS file of ther project devicetree
23:12:36 INFO  : Workspace synchronized with the new hardware specification file. Cleaning dependent projects...
23:12:36 WARN  : Linker script will not be updated automatically. Users need to update it manually.
23:19:49 ERROR : Unexpected error while parsing XMD response ￿: com.google.gson.JsonSyntaxException: com.google.gson.stream.MalformedJsonException: invalid number or unquoted string near 
23:27:19 INFO  : Launching XSDB server: xsdb -n -interactive /home/jlim/Documents/school/DLA/source/fw/rsa2048/rsa2048.sdk/temp_xsdb_launch_script.tcl
23:27:20 INFO  : XSDB server has started successfully.
23:27:20 INFO  : Restoring global repository preferences: 
		 /home/jlim/Documents/Xilinx/device-tree-xlnx
		 /home/jlim/Documents/Xilinx/dtc
23:27:31 INFO  : SDK has detected change in the last modified timestamps for source hardware specification file Source:1479191224000,  Project:1479190336000
23:27:31 INFO  : Project top_hw_platform_0's source hardware specification located at /home/jlim/Documents/school/DLA/source/fw/rsa2048/rsa2048.sdk/top.hdf is now different from the local copy.
		 The local copy will be replaced with the source specification and your workspace will be updated.
23:27:31 INFO  : BSP Project P/devicetree has been successfully migrated.
23:27:52 INFO  : Copied contents of /home/jlim/Documents/school/DLA/source/fw/rsa2048/rsa2048.sdk/top.hdf into /top_hw_platform_0/system.hdf.
23:27:59 INFO  : Synchronizing projects in the workspace with the hardware platform specification changes.
23:28:03 INFO  : 
23:28:04 INFO  : 
23:28:04 INFO  : Updating hardware inferred compiler options for FSBL.
23:28:04 INFO  : Clearing existing target manager status.
23:28:07 INFO  : Closing and re-opening the MSS file of ther project zynq_bsp
23:28:08 INFO  : Closing and re-opening the MSS file of ther project devicetree
23:38:52 INFO  : SDK has detected change in the last modified timestamps for source hardware specification file Source:1479191931000,  Project:1479191224000
23:38:52 INFO  : Project top_hw_platform_0's source hardware specification located at /home/jlim/Documents/school/DLA/source/fw/rsa2048/rsa2048.sdk/top.hdf is now different from the local copy.
		 The local copy will be replaced with the source specification and your workspace will be updated.
23:38:54 INFO  : Project top_hw_platform_0's source hardware specification location will not be monitored anymore.
23:39:08 ERROR : Unexpected error while parsing XMD response ￿: com.google.gson.JsonSyntaxException: com.google.gson.stream.MalformedJsonException: invalid number or unquoted string near 
23:39:23 INFO  : Launching XSDB server: xsdb -n -interactive /home/jlim/Documents/school/DLA/source/fw/rsa2048/rsa2048.sdk/temp_xsdb_launch_script.tcl
23:39:24 INFO  : XSDB server has started successfully.
23:39:25 INFO  : Restoring global repository preferences: 
		 /home/jlim/Documents/Xilinx/device-tree-xlnx
		 /home/jlim/Documents/Xilinx/dtc
23:39:31 INFO  : BSP Project P/devicetree has been successfully migrated.
15:37:36 INFO  : Launching XSDB server: xsdb -n -interactive /home/jlim/Documents/school/DLA/source/fw/rsa2048/rsa2048.sdk/temp_xsdb_launch_script.tcl
15:37:42 INFO  : XSDB server has started successfully.
15:37:48 INFO  : Restoring global repository preferences: 
		 /home/jlim/Documents/Xilinx/device-tree-xlnx
		 /home/jlim/Documents/Xilinx/dtc
15:37:57 INFO  : BSP Project P/devicetree has been successfully migrated.
13:51:51 INFO  : Launching XSDB server: xsdb -n -interactive /home/jlim/Documents/school/DLA/source/fw/rsa2048/rsa2048.sdk/temp_xsdb_launch_script.tcl
13:51:53 INFO  : XSDB server has started successfully.
13:51:56 INFO  : Restoring global repository preferences: 
		 /home/jlim/Documents/Xilinx/device-tree-xlnx
		 /home/jlim/Documents/Xilinx/dtc
13:52:13 INFO  : BSP Project P/devicetree has been successfully migrated.
12:29:31 INFO  : Launching XSDB server: xsdb -n -interactive /home/jlim/Documents/school/DLA/source/fw/rsa2048/rsa2048.sdk/temp_xsdb_launch_script.tcl
12:29:35 INFO  : XSDB server has started successfully.
12:29:39 INFO  : Restoring global repository preferences: 
		 /home/jlim/Documents/Xilinx/device-tree-xlnx
		 /home/jlim/Documents/Xilinx/dtc
12:29:48 INFO  : BSP Project P/devicetree has been successfully migrated.
14:36:05 INFO  : Refreshed build settings on project FSBL
