Copyright 1986-2016 Xilinx, Inc. All Rights Reserved.
------------------------------------------------------------------------------------
| Tool Version : Vivado v.2016.2 (lin64) Build 1577090 Thu Jun  2 16:32:35 MDT 2016
| Date         : Sun Mar 19 09:55:06 2017
| Host         : linux-Inspiron-5565 running 64-bit Ubuntu 14.04.5 LTS
| Command      : upgrade_ip
| Device       : xc7z020clg484-1
------------------------------------------------------------------------------------

Upgrade Log for IP 'xc7z020_bigint_math_0_0'

1. Summary
----------

SUCCESS in the upgrade of xc7z020_bigint_math_0_0 (xilinx.com:hls:bigint_math:1.0) from (Rev. 1703190120) to (Rev. 1703190953)






Copyright 1986-2016 Xilinx, Inc. All Rights Reserved.
------------------------------------------------------------------------------------
| Tool Version : Vivado v.2016.2 (lin64) Build 1577090 Thu Jun  2 16:32:35 MDT 2016
| Date         : Sun Mar 19 01:22:21 2017
| Host         : linux-Inspiron-5565 running 64-bit Ubuntu 14.04.5 LTS
| Command      : upgrade_ip
| Device       : xc7z020clg484-1
------------------------------------------------------------------------------------

Upgrade Log for IP 'xc7z020_bigint_math_0_0'

1. Summary
----------

SUCCESS in the upgrade of xc7z020_bigint_math_0_0 (xilinx.com:hls:bigint_math:1.0) from (Rev. 1703170041) to (Rev. 1703190120)






Copyright 1986-2016 Xilinx, Inc. All Rights Reserved.
------------------------------------------------------------------------------------
| Tool Version : Vivado v.2016.2 (lin64) Build 1577090 Thu Jun  2 16:32:35 MDT 2016
| Date         : Fri Mar 17 00:42:50 2017
| Host         : linux-Inspiron-5565 running 64-bit Ubuntu 14.04.5 LTS
| Command      : upgrade_ip
| Device       : xc7z020clg484-1
------------------------------------------------------------------------------------

Upgrade Log for IP 'xc7z020_bigint_math_0_0'

1. Summary
----------

SUCCESS in the upgrade of xc7z020_bigint_math_0_0 (xilinx.com:hls:bigint_math:1.0) from (Rev. 1703162203) to (Rev. 1703170041)






Copyright 1986-2016 Xilinx, Inc. All Rights Reserved.
------------------------------------------------------------------------------------
| Tool Version : Vivado v.2016.2 (lin64) Build 1577090 Thu Jun  2 16:32:35 MDT 2016
| Date         : Thu Mar 16 22:05:55 2017
| Host         : linux-Inspiron-5565 running 64-bit Ubuntu 14.04.5 LTS
| Command      : upgrade_ip
| Device       : xc7z020clg484-1
------------------------------------------------------------------------------------

Upgrade Log for IP 'xc7z020_bigint_math_0_0'

1. Summary
----------

SUCCESS in the upgrade of xc7z020_bigint_math_0_0 (xilinx.com:hls:bigint_math:1.0) from (Rev. 1703150956) to (Rev. 1703162203)






Copyright 1986-2016 Xilinx, Inc. All Rights Reserved.
------------------------------------------------------------------------------------
| Tool Version : Vivado v.2016.2 (lin64) Build 1577090 Thu Jun  2 16:32:35 MDT 2016
| Date         : Wed Mar 15 10:00:34 2017
| Host         : linux-Inspiron-5565 running 64-bit Ubuntu 14.04.5 LTS
| Command      : upgrade_ip
| Device       : xc7z020clg484-1
------------------------------------------------------------------------------------

Upgrade Log for IP 'xc7z020_bigint_math_0_0'

1. Summary
----------

SUCCESS in the upgrade of xc7z020_bigint_math_0_0 (xilinx.com:hls:bigint_math:1.0) from (Rev. 1703150918) to (Rev. 1703150956)






Copyright 1986-2016 Xilinx, Inc. All Rights Reserved.
------------------------------------------------------------------------------------
| Tool Version : Vivado v.2016.2 (lin64) Build 1577090 Thu Jun  2 16:32:35 MDT 2016
| Date         : Wed Mar 15 09:24:00 2017
| Host         : linux-Inspiron-5565 running 64-bit Ubuntu 14.04.5 LTS
| Command      : upgrade_ip
| Device       : xc7z020clg484-1
------------------------------------------------------------------------------------

Upgrade Log for IP 'xc7z020_bigint_math_0_0'

1. Summary
----------

SUCCESS in the upgrade of xc7z020_bigint_math_0_0 (xilinx.com:hls:bigint_math:1.0) from (Rev. 1703111006) to (Rev. 1703150918)






Copyright 1986-2016 Xilinx, Inc. All Rights Reserved.
------------------------------------------------------------------------------------
| Tool Version : Vivado v.2016.2 (lin64) Build 1577090 Thu Jun  2 16:32:35 MDT 2016
| Date         : Sat Mar 11 10:12:46 2017
| Host         : linux-Inspiron-5565 running 64-bit Ubuntu 14.04.5 LTS
| Command      : upgrade_ip
| Device       : xc7z020clg484-1
------------------------------------------------------------------------------------

Upgrade Log for IP 'xc7z020_bigint_math_0_0'

1. Summary
----------

SUCCESS in the upgrade of xc7z020_bigint_math_0_0 (xilinx.com:hls:bigint_math:1.0) from (Rev. 1703101151) to (Rev. 1703111006)






Copyright 1986-2016 Xilinx, Inc. All Rights Reserved.
------------------------------------------------------------------------------------
| Tool Version : Vivado v.2016.2 (lin64) Build 1577090 Thu Jun  2 16:32:35 MDT 2016
| Date         : Sat Mar 11 10:08:18 2017
| Host         : linux-Inspiron-5565 running 64-bit Ubuntu 14.04.5 LTS
| Command      : upgrade_ip
| Device       : xc7z020clg484-1
------------------------------------------------------------------------------------

Upgrade Log for IP 'xc7z020_bigint_math_0_0'

1. Summary
----------

SUCCESS in the upgrade of xc7z020_bigint_math_0_0 (xilinx.com:hls:bigint_math:1.0) from (Rev. 1703101107) to (Rev. 1703101151)






Copyright 1986-2016 Xilinx, Inc. All Rights Reserved.
------------------------------------------------------------------------------------
| Tool Version : Vivado v.2016.2 (lin64) Build 1577090 Thu Jun  2 16:32:35 MDT 2016
| Date         : Fri Mar 10 11:09:10 2017
| Host         : linux-Inspiron-5565 running 64-bit Ubuntu 14.04.5 LTS
| Command      : upgrade_ip
| Device       : xc7z020clg484-1
------------------------------------------------------------------------------------

Upgrade Log for IP 'xc7z020_bigint_math_0_0'

1. Summary
----------

SUCCESS in the upgrade of xc7z020_bigint_math_0_0 (xilinx.com:hls:bigint_math:1.0) from (Rev. 1703091318) to (Rev. 1703101107)






Copyright 1986-2016 Xilinx, Inc. All Rights Reserved.
------------------------------------------------------------------------------------
| Tool Version : Vivado v.2016.2 (lin64) Build 1577090 Thu Jun  2 16:32:35 MDT 2016
| Date         : Thu Mar  9 13:20:14 2017
| Host         : linux-Inspiron-5565 running 64-bit Ubuntu 14.04.5 LTS
| Command      : upgrade_ip
| Device       : xc7z020clg484-1
------------------------------------------------------------------------------------

Upgrade Log for IP 'xc7z020_bigint_math_0_0'

1. Summary
----------

SUCCESS in the upgrade of xc7z020_bigint_math_0_0 (xilinx.com:hls:bigint_math:1.0) from (Rev. 1703072105) to (Rev. 1703091318)






Copyright 1986-2016 Xilinx, Inc. All Rights Reserved.
------------------------------------------------------------------------------------
| Tool Version : Vivado v.2016.2 (lin64) Build 1577090 Thu Jun  2 16:32:35 MDT 2016
| Date         : Tue Mar  7 21:06:55 2017
| Host         : linux-Inspiron-5565 running 64-bit Ubuntu 14.04.5 LTS
| Command      : upgrade_ip
| Device       : xc7z020clg484-1
------------------------------------------------------------------------------------

Upgrade Log for IP 'xc7z020_bigint_math_0_0'

1. Summary
----------

SUCCESS in the upgrade of xc7z020_bigint_math_0_0 (xilinx.com:hls:bigint_math:1.0) from (Rev. 1703072050) to (Rev. 1703072105)






Copyright 1986-2016 Xilinx, Inc. All Rights Reserved.
------------------------------------------------------------------------------------
| Tool Version : Vivado v.2016.2 (lin64) Build 1577090 Thu Jun  2 16:32:35 MDT 2016
| Date         : Tue Mar  7 20:51:35 2017
| Host         : linux-Inspiron-5565 running 64-bit Ubuntu 14.04.5 LTS
| Command      : upgrade_ip
| Device       : xc7z020clg484-1
------------------------------------------------------------------------------------

Upgrade Log for IP 'xc7z020_bigint_math_0_0'

1. Summary
----------

SUCCESS in the upgrade of xc7z020_bigint_math_0_0 (xilinx.com:hls:bigint_math:1.0) from (Rev. 1703072018) to (Rev. 1703072050)






Copyright 1986-2016 Xilinx, Inc. All Rights Reserved.
------------------------------------------------------------------------------------
| Tool Version : Vivado v.2016.2 (lin64) Build 1577090 Thu Jun  2 16:32:35 MDT 2016
| Date         : Tue Mar  7 20:19:27 2017
| Host         : linux-Inspiron-5565 running 64-bit Ubuntu 14.04.5 LTS
| Command      : upgrade_ip
| Device       : xc7z020clg484-1
------------------------------------------------------------------------------------

Upgrade Log for IP 'xc7z020_bigint_math_0_0'

1. Summary
----------

SUCCESS in the upgrade of xc7z020_bigint_math_0_0 (xilinx.com:hls:bigint_math:1.0) from (Rev. 1703071952) to (Rev. 1703072018)






Copyright 1986-2016 Xilinx, Inc. All Rights Reserved.
------------------------------------------------------------------------------------
| Tool Version : Vivado v.2016.2 (lin64) Build 1577090 Thu Jun  2 16:32:35 MDT 2016
| Date         : Tue Mar  7 19:54:03 2017
| Host         : linux-Inspiron-5565 running 64-bit Ubuntu 14.04.5 LTS
| Command      : upgrade_ip
| Device       : xc7z020clg484-1
------------------------------------------------------------------------------------

Upgrade Log for IP 'xc7z020_bigint_math_0_0'

1. Summary
----------

SUCCESS in the upgrade of xc7z020_bigint_math_0_0 (xilinx.com:hls:bigint_math:1.0) from (Rev. 1703071832) to (Rev. 1703071952)






Copyright 1986-2016 Xilinx, Inc. All Rights Reserved.
------------------------------------------------------------------------------------
| Tool Version : Vivado v.2016.2 (lin64) Build 1577090 Thu Jun  2 16:32:35 MDT 2016
| Date         : Tue Mar  7 18:33:42 2017
| Host         : linux-Inspiron-5565 running 64-bit Ubuntu 14.04.5 LTS
| Command      : upgrade_ip
| Device       : xc7z020clg484-1
------------------------------------------------------------------------------------

Upgrade Log for IP 'xc7z020_bigint_math_0_0'

1. Summary
----------

SUCCESS in the upgrade of xc7z020_bigint_math_0_0 (xilinx.com:hls:bigint_math:1.0) from (Rev. 1703071749) to (Rev. 1703071832)






Copyright 1986-2016 Xilinx, Inc. All Rights Reserved.
------------------------------------------------------------------------------------
| Tool Version : Vivado v.2016.2 (lin64) Build 1577090 Thu Jun  2 16:32:35 MDT 2016
| Date         : Tue Mar  7 17:50:27 2017
| Host         : linux-Inspiron-5565 running 64-bit Ubuntu 14.04.5 LTS
| Command      : upgrade_ip
| Device       : xc7z020clg484-1
------------------------------------------------------------------------------------

Upgrade Log for IP 'xc7z020_bigint_math_0_0'

1. Summary
----------

SUCCESS in the upgrade of xc7z020_bigint_math_0_0 (xilinx.com:hls:bigint_math:1.0) from (Rev. 1703071705) to (Rev. 1703071749)






Copyright 1986-2016 Xilinx, Inc. All Rights Reserved.
------------------------------------------------------------------------------------
| Tool Version : Vivado v.2016.2 (lin64) Build 1577090 Thu Jun  2 16:32:35 MDT 2016
| Date         : Tue Mar  7 17:09:44 2017
| Host         : linux-Inspiron-5565 running 64-bit Ubuntu 14.04.5 LTS
| Command      : upgrade_ip
| Device       : xc7z020clg484-1
------------------------------------------------------------------------------------

Upgrade Log for IP 'xc7z020_bigint_math_0_0'

1. Summary
----------

SUCCESS in the upgrade of xc7z020_bigint_math_0_0 (xilinx.com:hls:bigint_math:1.0) from (Rev. 1703062059) to (Rev. 1703071705)






Copyright 1986-2016 Xilinx, Inc. All Rights Reserved.
------------------------------------------------------------------------------------
| Tool Version : Vivado v.2016.2 (lin64) Build 1577090 Thu Jun  2 16:32:35 MDT 2016
| Date         : Mon Mar  6 21:00:40 2017
| Host         : linux-Inspiron-5565 running 64-bit Ubuntu 14.04.5 LTS
| Command      : upgrade_ip
| Device       : xc7z020clg484-1
------------------------------------------------------------------------------------

Upgrade Log for IP 'xc7z020_bigint_math_0_0'

1. Summary
----------

SUCCESS in the upgrade of xc7z020_bigint_math_0_0 (xilinx.com:hls:bigint_math:1.0) from (Rev. 1703062037) to (Rev. 1703062059)






Copyright 1986-2016 Xilinx, Inc. All Rights Reserved.
------------------------------------------------------------------------------------
| Tool Version : Vivado v.2016.2 (lin64) Build 1577090 Thu Jun  2 16:32:35 MDT 2016
| Date         : Mon Mar  6 20:39:10 2017
| Host         : linux-Inspiron-5565 running 64-bit Ubuntu 14.04.5 LTS
| Command      : upgrade_ip
| Device       : xc7z020clg484-1
------------------------------------------------------------------------------------

Upgrade Log for IP 'xc7z020_bigint_math_0_0'

1. Summary
----------

SUCCESS in the upgrade of xc7z020_bigint_math_0_0 (xilinx.com:hls:bigint_math:1.0) from (Rev. 1703062020) to (Rev. 1703062037)






Copyright 1986-2016 Xilinx, Inc. All Rights Reserved.
------------------------------------------------------------------------------------
| Tool Version : Vivado v.2016.2 (lin64) Build 1577090 Thu Jun  2 16:32:35 MDT 2016
| Date         : Mon Mar  6 20:21:23 2017
| Host         : linux-Inspiron-5565 running 64-bit Ubuntu 14.04.5 LTS
| Command      : upgrade_ip
| Device       : xc7z020clg484-1
------------------------------------------------------------------------------------

Upgrade Log for IP 'xc7z020_bigint_math_0_0'

1. Summary
----------

SUCCESS in the upgrade of xc7z020_bigint_math_0_0 (xilinx.com:hls:bigint_math:1.0) from (Rev. 1703061948) to (Rev. 1703062020)






Copyright 1986-2016 Xilinx, Inc. All Rights Reserved.
------------------------------------------------------------------------------------
| Tool Version : Vivado v.2016.2 (lin64) Build 1577090 Thu Jun  2 16:32:35 MDT 2016
| Date         : Mon Mar  6 19:50:02 2017
| Host         : linux-Inspiron-5565 running 64-bit Ubuntu 14.04.5 LTS
| Command      : upgrade_ip
| Device       : xc7z020clg484-1
------------------------------------------------------------------------------------

Upgrade Log for IP 'xc7z020_bigint_math_0_0'

1. Summary
----------

CAUTION (success, with warnings) in the upgrade of xc7z020_bigint_math_0_0 (xilinx.com:hls:bigint_math:1.0) from (Rev. 1703061623) to (Rev. 1703061948)

After upgrade, an IP may have parameter and port differences compared to the original customization. Please review the parameters within the IP customization GUI to ensure proper functionality. Also, please review the updated IP instantiation template to ensure proper connectivity, and update your design if required.

2. Connection Warnings
----------------------

Detected external port differences while upgrading 'xc7z020_bigint_math_0_0'. These changes may impact your design.


-Upgraded port 's_axi_PERIPH_BUS_ARADDR' width 11 differs from original width 10

-Upgraded port 's_axi_PERIPH_BUS_AWADDR' width 11 differs from original width 10







Copyright 1986-2016 Xilinx, Inc. All Rights Reserved.
------------------------------------------------------------------------------------
| Tool Version : Vivado v.2016.2 (lin64) Build 1577090 Thu Jun  2 16:32:35 MDT 2016
| Date         : Mon Mar  6 16:25:46 2017
| Host         : linux-Inspiron-5565 running 64-bit Ubuntu 14.04.5 LTS
| Command      : upgrade_ip
| Device       : xc7z020clg484-1
------------------------------------------------------------------------------------

Upgrade Log for IP 'xc7z020_bigint_math_0_0'

1. Summary
----------

CAUTION (success, with warnings) in the upgrade of xc7z020_bigint_math_0_0 (xilinx.com:hls:bigint_math:1.0) from (Rev. 1703061550) to (Rev. 1703061623)

After upgrade, an IP may have parameter and port differences compared to the original customization. Please review the parameters within the IP customization GUI to ensure proper functionality. Also, please review the updated IP instantiation template to ensure proper connectivity, and update your design if required.

2. Connection Warnings
----------------------

Detected external port differences while upgrading 'xc7z020_bigint_math_0_0'. These changes may impact your design.


-Upgraded port 's_axi_PERIPH_BUS_ARADDR' width 10 differs from original width 11

-Upgraded port 's_axi_PERIPH_BUS_AWADDR' width 10 differs from original width 11







Copyright 1986-2016 Xilinx, Inc. All Rights Reserved.
------------------------------------------------------------------------------------
| Tool Version : Vivado v.2016.2 (lin64) Build 1577090 Thu Jun  2 16:32:35 MDT 2016
| Date         : Mon Mar  6 15:51:31 2017
| Host         : linux-Inspiron-5565 running 64-bit Ubuntu 14.04.5 LTS
| Command      : upgrade_ip
| Device       : xc7z020clg484-1
------------------------------------------------------------------------------------

Upgrade Log for IP 'xc7z020_bigint_math_0_0'

1. Summary
----------

SUCCESS in the upgrade of xc7z020_bigint_math_0_0 (xilinx.com:hls:bigint_math:1.0) from (Rev. 1703061537) to (Rev. 1703061550)






Copyright 1986-2016 Xilinx, Inc. All Rights Reserved.
------------------------------------------------------------------------------------
| Tool Version : Vivado v.2016.2 (lin64) Build 1577090 Thu Jun  2 16:32:35 MDT 2016
| Date         : Mon Mar  6 15:38:47 2017
| Host         : linux-Inspiron-5565 running 64-bit Ubuntu 14.04.5 LTS
| Command      : upgrade_ip
| Device       : xc7z020clg484-1
------------------------------------------------------------------------------------

Upgrade Log for IP 'xc7z020_bigint_math_0_0'

1. Summary
----------

SUCCESS in the upgrade of xc7z020_bigint_math_0_0 (xilinx.com:hls:bigint_math:1.0) from (Rev. 1703061514) to (Rev. 1703061537)






Copyright 1986-2016 Xilinx, Inc. All Rights Reserved.
------------------------------------------------------------------------------------
| Tool Version : Vivado v.2016.2 (lin64) Build 1577090 Thu Jun  2 16:32:35 MDT 2016
| Date         : Mon Mar  6 15:17:18 2017
| Host         : linux-Inspiron-5565 running 64-bit Ubuntu 14.04.5 LTS
| Command      : upgrade_ip
| Device       : xc7z020clg484-1
------------------------------------------------------------------------------------

Upgrade Log for IP 'xc7z020_bigint_math_0_0'

1. Summary
----------

SUCCESS in the upgrade of xc7z020_bigint_math_0_0 (xilinx.com:hls:bigint_math:1.0) from (Rev. 1703041437) to (Rev. 1703061514)






Copyright 1986-2016 Xilinx, Inc. All Rights Reserved.
------------------------------------------------------------------------------------
| Tool Version : Vivado v.2016.2 (lin64) Build 1577090 Thu Jun  2 16:32:35 MDT 2016
| Date         : Sat Mar  4 14:40:37 2017
| Host         : linux-Inspiron-5565 running 64-bit Ubuntu 14.04.5 LTS
| Command      : upgrade_ip
| Device       : xc7z020clg484-1
------------------------------------------------------------------------------------

Upgrade Log for IP 'xc7z020_bigint_math_0_0'

1. Summary
----------

SUCCESS in the upgrade of xc7z020_bigint_math_0_0 (xilinx.com:hls:bigint_math:1.0) from (Rev. 1703041345) to (Rev. 1703041437)






Copyright 1986-2016 Xilinx, Inc. All Rights Reserved.
------------------------------------------------------------------------------------
| Tool Version : Vivado v.2016.2 (lin64) Build 1577090 Thu Jun  2 16:32:35 MDT 2016
| Date         : Sat Mar  4 13:47:23 2017
| Host         : linux-Inspiron-5565 running 64-bit Ubuntu 14.04.5 LTS
| Command      : upgrade_ip
| Device       : xc7z020clg484-1
------------------------------------------------------------------------------------

Upgrade Log for IP 'xc7z020_bigint_math_0_0'

1. Summary
----------

SUCCESS in the upgrade of xc7z020_bigint_math_0_0 (xilinx.com:hls:bigint_math:1.0) from (Rev. 1703041258) to (Rev. 1703041345)






Copyright 1986-2016 Xilinx, Inc. All Rights Reserved.
------------------------------------------------------------------------------------
| Tool Version : Vivado v.2016.2 (lin64) Build 1577090 Thu Jun  2 16:32:35 MDT 2016
| Date         : Sat Mar  4 13:01:08 2017
| Host         : linux-Inspiron-5565 running 64-bit Ubuntu 14.04.5 LTS
| Command      : upgrade_ip
| Device       : xc7z020clg484-1
------------------------------------------------------------------------------------

Upgrade Log for IP 'xc7z020_bigint_math_0_0'

1. Summary
----------

CAUTION (success, with warnings) in the upgrade of xc7z020_bigint_math_0_0 (xilinx.com:hls:bigint_math:1.0) from (Rev. 1703032301) to (Rev. 1703041258)

After upgrade, an IP may have parameter and port differences compared to the original customization. Please review the parameters within the IP customization GUI to ensure proper functionality. Also, please review the updated IP instantiation template to ensure proper connectivity, and update your design if required.

2. Connection Warnings
----------------------

Detected external port differences while upgrading 'xc7z020_bigint_math_0_0'. These changes may impact your design.


-Upgraded port 's_axi_PERIPH_BUS_ARADDR' width 11 differs from original width 10

-Upgraded port 's_axi_PERIPH_BUS_AWADDR' width 11 differs from original width 10







Copyright 1986-2016 Xilinx, Inc. All Rights Reserved.
------------------------------------------------------------------------------------
| Tool Version : Vivado v.2016.2 (lin64) Build 1577090 Thu Jun  2 16:32:35 MDT 2016
| Date         : Wed Feb 15 22:59:41 2017
| Host         : linux-Inspiron-5565 running 64-bit Ubuntu 14.04.5 LTS
| Command      : upgrade_ip
| Device       : xc7z020clg484-1
------------------------------------------------------------------------------------

Upgrade Log for IP 'xc7z020_bigint_math_0_1'

1. Summary
----------

SUCCESS in the upgrade of xc7z020_bigint_math_0_1 (xilinx.com:hls:bigint_math:1.0) from (Rev. 1702152120) to (Rev. 1702152256)






Copyright 1986-2016 Xilinx, Inc. All Rights Reserved.
------------------------------------------------------------------------------------
| Tool Version : Vivado v.2016.2 (lin64) Build 1577090 Thu Jun  2 16:32:35 MDT 2016
| Date         : Wed Feb 15 21:23:23 2017
| Host         : linux-Inspiron-5565 running 64-bit Ubuntu 14.04.5 LTS
| Command      : upgrade_ip
| Device       : xc7z020clg484-1
------------------------------------------------------------------------------------

Upgrade Log for IP 'xc7z020_bigint_math_0_1'

1. Summary
----------

CAUTION (success, with warnings) in the upgrade of xc7z020_bigint_math_0_1 (xilinx.com:hls:bigint_math:1.0) from (Rev. 1702011851) to (Rev. 1702152120)

After upgrade, an IP may have parameter and port differences compared to the original customization. Please review the parameters within the IP customization GUI to ensure proper functionality. Also, please review the updated IP instantiation template to ensure proper connectivity, and update your design if required.

2. Connection Warnings
----------------------

Detected external port differences while upgrading 'xc7z020_bigint_math_0_1'. These changes may impact your design.


-Upgraded port 's_axi_PERIPH_BUS_ARADDR' width 10 differs from original width 11

-Upgraded port 's_axi_PERIPH_BUS_AWADDR' width 10 differs from original width 11







Copyright 1986-2016 Xilinx, Inc. All Rights Reserved.
------------------------------------------------------------------------------------
| Tool Version : Vivado v.2016.2 (lin64) Build 1577090 Thu Jun  2 16:32:35 MDT 2016
| Date         : Wed Feb  1 18:52:54 2017
| Host         : linux-Inspiron-5565 running 64-bit Ubuntu 14.04.5 LTS
| Command      : upgrade_ip
| Device       : xc7z020clg484-1
------------------------------------------------------------------------------------

Upgrade Log for IP 'xc7z020_bigint_math_0_1'

1. Summary
----------

SUCCESS in the upgrade of xc7z020_bigint_math_0_1 (xilinx.com:hls:bigint_math:1.0) from (Rev. 1702011819) to (Rev. 1702011851)






Copyright 1986-2016 Xilinx, Inc. All Rights Reserved.
------------------------------------------------------------------------------------
| Tool Version : Vivado v.2016.2 (lin64) Build 1577090 Thu Jun  2 16:32:35 MDT 2016
| Date         : Wed Feb  1 18:21:10 2017
| Host         : linux-Inspiron-5565 running 64-bit Ubuntu 14.04.5 LTS
| Command      : upgrade_ip
| Device       : xc7z020clg484-1
------------------------------------------------------------------------------------

Upgrade Log for IP 'xc7z020_bigint_math_0_1'

1. Summary
----------

CAUTION (success, with warnings) in the upgrade of xc7z020_bigint_math_0_1 (xilinx.com:hls:bigint_math:1.0) from (Rev. 1702011712) to (Rev. 1702011819)

After upgrade, an IP may have parameter and port differences compared to the original customization. Please review the parameters within the IP customization GUI to ensure proper functionality. Also, please review the updated IP instantiation template to ensure proper connectivity, and update your design if required.

2. Connection Warnings
----------------------

Detected external port differences while upgrading 'xc7z020_bigint_math_0_1'. These changes may impact your design.


-Upgraded port 's_axi_PERIPH_BUS_ARADDR' width 11 differs from original width 14

-Upgraded port 's_axi_PERIPH_BUS_AWADDR' width 11 differs from original width 14







Copyright 1986-2016 Xilinx, Inc. All Rights Reserved.
------------------------------------------------------------------------------------
| Tool Version : Vivado v.2016.2 (lin64) Build 1577090 Thu Jun  2 16:32:35 MDT 2016
| Date         : Wed Feb  1 17:15:36 2017
| Host         : linux-Inspiron-5565 running 64-bit Ubuntu 14.04.5 LTS
| Command      : upgrade_ip
| Device       : xc7z020clg484-1
------------------------------------------------------------------------------------

Upgrade Log for IP 'xc7z020_bigint_math_0_1'

1. Summary
----------

CAUTION (success, with warnings) in the upgrade of xc7z020_bigint_math_0_1 (xilinx.com:hls:bigint_math:1.0) from (Rev. 1702011623) to (Rev. 1702011712)

After upgrade, an IP may have parameter and port differences compared to the original customization. Please review the parameters within the IP customization GUI to ensure proper functionality. Also, please review the updated IP instantiation template to ensure proper connectivity, and update your design if required.

2. Connection Warnings
----------------------

Detected external port differences while upgrading 'xc7z020_bigint_math_0_1'. These changes may impact your design.


-Upgraded port 's_axi_PERIPH_BUS_ARADDR' width 14 differs from original width 13

-Upgraded port 's_axi_PERIPH_BUS_AWADDR' width 14 differs from original width 13


