#-----------------------------------------------------------
# Vivado v2016.2 (64-bit)
# SW Build 1577090 on Thu Jun  2 16:32:35 MDT 2016
# IP Build 1577682 on Fri Jun  3 12:00:54 MDT 2016
# Start of session at: Fri Jan 20 14:26:56 2017
# Process ID: 11782
# Current directory: /home/linux/Documents/DLA/source/fw
# Command line: vivado
# Log file: /home/linux/Documents/DLA/source/fw/vivado.log
# Journal file: /home/linux/Documents/DLA/source/fw/vivado.jou
#-----------------------------------------------------------
start_gui
open_project /home/linux/Documents/DLA/source/fw/rsa2048/rsa2048.xpr
CRITICAL WARNING: [Project 1-19] Could not find the file '/home/linux/Documents/DLA/source/sw/rsa_HLS/solution1/syn/vhdl/encrypt_urem_512ns_512ns_512_516.vhd'.
Scanning sources...
Finished scanning sources
INFO: [IP_Flow 19-234] Refreshing IP repositories
INFO: [IP_Flow 19-1700] Loaded user IP repository '/home/linux/Documents/DLA/source/sw/rsa_HLS'.
INFO: [IP_Flow 19-2313] Loaded Vivado IP repository '/home/Xilinx/Vivado/2016.2/data/ip'.
open_project: Time (s): cpu = 00:00:26 ; elapsed = 00:00:17 . Memory (MB): peak = 5843.812 ; gain = 119.926 ; free physical = 2496 ; free virtual = 12434
update_compile_order -fileset sources_1
open_bd_design {/home/linux/Documents/DLA/source/fw/rsa2048/rsa2048.srcs/sources_1/bd/xc7z020/xc7z020.bd}
Adding cell -- xilinx.com:ip:processing_system7:5.5 - processing_system7_0
Adding cell -- xilinx.com:hls:encrypt:1.0 - encrypt_0
Adding cell -- xilinx.com:ip:proc_sys_reset:5.0 - rst_processing_system7_0_100M
Adding cell -- xilinx.com:ip:axi_protocol_converter:2.1 - auto_pc
Successfully read diagram <xc7z020> from BD file </home/linux/Documents/DLA/source/fw/rsa2048/rsa2048.srcs/sources_1/bd/xc7z020/xc7z020.bd>
open_bd_design: Time (s): cpu = 00:00:07 ; elapsed = 00:00:07 . Memory (MB): peak = 5883.520 ; gain = 37.707 ; free physical = 1923 ; free virtual = 12135
file copy -force /home/linux/Documents/DLA/source/fw/rsa2048/rsa2048.runs/impl_1/top.bit /home/linux/Documents/DLA/source/fw/rsa2048/rsa2048.sdk/top_hw_platform_0/top.bit
