#-----------------------------------------------------------
# Vivado v2016.2 (64-bit)
# SW Build 1577090 on Thu Jun  2 16:32:35 MDT 2016
# IP Build 1577682 on Fri Jun  3 12:00:54 MDT 2016
# Start of session at: Mon Mar 13 15:38:23 2017
# Process ID: 2754
# Current directory: /home/linux/Documents/DLA/fw/vivado
# Command line: vivado
# Log file: /home/linux/Documents/DLA/fw/vivado/vivado.log
# Journal file: /home/linux/Documents/DLA/fw/vivado/vivado.jou
#-----------------------------------------------------------
start_gui
open_project /home/linux/Documents/DLA/fw/vivado/zedboard/zedboard.xpr
Scanning sources...
Finished scanning sources
INFO: [IP_Flow 19-234] Refreshing IP repositories
INFO: [IP_Flow 19-1700] Loaded user IP repository '/home/linux/Documents/DLA/fw/hls'.
INFO: [IP_Flow 19-2313] Loaded Vivado IP repository '/home/Xilinx/Vivado/2016.2/data/ip'.
open_project: Time (s): cpu = 00:00:31 ; elapsed = 00:00:20 . Memory (MB): peak = 5849.410 ; gain = 130.082 ; free physical = 4458 ; free virtual = 13473
update_compile_order -fileset sources_1
WARNING: [IP_Flow 19-4318] IP-XACT file does not exist: /home/linux/Documents/DLA/fw/hls/BigInt/solution1/impl/ip/component.xml. It will be created.
update_ip_catalog -rebuild -scan_changes
INFO: [IP_Flow 19-234] Refreshing IP repositories
INFO: [IP_Flow 19-1700] Loaded user IP repository '/home/linux/Documents/DLA/fw/hls'.
report_ip_status -name ip_status
open_bd_design {/home/linux/Documents/DLA/fw/vivado/zedboard/zedboard.srcs/sources_1/bd/xc7z020/xc7z020.bd}
Adding cell -- xilinx.com:ip:processing_system7:5.5 - processing_system7_0
Adding cell -- xilinx.com:ip:proc_sys_reset:5.0 - rst_processing_system7_0_100M
Adding cell -- xilinx.com:hls:bigint_math:1.0 - bigint_math_0
Adding cell -- xilinx.com:ip:axi_protocol_converter:2.1 - auto_pc
Successfully read diagram <xc7z020> from BD file </home/linux/Documents/DLA/fw/vivado/zedboard/zedboard.srcs/sources_1/bd/xc7z020/xc7z020.bd>
open_bd_design: Time (s): cpu = 00:00:09 ; elapsed = 00:00:10 . Memory (MB): peak = 5893.273 ; gain = 29.059 ; free physical = 472 ; free virtual = 10228
export_ip_user_files -of_objects [get_ips  xc7z020_bigint_math_0_0] -no_script -reset -quiet
upgrade_ip -vlnv xilinx.com:hls:bigint_math:1.0 [get_ips  xc7z020_bigint_math_0_0] -log ip_upgrade.log
Upgrading '/home/linux/Documents/DLA/fw/vivado/zedboard/zedboard.srcs/sources_1/bd/xc7z020/xc7z020.bd'
INFO: [IP_Flow 19-3422] Upgraded xc7z020_bigint_math_0_0 (Bigint_math 1.0) from revision 1703111006 to revision 1703150918
Wrote  : </home/linux/Documents/DLA/fw/vivado/zedboard/zedboard.srcs/sources_1/bd/xc7z020/xc7z020.bd> 
INFO: [Coretcl 2-1525] Wrote upgrade log to '/home/linux/Documents/DLA/fw/vivado/zedboard/ip_upgrade.log'.
generate_target all [get_files  /home/linux/Documents/DLA/fw/vivado/zedboard/zedboard.srcs/sources_1/bd/xc7z020/xc7z020.bd]
INFO: [Ipptcl 7-1463] No Compatible Board Interface found. Board Tab not created in customize GUI
Verilog Output written to : /home/linux/Documents/DLA/fw/vivado/zedboard/zedboard.srcs/sources_1/bd/xc7z020/hdl/xc7z020.v
Verilog Output written to : /home/linux/Documents/DLA/fw/vivado/zedboard/zedboard.srcs/sources_1/bd/xc7z020/hdl/xc7z020_wrapper.v
Wrote  : </home/linux/Documents/DLA/fw/vivado/zedboard/zedboard.srcs/sources_1/bd/xc7z020/xc7z020.bd> 
INFO: [BD 41-1029] Generation completed for the IP Integrator block processing_system7_0 .
INFO: [BD 41-1029] Generation completed for the IP Integrator block rst_processing_system7_0_100M .
INFO: [BD 41-1029] Generation completed for the IP Integrator block bigint_math_0 .
INFO: [BD 41-1029] Generation completed for the IP Integrator block processing_system7_0_axi_periph/s00_couplers/auto_pc .
Exporting to file /home/linux/Documents/DLA/fw/vivado/zedboard/zedboard.srcs/sources_1/bd/xc7z020/hw_handoff/xc7z020.hwh
Generated Block Design Tcl file /home/linux/Documents/DLA/fw/vivado/zedboard/zedboard.srcs/sources_1/bd/xc7z020/hw_handoff/xc7z020_bd.tcl
Generated Hardware Definition File /home/linux/Documents/DLA/fw/vivado/zedboard/zedboard.srcs/sources_1/bd/xc7z020/hdl/xc7z020.hwdef
generate_target: Time (s): cpu = 00:00:19 ; elapsed = 00:00:19 . Memory (MB): peak = 6014.801 ; gain = 94.598 ; free physical = 250 ; free virtual = 10072
export_ip_user_files -of_objects [get_files /home/linux/Documents/DLA/fw/vivado/zedboard/zedboard.srcs/sources_1/bd/xc7z020/xc7z020.bd] -no_script -force -quiet
export_simulation -of_objects [get_files /home/linux/Documents/DLA/fw/vivado/zedboard/zedboard.srcs/sources_1/bd/xc7z020/xc7z020.bd] -directory /home/linux/Documents/DLA/fw/vivado/zedboard/zedboard.ip_user_files/sim_scripts -ip_user_files_dir /home/linux/Documents/DLA/fw/vivado/zedboard/zedboard.ip_user_files -ipstatic_source_dir /home/linux/Documents/DLA/fw/vivado/zedboard/zedboard.ip_user_files/ipstatic -force -quiet
reset_run synth_1
launch_runs impl_1 -to_step write_bitstream -jobs 4
[Wed Mar 15 09:25:52 2017] Launched synth_1...
Run output will be captured here: /home/linux/Documents/DLA/fw/vivado/zedboard/zedboard.runs/synth_1/runme.log
[Wed Mar 15 09:25:52 2017] Launched impl_1...
Run output will be captured here: /home/linux/Documents/DLA/fw/vivado/zedboard/zedboard.runs/impl_1/runme.log
launch_runs: Time (s): cpu = 00:00:10 ; elapsed = 00:01:02 . Memory (MB): peak = 6070.773 ; gain = 53.977 ; free physical = 137 ; free virtual = 9747
file copy -force /home/linux/Documents/DLA/fw/vivado/zedboard/zedboard.runs/impl_1/top.bit /home/linux/Documents/DLA/fw/vivado/zedboard/zedboard.sdk/top_hw_platform_0/top.bit
WARNING: [IP_Flow 19-4318] IP-XACT file does not exist: /home/linux/Documents/DLA/fw/hls/BigInt/solution1/impl/ip/component.xml. It will be created.
report_ip_status -name ip_status 
update_ip_catalog -rebuild -scan_changes
INFO: [IP_Flow 19-234] Refreshing IP repositories
INFO: [IP_Flow 19-1700] Loaded user IP repository '/home/linux/Documents/DLA/fw/hls'.
report_ip_status -name ip_status
export_ip_user_files -of_objects [get_ips  xc7z020_bigint_math_0_0] -no_script -reset -quiet
upgrade_ip -vlnv xilinx.com:hls:bigint_math:1.0 [get_ips  xc7z020_bigint_math_0_0] -log ip_upgrade.log
Upgrading '/home/linux/Documents/DLA/fw/vivado/zedboard/zedboard.srcs/sources_1/bd/xc7z020/xc7z020.bd'
INFO: [IP_Flow 19-3422] Upgraded xc7z020_bigint_math_0_0 (Bigint_math 1.0) from revision 1703150918 to revision 1703150956
Wrote  : </home/linux/Documents/DLA/fw/vivado/zedboard/zedboard.srcs/sources_1/bd/xc7z020/xc7z020.bd> 
INFO: [Coretcl 2-1525] Wrote upgrade log to '/home/linux/Documents/DLA/fw/vivado/zedboard/ip_upgrade.log'.
generate_target all [get_files  /home/linux/Documents/DLA/fw/vivado/zedboard/zedboard.srcs/sources_1/bd/xc7z020/xc7z020.bd]
Verilog Output written to : /home/linux/Documents/DLA/fw/vivado/zedboard/zedboard.srcs/sources_1/bd/xc7z020/hdl/xc7z020.v
Verilog Output written to : /home/linux/Documents/DLA/fw/vivado/zedboard/zedboard.srcs/sources_1/bd/xc7z020/hdl/xc7z020_wrapper.v
Wrote  : </home/linux/Documents/DLA/fw/vivado/zedboard/zedboard.srcs/sources_1/bd/xc7z020/xc7z020.bd> 
INFO: [BD 41-1029] Generation completed for the IP Integrator block processing_system7_0 .
INFO: [BD 41-1029] Generation completed for the IP Integrator block rst_processing_system7_0_100M .
INFO: [BD 41-1029] Generation completed for the IP Integrator block bigint_math_0 .
INFO: [BD 41-1029] Generation completed for the IP Integrator block processing_system7_0_axi_periph/s00_couplers/auto_pc .
Exporting to file /home/linux/Documents/DLA/fw/vivado/zedboard/zedboard.srcs/sources_1/bd/xc7z020/hw_handoff/xc7z020.hwh
Generated Block Design Tcl file /home/linux/Documents/DLA/fw/vivado/zedboard/zedboard.srcs/sources_1/bd/xc7z020/hw_handoff/xc7z020_bd.tcl
Generated Hardware Definition File /home/linux/Documents/DLA/fw/vivado/zedboard/zedboard.srcs/sources_1/bd/xc7z020/hdl/xc7z020.hwdef
generate_target: Time (s): cpu = 00:00:08 ; elapsed = 00:00:07 . Memory (MB): peak = 6095.176 ; gain = 17.000 ; free physical = 1374 ; free virtual = 10226
export_ip_user_files -of_objects [get_files /home/linux/Documents/DLA/fw/vivado/zedboard/zedboard.srcs/sources_1/bd/xc7z020/xc7z020.bd] -no_script -force -quiet
export_simulation -of_objects [get_files /home/linux/Documents/DLA/fw/vivado/zedboard/zedboard.srcs/sources_1/bd/xc7z020/xc7z020.bd] -directory /home/linux/Documents/DLA/fw/vivado/zedboard/zedboard.ip_user_files/sim_scripts -ip_user_files_dir /home/linux/Documents/DLA/fw/vivado/zedboard/zedboard.ip_user_files -ipstatic_source_dir /home/linux/Documents/DLA/fw/vivado/zedboard/zedboard.ip_user_files/ipstatic -force -quiet
report_ip_status -name ip_status 
reset_run synth_1
launch_runs impl_1 -to_step write_bitstream -jobs 4
[Wed Mar 15 10:02:05 2017] Launched synth_1...
Run output will be captured here: /home/linux/Documents/DLA/fw/vivado/zedboard/zedboard.runs/synth_1/runme.log
[Wed Mar 15 10:02:05 2017] Launched impl_1...
Run output will be captured here: /home/linux/Documents/DLA/fw/vivado/zedboard/zedboard.runs/impl_1/runme.log
launch_runs: Time (s): cpu = 00:00:02 ; elapsed = 00:01:00 . Memory (MB): peak = 6095.176 ; gain = 0.000 ; free physical = 653 ; free virtual = 9560
file copy -force /home/linux/Documents/DLA/fw/vivado/zedboard/zedboard.runs/impl_1/top.bit /home/linux/Documents/DLA/fw/vivado/zedboard/zedboard.sdk/top_hw_platform_0/top.bit
