#-----------------------------------------------------------
# Vivado v2016.2 (64-bit)
# SW Build 1577090 on Thu Jun  2 16:32:35 MDT 2016
# IP Build 1577682 on Fri Jun  3 12:00:54 MDT 2016
# Start of session at: Mon Mar 13 15:11:36 2017
# Process ID: 13287
# Current directory: /home/linux/Documents/DLA/fw/vivado
# Command line: vivado
# Log file: /home/linux/Documents/DLA/fw/vivado/vivado.log
# Journal file: /home/linux/Documents/DLA/fw/vivado/vivado.jou
#-----------------------------------------------------------
start_gui
open_project /home/linux/Documents/DLA/fw/vivado/zedboard/zedboard.xpr
Scanning sources...
Finished scanning sources
INFO: [IP_Flow 19-234] Refreshing IP repositories
INFO: [IP_Flow 19-1700] Loaded user IP repository '/home/linux/Documents/DLA/fw/hls'.
INFO: [IP_Flow 19-2313] Loaded Vivado IP repository '/home/Xilinx/Vivado/2016.2/data/ip'.
open_project: Time (s): cpu = 00:00:37 ; elapsed = 00:00:23 . Memory (MB): peak = 5853.270 ; gain = 126.344 ; free physical = 2465 ; free virtual = 12564
update_compile_order -fileset sources_1
