

================================================================
== Vivado HLS Report for 'bigint_math_bigint_compare'
================================================================
* Date:           Sun Mar 19 09:53:19 2017

* Version:        2016.2 (Build 1577090 on Thu Jun 02 16:59:10 MDT 2016)
* Project:        BigInt
* Solution:       solution1
* Product family: zynq
* Target device:  xc7z020clg484-1


================================================================
== Performance Estimates
================================================================
+ Timing (ns): 
    * Summary: 
    +--------+-------+----------+------------+
    |  Clock | Target| Estimated| Uncertainty|
    +--------+-------+----------+------------+
    |ap_clk  |  50.00|     10.58|        6.25|
    +--------+-------+----------+------------+

+ Latency (clock cycles): 
    * Summary: 
    +-----+------+-----+------+---------+
    |   Latency  |  Interval  | Pipeline|
    | min |  max | min |  max |   Type  |
    +-----+------+-----+------+---------+
    |  515|  1029|  515|  1029|   none  |
    +-----+------+-----+------+---------+

    + Detail: 
        * Instance: 
        N/A

        * Loop: 
        +----------+-----+-----+----------+-----------+-----------+---------+----------+
        |          |  Latency  | Iteration|  Initiation Interval  |   Trip  |          |
        | Loop Name| min | max |  Latency |  achieved |   target  |  Count  | Pipelined|
        +----------+-----+-----+----------+-----------+-----------+---------+----------+
        |- Loop 1  |  512|  512|         2|          -|          -|      256|    no    |
        |- Loop 2  |    2|  513|         2|          -|          -| 1 ~ 256 |    no    |
        +----------+-----+-----+----------+-----------+-----------+---------+----------+



================================================================
== Utilization Estimates
================================================================
* Summary: 
+-----------------+---------+-------+--------+-------+
|       Name      | BRAM_18K| DSP48E|   FF   |  LUT  |
+-----------------+---------+-------+--------+-------+
|DSP              |        -|      -|       -|      -|
|Expression       |        -|      -|       0|     83|
|FIFO             |        -|      -|       -|      -|
|Instance         |        -|      -|       -|      -|
|Memory           |        0|      -|       4|      8|
|Multiplexer      |        -|      -|       -|     67|
|Register         |        -|      -|      89|      -|
+-----------------+---------+-------+--------+-------+
|Total            |        0|      0|      93|    158|
+-----------------+---------+-------+--------+-------+
|Available        |      280|    220|  106400|  53200|
+-----------------+---------+-------+--------+-------+
|Utilization (%)  |        0|      0|   ~0   |   ~0  |
+-----------------+---------+-------+--------+-------+

+ Detail: 
    * Instance: 
    N/A

    * DSP48: 
    N/A

    * Memory: 
    +---------+----------------------------------+---------+---+----+------+-----+------+-------------+
    |  Memory |              Module              | BRAM_18K| FF| LUT| Words| Bits| Banks| W*Bits*Banks|
    +---------+----------------------------------+---------+---+----+------+-----+------+-------------+
    |state_U  |bigint_math_bigint_compare_state  |        0|  4|   8|   256|    2|     1|          512|
    +---------+----------------------------------+---------+---+----+------+-----+------+-------------+
    |Total    |                                  |        0|  4|   8|   256|    2|     1|          512|
    +---------+----------------------------------+---------+---+----+------+-----+------+-------------+

    * FIFO: 
    N/A

    * Expression: 
    +--------------------+----------+-------+---+----+------------+------------+
    |    Variable Name   | Operation| DSP48E| FF| LUT| Bitwidth P0| Bitwidth P1|
    +--------------------+----------+-------+---+----+------------+------------+
    |i_12_fu_178_p2      |     +    |      0|  0|   9|           9|           1|
    |i_2_fu_216_p2       |     +    |      0|  0|   9|           9|           1|
    |ap_sig_102          |    and   |      0|  0|   1|           1|           1|
    |ap_sig_167          |    and   |      0|  0|   1|           1|           1|
    |ap_sig_171          |    and   |      0|  0|   1|           1|           1|
    |ap_sig_272          |    and   |      0|  0|   1|           1|           1|
    |or_cond1_fu_259_p2  |    and   |      0|  0|   1|           1|           1|
    |or_cond_fu_247_p2   |    and   |      0|  0|   1|           1|           1|
    |exitcond_fu_172_p2  |   icmp   |      0|  0|   4|           9|          10|
    |grp_fu_166_p2       |   icmp   |      0|  0|   1|           2|           1|
    |tmp_85_fu_190_p2    |   icmp   |      0|  0|   3|           8|           8|
    |tmp_86_fu_196_p2    |   icmp   |      0|  0|   3|           8|           8|
    |tmp_89_fu_235_p2    |   icmp   |      0|  0|   1|           2|           1|
    |tmp_90_fu_241_p2    |   icmp   |      0|  0|  11|          32|           1|
    |tmp_91_fu_202_p2    |   icmp   |      0|  0|   3|           8|           8|
    |tmp_92_fu_253_p2    |   icmp   |      0|  0|   1|           2|           2|
    |p_flag_fu_227_p3    |  select  |      0|  0|  32|           1|           1|
    +--------------------+----------+-------+---+----+------------+------------+
    |Total               |          |      0|  0|  83|          96|          48|
    +--------------------+----------+-------+---+----+------------+------------+

    * Multiplexer: 
    +-------------------+----+-----------+-----+-----------+
    |        Name       | LUT| Input Size| Bits| Total Bits|
    +-------------------+----+-----------+-----+-----------+
    |ap_NS_fsm          |   1|          7|    1|          7|
    |ap_return          |   2|          2|    2|          4|
    |flag_reg_137       |  32|          2|   32|         64|
    |i_1_reg_126        |   9|          2|    9|         18|
    |i_reg_115          |   9|          2|    9|         18|
    |p_0_phi_fu_153_p8  |   2|          3|    2|          6|
    |p_0_reg_149        |   2|          4|    2|          8|
    |state_address0     |   8|          6|    8|         48|
    |state_d0           |   2|          4|    2|          8|
    +-------------------+----+-----------+-----+-----------+
    |Total              |  67|         32|   67|        181|
    +-------------------+----+-----------+-----+-----------+

    * Register: 
    +----------------+----+----+-----+-----------+
    |      Name      | FF | LUT| Bits| Const Bits|
    +----------------+----+----+-----+-----------+
    |ap_CS_fsm       |   6|   0|    6|          0|
    |ap_return_preg  |   2|   0|    2|          0|
    |flag_reg_137    |  32|   0|   32|          0|
    |i_12_reg_268    |   9|   0|    9|          0|
    |i_1_reg_126     |   9|   0|    9|          0|
    |i_2_reg_317     |   9|   0|    9|          0|
    |i_reg_115       |   9|   0|    9|          0|
    |p_0_reg_149     |   2|   0|    2|          0|
    |tmp_21_reg_313  |   1|   0|    1|          0|
    |tmp_reg_309     |   1|   0|    1|          0|
    |tmp_s_reg_273   |   9|   0|   64|         55|
    +----------------+----+----+-----+-----------+
    |Total           |  89|   0|  144|         55|
    +----------------+----+----+-----+-----------+



================================================================
== Interface
================================================================
* Summary: 
+------------+-----+-----+------------+----------------------------+--------------+
|  RTL Ports | Dir | Bits|  Protocol  |        Source Object       |    C Type    |
+------------+-----+-----+------------+----------------------------+--------------+
|ap_clk      |  in |    1| ap_ctrl_hs | bigint_math_bigint_compare | return value |
|ap_rst      |  in |    1| ap_ctrl_hs | bigint_math_bigint_compare | return value |
|ap_start    |  in |    1| ap_ctrl_hs | bigint_math_bigint_compare | return value |
|ap_done     | out |    1| ap_ctrl_hs | bigint_math_bigint_compare | return value |
|ap_idle     | out |    1| ap_ctrl_hs | bigint_math_bigint_compare | return value |
|ap_ready    | out |    1| ap_ctrl_hs | bigint_math_bigint_compare | return value |
|ap_return   | out |    2| ap_ctrl_hs | bigint_math_bigint_compare | return value |
|a_address0  | out |    8|  ap_memory |              a             |     array    |
|a_ce0       | out |    1|  ap_memory |              a             |     array    |
|a_q0        |  in |    8|  ap_memory |              a             |     array    |
|b_address0  | out |    8|  ap_memory |              b             |     array    |
|b_ce0       | out |    1|  ap_memory |              b             |     array    |
|b_q0        |  in |    8|  ap_memory |              b             |     array    |
+------------+-----+-----+------------+----------------------------+--------------+

