

================================================================
== Vivado HLS Report for 'bigint_math_bigint_mul_1'
================================================================
* Date:           Sun Mar 19 09:53:23 2017

* Version:        2016.2 (Build 1577090 on Thu Jun 02 16:59:10 MDT 2016)
* Project:        BigInt
* Solution:       solution1
* Product family: zynq
* Target device:  xc7z020clg484-1


================================================================
== Performance Estimates
================================================================
+ Timing (ns): 
    * Summary: 
    +--------+-------+----------+------------+
    |  Clock | Target| Estimated| Uncertainty|
    +--------+-------+----------+------------+
    |ap_clk  |  50.00|     10.77|        6.25|
    +--------+-------+----------+------------+

+ Latency (clock cycles): 
    * Summary: 
    +---------+---------+---------+---------+---------+
    |      Latency      |      Interval     | Pipeline|
    |   min   |   max   |   min   |   max   |   Type  |
    +---------+---------+---------+---------+---------+
    |  1184775|  1577991|  1184775|  1577991|   none  |
    +---------+---------+---------+---------+---------+

    + Detail: 
        * Instance: 
        +-------------------------------------+--------------------------+------+------+------+------+---------+
        |                                     |                          |   Latency   |   Interval  | Pipeline|
        |               Instance              |          Module          |  min |  max |  min |  max |   Type  |
        +-------------------------------------+--------------------------+------+------+------+------+---------+
        |grp_bigint_math_bigint_add_1_fu_204  |bigint_math_bigint_add_1  |  3591|  3591|  3591|  3591|   none  |
        |grp_bigint_math_bigint_zero_fu_211   |bigint_math_bigint_zero   |   258|   258|   258|   258|   none  |
        |grp_bigint_math_bigint_zero_fu_217   |bigint_math_bigint_zero   |   258|   258|   258|   258|   none  |
        +-------------------------------------+--------------------------+------+------+------+------+---------+

        * Loop: 
        +-------------+---------+---------+-------------+-----------+-----------+------+----------+
        |             |      Latency      |  Iteration  |  Initiation Interval  | Trip |          |
        |  Loop Name  |   min   |   max   |   Latency   |  achieved |   target  | Count| Pipelined|
        +-------------+---------+---------+-------------+-----------+-----------+------+----------+
        |- Loop 1     |      512|      512|            2|          -|          -|   256|    no    |
        |- Loop 2     |      512|      512|            2|          -|          -|   256|    no    |
        |- Loop 3     |  1183232|  1576448| 4622 ~ 6158 |          -|          -|   256|    no    |
        | + Loop 3.1  |      768|     2304|    3 ~ 9    |          -|          -|   256|    no    |
        +-------------+---------+---------+-------------+-----------+-----------+------+----------+



================================================================
== Utilization Estimates
================================================================
* Summary: 
+-----------------+---------+-------+--------+-------+
|       Name      | BRAM_18K| DSP48E|   FF   |  LUT  |
+-----------------+---------+-------+--------+-------+
|DSP              |        -|      -|       -|      -|
|Expression       |        -|      2|       0|    151|
|FIFO             |        -|      -|       -|      -|
|Instance         |        2|      -|     201|    303|
|Memory           |        3|      -|       0|      0|
|Multiplexer      |        -|      -|       -|    159|
|Register         |        -|      -|     223|      -|
+-----------------+---------+-------+--------+-------+
|Total            |        5|      2|     424|    613|
+-----------------+---------+-------+--------+-------+
|Available        |      280|    220|  106400|  53200|
+-----------------+---------+-------+--------+-------+
|Utilization (%)  |        1|   ~0  |   ~0   |      1|
+-----------------+---------+-------+--------+-------+

+ Detail: 
    * Instance: 
    +-------------------------------------+--------------------------+---------+-------+-----+-----+
    |               Instance              |          Module          | BRAM_18K| DSP48E|  FF | LUT |
    +-------------------------------------+--------------------------+---------+-------+-----+-----+
    |grp_bigint_math_bigint_add_1_fu_204  |bigint_math_bigint_add_1  |        2|      0|  179|  257|
    |grp_bigint_math_bigint_zero_fu_211   |bigint_math_bigint_zero   |        0|      0|   11|   23|
    |grp_bigint_math_bigint_zero_fu_217   |bigint_math_bigint_zero   |        0|      0|   11|   23|
    +-------------------------------------+--------------------------+---------+-------+-----+-----+
    |Total                                |                          |        2|      0|  201|  303|
    +-------------------------------------+--------------------------+---------+-------+-----+-----+

    * DSP48: 
    N/A

    * Memory: 
    +---------+------------------------------+---------+---+----+------+-----+------+-------------+
    |  Memory |            Module            | BRAM_18K| FF| LUT| Words| Bits| Banks| W*Bits*Banks|
    +---------+------------------------------+---------+---+----+------+-----+------+-------------+
    |sum_U    |bigint_math_bigint_add_tempA  |        1|  0|   0|   256|    8|     1|         2048|
    |tempA_U  |bigint_math_bigint_add_tempA  |        1|  0|   0|   256|    8|     1|         2048|
    |tempB_U  |bigint_math_bigint_add_tempA  |        1|  0|   0|   256|    8|     1|         2048|
    +---------+------------------------------+---------+---+----+------+-----+------+-------------+
    |Total    |                              |        3|  0|   0|   768|   24|     3|         6144|
    +---------+------------------------------+---------+---+----+------+-----+------+-------------+

    * FIFO: 
    N/A

    * Expression: 
    +-----------------------+----------+-------+---+----+------------+------------+
    |     Variable Name     | Operation| DSP48E| FF| LUT| Bitwidth P0| Bitwidth P1|
    +-----------------------+----------+-------+---+----+------------+------------+
    |prod_fu_325_p2         |     *    |      1|  0|   0|           8|           8|
    |tmp_24_fu_334_p2       |     *    |      1|  0|   0|           8|           8|
    |grp_fu_224_p2          |     +    |      0|  0|   8|           1|           8|
    |grp_fu_231_p2          |     +    |      0|  0|   9|           9|           2|
    |i_4_fu_281_p2          |     +    |      0|  0|   9|           9|           1|
    |i_6_fu_247_p2          |     +    |      0|  0|   9|           9|           1|
    |i_7_fu_264_p2          |     +    |      0|  0|   9|           9|           1|
    |j_5_fu_308_p2          |     +    |      0|  0|   9|           9|           1|
    |tmp_28_fu_373_p2       |     +    |      0|  0|   9|           9|           9|
    |tmp_29_fu_387_p2       |     +    |      0|  0|   9|           2|           9|
    |tmp_32_fu_398_p2       |     +    |      0|  0|   8|           8|           8|
    |tmp_35_fu_415_p2       |     +    |      0|  0|   9|           9|           9|
    |tmp_36_fu_433_p2       |     +    |      0|  0|  10|           3|          10|
    |tmp_39_fu_444_p2       |     +    |      0|  0|   8|           8|           8|
    |k_fu_287_p2            |     -    |      0|  0|   9|           8|           9|
    |tmp_s_fu_314_p2        |     -    |      0|  0|   9|           8|           9|
    |exitcond1_fu_275_p2    |   icmp   |      0|  0|   4|           9|          10|
    |exitcond_fu_302_p2     |   icmp   |      0|  0|   4|           9|          10|
    |exitcond_i2_fu_258_p2  |   icmp   |      0|  0|   4|           9|          10|
    |exitcond_i_fu_241_p2   |   icmp   |      0|  0|   4|           9|          10|
    |tmp_26_fu_355_p2       |   icmp   |      0|  0|   3|           8|           1|
    |tmp_25_fu_349_p2       |    or    |      0|  0|   8|           8|           8|
    +-----------------------+----------+-------+---+----+------------+------------+
    |Total                  |          |      2|  0| 151|         169|         150|
    +-----------------------+----------+-------+---+----+------------+------------+

    * Multiplexer: 
    +----------------+----+-----------+-----+-----------+
    |      Name      | LUT| Input Size| Bits| Total Bits|
    +----------------+----+-----------+-----+-----------+
    |a_address0      |   8|          3|    8|         24|
    |ap_NS_fsm       |  18|         22|    1|         22|
    |i_i1_reg_161    |   9|          2|    9|         18|
    |i_i_reg_150     |   9|          2|    9|         18|
    |i_reg_172       |   9|          2|    9|         18|
    |j_reg_183       |   9|          2|    9|         18|
    |k5_reg_194      |   9|          2|    9|         18|
    |out_r_address0  |   8|          3|    8|         24|
    |out_r_ce0       |   1|          3|    1|          3|
    |out_r_d0        |   8|          3|    8|         24|
    |out_r_we0       |   1|          3|    1|          3|
    |sum_address0    |  24|         12|    8|         96|
    |sum_ce0         |   1|          5|    1|          5|
    |sum_d0          |   8|          6|    8|         48|
    |sum_we0         |   1|          4|    1|          4|
    |tempA_address0  |   8|          4|    8|         32|
    |tempA_ce0       |   1|          3|    1|          3|
    |tempA_d0        |   8|          3|    8|         24|
    |tempA_we0       |   1|          3|    1|          3|
    |tempB_address0  |   8|          4|    8|         32|
    |tempB_ce0       |   1|          3|    1|          3|
    |tempB_d0        |   8|          3|    8|         24|
    |tempB_we0       |   1|          3|    1|          3|
    +----------------+----+-----------+-----+-----------+
    |Total           | 159|        100|  126|        467|
    +----------------+----+-----------+-----+-----------+

    * Register: 
    +-----------------------------------------------------+----+----+-----+-----------+
    |                         Name                        | FF | LUT| Bits| Const Bits|
    +-----------------------------------------------------+----+----+-----+-----------+
    |ap_CS_fsm                                            |  21|   0|   21|          0|
    |ap_reg_grp_bigint_math_bigint_add_1_fu_204_ap_start  |   1|   0|    1|          0|
    |ap_reg_grp_bigint_math_bigint_zero_fu_211_ap_start   |   1|   0|    1|          0|
    |ap_reg_grp_bigint_math_bigint_zero_fu_217_ap_start   |   1|   0|    1|          0|
    |carry_reg_532                                        |   8|   0|    8|          0|
    |i_4_reg_488                                          |   9|   0|    9|          0|
    |i_6_reg_452                                          |   9|   0|    9|          0|
    |i_7_reg_470                                          |   9|   0|    9|          0|
    |i_i1_reg_161                                         |   9|   0|    9|          0|
    |i_i_reg_150                                          |   9|   0|    9|          0|
    |i_reg_172                                            |   9|   0|    9|          0|
    |j_5_reg_516                                          |   9|   0|    9|          0|
    |j_reg_183                                            |   9|   0|    9|          0|
    |k5_reg_194                                           |   9|   0|    9|          0|
    |k_reg_493                                            |   9|   0|    9|          0|
    |prod_reg_526                                         |   8|   0|    8|          0|
    |reg_237                                              |   8|   0|    8|          0|
    |sum_addr_1_reg_551                                   |   8|   0|    8|          0|
    |sum_addr_2_reg_561                                   |   8|   0|    8|          0|
    |sum_addr_3_reg_570                                   |   8|   0|    8|          0|
    |sum_addr_reg_542                                     |   8|   0|    8|          0|
    |tempB_load_reg_503                                   |   8|   0|    8|          0|
    |tmp_26_reg_538                                       |   1|   0|    1|          0|
    |tmp_32_reg_556                                       |   8|   0|    8|          0|
    |tmp_39_reg_575                                       |   8|   0|    8|          0|
    |tmp_7_reg_547                                        |   1|   0|    1|          0|
    |tmp_8_reg_566                                        |   1|   0|    1|          0|
    |tmp_cast_reg_508                                     |   8|   0|   16|          8|
    |tmp_i3_reg_475                                       |   9|   0|   64|         55|
    |tmp_i_reg_457                                        |   9|   0|   64|         55|
    +-----------------------------------------------------+----+----+-----+-----------+
    |Total                                                | 223|   0|  341|        118|
    +-----------------------------------------------------+----+----+-----+-----------+



================================================================
== Interface
================================================================
* Summary: 
+----------------+-----+-----+------------+--------------------------+--------------+
|    RTL Ports   | Dir | Bits|  Protocol  |       Source Object      |    C Type    |
+----------------+-----+-----+------------+--------------------------+--------------+
|ap_clk          |  in |    1| ap_ctrl_hs | bigint_math_bigint_mul.1 | return value |
|ap_rst          |  in |    1| ap_ctrl_hs | bigint_math_bigint_mul.1 | return value |
|ap_start        |  in |    1| ap_ctrl_hs | bigint_math_bigint_mul.1 | return value |
|ap_done         | out |    1| ap_ctrl_hs | bigint_math_bigint_mul.1 | return value |
|ap_idle         | out |    1| ap_ctrl_hs | bigint_math_bigint_mul.1 | return value |
|ap_ready        | out |    1| ap_ctrl_hs | bigint_math_bigint_mul.1 | return value |
|out_r_address0  | out |    8|  ap_memory |           out_r          |     array    |
|out_r_ce0       | out |    1|  ap_memory |           out_r          |     array    |
|out_r_we0       | out |    1|  ap_memory |           out_r          |     array    |
|out_r_d0        | out |    8|  ap_memory |           out_r          |     array    |
|out_r_q0        |  in |    8|  ap_memory |           out_r          |     array    |
|a_address0      | out |    8|  ap_memory |             a            |     array    |
|a_ce0           | out |    1|  ap_memory |             a            |     array    |
|a_q0            |  in |    8|  ap_memory |             a            |     array    |
+----------------+-----+-----+------------+--------------------------+--------------+

