

================================================================
== Vivado HLS Report for 'bigint_math_bigint_sub'
================================================================
* Date:           Sun Mar 19 09:53:20 2017

* Version:        2016.2 (Build 1577090 on Thu Jun 02 16:59:10 MDT 2016)
* Project:        BigInt
* Solution:       solution1
* Product family: zynq
* Target device:  xc7z020clg484-1


================================================================
== Performance Estimates
================================================================
+ Timing (ns): 
    * Summary: 
    +--------+-------+----------+------------+
    |  Clock | Target| Estimated| Uncertainty|
    +--------+-------+----------+------------+
    |ap_clk  |  50.00|     13.51|        6.25|
    +--------+-------+----------+------------+

+ Latency (clock cycles): 
    * Summary: 
    +-----+-----+-----+-----+---------+
    |  Latency  |  Interval | Pipeline|
    | min | max | min | max |   Type  |
    +-----+-----+-----+-----+---------+
    |    ?|    ?|    ?|    ?|   none  |
    +-----+-----+-----+-----+---------+

    + Detail: 
        * Instance: 
        +---------------------------------------+----------------------------+-----+------+-----+------+---------+
        |                                       |                            |   Latency  |  Interval  | Pipeline|
        |                Instance               |           Module           | min |  max | min |  max |   Type  |
        +---------------------------------------+----------------------------+-----+------+-----+------+---------+
        |grp_bigint_math_bigint_compare_fu_246  |bigint_math_bigint_compare  |  515|  1029|  515|  1029|   none  |
        |grp_bigint_math_bigint_zero_fu_252     |bigint_math_bigint_zero     |  258|   258|  258|   258|   none  |
        |grp_bigint_math_bigint_zero_fu_258     |bigint_math_bigint_zero     |  258|   258|  258|   258|   none  |
        |grp_bigint_math_bigint_zero_fu_264     |bigint_math_bigint_zero     |  258|   258|  258|   258|   none  |
        +---------------------------------------+----------------------------+-----+------+-----+------+---------+

        * Loop: 
        +-------------+-----+-----+----------+-----------+-----------+------+----------+
        |             |  Latency  | Iteration|  Initiation Interval  | Trip |          |
        |  Loop Name  | min | max |  Latency |  achieved |   target  | Count| Pipelined|
        +-------------+-----+-----+----------+-----------+-----------+------+----------+
        |- Loop 1     |  512|  512|         2|          -|          -|   256|    no    |
        |- Loop 2     |  512|  512|         2|          -|          -|   256|    no    |
        |- Loop 3     |    ?|    ?|         ?|          -|          -|   256|    no    |
        | + Loop 3.1  |    ?|    ?|         2|          -|          -|     ?|    no    |
        | + Loop 3.2  |    ?|    ?|         1|          -|          -|     ?|    no    |
        +-------------+-----+-----+----------+-----------+-----------+------+----------+



================================================================
== Utilization Estimates
================================================================
* Summary: 
+-----------------+---------+-------+--------+-------+
|       Name      | BRAM_18K| DSP48E|   FF   |  LUT  |
+-----------------+---------+-------+--------+-------+
|DSP              |        -|      -|       -|      -|
|Expression       |        -|      -|       0|    150|
|FIFO             |        -|      -|       -|      -|
|Instance         |        0|      -|     126|    227|
|Memory           |        3|      -|       0|      0|
|Multiplexer      |        -|      -|       -|    195|
|Register         |        -|      -|     321|      -|
+-----------------+---------+-------+--------+-------+
|Total            |        3|      0|     447|    572|
+-----------------+---------+-------+--------+-------+
|Available        |      280|    220|  106400|  53200|
+-----------------+---------+-------+--------+-------+
|Utilization (%)  |        1|      0|   ~0   |      1|
+-----------------+---------+-------+--------+-------+

+ Detail: 
    * Instance: 
    +---------------------------------------+----------------------------+---------+-------+----+-----+
    |                Instance               |           Module           | BRAM_18K| DSP48E| FF | LUT |
    +---------------------------------------+----------------------------+---------+-------+----+-----+
    |grp_bigint_math_bigint_compare_fu_246  |bigint_math_bigint_compare  |        0|      0|  93|  158|
    |grp_bigint_math_bigint_zero_fu_252     |bigint_math_bigint_zero     |        0|      0|  11|   23|
    |grp_bigint_math_bigint_zero_fu_258     |bigint_math_bigint_zero     |        0|      0|  11|   23|
    |grp_bigint_math_bigint_zero_fu_264     |bigint_math_bigint_zero     |        0|      0|  11|   23|
    +---------------------------------------+----------------------------+---------+-------+----+-----+
    |Total                                  |                            |        0|      0| 126|  227|
    +---------------------------------------+----------------------------+---------+-------+----+-----+

    * DSP48: 
    N/A

    * Memory: 
    +---------+------------------------------+---------+---+----+------+-----+------+-------------+
    |  Memory |            Module            | BRAM_18K| FF| LUT| Words| Bits| Banks| W*Bits*Banks|
    +---------+------------------------------+---------+---+----+------+-----+------+-------------+
    |tempA_U  |bigint_math_bigint_add_tempA  |        1|  0|   0|   256|    8|     1|         2048|
    |tempB_U  |bigint_math_bigint_add_tempA  |        1|  0|   0|   256|    8|     1|         2048|
    |carry_U  |bigint_math_bigint_add_tempA  |        1|  0|   0|   256|    8|     1|         2048|
    +---------+------------------------------+---------+---+----+------+-----+------+-------------+
    |Total    |                              |        3|  0|   0|   768|   24|     3|         6144|
    +---------+------------------------------+---------+---+----+------+-----+------+-------------+

    * FIFO: 
    N/A

    * Expression: 
    +---------------------------+----------+-------+---+----+------------+------------+
    |       Variable Name       | Operation| DSP48E| FF| LUT| Bitwidth P0| Bitwidth P1|
    +---------------------------+----------+-------+---+----+------------+------------+
    |grp_fu_271_p2              |     +    |      0|  0|   9|           9|           2|
    |grp_fu_283_p2              |     +    |      0|  0|   8|           8|           2|
    |grp_fu_290_p2              |     +    |      0|  0|   8|           8|           1|
    |i_3_fu_303_p2              |     +    |      0|  0|   9|           9|           1|
    |i_4_fu_320_p2              |     +    |      0|  0|   9|           9|           1|
    |indvars_iv_next_fu_398_p2  |     +    |      0|  0|   9|           9|           2|
    |j_3_fu_392_p2              |     +    |      0|  0|  32|          32|           1|
    |j_fu_366_p2                |     +    |      0|  0|  32|          32|           2|
    |tmp_14_fu_404_p2           |     -    |      0|  0|   8|           8|           8|
    |exitcond_fu_381_p2         |   icmp   |      0|  0|  11|          32|          32|
    |exitcond_i5_fu_314_p2      |   icmp   |      0|  0|   4|           9|          10|
    |exitcond_i_fu_297_p2       |   icmp   |      0|  0|   4|           9|          10|
    |grp_fu_277_p2              |   icmp   |      0|  0|   3|           8|           1|
    |tmp_2_fu_331_p2            |   icmp   |      0|  0|   1|           2|           2|
    |tmp_5_fu_355_p2            |   icmp   |      0|  0|   3|           8|           8|
    +---------------------------+----------+-------+---+----+------------+------------+
    |Total                      |          |      0|  0| 150|         192|          83|
    +---------------------------+----------+-------+---+----+------------+------------+

    * Multiplexer: 
    +--------------------+----+-----------+-----+-----------+
    |        Name        | LUT| Input Size| Bits| Total Bits|
    +--------------------+----+-----------+-----+-----------+
    |ap_NS_fsm           |  15|         17|    1|         17|
    |carry_address0      |   8|          6|    8|         48|
    |carry_ce0           |   1|          3|    1|          3|
    |carry_d0            |   8|          3|    8|         24|
    |carry_we0           |   1|          3|    1|          3|
    |i_i4_reg_191        |   9|          2|    9|         18|
    |i_i_reg_180         |   9|          2|    9|         18|
    |i_reg_214           |   9|          2|    9|         18|
    |indvars_iv_reg_202  |   9|          2|    9|         18|
    |j_1_reg_236         |  32|          2|   32|         64|
    |j_2_reg_226         |  32|          2|   32|         64|
    |out_r_address0      |   8|          3|    8|         24|
    |out_r_ce0           |   1|          3|    1|          3|
    |out_r_d0            |   8|          3|    8|         24|
    |out_r_we0           |   1|          3|    1|          3|
    |tempA_address0      |  16|         11|    8|         88|
    |tempA_ce0           |   1|          4|    1|          4|
    |tempA_d0            |   8|          5|    8|         40|
    |tempA_we0           |   1|          3|    1|          3|
    |tempB_address0      |   8|          5|    8|         40|
    |tempB_ce0           |   1|          4|    1|          4|
    |tempB_d0            |   8|          3|    8|         24|
    |tempB_we0           |   1|          3|    1|          3|
    +--------------------+----+-----------+-----+-----------+
    |Total               | 195|         94|  173|        555|
    +--------------------+----+-----------+-----+-----------+

    * Register: 
    +-------------------------------------------------------+----+----+-----+-----------+
    |                          Name                         | FF | LUT| Bits| Const Bits|
    +-------------------------------------------------------+----+----+-----+-----------+
    |ap_CS_fsm                                              |  16|   0|   16|          0|
    |ap_reg_grp_bigint_math_bigint_compare_fu_246_ap_start  |   1|   0|    1|          0|
    |ap_reg_grp_bigint_math_bigint_zero_fu_252_ap_start     |   1|   0|    1|          0|
    |ap_reg_grp_bigint_math_bigint_zero_fu_258_ap_start     |   1|   0|    1|          0|
    |ap_reg_grp_bigint_math_bigint_zero_fu_264_ap_start     |   1|   0|    1|          0|
    |carry_addr_1_reg_519                                   |   8|   0|    8|          0|
    |carry_addr_reg_493                                     |   8|   0|    8|          0|
    |i_2_reg_524                                            |   9|   0|    9|          0|
    |i_3_reg_413                                            |   9|   0|    9|          0|
    |i_4_reg_431                                            |   9|   0|    9|          0|
    |i_cast_reg_450                                         |  32|   0|   32|          0|
    |i_i4_reg_191                                           |   9|   0|    9|          0|
    |i_i_reg_180                                            |   9|   0|    9|          0|
    |i_reg_214                                              |   9|   0|    9|          0|
    |indvars_iv_next_reg_529                                |   9|   0|    9|          0|
    |indvars_iv_reg_202                                     |   9|   0|    9|          0|
    |j_1_reg_236                                            |  32|   0|   32|          0|
    |j_2_reg_226                                            |  32|   0|   32|          0|
    |j_reg_498                                              |  32|   0|   32|          0|
    |tempA_addr_1_reg_465                                   |   8|   0|    8|          0|
    |tempA_addr_2_reg_484                                   |   8|   0|    8|          0|
    |tempA_addr_3_reg_503                                   |   8|   0|    8|          0|
    |tempB_load_reg_475                                     |   8|   0|    8|          0|
    |tmp_2_reg_446                                          |   1|   0|    1|          0|
    |tmp_4_reg_458                                          |  32|   0|   64|         32|
    |tmp_5_reg_480                                          |   1|   0|    1|          0|
    |tmp_8_reg_489                                          |   1|   0|    1|          0|
    |tmp_i6_reg_436                                         |   9|   0|   64|         55|
    |tmp_i_reg_418                                          |   9|   0|   64|         55|
    +-------------------------------------------------------+----+----+-----+-----------+
    |Total                                                  | 321|   0|  463|        142|
    +-------------------------------------------------------+----+----+-----+-----------+



================================================================
== Interface
================================================================
* Summary: 
+----------------+-----+-----+------------+------------------------+--------------+
|    RTL Ports   | Dir | Bits|  Protocol  |      Source Object     |    C Type    |
+----------------+-----+-----+------------+------------------------+--------------+
|ap_clk          |  in |    1| ap_ctrl_hs | bigint_math_bigint_sub | return value |
|ap_rst          |  in |    1| ap_ctrl_hs | bigint_math_bigint_sub | return value |
|ap_start        |  in |    1| ap_ctrl_hs | bigint_math_bigint_sub | return value |
|ap_done         | out |    1| ap_ctrl_hs | bigint_math_bigint_sub | return value |
|ap_idle         | out |    1| ap_ctrl_hs | bigint_math_bigint_sub | return value |
|ap_ready        | out |    1| ap_ctrl_hs | bigint_math_bigint_sub | return value |
|out_r_address0  | out |    8|  ap_memory |          out_r         |     array    |
|out_r_ce0       | out |    1|  ap_memory |          out_r         |     array    |
|out_r_we0       | out |    1|  ap_memory |          out_r         |     array    |
|out_r_d0        | out |    8|  ap_memory |          out_r         |     array    |
|a_address0      | out |    8|  ap_memory |            a           |     array    |
|a_ce0           | out |    1|  ap_memory |            a           |     array    |
|a_q0            |  in |    8|  ap_memory |            a           |     array    |
|b_address0      | out |    8|  ap_memory |            b           |     array    |
|b_ce0           | out |    1|  ap_memory |            b           |     array    |
|b_q0            |  in |    8|  ap_memory |            b           |     array    |
+----------------+-----+-----+------------+------------------------+--------------+

