

================================================================
== Vivado HLS Report for 'bigint_math_bigint_leftshift'
================================================================
* Date:           Sun Mar 19 09:53:19 2017

* Version:        2016.2 (Build 1577090 on Thu Jun 02 16:59:10 MDT 2016)
* Project:        BigInt
* Solution:       solution1
* Product family: zynq
* Target device:  xc7z020clg484-1


================================================================
== Performance Estimates
================================================================
+ Timing (ns): 
    * Summary: 
    +--------+-------+----------+------------+
    |  Clock | Target| Estimated| Uncertainty|
    +--------+-------+----------+------------+
    |ap_clk  |  50.00|      8.36|        6.25|
    +--------+-------+----------+------------+

+ Latency (clock cycles): 
    * Summary: 
    +-----+------+-----+------+---------+
    |   Latency  |  Interval  | Pipeline|
    | min |  max | min |  max |   Type  |
    +-----+------+-----+------+---------+
    |  514|  6914|  514|  6914|   none  |
    +-----+------+-----+------+---------+

    + Detail: 
        * Instance: 
        N/A

        * Loop: 
        +-------------+------+------+----------+-----------+-----------+------+----------+
        |             |   Latency   | Iteration|  Initiation Interval  | Trip |          |
        |  Loop Name  |  min |  max |  Latency |  achieved |   target  | Count| Pipelined|
        +-------------+------+------+----------+-----------+-----------+------+----------+
        |- Loop 1     |   512|   512|         2|          -|          -|   256|    no    |
        |- Loop 2     |   256|   256|         1|          -|          -|   256|    no    |
        |- Loop 3     |  6656|  6656|        26|          -|          -|   256|    no    |
        | + Loop 3.1  |    24|    24|         3|          -|          -|     8|    no    |
        +-------------+------+------+----------+-----------+-----------+------+----------+



================================================================
== Utilization Estimates
================================================================
* Summary: 
+-----------------+---------+-------+--------+-------+
|       Name      | BRAM_18K| DSP48E|   FF   |  LUT  |
+-----------------+---------+-------+--------+-------+
|DSP              |        -|      -|       -|      -|
|Expression       |        -|      -|       0|    406|
|FIFO             |        -|      -|       -|      -|
|Instance         |        -|      -|       -|      -|
|Memory           |        -|      -|       -|      -|
|Multiplexer      |        -|      -|       -|    283|
|Register         |        -|      -|     292|      -|
+-----------------+---------+-------+--------+-------+
|Total            |        0|      0|     292|    689|
+-----------------+---------+-------+--------+-------+
|Available        |      280|    220|  106400|  53200|
+-----------------+---------+-------+--------+-------+
|Utilization (%)  |        0|      0|   ~0   |      1|
+-----------------+---------+-------+--------+-------+

+ Detail: 
    * Instance: 
    N/A

    * DSP48: 
    N/A

    * Memory: 
    N/A

    * FIFO: 
    N/A

    * Expression: 
    +-----------------------+----------+-------+---+----+------------+------------+
    |     Variable Name     | Operation| DSP48E| FF| LUT| Bitwidth P0| Bitwidth P1|
    +-----------------------+----------+-------+---+----+------------+------------+
    |grp_fu_237_p2          |     +    |      0|  0|  32|          32|           2|
    |i_10_fu_482_p2         |     +    |      0|  0|   9|           9|           1|
    |i_11_fu_364_p2         |     +    |      0|  0|   9|           9|           1|
    |i_8_fu_416_p2          |     +    |      0|  0|   9|           9|           2|
    |j_9_fu_402_p2          |     +    |      0|  0|   4|           4|           1|
    |outputBit_3_fu_470_p2  |     +    |      0|  0|  32|          32|           1|
    |tmp_81_fu_464_p2       |     +    |      0|  0|   8|           8|           8|
    |tmp_84_fu_457_p2       |     +    |      0|  0|   8|           8|           8|
    |k_fu_348_p2            |     -    |      0|  0|  31|           8|          31|
    |p_neg_fu_258_p2        |     -    |      0|  0|  32|           1|          32|
    |p_neg_t5_fu_334_p2     |     -    |      0|  0|  32|           1|          32|
    |p_neg_t_fu_278_p2      |     -    |      0|  0|  30|           1|          30|
    |tmp_78_fu_427_p2       |    and   |      0|  0|   8|           8|           8|
    |exitcond_fu_396_p2     |   icmp   |      0|  0|   2|           4|           5|
    |exitcond_i8_fu_358_p2  |   icmp   |      0|  0|   4|           9|          10|
    |exitcond_i_fu_476_p2   |   icmp   |      0|  0|   4|           9|          10|
    |grp_fu_230_p2          |   icmp   |      0|  0|  11|          32|           4|
    |tmp_fu_244_p2          |   icmp   |      0|  0|  11|          32|           1|
    |b_fu_433_p2            |   lshr   |      0|  0|  12|           8|           8|
    |outputBit_5_fu_340_p3  |  select  |      0|  0|  32|           1|          32|
    |p_k_1_fu_408_p3        |  select  |      0|  0|  32|           1|          32|
    |start_fu_298_p3        |  select  |      0|  0|  30|           1|          30|
    |tmp_77_fu_422_p2       |    shl   |      0|  0|  12|           1|           8|
    |tmp_82_fu_452_p2       |    shl   |      0|  0|  12|           8|           8|
    +-----------------------+----------+-------+---+----+------------+------------+
    |Total                  |          |      0|  0| 406|         236|         305|
    +-----------------------+----------+-------+---+----+------------+------------+

    * Multiplexer: 
    +---------------------------+----+-----------+-----+-----------+
    |            Name           | LUT| Input Size| Bits| Total Bits|
    +---------------------------+----+-----------+-----+-----------+
    |a_address0                 |   8|          3|    8|         24|
    |ap_NS_fsm                  |   4|          9|    1|          9|
    |grp_fu_230_p0              |  32|          3|   32|         96|
    |grp_fu_237_p0              |  32|          3|   32|         96|
    |i_i7_reg_131               |   9|          2|    9|         18|
    |i_i_reg_219                |   9|          2|    9|         18|
    |i_reg_142                  |   9|          2|    9|         18|
    |j_reg_164                  |   4|          2|    4|          8|
    |k7_reg_154                 |  32|          2|   32|         64|
    |k_1_reg_175                |  32|          2|   32|         64|
    |k_2_phi_fu_200_p4          |  32|          3|   32|         96|
    |out_r_address0             |   8|          7|    8|         56|
    |out_r_d0                   |   8|          5|    8|         40|
    |outputBit_1_phi_fu_211_p4  |  32|          3|   32|         96|
    |outputBit_reg_186          |  32|          2|   32|         64|
    +---------------------------+----+-----------+-----+-----------+
    |Total                      | 283|         50|  280|        767|
    +---------------------------+----+-----------+-----+-----------+

    * Register: 
    +---------------------+----+----+-----+-----------+
    |         Name        | FF | LUT| Bits| Const Bits|
    +---------------------+----+----+-----+-----------+
    |a_addr_reg_518       |   8|   0|    8|          0|
    |ap_CS_fsm            |   8|   0|    8|          0|
    |b_reg_547            |   8|   0|    8|          0|
    |exitcond_i_reg_577   |   1|   0|    1|          0|
    |i_10_reg_581         |   9|   0|    9|          0|
    |i_i7_reg_131         |   9|   0|    9|          0|
    |i_i_reg_219          |   9|   0|    9|          0|
    |i_reg_142            |   9|   0|    9|          0|
    |j_9_reg_532          |   4|   0|    4|          0|
    |j_cast1_reg_523      |   4|   0|    8|          4|
    |j_reg_164            |   4|   0|    4|          0|
    |k7_reg_154           |  32|   0|   32|          0|
    |k_1_reg_175          |  32|   0|   32|          0|
    |k_7_reg_562          |  32|   0|   32|          0|
    |k_cast_reg_502       |  32|   0|   32|          0|
    |out_addr_2_reg_557   |   8|   0|    8|          0|
    |out_addr_reg_567     |   8|   0|    8|          0|
    |outputBit_5_reg_497  |  32|   0|   32|          0|
    |outputBit_reg_186    |  32|   0|   32|          0|
    |tmp_79_reg_553       |   1|   0|    1|          0|
    |tmp_i_reg_586        |   9|   0|   64|         55|
    |tmp_reg_493          |   1|   0|    1|          0|
    +---------------------+----+----+-----+-----------+
    |Total                | 292|   0|  351|         59|
    +---------------------+----+----+-----+-----------+



================================================================
== Interface
================================================================
* Summary: 
+----------------+-----+-----+------------+------------------------------+--------------+
|    RTL Ports   | Dir | Bits|  Protocol  |         Source Object        |    C Type    |
+----------------+-----+-----+------------+------------------------------+--------------+
|ap_clk          |  in |    1| ap_ctrl_hs | bigint_math_bigint_leftshift | return value |
|ap_rst          |  in |    1| ap_ctrl_hs | bigint_math_bigint_leftshift | return value |
|ap_start        |  in |    1| ap_ctrl_hs | bigint_math_bigint_leftshift | return value |
|ap_done         | out |    1| ap_ctrl_hs | bigint_math_bigint_leftshift | return value |
|ap_idle         | out |    1| ap_ctrl_hs | bigint_math_bigint_leftshift | return value |
|ap_ready        | out |    1| ap_ctrl_hs | bigint_math_bigint_leftshift | return value |
|out_r_address0  | out |    8|  ap_memory |             out_r            |     array    |
|out_r_ce0       | out |    1|  ap_memory |             out_r            |     array    |
|out_r_we0       | out |    1|  ap_memory |             out_r            |     array    |
|out_r_d0        | out |    8|  ap_memory |             out_r            |     array    |
|out_r_q0        |  in |    8|  ap_memory |             out_r            |     array    |
|a_address0      | out |    8|  ap_memory |               a              |     array    |
|a_ce0           | out |    1|  ap_memory |               a              |     array    |
|a_q0            |  in |    8|  ap_memory |               a              |     array    |
|shift           |  in |   32|   ap_none  |             shift            |    scalar    |
+----------------+-----+-----+------------+------------------------------+--------------+

