

================================================================
== Vivado HLS Report for 'bigint_math_bigint_add_1'
================================================================
* Date:           Sun Mar 19 09:53:21 2017

* Version:        2016.2 (Build 1577090 on Thu Jun 02 16:59:10 MDT 2016)
* Project:        BigInt
* Solution:       solution1
* Product family: zynq
* Target device:  xc7z020clg484-1


================================================================
== Performance Estimates
================================================================
+ Timing (ns): 
    * Summary: 
    +--------+-------+----------+------------+
    |  Clock | Target| Estimated| Uncertainty|
    +--------+-------+----------+------------+
    |ap_clk  |  50.00|      6.50|        6.25|
    +--------+-------+----------+------------+

+ Latency (clock cycles): 
    * Summary: 
    +------+------+------+------+---------+
    |   Latency   |   Interval  | Pipeline|
    |  min |  max |  min |  max |   Type  |
    +------+------+------+------+---------+
    |  3591|  3591|  3591|  3591|   none  |
    +------+------+------+------+---------+

    + Detail: 
        * Instance: 
        +------------------------------------+-------------------------+-----+-----+-----+-----+---------+
        |                                    |                         |  Latency  |  Interval | Pipeline|
        |              Instance              |          Module         | min | max | min | max |   Type  |
        +------------------------------------+-------------------------+-----+-----+-----+-----+---------+
        |grp_bigint_math_bigint_zero_fu_176  |bigint_math_bigint_zero  |  258|  258|  258|  258|   none  |
        |grp_bigint_math_bigint_zero_fu_182  |bigint_math_bigint_zero  |  258|  258|  258|  258|   none  |
        +------------------------------------+-------------------------+-----+-----+-----+-----+---------+

        * Loop: 
        +----------+------+------+----------+-----------+-----------+------+----------+
        |          |   Latency   | Iteration|  Initiation Interval  | Trip |          |
        | Loop Name|  min |  max |  Latency |  achieved |   target  | Count| Pipelined|
        +----------+------+------+----------+-----------+-----------+------+----------+
        |- Loop 1  |   512|   512|         2|          -|          -|   256|    no    |
        |- Loop 2  |   512|   512|         2|          -|          -|   256|    no    |
        |- Loop 3  |  2048|  2048|         8|          -|          -|   256|    no    |
        +----------+------+------+----------+-----------+-----------+------+----------+



================================================================
== Utilization Estimates
================================================================
* Summary: 
+-----------------+---------+-------+--------+-------+
|       Name      | BRAM_18K| DSP48E|   FF   |  LUT  |
+-----------------+---------+-------+--------+-------+
|DSP              |        -|      -|       -|      -|
|Expression       |        -|      -|       0|    112|
|FIFO             |        -|      -|       -|      -|
|Instance         |        -|      -|      22|     46|
|Memory           |        2|      -|       0|      0|
|Multiplexer      |        -|      -|       -|     99|
|Register         |        -|      -|     157|      -|
+-----------------+---------+-------+--------+-------+
|Total            |        2|      0|     179|    257|
+-----------------+---------+-------+--------+-------+
|Available        |      280|    220|  106400|  53200|
+-----------------+---------+-------+--------+-------+
|Utilization (%)  |    ~0   |      0|   ~0   |   ~0  |
+-----------------+---------+-------+--------+-------+

+ Detail: 
    * Instance: 
    +------------------------------------+-------------------------+---------+-------+----+----+
    |              Instance              |          Module         | BRAM_18K| DSP48E| FF | LUT|
    +------------------------------------+-------------------------+---------+-------+----+----+
    |grp_bigint_math_bigint_zero_fu_176  |bigint_math_bigint_zero  |        0|      0|  11|  23|
    |grp_bigint_math_bigint_zero_fu_182  |bigint_math_bigint_zero  |        0|      0|  11|  23|
    +------------------------------------+-------------------------+---------+-------+----+----+
    |Total                               |                         |        0|      0|  22|  46|
    +------------------------------------+-------------------------+---------+-------+----+----+

    * DSP48: 
    N/A

    * Memory: 
    +---------+------------------------------+---------+---+----+------+-----+------+-------------+
    |  Memory |            Module            | BRAM_18K| FF| LUT| Words| Bits| Banks| W*Bits*Banks|
    +---------+------------------------------+---------+---+----+------+-----+------+-------------+
    |tempA_U  |bigint_math_bigint_add_tempA  |        1|  0|   0|   256|    8|     1|         2048|
    |tempB_U  |bigint_math_bigint_add_tempA  |        1|  0|   0|   256|    8|     1|         2048|
    +---------+------------------------------+---------+---+----+------+-----+------+-------------+
    |Total    |                              |        2|  0|   0|   512|   16|     2|         4096|
    +---------+------------------------------+---------+---+----+------+-----+------+-------------+

    * FIFO: 
    N/A

    * Expression: 
    +-----------------------+----------+-------+---+----+------------+------------+
    |     Variable Name     | Operation| DSP48E| FF| LUT| Bitwidth P0| Bitwidth P1|
    +-----------------------+----------+-------+---+----+------------+------------+
    |grp_fu_189_p2          |     +    |      0|  0|   8|           1|           8|
    |i_13_fu_206_p2         |     +    |      0|  0|   9|           9|           1|
    |i_14_fu_323_p2         |     +    |      0|  0|   9|           9|           2|
    |i_3_fu_223_p2          |     +    |      0|  0|   9|           9|           1|
    |sum_fu_253_p2          |     +    |      0|  0|   8|           8|           8|
    |tmp_100_fu_341_p2      |     +    |      0|  0|   9|           9|           9|
    |tmp_101_fu_355_p2      |     +    |      0|  0|   9|           3|           9|
    |tmp_104_fu_366_p2      |     +    |      0|  0|   8|           8|           8|
    |tmp_93_fu_267_p2       |     +    |      0|  0|   9|           9|           9|
    |tmp_94_fu_293_p2       |     +    |      0|  0|   9|           9|           9|
    |tmp_95_fu_307_p2       |     +    |      0|  0|   9|           2|           9|
    |tmp_98_fu_318_p2       |     +    |      0|  0|   8|           8|           8|
    |exitcond_i2_fu_217_p2  |   icmp   |      0|  0|   4|           9|          10|
    |exitcond_i_fu_200_p2   |   icmp   |      0|  0|   4|           9|          10|
    +-----------------------+----------+-------+---+----+------------+------------+
    |Total                  |          |      0|  0| 112|         102|         101|
    +-----------------------+----------+-------+---+----+------------+------------+

    * Multiplexer: 
    +----------------+----+-----------+-----+-----------+
    |      Name      | LUT| Input Size| Bits| Total Bits|
    +----------------+----+-----------+-----+-----------+
    |ap_NS_fsm       |  10|         16|    1|         16|
    |i_i1_reg_153    |   9|          2|    9|         18|
    |i_i_reg_142     |   9|          2|    9|         18|
    |i_reg_164       |   9|          2|    9|         18|
    |out_r_address0  |  16|         11|    8|         88|
    |out_r_ce0       |   1|          3|    1|          3|
    |out_r_d0        |   8|          5|    8|         40|
    |out_r_we0       |   1|          3|    1|          3|
    |tempA_address0  |   8|          4|    8|         32|
    |tempA_ce0       |   1|          3|    1|          3|
    |tempA_d0        |   8|          3|    8|         24|
    |tempA_we0       |   1|          3|    1|          3|
    |tempB_address0  |   8|          4|    8|         32|
    |tempB_ce0       |   1|          3|    1|          3|
    |tempB_d0        |   8|          3|    8|         24|
    |tempB_we0       |   1|          3|    1|          3|
    +----------------+----+-----------+-----+-----------+
    |Total           |  99|         70|   82|        328|
    +----------------+----+-----------+-----+-----------+

    * Register: 
    +----------------------------------------------------+----+----+-----+-----------+
    |                        Name                        | FF | LUT| Bits| Const Bits|
    +----------------------------------------------------+----+----+-----+-----------+
    |a_addr_1_reg_444                                    |   8|   0|    8|          0|
    |a_addr_2_reg_459                                    |   8|   0|    8|          0|
    |a_addr_3_reg_468                                    |   8|   0|    8|          0|
    |a_addr_reg_420                                      |   8|   0|    8|          0|
    |ap_CS_fsm                                           |  15|   0|   15|          0|
    |ap_reg_grp_bigint_math_bigint_zero_fu_176_ap_start  |   1|   0|    1|          0|
    |ap_reg_grp_bigint_math_bigint_zero_fu_182_ap_start  |   1|   0|    1|          0|
    |carry_reg_435                                       |   1|   0|    8|          7|
    |i_13_reg_374                                        |   9|   0|    9|          0|
    |i_14_reg_454                                        |   9|   0|    9|          0|
    |i_3_reg_392                                         |   9|   0|    9|          0|
    |i_i1_reg_153                                        |   9|   0|    9|          0|
    |i_i_reg_142                                         |   9|   0|    9|          0|
    |i_reg_164                                           |   9|   0|    9|          0|
    |reg_196                                             |   8|   0|    8|          0|
    |sum_reg_425                                         |   8|   0|    8|          0|
    |tmp_104_reg_473                                     |   8|   0|    8|          0|
    |tmp_22_reg_430                                      |   1|   0|    1|          0|
    |tmp_23_reg_440                                      |   1|   0|    1|          0|
    |tmp_24_reg_464                                      |   1|   0|    1|          0|
    |tmp_98_reg_449                                      |   8|   0|    8|          0|
    |tmp_i3_reg_397                                      |   9|   0|   64|         55|
    |tmp_i_reg_379                                       |   9|   0|   64|         55|
    +----------------------------------------------------+----+----+-----+-----------+
    |Total                                               | 157|   0|  274|        117|
    +----------------------------------------------------+----+----+-----+-----------+



================================================================
== Interface
================================================================
* Summary: 
+----------------+-----+-----+------------+--------------------------+--------------+
|    RTL Ports   | Dir | Bits|  Protocol  |       Source Object      |    C Type    |
+----------------+-----+-----+------------+--------------------------+--------------+
|ap_clk          |  in |    1| ap_ctrl_hs | bigint_math_bigint_add.1 | return value |
|ap_rst          |  in |    1| ap_ctrl_hs | bigint_math_bigint_add.1 | return value |
|ap_start        |  in |    1| ap_ctrl_hs | bigint_math_bigint_add.1 | return value |
|ap_done         | out |    1| ap_ctrl_hs | bigint_math_bigint_add.1 | return value |
|ap_idle         | out |    1| ap_ctrl_hs | bigint_math_bigint_add.1 | return value |
|ap_ready        | out |    1| ap_ctrl_hs | bigint_math_bigint_add.1 | return value |
|out_r_address0  | out |    8|  ap_memory |           out_r          |     array    |
|out_r_ce0       | out |    1|  ap_memory |           out_r          |     array    |
|out_r_we0       | out |    1|  ap_memory |           out_r          |     array    |
|out_r_d0        | out |    8|  ap_memory |           out_r          |     array    |
|out_r_q0        |  in |    8|  ap_memory |           out_r          |     array    |
|b_address0      | out |    8|  ap_memory |             b            |     array    |
|b_ce0           | out |    1|  ap_memory |             b            |     array    |
|b_q0            |  in |    8|  ap_memory |             b            |     array    |
+----------------+-----+-----+------------+--------------------------+--------------+

